<?xml version="1.0" encoding="UTF-8"?>
<testsuites name="Test Suite For Demo" time="2368" tests="13" failures="3" errors="0">
   <testsuite name="Test Suite For Demo" tests="13" failures="3" errors="0" time="2368" timestamp="2018-09-20 14:19:25" hostname="Braseela - DESKTOP-IC62SMV" id="Test Suites/Test Suite For Demo">
      <properties>
         <property name="deviceName" value=""/>
         <property name="devicePlatform" value=""/>
         <property name="logFolder" value="D:\\Repo\\InApp-QA-Automation\\Mpulse_Automation\\Reports\\Test Suite For Demo\\20180920_141921"/>
         <property name="logFiles" value="D:\\Repo\\InApp-QA-Automation\\Mpulse_Automation\\Reports\\Test Suite For Demo\\20180920_141921\\execution0.log"/>
         <property name="attachments" value="D:\\Repo\\InApp-QA-Automation\\Mpulse_Automation\\Reports\\Test Suite For Demo\\20180920_141921\\1537433434839.png, D:\\Repo\\InApp-QA-Automation\\Mpulse_Automation\\Reports\\Test Suite For Demo\\20180920_141921\\1537433472694.png, D:\\Repo\\InApp-QA-Automation\\Mpulse_Automation\\Reports\\Test Suite For Demo\\20180920_141921\\1537433658329.png, D:\\Repo\\InApp-QA-Automation\\Mpulse_Automation\\Reports\\Test Suite For Demo\\20180920_141921\\1537433682138.png, D:\\Repo\\InApp-QA-Automation\\Mpulse_Automation\\Reports\\Test Suite For Demo\\20180920_141921\\1537433719647.png, D:\\Repo\\InApp-QA-Automation\\Mpulse_Automation\\Reports\\Test Suite For Demo\\20180920_141921\\1537433887710.png, D:\\Repo\\InApp-QA-Automation\\Mpulse_Automation\\Reports\\Test Suite For Demo\\20180920_141921\\1537433925180.png, D:\\Repo\\InApp-QA-Automation\\Mpulse_Automation\\Reports\\Test Suite For Demo\\20180920_141921\\1537434102565.png, D:\\Repo\\InApp-QA-Automation\\Mpulse_Automation\\Reports\\Test Suite For Demo\\20180920_141921\\1537434106110.png, D:\\Repo\\InApp-QA-Automation\\Mpulse_Automation\\Reports\\Test Suite For Demo\\20180920_141921\\1537434128991.png, D:\\Repo\\InApp-QA-Automation\\Mpulse_Automation\\Reports\\Test Suite For Demo\\20180920_141921\\1537434176144.png, D:\\Repo\\InApp-QA-Automation\\Mpulse_Automation\\Reports\\Test Suite For Demo\\20180920_141921\\1537434213646.png, D:\\Repo\\InApp-QA-Automation\\Mpulse_Automation\\Reports\\Test Suite For Demo\\20180920_141921\\1537434382303.png, D:\\Repo\\InApp-QA-Automation\\Mpulse_Automation\\Reports\\Test Suite For Demo\\20180920_141921\\1537434385730.png, D:\\Repo\\InApp-QA-Automation\\Mpulse_Automation\\Reports\\Test Suite For Demo\\20180920_141921\\1537434468696.png, D:\\Repo\\InApp-QA-Automation\\Mpulse_Automation\\Reports\\Test Suite For Demo\\20180920_141921\\1537434627258.png, D:\\Repo\\InApp-QA-Automation\\Mpulse_Automation\\Reports\\Test Suite For Demo\\20180920_141921\\1537434664824.png, D:\\Repo\\InApp-QA-Automation\\Mpulse_Automation\\Reports\\Test Suite For Demo\\20180920_141921\\1537434743325.png, D:\\Repo\\InApp-QA-Automation\\Mpulse_Automation\\Reports\\Test Suite For Demo\\20180920_141921\\1537434798626.png, D:\\Repo\\InApp-QA-Automation\\Mpulse_Automation\\Reports\\Test Suite For Demo\\20180920_141921\\1537434995034.png, D:\\Repo\\InApp-QA-Automation\\Mpulse_Automation\\Reports\\Test Suite For Demo\\20180920_141921\\1537435032459.png, D:\\Repo\\InApp-QA-Automation\\Mpulse_Automation\\Reports\\Test Suite For Demo\\20180920_141921\\1537435300130.png, D:\\Repo\\InApp-QA-Automation\\Mpulse_Automation\\Reports\\Test Suite For Demo\\20180920_141921\\1537435303707.png, D:\\Repo\\InApp-QA-Automation\\Mpulse_Automation\\Reports\\Test Suite For Demo\\20180920_141921\\1537435347186.png, D:\\Repo\\InApp-QA-Automation\\Mpulse_Automation\\Reports\\Test Suite For Demo\\20180920_141921\\1537435387522.png, D:\\Repo\\InApp-QA-Automation\\Mpulse_Automation\\Reports\\Test Suite For Demo\\20180920_141921\\1537435390972.png, D:\\Repo\\InApp-QA-Automation\\Mpulse_Automation\\Reports\\Test Suite For Demo\\20180920_141921\\1537435494286.png, D:\\Repo\\InApp-QA-Automation\\Mpulse_Automation\\Reports\\Test Suite For Demo\\20180920_141921\\1537435514219.png, D:\\Repo\\InApp-QA-Automation\\Mpulse_Automation\\Reports\\Test Suite For Demo\\20180920_141921\\1537435517728.png, D:\\Repo\\InApp-QA-Automation\\Mpulse_Automation\\Reports\\Test Suite For Demo\\20180920_141921\\1537435606101.png, D:\\Repo\\InApp-QA-Automation\\Mpulse_Automation\\Reports\\Test Suite For Demo\\20180920_141921\\1537435609569.png, D:\\Repo\\InApp-QA-Automation\\Mpulse_Automation\\Reports\\Test Suite For Demo\\20180920_141921\\1537435698892.png, D:\\Repo\\InApp-QA-Automation\\Mpulse_Automation\\Reports\\Test Suite For Demo\\20180920_141921\\1537435702342.png"/>
         <property name="hostName" value="Braseela - DESKTOP-IC62SMV"/>
         <property name="os" value="Windows 10 64bit"/>
         <property name="katalonVersion" value="5.4.1.1"/>
         <property name="browser" value="Chrome 69.0.3497.100"/>
         <property name="hostAddress" value="192.168.4.18"/>
         <property name="sessionId" value="64baaa9828db63149b6154d4ec4c1c05"/>
         <property name="seleniumVersion" value="3.7.1"/>
         <property name="proxyInformation" value="ProxyInformation{proxyOption=NO_PROXY, proxyServerType=HTTP, password=, proxyServerAddress=, proxyServerPort=0}"/>
         <property name="platform" value="Windows 10"/>
      </properties>
      <testcase name="Test Cases/SANT-TC-028_WO_Close_FormLayout" classname="Test Cases/SANT-TC-028_WO_Close_FormLayout" status="PASSED">
         <system-out><![CDATA[2018-09-20 14:19:26 - [TEST_CASE][PASSED] - Test Cases/SANT-TC-028_WO_Close_FormLayout: Test Cases/SANT-TC-028_WO_Close_FormLayout

2018-09-20 14:19:26 - [TEST_STEP][PASSED] - Statement - woDescription = com.kms.katalon.core.testdata.TestDataFactory.findTestData(workOrder/workOrder).getValue(1, 1): Test data is internal data, reading internal data

2018-09-20 14:19:27 - [TEST_STEP][PASSED] - Statement - taskName = com.kms.katalon.core.testdata.TestDataFactory.findTestData(workOrder/workOrder).getValue(2, 1): Test data is internal data, reading internal data

2018-09-20 14:19:27 - [TEST_STEP][PASSED] - Statement - assetName = com.kms.katalon.core.testdata.TestDataFactory.findTestData(workOrder/workOrder).getValue(3, 1): Test data is internal data, reading internal data

2018-09-20 14:19:27 - [TEST_STEP][PASSED] - Statement - inventoryName = com.kms.katalon.core.testdata.TestDataFactory.findTestData(workOrder/workOrder).getValue(4, 1): Test data is internal data, reading internal data

2018-09-20 14:19:27 - [TEST_STEP][PASSED] - Statement - woDes = woDescription + java.lang.System.currentTimeMillis(): null

2018-09-20 14:19:27 - [TEST_STEP][PASSED] - work_Order.WO_Creation_FormLayout.workOrderCreation: work_Order.WO_Creation_FormLayout.workOrderCreation is PASSED

2018-09-20 14:19:34 - [MESSAGE][PASSED] - Browser is opened with url: ''

2018-09-20 14:19:35 - [MESSAGE][PASSED] - Current window maximized

2018-09-20 14:19:51 - [MESSAGE][PASSED] - Navigate to 'https://mpulse8.com/#/' successfully

2018-09-20 14:19:51 - [MESSAGE][PASSED] - Object 'Object Repository/loginPage/username' is clickable

2018-09-20 14:19:52 - [MESSAGE][PASSED] - Text 'abhi' is set on object 'Object Repository/loginPage/username'

2018-09-20 14:19:52 - [MESSAGE][PASSED] - Text '123456' is set on object 'Object Repository/loginPage/password'

2018-09-20 14:19:52 - [MESSAGE][PASSED] - Keys 'mpulse8_inapp' sent to object: 'Object Repository/loginPage/database_name'

2018-09-20 14:19:52 - [MESSAGE][PASSED] - Object: 'Object Repository/loginPage/Login_btn' is clicked on

2018-09-20 14:19:53 - [MESSAGE][PASSED] - Wait for page load successfully

2018-09-20 14:20:01 - [MESSAGE][PASSED] - Delayed 8 second(s)

2018-09-20 14:20:27 - [MESSAGE][PASSED] - Object: 'Object Repository/workOrder/workOrders' is clicked on

2018-09-20 14:20:27 - [MESSAGE][PASSED] - Object: 'Object Repository/workOrder/WORecords' is clicked on

2018-09-20 14:20:30 - [MESSAGE][PASSED] - Delayed 3 second(s)

2018-09-20 14:20:35 - [MESSAGE][FAILED] - Unable to click on object 'Object Repository/workOrder/cancel' (Root cause: org.openqa.selenium.ElementNotVisibleException: element not visible
  (Session info: chrome=69.0.3497.100)
  (Driver info: chromedriver=2.35.528161 (5b82f2d2aae0ca24b877009200ced9065a772e73),platform=Windows NT 10.0.16299 x86_64) (WARNING: The server did not provide any stacktrace information)
Command duration or timeout: 0 milliseconds
Build info: version: '3.7.1', revision: '8a0099a', time: '2017-11-06T21:07:36.161Z'
System info: host: 'DESKTOP-IC62SMV', ip: '192.168.4.18', os.name: 'Windows 10', os.arch: 'amd64', os.version: '10.0', java.version: '1.8.0_102'
Driver info: com.kms.katalon.selenium.driver.CChromeDriver
Capabilities {acceptInsecureCerts: false, acceptSslCerts: false, applicationCacheEnabled: false, browserConnectionEnabled: false, browserName: chrome, chrome: {chromedriverVersion: 2.35.528161 (5b82f2d2aae0ca..., userDataDir: C:\Users\Braseela\AppData\L...}, cssSelectorsEnabled: true, databaseEnabled: false, handlesAlerts: true, hasTouchScreen: false, javascriptEnabled: true, locationContextEnabled: true, mobileEmulationEnabled: false, nativeEvents: true, networkConnectionEnabled: false, pageLoadStrategy: normal, platform: XP, platformName: XP, rotatable: false, setWindowRect: true, takesHeapSnapshot: true, takesScreenshot: true, unexpectedAlertBehaviour: , unhandledPromptBehavior: , version: 69.0.3497.100, webStorageEnabled: true}
Session ID: a2714e82ea86ff41b7cf21b7797f4d17)
[[ATTACHMENT|D:\\Repo\\InApp-QA-Automation\\Mpulse_Automation\\Reports\\Test Suite For Demo\\20180920_141921\\1537433434839.png]]

2018-09-20 14:20:35 - [MESSAGE][PASSED] - Wait for page load successfully

2018-09-20 14:20:38 - [MESSAGE][PASSED] - Delayed 3 second(s)

2018-09-20 14:20:41 - [MESSAGE][WARNING] - Web element with id: 'Object Repository/workOrder/expandAndMinimize' located by 'By.xpath: //a[@title='Show']' not found

2018-09-20 14:21:13 - [MESSAGE][FAILED] - Unable to click on object 'Object Repository/workOrder/expandAndMinimize' (Root cause: com.kms.katalon.core.webui.exception.WebElementNotFoundException: Web element with id: 'Object Repository/workOrder/expandAndMinimize' located by 'By.xpath: //a[@title='Show']' not found)
[[ATTACHMENT|D:\\Repo\\InApp-QA-Automation\\Mpulse_Automation\\Reports\\Test Suite For Demo\\20180920_141921\\1537433472694.png]]

2018-09-20 14:21:13 - [MESSAGE][PASSED] - Wait for page load successfully

2018-09-20 14:21:16 - [MESSAGE][PASSED] - Delayed 3 second(s)

2018-09-20 14:21:16 - [MESSAGE][PASSED] - Object 'Object Repository/workOrder/hideListLayout' is clickable

2018-09-20 14:21:16 - [MESSAGE][PASSED] - Object: 'Object Repository/workOrder/hideListLayout' is clicked on

2018-09-20 14:21:19 - [MESSAGE][PASSED] - Delayed 3 second(s)

2018-09-20 14:21:19 - [MESSAGE][PASSED] - Wait for page load successfully

2018-09-20 14:21:19 - [MESSAGE][PASSED] - Angular is ready.

2018-09-20 14:21:19 - [MESSAGE][PASSED] - Object 'Object Repository/workOrder/addAndEdit' is clickable

2018-09-20 14:21:19 - [MESSAGE][PASSED] - Object: 'Object Repository/workOrder/addAndEdit' is clicked on

2018-09-20 14:21:19 - [MESSAGE][PASSED] - Wait for page load successfully

2018-09-20 14:21:22 - [MESSAGE][PASSED] - Angular is ready.

2018-09-20 14:21:22 - [MESSAGE][PASSED] - Object 'Object Repository/workOrder/workOrderTabs' is clickable

2018-09-20 14:21:22 - [MESSAGE][PASSED] - Object: 'Object Repository/workOrder/workOrderTabs' is clicked on

2018-09-20 14:21:22 - [MESSAGE][PASSED] - Wait for page load successfully

2018-09-20 14:21:23 - [MESSAGE][PASSED] - Keys 'WO Sanity Test_1537433367432' sent to object: 'Object Repository/workOrder/description'

2018-09-20 14:21:26 - [MESSAGE][PASSED] - Delayed 3 second(s)

2018-09-20 14:21:26 - [MESSAGE][PASSED] - Object: 'Object Repository/workOrder/woTypeAndGroup' is clicked on

2018-09-20 14:21:29 - [MESSAGE][PASSED] - Delayed 3 second(s)

2018-09-20 14:21:30 - [MESSAGE][PASSED] - Object: 'Object Repository/workOrder/groupAndType' is clicked on

2018-09-20 14:21:33 - [MESSAGE][PASSED] - Delayed 3 second(s)

2018-09-20 14:21:33 - [MESSAGE][PASSED] - Object: 'Object Repository/workOrder/woTypeAndGroup' is clicked on

2018-09-20 14:21:36 - [MESSAGE][PASSED] - Delayed 3 second(s)

2018-09-20 14:21:36 - [MESSAGE][PASSED] - Object: 'Object Repository/workOrder/groupAndType' is clicked on

2018-09-20 14:21:36 - [MESSAGE][PASSED] - Object 'Object Repository/workOrder/workOrderTabs' is clickable

2018-09-20 14:21:38 - [MESSAGE][PASSED] - Object: 'Object Repository/workOrder/workOrderTabs' is clicked on

2018-09-20 14:21:39 - [MESSAGE][PASSED] - Wait for page load successfully

2018-09-20 14:21:39 - [MESSAGE][PASSED] - Object 'Object Repository/workOrder/link_Asset_Task_Inventory' is clickable

2018-09-20 14:21:39 - [MESSAGE][PASSED] - Object: 'Object Repository/workOrder/link_Asset_Task_Inventory' is clicked on

2018-09-20 14:21:45 - [MESSAGE][PASSED] - Delayed 6 second(s)

2018-09-20 14:21:46 - [MESSAGE][PASSED] - Keys 'PMI-023-ahk' sent to object: 'Object Repository/workOrder/infoLink_Search'

2018-09-20 14:21:52 - [MESSAGE][PASSED] - Delayed 6 second(s)

2018-09-20 14:21:52 - [MESSAGE][PASSED] - Object: 'Object Repository/workOrder/taskAndAssetID' is clicked on

2018-09-20 14:21:52 - [MESSAGE][PASSED] - Wait for page load successfully

2018-09-20 14:21:52 - [MESSAGE][PASSED] - Object: 'Object Repository/workOrder/replace' is clicked on

2018-09-20 14:21:52 - [MESSAGE][PASSED] - Wait for page load successfully

2018-09-20 14:21:54 - [MESSAGE][PASSED] - Angular is ready.

2018-09-20 14:21:55 - [MESSAGE][PASSED] - Object: 'Object Repository/workOrder/link_Asset_Task_Inventory' is clicked on

2018-09-20 14:22:01 - [MESSAGE][PASSED] - Delayed 6 second(s)

2018-09-20 14:22:02 - [MESSAGE][PASSED] - Keys 'EQU-194-2018' sent to object: 'Object Repository/workOrder/infoLink_Search'

2018-09-20 14:22:08 - [MESSAGE][PASSED] - Delayed 6 second(s)

2018-09-20 14:22:08 - [MESSAGE][PASSED] - Object: 'Object Repository/workOrder/taskAndAssetID' is clicked on

2018-09-20 14:22:08 - [MESSAGE][PASSED] - Object: 'Object Repository/workOrder/replace' is clicked on

2018-09-20 14:22:11 - [MESSAGE][PASSED] - Angular is ready.

2018-09-20 14:22:12 - [MESSAGE][PASSED] - Object: 'Object Repository/workOrder/link_Asset_Task_Inventory' is clicked on

2018-09-20 14:22:17 - [MESSAGE][PASSED] - Delayed 5 second(s)

2018-09-20 14:22:23 - [MESSAGE][PASSED] - Delayed 6 second(s)

2018-09-20 14:22:23 - [MESSAGE][PASSED] - Keys 'PRT-144' sent to object: 'Object Repository/workOrder/infoLink_Search'

2018-09-20 14:22:29 - [MESSAGE][PASSED] - Delayed 6 second(s)

2018-09-20 14:22:29 - [MESSAGE][PASSED] - Object: 'Object Repository/workOrder/inventoryID' is clicked on

2018-09-20 14:22:30 - [MESSAGE][PASSED] - Object: 'Object Repository/workOrder/replace' is clicked on

2018-09-20 14:22:31 - [MESSAGE][PASSED] - Angular is ready.

2018-09-20 14:22:33 - [MESSAGE][PASSED] - Object: 'Object Repository/workOrder/workOrderTabs' is clicked on

2018-09-20 14:22:34 - [MESSAGE][PASSED] - Angular is ready.

2018-09-20 14:22:34 - [MESSAGE][PASSED] - Object: 'Object Repository/workOrder/workOrderTabs' is clicked on

2018-09-20 14:22:37 - [MESSAGE][PASSED] - Delayed 3 second(s)

2018-09-20 14:22:37 - [MESSAGE][PASSED] - Keys 'BACK_SPACE + ' sent to object: 'Object Repository/workOrder/estAndOtherCost'

2018-09-20 14:22:37 - [MESSAGE][PASSED] - Keys '15' sent to object: 'Object Repository/workOrder/estAndOtherCost'

2018-09-20 14:22:40 - [MESSAGE][PASSED] - Delayed 3 second(s)

2018-09-20 14:22:41 - [MESSAGE][PASSED] - Keys 'BACK_SPACE + ' sent to object: 'Object Repository/workOrder/estAndOtherCost'

2018-09-20 14:22:41 - [MESSAGE][PASSED] - Keys '15' sent to object: 'Object Repository/workOrder/estAndOtherCost'

2018-09-20 14:22:41 - [MESSAGE][PASSED] - Object: 'Object Repository/workOrder/save' is clicked on

2018-09-20 14:22:51 - [MESSAGE][PASSED] - Delayed 10 second(s)

2018-09-20 14:22:51 - [MESSAGE][PASSED] - Object: 'Object Repository/workOrder/workOrderTabs' is clicked on

2018-09-20 14:22:52 - [MESSAGE][PASSED] - Text of object 'Object Repository/workOrder/WO_ID' is: 'WKO-21297-20/09'

2018-09-20 14:22:52 - [MESSAGE][PASSED] - Object 'Object Repository/workOrder/WO_description' is present

2018-09-20 14:22:52 - [MESSAGE][PASSED] - work_Order.WO_Creation_FormLayout.workOrderCreation is PASSED

2018-09-20 14:22:52 - [TEST_STEP][PASSED] - work_Order.WO_Close_FormLayout.closeWorkOrderFormLayout: work_Order.WO_Close_FormLayout.closeWorkOrderFormLayout is PASSED

2018-09-20 14:22:52 - [MESSAGE][PASSED] - Wait for page load successfully

2018-09-20 14:22:52 - [MESSAGE][PASSED] - Object 'Object Repository/workOrder/addAndEdit' is clickable

2018-09-20 14:22:52 - [MESSAGE][PASSED] - Object: 'Object Repository/workOrder/addAndEdit' is clicked on

2018-09-20 14:22:53 - [MESSAGE][PASSED] - Angular is ready.

2018-09-20 14:22:53 - [MESSAGE][PASSED] - Object: 'Object Repository/workOrder/radiobtn' is clicked on

2018-09-20 14:22:53 - [MESSAGE][PASSED] - Alert accepted

2018-09-20 14:22:53 - [MESSAGE][PASSED] - Object 'Object Repository/workOrder/save' is present

2018-09-20 14:22:54 - [MESSAGE][PASSED] - Object: 'Object Repository/workOrder/save' is clicked on

2018-09-20 14:22:54 - [MESSAGE][PASSED] - Object 'Object Repository/workOrder/calendar_icon' is clickable

2018-09-20 14:22:57 - [MESSAGE][PASSED] - Delayed 3 second(s)

2018-09-20 14:22:57 - [MESSAGE][PASSED] - Object: 'Object Repository/workOrder/calendar_icon' is clicked on

2018-09-20 14:22:58 - [MESSAGE][PASSED] - Object: 'Object Repository/workOrder/calendar_tom' is clicked on

2018-09-20 14:22:58 - [MESSAGE][PASSED] - Object 'Object Repository/workOrder/Required_OK' is present

2018-09-20 14:22:58 - [MESSAGE][PASSED] - Object: 'Object Repository/workOrder/Required_OK' is clicked on

2018-09-20 14:23:10 - [MESSAGE][PASSED] - Delayed 12 second(s)

2018-09-20 14:23:10 - [MESSAGE][PASSED] - Object 'Object Repository/workOrder/workOrder Status' is present

2018-09-20 14:23:15 - [MESSAGE][PASSED] - Delayed 5 second(s)

2018-09-20 14:23:15 - [MESSAGE][PASSED] - work_Order.WO_Close_FormLayout.closeWorkOrderFormLayout is PASSED

2018-09-20 14:23:15 - [TEST_STEP][PASSED] - commonUtils.Common.logoutAndCloseBrowser: commonUtils.Common.logoutAndCloseBrowser is PASSED

2018-09-20 14:23:20 - [MESSAGE][PASSED] - Delayed 5 second(s)

2018-09-20 14:23:20 - [MESSAGE][PASSED] - Object: 'Object Repository/homePage/settings' is clicked on

2018-09-20 14:23:21 - [MESSAGE][PASSED] - Object: 'Object Repository/workOrder/WORecords' is clicked on

2018-09-20 14:23:21 - [MESSAGE][PASSED] - Object 'Object Repository/loginPage/username' is present

2018-09-20 14:23:22 - [MESSAGE][PASSED] - Browser is closed

2018-09-20 14:23:22 - [MESSAGE][PASSED] - commonUtils.Common.logoutAndCloseBrowser is PASSED]]></system-out>
         <system-err><![CDATA[]]></system-err>
      </testcase>
      <testcase name="Test Cases/SANT-TC-029_WO_Cancel_FormLayout" classname="Test Cases/SANT-TC-029_WO_Cancel_FormLayout" status="PASSED">
         <system-out><![CDATA[2018-09-20 14:23:22 - [TEST_CASE][PASSED] - Test Cases/SANT-TC-029_WO_Cancel_FormLayout: Test Cases/SANT-TC-029_WO_Cancel_FormLayout

2018-09-20 14:23:22 - [TEST_STEP][PASSED] - Statement - woDescription = com.kms.katalon.core.testdata.TestDataFactory.findTestData(workOrder/workOrder).getValue(1, 1): Test data is internal data, reading internal data

2018-09-20 14:23:22 - [TEST_STEP][PASSED] - Statement - taskName = com.kms.katalon.core.testdata.TestDataFactory.findTestData(workOrder/workOrder).getValue(2, 1): Test data is internal data, reading internal data

2018-09-20 14:23:22 - [TEST_STEP][PASSED] - Statement - assetName = com.kms.katalon.core.testdata.TestDataFactory.findTestData(workOrder/workOrder).getValue(3, 1): Test data is internal data, reading internal data

2018-09-20 14:23:22 - [TEST_STEP][PASSED] - Statement - inventoryName = com.kms.katalon.core.testdata.TestDataFactory.findTestData(workOrder/workOrder).getValue(4, 1): Test data is internal data, reading internal data

2018-09-20 14:23:22 - [TEST_STEP][PASSED] - Statement - woDes = woDescription + java.lang.System.currentTimeMillis(): null

2018-09-20 14:23:22 - [TEST_STEP][PASSED] - work_Order.WO_Creation_FormLayout.workOrderCreation: work_Order.WO_Creation_FormLayout.workOrderCreation is PASSED

2018-09-20 14:23:26 - [MESSAGE][PASSED] - Browser is opened with url: ''

2018-09-20 14:23:27 - [MESSAGE][PASSED] - Current window maximized

2018-09-20 14:23:38 - [MESSAGE][PASSED] - Navigate to 'https://mpulse8.com/#/' successfully

2018-09-20 14:23:38 - [MESSAGE][PASSED] - Object 'Object Repository/loginPage/username' is clickable

2018-09-20 14:23:38 - [MESSAGE][PASSED] - Text 'abhi' is set on object 'Object Repository/loginPage/username'

2018-09-20 14:23:38 - [MESSAGE][PASSED] - Text '123456' is set on object 'Object Repository/loginPage/password'

2018-09-20 14:23:39 - [MESSAGE][PASSED] - Keys 'mpulse8_inapp' sent to object: 'Object Repository/loginPage/database_name'

2018-09-20 14:23:39 - [MESSAGE][PASSED] - Object: 'Object Repository/loginPage/Login_btn' is clicked on

2018-09-20 14:23:39 - [MESSAGE][PASSED] - Wait for page load successfully

2018-09-20 14:23:47 - [MESSAGE][PASSED] - Delayed 8 second(s)

2018-09-20 14:24:19 - [MESSAGE][FAILED] - Unable to click on object 'Object Repository/workOrder/workOrders' (Root cause: com.kms.katalon.core.webui.exception.WebElementNotFoundException: Web element with id: 'Object Repository/workOrder/workOrders' located by 'By.xpath: //span[@title='Work Orders' or @class='work']' not found)
[[ATTACHMENT|D:\\Repo\\InApp-QA-Automation\\Mpulse_Automation\\Reports\\Test Suite For Demo\\20180920_141921\\1537433658329.png]]

2018-09-20 14:24:19 - [MESSAGE][PASSED] - Wait for page load successfully

2018-09-20 14:24:27 - [MESSAGE][PASSED] - Delayed 8 second(s)

2018-09-20 14:24:27 - [MESSAGE][PASSED] - Object: 'Object Repository/workOrder/workOrders' is clicked on

2018-09-20 14:24:27 - [MESSAGE][PASSED] - Object: 'Object Repository/workOrder/WORecords' is clicked on

2018-09-20 14:24:30 - [MESSAGE][PASSED] - Delayed 3 second(s)

2018-09-20 14:24:42 - [MESSAGE][FAILED] - Unable to click on object 'Object Repository/workOrder/cancel' (Root cause: org.openqa.selenium.ElementNotVisibleException: element not visible
  (Session info: chrome=69.0.3497.100)
  (Driver info: chromedriver=2.35.528161 (5b82f2d2aae0ca24b877009200ced9065a772e73),platform=Windows NT 10.0.16299 x86_64) (WARNING: The server did not provide any stacktrace information)
Command duration or timeout: 0 milliseconds
Build info: version: '3.7.1', revision: '8a0099a', time: '2017-11-06T21:07:36.161Z'
System info: host: 'DESKTOP-IC62SMV', ip: '192.168.4.18', os.name: 'Windows 10', os.arch: 'amd64', os.version: '10.0', java.version: '1.8.0_102'
Driver info: com.kms.katalon.selenium.driver.CChromeDriver
Capabilities {acceptInsecureCerts: false, acceptSslCerts: false, applicationCacheEnabled: false, browserConnectionEnabled: false, browserName: chrome, chrome: {chromedriverVersion: 2.35.528161 (5b82f2d2aae0ca..., userDataDir: C:\Users\Braseela\AppData\L...}, cssSelectorsEnabled: true, databaseEnabled: false, handlesAlerts: true, hasTouchScreen: false, javascriptEnabled: true, locationContextEnabled: true, mobileEmulationEnabled: false, nativeEvents: true, networkConnectionEnabled: false, pageLoadStrategy: normal, platform: XP, platformName: XP, rotatable: false, setWindowRect: true, takesHeapSnapshot: true, takesScreenshot: true, unexpectedAlertBehaviour: , unhandledPromptBehavior: , version: 69.0.3497.100, webStorageEnabled: true}
Session ID: b28292dc53a54b8a65b45d226f882451)
[[ATTACHMENT|D:\\Repo\\InApp-QA-Automation\\Mpulse_Automation\\Reports\\Test Suite For Demo\\20180920_141921\\1537433682138.png]]

2018-09-20 14:24:42 - [MESSAGE][PASSED] - Wait for page load successfully

2018-09-20 14:24:45 - [MESSAGE][PASSED] - Delayed 3 second(s)

2018-09-20 14:24:48 - [MESSAGE][WARNING] - Web element with id: 'Object Repository/workOrder/expandAndMinimize' located by 'By.xpath: //a[@title='Show']' not found

2018-09-20 14:25:19 - [MESSAGE][FAILED] - Unable to click on object 'Object Repository/workOrder/expandAndMinimize' (Root cause: com.kms.katalon.core.webui.exception.WebElementNotFoundException: Web element with id: 'Object Repository/workOrder/expandAndMinimize' located by 'By.xpath: //a[@title='Show']' not found)
[[ATTACHMENT|D:\\Repo\\InApp-QA-Automation\\Mpulse_Automation\\Reports\\Test Suite For Demo\\20180920_141921\\1537433719647.png]]

2018-09-20 14:25:20 - [MESSAGE][PASSED] - Wait for page load successfully

2018-09-20 14:25:23 - [MESSAGE][PASSED] - Delayed 3 second(s)

2018-09-20 14:25:23 - [MESSAGE][PASSED] - Object 'Object Repository/workOrder/hideListLayout' is clickable

2018-09-20 14:25:23 - [MESSAGE][PASSED] - Object: 'Object Repository/workOrder/hideListLayout' is clicked on

2018-09-20 14:25:26 - [MESSAGE][PASSED] - Delayed 3 second(s)

2018-09-20 14:25:26 - [MESSAGE][PASSED] - Wait for page load successfully

2018-09-20 14:25:26 - [MESSAGE][PASSED] - Angular is ready.

2018-09-20 14:25:26 - [MESSAGE][PASSED] - Object 'Object Repository/workOrder/addAndEdit' is clickable

2018-09-20 14:25:26 - [MESSAGE][PASSED] - Object: 'Object Repository/workOrder/addAndEdit' is clicked on

2018-09-20 14:25:26 - [MESSAGE][PASSED] - Wait for page load successfully

2018-09-20 14:25:27 - [MESSAGE][PASSED] - Angular is ready.

2018-09-20 14:25:27 - [MESSAGE][PASSED] - Object 'Object Repository/workOrder/workOrderTabs' is clickable

2018-09-20 14:25:28 - [MESSAGE][PASSED] - Object: 'Object Repository/workOrder/workOrderTabs' is clicked on

2018-09-20 14:25:28 - [MESSAGE][PASSED] - Wait for page load successfully

2018-09-20 14:25:28 - [MESSAGE][PASSED] - Keys 'WO Sanity Test_1537433602699' sent to object: 'Object Repository/workOrder/description'

2018-09-20 14:25:31 - [MESSAGE][PASSED] - Delayed 3 second(s)

2018-09-20 14:25:32 - [MESSAGE][PASSED] - Object: 'Object Repository/workOrder/woTypeAndGroup' is clicked on

2018-09-20 14:25:35 - [MESSAGE][PASSED] - Delayed 3 second(s)

2018-09-20 14:25:35 - [MESSAGE][PASSED] - Object: 'Object Repository/workOrder/groupAndType' is clicked on

2018-09-20 14:25:38 - [MESSAGE][PASSED] - Delayed 3 second(s)

2018-09-20 14:25:39 - [MESSAGE][PASSED] - Object: 'Object Repository/workOrder/woTypeAndGroup' is clicked on

2018-09-20 14:25:42 - [MESSAGE][PASSED] - Delayed 3 second(s)

2018-09-20 14:25:42 - [MESSAGE][PASSED] - Object: 'Object Repository/workOrder/groupAndType' is clicked on

2018-09-20 14:25:42 - [MESSAGE][PASSED] - Object 'Object Repository/workOrder/workOrderTabs' is clickable

2018-09-20 14:25:44 - [MESSAGE][PASSED] - Object: 'Object Repository/workOrder/workOrderTabs' is clicked on

2018-09-20 14:25:45 - [MESSAGE][PASSED] - Wait for page load successfully

2018-09-20 14:25:45 - [MESSAGE][PASSED] - Object 'Object Repository/workOrder/link_Asset_Task_Inventory' is clickable

2018-09-20 14:25:45 - [MESSAGE][PASSED] - Object: 'Object Repository/workOrder/link_Asset_Task_Inventory' is clicked on

2018-09-20 14:25:51 - [MESSAGE][PASSED] - Delayed 6 second(s)

2018-09-20 14:25:52 - [MESSAGE][PASSED] - Keys 'PMI-023-ahk' sent to object: 'Object Repository/workOrder/infoLink_Search'

2018-09-20 14:25:58 - [MESSAGE][PASSED] - Delayed 6 second(s)

2018-09-20 14:25:58 - [MESSAGE][PASSED] - Object: 'Object Repository/workOrder/taskAndAssetID' is clicked on

2018-09-20 14:25:58 - [MESSAGE][PASSED] - Wait for page load successfully

2018-09-20 14:25:59 - [MESSAGE][PASSED] - Object: 'Object Repository/workOrder/replace' is clicked on

2018-09-20 14:25:59 - [MESSAGE][PASSED] - Wait for page load successfully

2018-09-20 14:26:00 - [MESSAGE][PASSED] - Angular is ready.

2018-09-20 14:26:01 - [MESSAGE][PASSED] - Object: 'Object Repository/workOrder/link_Asset_Task_Inventory' is clicked on

2018-09-20 14:26:07 - [MESSAGE][PASSED] - Delayed 6 second(s)

2018-09-20 14:26:08 - [MESSAGE][PASSED] - Keys 'EQU-194-2018' sent to object: 'Object Repository/workOrder/infoLink_Search'

2018-09-20 14:26:14 - [MESSAGE][PASSED] - Delayed 6 second(s)

2018-09-20 14:26:14 - [MESSAGE][PASSED] - Object: 'Object Repository/workOrder/taskAndAssetID' is clicked on

2018-09-20 14:26:15 - [MESSAGE][PASSED] - Object: 'Object Repository/workOrder/replace' is clicked on

2018-09-20 14:26:16 - [MESSAGE][PASSED] - Angular is ready.

2018-09-20 14:26:17 - [MESSAGE][PASSED] - Object: 'Object Repository/workOrder/link_Asset_Task_Inventory' is clicked on

2018-09-20 14:26:22 - [MESSAGE][PASSED] - Delayed 5 second(s)

2018-09-20 14:26:28 - [MESSAGE][PASSED] - Delayed 6 second(s)

2018-09-20 14:26:28 - [MESSAGE][PASSED] - Keys 'PRT-144' sent to object: 'Object Repository/workOrder/infoLink_Search'

2018-09-20 14:26:34 - [MESSAGE][PASSED] - Delayed 6 second(s)

2018-09-20 14:26:34 - [MESSAGE][PASSED] - Object: 'Object Repository/workOrder/inventoryID' is clicked on

2018-09-20 14:26:35 - [MESSAGE][PASSED] - Object: 'Object Repository/workOrder/replace' is clicked on

2018-09-20 14:26:36 - [MESSAGE][PASSED] - Angular is ready.

2018-09-20 14:26:38 - [MESSAGE][PASSED] - Object: 'Object Repository/workOrder/workOrderTabs' is clicked on

2018-09-20 14:26:39 - [MESSAGE][PASSED] - Angular is ready.

2018-09-20 14:26:39 - [MESSAGE][PASSED] - Object: 'Object Repository/workOrder/workOrderTabs' is clicked on

2018-09-20 14:26:42 - [MESSAGE][PASSED] - Delayed 3 second(s)

2018-09-20 14:26:42 - [MESSAGE][PASSED] - Keys 'BACK_SPACE + ' sent to object: 'Object Repository/workOrder/estAndOtherCost'

2018-09-20 14:26:43 - [MESSAGE][PASSED] - Keys '15' sent to object: 'Object Repository/workOrder/estAndOtherCost'

2018-09-20 14:26:46 - [MESSAGE][PASSED] - Delayed 3 second(s)

2018-09-20 14:26:46 - [MESSAGE][PASSED] - Keys 'BACK_SPACE + ' sent to object: 'Object Repository/workOrder/estAndOtherCost'

2018-09-20 14:26:46 - [MESSAGE][PASSED] - Keys '15' sent to object: 'Object Repository/workOrder/estAndOtherCost'

2018-09-20 14:26:46 - [MESSAGE][PASSED] - Object: 'Object Repository/workOrder/save' is clicked on

2018-09-20 14:26:56 - [MESSAGE][PASSED] - Delayed 10 second(s)

2018-09-20 14:26:57 - [MESSAGE][PASSED] - Object: 'Object Repository/workOrder/workOrderTabs' is clicked on

2018-09-20 14:26:57 - [MESSAGE][PASSED] - Text of object 'Object Repository/workOrder/WO_ID' is: 'WKO-21298-20/09'

2018-09-20 14:26:57 - [MESSAGE][PASSED] - Object 'Object Repository/workOrder/WO_description' is present

2018-09-20 14:26:57 - [MESSAGE][PASSED] - work_Order.WO_Creation_FormLayout.workOrderCreation is PASSED

2018-09-20 14:26:57 - [TEST_STEP][PASSED] - work_Order.WO_Cancel_FromLayout.cancelWorkOrderFormLayout: work_Order.WO_Cancel_FromLayout.cancelWorkOrderFormLayout is PASSED

2018-09-20 14:26:57 - [MESSAGE][PASSED] - Wait for page load successfully

2018-09-20 14:26:57 - [MESSAGE][PASSED] - Object 'Object Repository/workOrder/addAndEdit' is clickable

2018-09-20 14:26:57 - [MESSAGE][PASSED] - Object: 'Object Repository/workOrder/addAndEdit' is clicked on

2018-09-20 14:26:58 - [MESSAGE][PASSED] - Angular is ready.

2018-09-20 14:26:59 - [MESSAGE][PASSED] - Object: 'Object Repository/workOrder/radiobtn' is clicked on

2018-09-20 14:26:59 - [MESSAGE][PASSED] - Alert accepted

2018-09-20 14:26:59 - [MESSAGE][PASSED] - Object 'Object Repository/workOrder/infoLink_Search' is present

2018-09-20 14:27:00 - [MESSAGE][PASSED] - Text 'Sanity Testing' is set on object 'Object Repository/workOrder/infoLink_Search'

2018-09-20 14:27:00 - [MESSAGE][PASSED] - Object: 'Object Repository/workOrder/Reason_Save' is clicked on

2018-09-20 14:27:01 - [MESSAGE][PASSED] - Angular is ready.

2018-09-20 14:27:04 - [MESSAGE][PASSED] - Delayed 3 second(s)

2018-09-20 14:27:04 - [MESSAGE][PASSED] - Object: 'Object Repository/workOrder/calendar_icon' is clicked on

2018-09-20 14:27:04 - [MESSAGE][PASSED] - Object: 'Object Repository/workOrder/calendar_tom' is clicked on

2018-09-20 14:27:04 - [MESSAGE][PASSED] - Object 'Object Repository/workOrder/Required_OK' is present

2018-09-20 14:27:05 - [MESSAGE][PASSED] - Object: 'Object Repository/workOrder/Required_OK' is clicked on

2018-09-20 14:27:15 - [MESSAGE][PASSED] - Delayed 10 second(s)

2018-09-20 14:27:15 - [MESSAGE][PASSED] - Wait for page load successfully

2018-09-20 14:27:15 - [MESSAGE][PASSED] - Object 'Object Repository/workOrder/workOrder Status' is present

2018-09-20 14:27:20 - [MESSAGE][PASSED] - Delayed 5 second(s)

2018-09-20 14:27:20 - [MESSAGE][PASSED] - work_Order.WO_Cancel_FromLayout.cancelWorkOrderFormLayout is PASSED

2018-09-20 14:27:20 - [TEST_STEP][PASSED] - commonUtils.Common.logoutAndCloseBrowser: commonUtils.Common.logoutAndCloseBrowser is PASSED

2018-09-20 14:27:25 - [MESSAGE][PASSED] - Delayed 5 second(s)

2018-09-20 14:27:25 - [MESSAGE][PASSED] - Object: 'Object Repository/homePage/settings' is clicked on

2018-09-20 14:27:25 - [MESSAGE][PASSED] - Object: 'Object Repository/workOrder/WORecords' is clicked on

2018-09-20 14:27:25 - [MESSAGE][PASSED] - Object 'Object Repository/loginPage/username' is present

2018-09-20 14:27:26 - [MESSAGE][PASSED] - Browser is closed

2018-09-20 14:27:26 - [MESSAGE][PASSED] - commonUtils.Common.logoutAndCloseBrowser is PASSED]]></system-out>
         <system-err><![CDATA[]]></system-err>
      </testcase>
      <testcase name="Test Cases/SANT-TC-030_WO_Hold_FormLayout" classname="Test Cases/SANT-TC-030_WO_Hold_FormLayout" status="PASSED">
         <system-out><![CDATA[2018-09-20 14:27:26 - [TEST_CASE][PASSED] - Test Cases/SANT-TC-030_WO_Hold_FormLayout: Test Cases/SANT-TC-030_WO_Hold_FormLayout

2018-09-20 14:27:26 - [TEST_STEP][PASSED] - Statement - woDescription = com.kms.katalon.core.testdata.TestDataFactory.findTestData(workOrder/workOrder).getValue(1, 1): Test data is internal data, reading internal data

2018-09-20 14:27:26 - [TEST_STEP][PASSED] - Statement - taskName = com.kms.katalon.core.testdata.TestDataFactory.findTestData(workOrder/workOrder).getValue(2, 1): Test data is internal data, reading internal data

2018-09-20 14:27:26 - [TEST_STEP][PASSED] - Statement - assetName = com.kms.katalon.core.testdata.TestDataFactory.findTestData(workOrder/workOrder).getValue(3, 1): Test data is internal data, reading internal data

2018-09-20 14:27:27 - [TEST_STEP][PASSED] - Statement - inventoryName = com.kms.katalon.core.testdata.TestDataFactory.findTestData(workOrder/workOrder).getValue(4, 1): Test data is internal data, reading internal data

2018-09-20 14:27:27 - [TEST_STEP][PASSED] - Statement - woDes = woDescription + java.lang.System.currentTimeMillis(): null

2018-09-20 14:27:27 - [TEST_STEP][PASSED] - work_Order.WO_Creation_FormLayout.workOrderCreation: work_Order.WO_Creation_FormLayout.workOrderCreation is PASSED

2018-09-20 14:27:32 - [MESSAGE][PASSED] - Browser is opened with url: ''

2018-09-20 14:27:33 - [MESSAGE][PASSED] - Current window maximized

2018-09-20 14:27:41 - [MESSAGE][PASSED] - Navigate to 'https://mpulse8.com/#/' successfully

2018-09-20 14:27:41 - [MESSAGE][PASSED] - Object 'Object Repository/loginPage/username' is clickable

2018-09-20 14:27:42 - [MESSAGE][PASSED] - Text 'abhi' is set on object 'Object Repository/loginPage/username'

2018-09-20 14:27:42 - [MESSAGE][PASSED] - Text '123456' is set on object 'Object Repository/loginPage/password'

2018-09-20 14:27:42 - [MESSAGE][PASSED] - Keys 'mpulse8_inapp' sent to object: 'Object Repository/loginPage/database_name'

2018-09-20 14:27:42 - [MESSAGE][PASSED] - Object: 'Object Repository/loginPage/Login_btn' is clicked on

2018-09-20 14:27:43 - [MESSAGE][PASSED] - Wait for page load successfully

2018-09-20 14:27:51 - [MESSAGE][PASSED] - Delayed 8 second(s)

2018-09-20 14:28:00 - [MESSAGE][PASSED] - Object: 'Object Repository/workOrder/workOrders' is clicked on

2018-09-20 14:28:00 - [MESSAGE][PASSED] - Object: 'Object Repository/workOrder/WORecords' is clicked on

2018-09-20 14:28:03 - [MESSAGE][PASSED] - Delayed 3 second(s)

2018-09-20 14:28:08 - [MESSAGE][FAILED] - Unable to click on object 'Object Repository/workOrder/cancel' (Root cause: org.openqa.selenium.ElementNotVisibleException: element not visible
  (Session info: chrome=69.0.3497.100)
  (Driver info: chromedriver=2.35.528161 (5b82f2d2aae0ca24b877009200ced9065a772e73),platform=Windows NT 10.0.16299 x86_64) (WARNING: The server did not provide any stacktrace information)
Command duration or timeout: 0 milliseconds
Build info: version: '3.7.1', revision: '8a0099a', time: '2017-11-06T21:07:36.161Z'
System info: host: 'DESKTOP-IC62SMV', ip: '192.168.4.18', os.name: 'Windows 10', os.arch: 'amd64', os.version: '10.0', java.version: '1.8.0_102'
Driver info: com.kms.katalon.selenium.driver.CChromeDriver
Capabilities {acceptInsecureCerts: false, acceptSslCerts: false, applicationCacheEnabled: false, browserConnectionEnabled: false, browserName: chrome, chrome: {chromedriverVersion: 2.35.528161 (5b82f2d2aae0ca..., userDataDir: C:\Users\Braseela\AppData\L...}, cssSelectorsEnabled: true, databaseEnabled: false, handlesAlerts: true, hasTouchScreen: false, javascriptEnabled: true, locationContextEnabled: true, mobileEmulationEnabled: false, nativeEvents: true, networkConnectionEnabled: false, pageLoadStrategy: normal, platform: XP, platformName: XP, rotatable: false, setWindowRect: true, takesHeapSnapshot: true, takesScreenshot: true, unexpectedAlertBehaviour: , unhandledPromptBehavior: , version: 69.0.3497.100, webStorageEnabled: true}
Session ID: e50d13c9b551b01fef9f62faef13e54f)
[[ATTACHMENT|D:\\Repo\\InApp-QA-Automation\\Mpulse_Automation\\Reports\\Test Suite For Demo\\20180920_141921\\1537433887710.png]]

2018-09-20 14:28:08 - [MESSAGE][PASSED] - Wait for page load successfully

2018-09-20 14:28:11 - [MESSAGE][PASSED] - Delayed 3 second(s)

2018-09-20 14:28:14 - [MESSAGE][WARNING] - Web element with id: 'Object Repository/workOrder/expandAndMinimize' located by 'By.xpath: //a[@title='Show']' not found

2018-09-20 14:28:45 - [MESSAGE][FAILED] - Unable to click on object 'Object Repository/workOrder/expandAndMinimize' (Root cause: com.kms.katalon.core.webui.exception.WebElementNotFoundException: Web element with id: 'Object Repository/workOrder/expandAndMinimize' located by 'By.xpath: //a[@title='Show']' not found)
[[ATTACHMENT|D:\\Repo\\InApp-QA-Automation\\Mpulse_Automation\\Reports\\Test Suite For Demo\\20180920_141921\\1537433925180.png]]

2018-09-20 14:28:45 - [MESSAGE][PASSED] - Wait for page load successfully

2018-09-20 14:28:48 - [MESSAGE][PASSED] - Delayed 3 second(s)

2018-09-20 14:28:48 - [MESSAGE][PASSED] - Object 'Object Repository/workOrder/hideListLayout' is clickable

2018-09-20 14:28:48 - [MESSAGE][PASSED] - Object: 'Object Repository/workOrder/hideListLayout' is clicked on

2018-09-20 14:28:51 - [MESSAGE][PASSED] - Delayed 3 second(s)

2018-09-20 14:28:51 - [MESSAGE][PASSED] - Wait for page load successfully

2018-09-20 14:28:51 - [MESSAGE][PASSED] - Angular is ready.

2018-09-20 14:28:51 - [MESSAGE][PASSED] - Object 'Object Repository/workOrder/addAndEdit' is clickable

2018-09-20 14:28:52 - [MESSAGE][PASSED] - Object: 'Object Repository/workOrder/addAndEdit' is clicked on

2018-09-20 14:28:52 - [MESSAGE][PASSED] - Wait for page load successfully

2018-09-20 14:28:53 - [MESSAGE][PASSED] - Angular is ready.

2018-09-20 14:28:53 - [MESSAGE][PASSED] - Object 'Object Repository/workOrder/workOrderTabs' is clickable

2018-09-20 14:28:53 - [MESSAGE][PASSED] - Object: 'Object Repository/workOrder/workOrderTabs' is clicked on

2018-09-20 14:28:53 - [MESSAGE][PASSED] - Wait for page load successfully

2018-09-20 14:28:54 - [MESSAGE][PASSED] - Keys 'WO Sanity Test_1537433847001' sent to object: 'Object Repository/workOrder/description'

2018-09-20 14:28:57 - [MESSAGE][PASSED] - Delayed 3 second(s)

2018-09-20 14:28:57 - [MESSAGE][PASSED] - Object: 'Object Repository/workOrder/woTypeAndGroup' is clicked on

2018-09-20 14:29:00 - [MESSAGE][PASSED] - Delayed 3 second(s)

2018-09-20 14:29:00 - [MESSAGE][PASSED] - Object: 'Object Repository/workOrder/groupAndType' is clicked on

2018-09-20 14:29:03 - [MESSAGE][PASSED] - Delayed 3 second(s)

2018-09-20 14:29:04 - [MESSAGE][PASSED] - Object: 'Object Repository/workOrder/woTypeAndGroup' is clicked on

2018-09-20 14:29:07 - [MESSAGE][PASSED] - Delayed 3 second(s)

2018-09-20 14:29:07 - [MESSAGE][PASSED] - Object: 'Object Repository/workOrder/groupAndType' is clicked on

2018-09-20 14:29:07 - [MESSAGE][PASSED] - Object 'Object Repository/workOrder/workOrderTabs' is clickable

2018-09-20 14:29:08 - [MESSAGE][PASSED] - Object: 'Object Repository/workOrder/workOrderTabs' is clicked on

2018-09-20 14:29:09 - [MESSAGE][PASSED] - Wait for page load successfully

2018-09-20 14:29:09 - [MESSAGE][PASSED] - Object 'Object Repository/workOrder/link_Asset_Task_Inventory' is clickable

2018-09-20 14:29:10 - [MESSAGE][PASSED] - Object: 'Object Repository/workOrder/link_Asset_Task_Inventory' is clicked on

2018-09-20 14:29:16 - [MESSAGE][PASSED] - Delayed 6 second(s)

2018-09-20 14:29:16 - [MESSAGE][PASSED] - Keys 'PMI-023-ahk' sent to object: 'Object Repository/workOrder/infoLink_Search'

2018-09-20 14:29:22 - [MESSAGE][PASSED] - Delayed 6 second(s)

2018-09-20 14:29:23 - [MESSAGE][PASSED] - Object: 'Object Repository/workOrder/taskAndAssetID' is clicked on

2018-09-20 14:29:23 - [MESSAGE][PASSED] - Wait for page load successfully

2018-09-20 14:29:23 - [MESSAGE][PASSED] - Object: 'Object Repository/workOrder/replace' is clicked on

2018-09-20 14:29:23 - [MESSAGE][PASSED] - Wait for page load successfully

2018-09-20 14:29:24 - [MESSAGE][PASSED] - Angular is ready.

2018-09-20 14:29:25 - [MESSAGE][PASSED] - Object: 'Object Repository/workOrder/link_Asset_Task_Inventory' is clicked on

2018-09-20 14:29:31 - [MESSAGE][PASSED] - Delayed 6 second(s)

2018-09-20 14:29:32 - [MESSAGE][PASSED] - Keys 'EQU-194-2018' sent to object: 'Object Repository/workOrder/infoLink_Search'

2018-09-20 14:29:38 - [MESSAGE][PASSED] - Delayed 6 second(s)

2018-09-20 14:29:38 - [MESSAGE][PASSED] - Object: 'Object Repository/workOrder/taskAndAssetID' is clicked on

2018-09-20 14:29:38 - [MESSAGE][PASSED] - Object: 'Object Repository/workOrder/replace' is clicked on

2018-09-20 14:29:41 - [MESSAGE][PASSED] - Angular is ready.

2018-09-20 14:29:42 - [MESSAGE][PASSED] - Object: 'Object Repository/workOrder/link_Asset_Task_Inventory' is clicked on

2018-09-20 14:29:47 - [MESSAGE][PASSED] - Delayed 5 second(s)

2018-09-20 14:29:53 - [MESSAGE][PASSED] - Delayed 6 second(s)

2018-09-20 14:29:53 - [MESSAGE][PASSED] - Keys 'PRT-144' sent to object: 'Object Repository/workOrder/infoLink_Search'

2018-09-20 14:29:59 - [MESSAGE][PASSED] - Delayed 6 second(s)

2018-09-20 14:29:59 - [MESSAGE][PASSED] - Object: 'Object Repository/workOrder/inventoryID' is clicked on

2018-09-20 14:29:59 - [MESSAGE][PASSED] - Object: 'Object Repository/workOrder/replace' is clicked on

2018-09-20 14:30:01 - [MESSAGE][PASSED] - Angular is ready.

2018-09-20 14:30:02 - [MESSAGE][PASSED] - Object: 'Object Repository/workOrder/workOrderTabs' is clicked on

2018-09-20 14:30:03 - [MESSAGE][PASSED] - Angular is ready.

2018-09-20 14:30:04 - [MESSAGE][PASSED] - Object: 'Object Repository/workOrder/workOrderTabs' is clicked on

2018-09-20 14:30:07 - [MESSAGE][PASSED] - Delayed 3 second(s)

2018-09-20 14:30:07 - [MESSAGE][PASSED] - Keys 'BACK_SPACE + ' sent to object: 'Object Repository/workOrder/estAndOtherCost'

2018-09-20 14:30:07 - [MESSAGE][PASSED] - Keys '15' sent to object: 'Object Repository/workOrder/estAndOtherCost'

2018-09-20 14:30:10 - [MESSAGE][PASSED] - Delayed 3 second(s)

2018-09-20 14:30:10 - [MESSAGE][PASSED] - Keys 'BACK_SPACE + ' sent to object: 'Object Repository/workOrder/estAndOtherCost'

2018-09-20 14:30:11 - [MESSAGE][PASSED] - Keys '15' sent to object: 'Object Repository/workOrder/estAndOtherCost'

2018-09-20 14:30:11 - [MESSAGE][PASSED] - Object: 'Object Repository/workOrder/save' is clicked on

2018-09-20 14:30:21 - [MESSAGE][PASSED] - Delayed 10 second(s)

2018-09-20 14:30:21 - [MESSAGE][PASSED] - Object: 'Object Repository/workOrder/workOrderTabs' is clicked on

2018-09-20 14:30:21 - [MESSAGE][PASSED] - Text of object 'Object Repository/workOrder/WO_ID' is: 'WKO-21299-20/09'

2018-09-20 14:30:21 - [MESSAGE][PASSED] - Object 'Object Repository/workOrder/WO_description' is present

2018-09-20 14:30:21 - [MESSAGE][PASSED] - work_Order.WO_Creation_FormLayout.workOrderCreation is PASSED

2018-09-20 14:30:21 - [TEST_STEP][PASSED] - work_Order.WO_Hold_FormLayout.holdWorkOrderFormLayout: work_Order.WO_Hold_FormLayout.holdWorkOrderFormLayout is PASSED

2018-09-20 14:30:21 - [MESSAGE][PASSED] - Wait for page load successfully

2018-09-20 14:30:21 - [MESSAGE][PASSED] - Object 'Object Repository/workOrder/addAndEdit' is clickable

2018-09-20 14:30:22 - [MESSAGE][PASSED] - Object: 'Object Repository/workOrder/addAndEdit' is clicked on

2018-09-20 14:30:23 - [MESSAGE][PASSED] - Angular is ready.

2018-09-20 14:30:23 - [MESSAGE][PASSED] - Object: 'Object Repository/workOrder/radiobtn' is clicked on

2018-09-20 14:30:26 - [MESSAGE][PASSED] - Delayed 3 second(s)

2018-09-20 14:30:29 - [MESSAGE][PASSED] - Delayed 3 second(s)

2018-09-20 14:30:30 - [MESSAGE][PASSED] - Object: 'Object Repository/workOrder/HoldReason' is clicked on

2018-09-20 14:30:33 - [MESSAGE][PASSED] - Delayed 3 second(s)

2018-09-20 14:30:33 - [MESSAGE][PASSED] - Object: 'Object Repository/workOrder/groupAndType' is clicked on

2018-09-20 14:30:36 - [MESSAGE][PASSED] - Delayed 3 second(s)

2018-09-20 14:30:36 - [MESSAGE][PASSED] - Object: 'Object Repository/workOrder/holduntil_calendar' is clicked on

2018-09-20 14:30:37 - [MESSAGE][PASSED] - Object: 'Object Repository/workOrder/calendar_tom' is clicked on

2018-09-20 14:30:37 - [MESSAGE][PASSED] - Object: 'Object Repository/workOrder/Reason_Save' is clicked on

2018-09-20 14:30:37 - [MESSAGE][PASSED] - Wait for page load successfully

2018-09-20 14:30:37 - [MESSAGE][PASSED] - Object 'Object Repository/workOrder/workOrder Status' is present

2018-09-20 14:30:42 - [MESSAGE][PASSED] - Delayed 5 second(s)

2018-09-20 14:30:42 - [MESSAGE][PASSED] - work_Order.WO_Hold_FormLayout.holdWorkOrderFormLayout is PASSED

2018-09-20 14:30:42 - [TEST_STEP][PASSED] - commonUtils.Common.logoutAndCloseBrowser: commonUtils.Common.logoutAndCloseBrowser is PASSED

2018-09-20 14:30:47 - [MESSAGE][PASSED] - Delayed 5 second(s)

2018-09-20 14:30:47 - [MESSAGE][PASSED] - Object: 'Object Repository/homePage/settings' is clicked on

2018-09-20 14:30:47 - [MESSAGE][PASSED] - Object: 'Object Repository/workOrder/WORecords' is clicked on

2018-09-20 14:30:47 - [MESSAGE][PASSED] - Object 'Object Repository/loginPage/username' is present

2018-09-20 14:30:48 - [MESSAGE][PASSED] - Browser is closed

2018-09-20 14:30:48 - [MESSAGE][PASSED] - commonUtils.Common.logoutAndCloseBrowser is PASSED]]></system-out>
         <system-err><![CDATA[]]></system-err>
      </testcase>
      <testcase name="Test Cases/SANT-TC-032_WO_Close_ListLayout" classname="Test Cases/SANT-TC-032_WO_Close_ListLayout" status="FAILED">
         <failure type="FAILED" message="Unable to click on object 'Object Repository/workOrder/CloseWO' (Root cause: org.openqa.selenium.WebDriverException: unknown error: Element &lt;button type=&quot;button&quot; class=&quot;btn btn-default btn_popup ng-binding ng-scope&quot; title=&quot;Closing the work order moves it from the active work order record set and moves it into history.    This action is similar to 'posting' in an accounting system and should only be done when you are sure all the data is complete and accurate.&quot; ng-click=&quot;closeWorkOrder(true)&quot; ng-if=&quot;SubModuleName=='WorkOrderRecords' &amp;amp;&amp;amp; WKOLayout.listviewlabels.CloseButton&quot;>...&lt;/button> is not clickable at point (669, 81). Other element would receive the click: &lt;html lang=&quot;en&quot; class=&quot;ng-scope&quot;>...&lt;/html>
  (Session info: chrome=69.0.3497.100)
  (Driver info: chromedriver=2.35.528161 (5b82f2d2aae0ca24b877009200ced9065a772e73),platform=Windows NT 10.0.16299 x86_64) (WARNING: The server did not provide any stacktrace information)
Command duration or timeout: 0 milliseconds
Build info: version: '3.7.1', revision: '8a0099a', time: '2017-11-06T21:07:36.161Z'
System info: host: 'DESKTOP-IC62SMV', ip: '192.168.4.18', os.name: 'Windows 10', os.arch: 'amd64', os.version: '10.0', java.version: '1.8.0_102'
Driver info: com.kms.katalon.selenium.driver.CChromeDriver
Capabilities {acceptInsecureCerts: false, acceptSslCerts: false, applicationCacheEnabled: false, browserConnectionEnabled: false, browserName: chrome, chrome: {chromedriverVersion: 2.35.528161 (5b82f2d2aae0ca..., userDataDir: C:\Users\Braseela\AppData\L...}, cssSelectorsEnabled: true, databaseEnabled: false, handlesAlerts: true, hasTouchScreen: false, javascriptEnabled: true, locationContextEnabled: true, mobileEmulationEnabled: false, nativeEvents: true, networkConnectionEnabled: false, pageLoadStrategy: normal, platform: XP, platformName: XP, rotatable: false, setWindowRect: true, takesHeapSnapshot: true, takesScreenshot: true, unexpectedAlertBehaviour: , unhandledPromptBehavior: , version: 69.0.3497.100, webStorageEnabled: true}
Session ID: 39ea908783a6e12eb4615044d30f3520)"/>
         <system-out><![CDATA[2018-09-20 14:30:48 - [TEST_CASE][FAILED] - Test Cases/SANT-TC-032_WO_Close_ListLayout: Test Cases/SANT-TC-032_WO_Close_ListLayout FAILED because (of) Unable to click on object 'Object Repository/workOrder/CloseWO' (Root cause: org.openqa.selenium.WebDriverException: unknown error: Element <button type="button" class="btn btn-default btn_popup ng-binding ng-scope" title="Closing the work order moves it from the active work order record set and moves it into history.    This action is similar to 'posting' in an accounting system and should only be done when you are sure all the data is complete and accurate." ng-click="closeWorkOrder(true)" ng-if="SubModuleName=='WorkOrderRecords' &amp;&amp; WKOLayout.listviewlabels.CloseButton">...</button> is not clickable at point (669, 81). Other element would receive the click: <html lang="en" class="ng-scope">...</html>
  (Session info: chrome=69.0.3497.100)
  (Driver info: chromedriver=2.35.528161 (5b82f2d2aae0ca24b877009200ced9065a772e73),platform=Windows NT 10.0.16299 x86_64) (WARNING: The server did not provide any stacktrace information)
Command duration or timeout: 0 milliseconds
Build info: version: '3.7.1', revision: '8a0099a', time: '2017-11-06T21:07:36.161Z'
System info: host: 'DESKTOP-IC62SMV', ip: '192.168.4.18', os.name: 'Windows 10', os.arch: 'amd64', os.version: '10.0', java.version: '1.8.0_102'
Driver info: com.kms.katalon.selenium.driver.CChromeDriver
Capabilities {acceptInsecureCerts: false, acceptSslCerts: false, applicationCacheEnabled: false, browserConnectionEnabled: false, browserName: chrome, chrome: {chromedriverVersion: 2.35.528161 (5b82f2d2aae0ca..., userDataDir: C:\Users\Braseela\AppData\L...}, cssSelectorsEnabled: true, databaseEnabled: false, handlesAlerts: true, hasTouchScreen: false, javascriptEnabled: true, locationContextEnabled: true, mobileEmulationEnabled: false, nativeEvents: true, networkConnectionEnabled: false, pageLoadStrategy: normal, platform: XP, platformName: XP, rotatable: false, setWindowRect: true, takesHeapSnapshot: true, takesScreenshot: true, unexpectedAlertBehaviour: , unhandledPromptBehavior: , version: 69.0.3497.100, webStorageEnabled: true}
Session ID: 39ea908783a6e12eb4615044d30f3520)

2018-09-20 14:30:48 - [TEST_STEP][PASSED] - Statement - woDescription = com.kms.katalon.core.testdata.TestDataFactory.findTestData(workOrder/workOrder).getValue(1, 1): Test data is internal data, reading internal data

2018-09-20 14:30:48 - [TEST_STEP][PASSED] - Statement - WO_name = woDescription + java.lang.System.currentTimeMillis(): null

2018-09-20 14:30:48 - [TEST_STEP][PASSED] - work_Order.WO_Creation_ListLayout.workOrderCreationList: work_Order.WO_Creation_ListLayout.workOrderCreationList is PASSED

2018-09-20 14:30:52 - [MESSAGE][PASSED] - Browser is opened with url: ''

2018-09-20 14:30:53 - [MESSAGE][PASSED] - Current window maximized

2018-09-20 14:31:01 - [MESSAGE][PASSED] - Navigate to 'https://mpulse8.com/#/' successfully

2018-09-20 14:31:01 - [MESSAGE][PASSED] - Object 'Object Repository/loginPage/username' is clickable

2018-09-20 14:31:02 - [MESSAGE][PASSED] - Text 'abhi' is set on object 'Object Repository/loginPage/username'

2018-09-20 14:31:02 - [MESSAGE][PASSED] - Text '123456' is set on object 'Object Repository/loginPage/password'

2018-09-20 14:31:02 - [MESSAGE][PASSED] - Keys 'mpulse8_inapp' sent to object: 'Object Repository/loginPage/database_name'

2018-09-20 14:31:02 - [MESSAGE][PASSED] - Object: 'Object Repository/loginPage/Login_btn' is clicked on

2018-09-20 14:31:02 - [MESSAGE][PASSED] - Wait for page load successfully

2018-09-20 14:31:10 - [MESSAGE][PASSED] - Delayed 8 second(s)

2018-09-20 14:31:29 - [MESSAGE][PASSED] - Object: 'Object Repository/workOrder/workOrders' is clicked on

2018-09-20 14:31:29 - [MESSAGE][PASSED] - Object: 'Object Repository/workOrder/WORecords' is clicked on

2018-09-20 14:31:29 - [MESSAGE][PASSED] - Wait for page load successfully

2018-09-20 14:31:39 - [MESSAGE][PASSED] - Angular is ready.

2018-09-20 14:31:42 - [MESSAGE][PASSED] - Delayed 3 second(s)

2018-09-20 14:31:42 - [MESSAGE][FAILED] - Unable to click on object 'Object Repository/workOrder/cancel' (Root cause: org.openqa.selenium.ElementNotVisibleException: element not visible
  (Session info: chrome=69.0.3497.100)
  (Driver info: chromedriver=2.35.528161 (5b82f2d2aae0ca24b877009200ced9065a772e73),platform=Windows NT 10.0.16299 x86_64) (WARNING: The server did not provide any stacktrace information)
Command duration or timeout: 0 milliseconds
Build info: version: '3.7.1', revision: '8a0099a', time: '2017-11-06T21:07:36.161Z'
System info: host: 'DESKTOP-IC62SMV', ip: '192.168.4.18', os.name: 'Windows 10', os.arch: 'amd64', os.version: '10.0', java.version: '1.8.0_102'
Driver info: com.kms.katalon.selenium.driver.CChromeDriver
Capabilities {acceptInsecureCerts: false, acceptSslCerts: false, applicationCacheEnabled: false, browserConnectionEnabled: false, browserName: chrome, chrome: {chromedriverVersion: 2.35.528161 (5b82f2d2aae0ca..., userDataDir: C:\Users\Braseela\AppData\L...}, cssSelectorsEnabled: true, databaseEnabled: false, handlesAlerts: true, hasTouchScreen: false, javascriptEnabled: true, locationContextEnabled: true, mobileEmulationEnabled: false, nativeEvents: true, networkConnectionEnabled: false, pageLoadStrategy: normal, platform: XP, platformName: XP, rotatable: false, setWindowRect: true, takesHeapSnapshot: true, takesScreenshot: true, unexpectedAlertBehaviour: , unhandledPromptBehavior: , version: 69.0.3497.100, webStorageEnabled: true}
Session ID: 39ea908783a6e12eb4615044d30f3520)
[[ATTACHMENT|D:\\Repo\\InApp-QA-Automation\\Mpulse_Automation\\Reports\\Test Suite For Demo\\20180920_141921\\1537434102565.png]]

2018-09-20 14:31:42 - [MESSAGE][PASSED] - Wait for page load successfully

2018-09-20 14:31:45 - [MESSAGE][PASSED] - Delayed 3 second(s)

2018-09-20 14:31:46 - [MESSAGE][PASSED] - Object 'Object Repository/workOrder/hideMenu' is present

2018-09-20 14:31:46 - [MESSAGE][FAILED] - Unable to click on object 'Object Repository/workOrder/hideMenu' (Root cause: org.openqa.selenium.ElementNotVisibleException: element not visible
  (Session info: chrome=69.0.3497.100)
  (Driver info: chromedriver=2.35.528161 (5b82f2d2aae0ca24b877009200ced9065a772e73),platform=Windows NT 10.0.16299 x86_64) (WARNING: The server did not provide any stacktrace information)
Command duration or timeout: 0 milliseconds
Build info: version: '3.7.1', revision: '8a0099a', time: '2017-11-06T21:07:36.161Z'
System info: host: 'DESKTOP-IC62SMV', ip: '192.168.4.18', os.name: 'Windows 10', os.arch: 'amd64', os.version: '10.0', java.version: '1.8.0_102'
Driver info: com.kms.katalon.selenium.driver.CChromeDriver
Capabilities {acceptInsecureCerts: false, acceptSslCerts: false, applicationCacheEnabled: false, browserConnectionEnabled: false, browserName: chrome, chrome: {chromedriverVersion: 2.35.528161 (5b82f2d2aae0ca..., userDataDir: C:\Users\Braseela\AppData\L...}, cssSelectorsEnabled: true, databaseEnabled: false, handlesAlerts: true, hasTouchScreen: false, javascriptEnabled: true, locationContextEnabled: true, mobileEmulationEnabled: false, nativeEvents: true, networkConnectionEnabled: false, pageLoadStrategy: normal, platform: XP, platformName: XP, rotatable: false, setWindowRect: true, takesHeapSnapshot: true, takesScreenshot: true, unexpectedAlertBehaviour: , unhandledPromptBehavior: , version: 69.0.3497.100, webStorageEnabled: true}
Session ID: 39ea908783a6e12eb4615044d30f3520)
[[ATTACHMENT|D:\\Repo\\InApp-QA-Automation\\Mpulse_Automation\\Reports\\Test Suite For Demo\\20180920_141921\\1537434106110.png]]

2018-09-20 14:31:46 - [MESSAGE][PASSED] - Wait for page load successfully

2018-09-20 14:31:49 - [MESSAGE][PASSED] - Delayed 3 second(s)

2018-09-20 14:31:49 - [MESSAGE][PASSED] - Object 'Object Repository/workOrder/expandAndMinimize' is present

2018-09-20 14:31:54 - [MESSAGE][PASSED] - Delayed 5 second(s)

2018-09-20 14:31:55 - [MESSAGE][PASSED] - Object: 'Object Repository/workOrder/expandAndMinimize' is clicked on

2018-09-20 14:31:58 - [MESSAGE][PASSED] - Delayed 3 second(s)

2018-09-20 14:31:58 - [MESSAGE][PASSED] - Wait for page load successfully

2018-09-20 14:31:58 - [MESSAGE][PASSED] - Angular is ready.

2018-09-20 14:31:58 - [MESSAGE][PASSED] - Object 'Object Repository/workOrder/addNew_ListLayout' is clickable

2018-09-20 14:31:58 - [MESSAGE][PASSED] - Object: 'Object Repository/workOrder/addNew_ListLayout' is clicked on

2018-09-20 14:31:58 - [MESSAGE][PASSED] - Wait for page load successfully

2018-09-20 14:32:04 - [MESSAGE][PASSED] - Angular is ready.

2018-09-20 14:32:04 - [MESSAGE][PASSED] - Keys 'WO Sanity Test_1537434048978' sent to object: 'Object Repository/workOrder/wo_Description_List'

2018-09-20 14:32:05 - [MESSAGE][PASSED] - Object 'Object Repository/workOrder/Save_ListLayout' is clickable

2018-09-20 14:32:05 - [MESSAGE][PASSED] - Object: 'Object Repository/workOrder/Save_ListLayout' is clicked on

2018-09-20 14:32:05 - [MESSAGE][PASSED] - Wait for page load successfully

2018-09-20 14:32:05 - [MESSAGE][PASSED] - Object 'Object Repository/workOrder/created_WO_List' is present

2018-09-20 14:32:05 - [MESSAGE][PASSED] - work_Order.WO_Creation_ListLayout.workOrderCreationList is PASSED

2018-09-20 14:32:05 - [TEST_STEP][FAILED] - work_Order.WO_Close_ListLayout.closeWorkOrderListLayout: Unable to click on object 'Object Repository/workOrder/CloseWO' (Root cause: org.openqa.selenium.WebDriverException: unknown error: Element <button type="button" class="btn btn-default btn_popup ng-binding ng-scope" title="Closing the work order moves it from the active work order record set and moves it into history.    This action is similar to 'posting' in an accounting system and should only be done when you are sure all the data is complete and accurate." ng-click="closeWorkOrder(true)" ng-if="SubModuleName=='WorkOrderRecords' &amp;&amp; WKOLayout.listviewlabels.CloseButton">...</button> is not clickable at point (669, 81). Other element would receive the click: <html lang="en" class="ng-scope">...</html>
  (Session info: chrome=69.0.3497.100)
  (Driver info: chromedriver=2.35.528161 (5b82f2d2aae0ca24b877009200ced9065a772e73),platform=Windows NT 10.0.16299 x86_64) (WARNING: The server did not provide any stacktrace information)
Command duration or timeout: 0 milliseconds
Build info: version: '3.7.1', revision: '8a0099a', time: '2017-11-06T21:07:36.161Z'
System info: host: 'DESKTOP-IC62SMV', ip: '192.168.4.18', os.name: 'Windows 10', os.arch: 'amd64', os.version: '10.0', java.version: '1.8.0_102'
Driver info: com.kms.katalon.selenium.driver.CChromeDriver
Capabilities {acceptInsecureCerts: false, acceptSslCerts: false, applicationCacheEnabled: false, browserConnectionEnabled: false, browserName: chrome, chrome: {chromedriverVersion: 2.35.528161 (5b82f2d2aae0ca..., userDataDir: C:\Users\Braseela\AppData\L...}, cssSelectorsEnabled: true, databaseEnabled: false, handlesAlerts: true, hasTouchScreen: false, javascriptEnabled: true, locationContextEnabled: true, mobileEmulationEnabled: false, nativeEvents: true, networkConnectionEnabled: false, pageLoadStrategy: normal, platform: XP, platformName: XP, rotatable: false, setWindowRect: true, takesHeapSnapshot: true, takesScreenshot: true, unexpectedAlertBehaviour: , unhandledPromptBehavior: , version: 69.0.3497.100, webStorageEnabled: true}
Session ID: 39ea908783a6e12eb4615044d30f3520)

2018-09-20 14:32:05 - [MESSAGE][PASSED] - Wait for page load successfully

2018-09-20 14:32:05 - [MESSAGE][PASSED] - Object 'Object Repository/workOrder/CloseWO' is clickable

2018-09-20 14:32:08 - [MESSAGE][PASSED] - Delayed 3 second(s)

2018-09-20 14:32:09 - [MESSAGE][FAILED] - Unable to click on object 'Object Repository/workOrder/CloseWO' (Root cause: org.openqa.selenium.WebDriverException: unknown error: Element <button type="button" class="btn btn-default btn_popup ng-binding ng-scope" title="Closing the work order moves it from the active work order record set and moves it into history.    This action is similar to 'posting' in an accounting system and should only be done when you are sure all the data is complete and accurate." ng-click="closeWorkOrder(true)" ng-if="SubModuleName=='WorkOrderRecords' &amp;&amp; WKOLayout.listviewlabels.CloseButton">...</button> is not clickable at point (669, 81). Other element would receive the click: <html lang="en" class="ng-scope">...</html>
  (Session info: chrome=69.0.3497.100)
  (Driver info: chromedriver=2.35.528161 (5b82f2d2aae0ca24b877009200ced9065a772e73),platform=Windows NT 10.0.16299 x86_64) (WARNING: The server did not provide any stacktrace information)
Command duration or timeout: 0 milliseconds
Build info: version: '3.7.1', revision: '8a0099a', time: '2017-11-06T21:07:36.161Z'
System info: host: 'DESKTOP-IC62SMV', ip: '192.168.4.18', os.name: 'Windows 10', os.arch: 'amd64', os.version: '10.0', java.version: '1.8.0_102'
Driver info: com.kms.katalon.selenium.driver.CChromeDriver
Capabilities {acceptInsecureCerts: false, acceptSslCerts: false, applicationCacheEnabled: false, browserConnectionEnabled: false, browserName: chrome, chrome: {chromedriverVersion: 2.35.528161 (5b82f2d2aae0ca..., userDataDir: C:\Users\Braseela\AppData\L...}, cssSelectorsEnabled: true, databaseEnabled: false, handlesAlerts: true, hasTouchScreen: false, javascriptEnabled: true, locationContextEnabled: true, mobileEmulationEnabled: false, nativeEvents: true, networkConnectionEnabled: false, pageLoadStrategy: normal, platform: XP, platformName: XP, rotatable: false, setWindowRect: true, takesHeapSnapshot: true, takesScreenshot: true, unexpectedAlertBehaviour: , unhandledPromptBehavior: , version: 69.0.3497.100, webStorageEnabled: true}
Session ID: 39ea908783a6e12eb4615044d30f3520)
[[ATTACHMENT|D:\\Repo\\InApp-QA-Automation\\Mpulse_Automation\\Reports\\Test Suite For Demo\\20180920_141921\\1537434128991.png]]

2018-09-20 14:32:09 - [MESSAGE][FAILED] - Unable to click on object 'Object Repository/workOrder/CloseWO' (Root cause: org.openqa.selenium.WebDriverException: unknown error: Element <button type="button" class="btn btn-default btn_popup ng-binding ng-scope" title="Closing the work order moves it from the active work order record set and moves it into history.    This action is similar to 'posting' in an accounting system and should only be done when you are sure all the data is complete and accurate." ng-click="closeWorkOrder(true)" ng-if="SubModuleName=='WorkOrderRecords' &amp;&amp; WKOLayout.listviewlabels.CloseButton">...</button> is not clickable at point (669, 81). Other element would receive the click: <html lang="en" class="ng-scope">...</html>
  (Session info: chrome=69.0.3497.100)
  (Driver info: chromedriver=2.35.528161 (5b82f2d2aae0ca24b877009200ced9065a772e73),platform=Windows NT 10.0.16299 x86_64) (WARNING: The server did not provide any stacktrace information)
Command duration or timeout: 0 milliseconds
Build info: version: '3.7.1', revision: '8a0099a', time: '2017-11-06T21:07:36.161Z'
System info: host: 'DESKTOP-IC62SMV', ip: '192.168.4.18', os.name: 'Windows 10', os.arch: 'amd64', os.version: '10.0', java.version: '1.8.0_102'
Driver info: com.kms.katalon.selenium.driver.CChromeDriver
Capabilities {acceptInsecureCerts: false, acceptSslCerts: false, applicationCacheEnabled: false, browserConnectionEnabled: false, browserName: chrome, chrome: {chromedriverVersion: 2.35.528161 (5b82f2d2aae0ca..., userDataDir: C:\Users\Braseela\AppData\L...}, cssSelectorsEnabled: true, databaseEnabled: false, handlesAlerts: true, hasTouchScreen: false, javascriptEnabled: true, locationContextEnabled: true, mobileEmulationEnabled: false, nativeEvents: true, networkConnectionEnabled: false, pageLoadStrategy: normal, platform: XP, platformName: XP, rotatable: false, setWindowRect: true, takesHeapSnapshot: true, takesScreenshot: true, unexpectedAlertBehaviour: , unhandledPromptBehavior: , version: 69.0.3497.100, webStorageEnabled: true}
Session ID: 39ea908783a6e12eb4615044d30f3520)]]></system-out>
         <system-err><![CDATA[2018-09-20 14:30:48 - [TEST_CASE][FAILED] - Test Cases/SANT-TC-032_WO_Close_ListLayout: Test Cases/SANT-TC-032_WO_Close_ListLayout FAILED because (of) Unable to click on object 'Object Repository/workOrder/CloseWO' (Root cause: org.openqa.selenium.WebDriverException: unknown error: Element <button type="button" class="btn btn-default btn_popup ng-binding ng-scope" title="Closing the work order moves it from the active work order record set and moves it into history.    This action is similar to 'posting' in an accounting system and should only be done when you are sure all the data is complete and accurate." ng-click="closeWorkOrder(true)" ng-if="SubModuleName=='WorkOrderRecords' &amp;&amp; WKOLayout.listviewlabels.CloseButton">...</button> is not clickable at point (669, 81). Other element would receive the click: <html lang="en" class="ng-scope">...</html>
  (Session info: chrome=69.0.3497.100)
  (Driver info: chromedriver=2.35.528161 (5b82f2d2aae0ca24b877009200ced9065a772e73),platform=Windows NT 10.0.16299 x86_64) (WARNING: The server did not provide any stacktrace information)
Command duration or timeout: 0 milliseconds
Build info: version: '3.7.1', revision: '8a0099a', time: '2017-11-06T21:07:36.161Z'
System info: host: 'DESKTOP-IC62SMV', ip: '192.168.4.18', os.name: 'Windows 10', os.arch: 'amd64', os.version: '10.0', java.version: '1.8.0_102'
Driver info: com.kms.katalon.selenium.driver.CChromeDriver
Capabilities {acceptInsecureCerts: false, acceptSslCerts: false, applicationCacheEnabled: false, browserConnectionEnabled: false, browserName: chrome, chrome: {chromedriverVersion: 2.35.528161 (5b82f2d2aae0ca..., userDataDir: C:\Users\Braseela\AppData\L...}, cssSelectorsEnabled: true, databaseEnabled: false, handlesAlerts: true, hasTouchScreen: false, javascriptEnabled: true, locationContextEnabled: true, mobileEmulationEnabled: false, nativeEvents: true, networkConnectionEnabled: false, pageLoadStrategy: normal, platform: XP, platformName: XP, rotatable: false, setWindowRect: true, takesHeapSnapshot: true, takesScreenshot: true, unexpectedAlertBehaviour: , unhandledPromptBehavior: , version: 69.0.3497.100, webStorageEnabled: true}
Session ID: 39ea908783a6e12eb4615044d30f3520)]]></system-err>
      </testcase>
      <testcase name="Test Cases/SANT-TC-035_MR_To_WO_FormLayout" classname="Test Cases/SANT-TC-035_MR_To_WO_FormLayout" status="PASSED">
         <system-out><![CDATA[2018-09-20 14:32:09 - [TEST_CASE][PASSED] - Test Cases/SANT-TC-035_MR_To_WO_FormLayout: Test Cases/SANT-TC-035_MR_To_WO_FormLayout

2018-09-20 14:32:09 - [TEST_STEP][PASSED] - Statement - woDescription = com.kms.katalon.core.testdata.TestDataFactory.findTestData(maintenanceRecords/MR).getValue(1, 1): Test data is internal data, reading internal data

2018-09-20 14:32:09 - [TEST_STEP][PASSED] - Statement - assetName = com.kms.katalon.core.testdata.TestDataFactory.findTestData(maintenanceRecords/MR).getValue(2, 1): Test data is internal data, reading internal data

2018-09-20 14:32:09 - [TEST_STEP][PASSED] - Statement - inventoryName = com.kms.katalon.core.testdata.TestDataFactory.findTestData(maintenanceRecords/MR).getValue(3, 1): Test data is internal data, reading internal data

2018-09-20 14:32:09 - [TEST_STEP][PASSED] - Statement - woDes = woDescription + "_" + java.lang.System.currentTimeMillis(): null

2018-09-20 14:32:09 - [TEST_STEP][PASSED] - maintenance_Records.MR_Creation_FormLayout.MRCreation: maintenance_Records.MR_Creation_FormLayout.MRCreation is PASSED

2018-09-20 14:32:09 - [MESSAGE][WARNING] - A browser is already opened. Closing browser and opening a new one

2018-09-20 14:32:13 - [MESSAGE][PASSED] - Browser is opened with url: ''

2018-09-20 14:32:14 - [MESSAGE][PASSED] - Current window maximized

2018-09-20 14:32:25 - [MESSAGE][PASSED] - Navigate to 'https://mpulse8.com/#/' successfully

2018-09-20 14:32:25 - [MESSAGE][PASSED] - Object 'Object Repository/loginPage/username' is clickable

2018-09-20 14:32:26 - [MESSAGE][PASSED] - Text 'abhi' is set on object 'Object Repository/loginPage/username'

2018-09-20 14:32:26 - [MESSAGE][PASSED] - Text '123456' is set on object 'Object Repository/loginPage/password'

2018-09-20 14:32:26 - [MESSAGE][PASSED] - Keys 'mpulse8_inapp' sent to object: 'Object Repository/loginPage/database_name'

2018-09-20 14:32:26 - [MESSAGE][PASSED] - Object: 'Object Repository/loginPage/Login_btn' is clicked on

2018-09-20 14:32:26 - [MESSAGE][PASSED] - Wait for page load successfully

2018-09-20 14:32:46 - [MESSAGE][PASSED] - Object: 'Object Repository/workOrder/workOrders' is clicked on

2018-09-20 14:32:46 - [MESSAGE][PASSED] - Object: 'Object Repository/workOrder/WORecords' is clicked on

2018-09-20 14:32:49 - [MESSAGE][PASSED] - Delayed 3 second(s)

2018-09-20 14:32:56 - [MESSAGE][FAILED] - Unable to click on object 'Object Repository/workOrder/cancel' (Root cause: org.openqa.selenium.ElementNotVisibleException: element not visible
  (Session info: chrome=69.0.3497.100)
  (Driver info: chromedriver=2.35.528161 (5b82f2d2aae0ca24b877009200ced9065a772e73),platform=Windows NT 10.0.16299 x86_64) (WARNING: The server did not provide any stacktrace information)
Command duration or timeout: 0 milliseconds
Build info: version: '3.7.1', revision: '8a0099a', time: '2017-11-06T21:07:36.161Z'
System info: host: 'DESKTOP-IC62SMV', ip: '192.168.4.18', os.name: 'Windows 10', os.arch: 'amd64', os.version: '10.0', java.version: '1.8.0_102'
Driver info: com.kms.katalon.selenium.driver.CChromeDriver
Capabilities {acceptInsecureCerts: false, acceptSslCerts: false, applicationCacheEnabled: false, browserConnectionEnabled: false, browserName: chrome, chrome: {chromedriverVersion: 2.35.528161 (5b82f2d2aae0ca..., userDataDir: C:\Users\Braseela\AppData\L...}, cssSelectorsEnabled: true, databaseEnabled: false, handlesAlerts: true, hasTouchScreen: false, javascriptEnabled: true, locationContextEnabled: true, mobileEmulationEnabled: false, nativeEvents: true, networkConnectionEnabled: false, pageLoadStrategy: normal, platform: XP, platformName: XP, rotatable: false, setWindowRect: true, takesHeapSnapshot: true, takesScreenshot: true, unexpectedAlertBehaviour: , unhandledPromptBehavior: , version: 69.0.3497.100, webStorageEnabled: true}
Session ID: a2270a47963b24169ecf314843285855)
[[ATTACHMENT|D:\\Repo\\InApp-QA-Automation\\Mpulse_Automation\\Reports\\Test Suite For Demo\\20180920_141921\\1537434176144.png]]

2018-09-20 14:32:56 - [MESSAGE][PASSED] - Wait for page load successfully

2018-09-20 14:32:59 - [MESSAGE][PASSED] - Delayed 3 second(s)

2018-09-20 14:33:02 - [MESSAGE][WARNING] - Web element with id: 'Object Repository/workOrder/expandAndMinimize' located by 'By.xpath: //a[@title='Show']' not found

2018-09-20 14:33:33 - [MESSAGE][FAILED] - Unable to click on object 'Object Repository/workOrder/expandAndMinimize' (Root cause: com.kms.katalon.core.webui.exception.WebElementNotFoundException: Web element with id: 'Object Repository/workOrder/expandAndMinimize' located by 'By.xpath: //a[@title='Show']' not found)
[[ATTACHMENT|D:\\Repo\\InApp-QA-Automation\\Mpulse_Automation\\Reports\\Test Suite For Demo\\20180920_141921\\1537434213646.png]]

2018-09-20 14:33:33 - [MESSAGE][PASSED] - Wait for page load successfully

2018-09-20 14:33:36 - [MESSAGE][PASSED] - Delayed 3 second(s)

2018-09-20 14:33:37 - [MESSAGE][PASSED] - Object 'Object Repository/workOrder/hideListLayout' is clickable

2018-09-20 14:33:37 - [MESSAGE][PASSED] - Object: 'Object Repository/workOrder/hideListLayout' is clicked on

2018-09-20 14:33:40 - [MESSAGE][PASSED] - Delayed 3 second(s)

2018-09-20 14:33:40 - [MESSAGE][PASSED] - Wait for page load successfully

2018-09-20 14:33:40 - [MESSAGE][PASSED] - Angular is ready.

2018-09-20 14:33:40 - [MESSAGE][PASSED] - Object 'Object Repository/workOrder/addAndEdit' is clickable

2018-09-20 14:33:40 - [MESSAGE][PASSED] - Object: 'Object Repository/workOrder/addAndEdit' is clicked on

2018-09-20 14:33:40 - [MESSAGE][PASSED] - Wait for page load successfully

2018-09-20 14:33:41 - [MESSAGE][PASSED] - Angular is ready.

2018-09-20 14:33:41 - [MESSAGE][PASSED] - Object 'Object Repository/workOrder/workOrderTabs' is clickable

2018-09-20 14:33:41 - [MESSAGE][PASSED] - Object: 'Object Repository/workOrder/workOrderTabs' is clicked on

2018-09-20 14:33:41 - [MESSAGE][PASSED] - Wait for page load successfully

2018-09-20 14:33:42 - [MESSAGE][PASSED] - Keys 'MR Sanity Test__1537434129557' sent to object: 'Object Repository/workOrder/description'

2018-09-20 14:33:45 - [MESSAGE][PASSED] - Delayed 3 second(s)

2018-09-20 14:33:46 - [MESSAGE][PASSED] - Object: 'Object Repository/workOrder/woTypeAndGroup' is clicked on

2018-09-20 14:33:49 - [MESSAGE][PASSED] - Delayed 3 second(s)

2018-09-20 14:33:49 - [MESSAGE][PASSED] - Object: 'Object Repository/workOrder/groupAndType' is clicked on

2018-09-20 14:33:52 - [MESSAGE][PASSED] - Delayed 3 second(s)

2018-09-20 14:33:52 - [MESSAGE][PASSED] - Object: 'Object Repository/workOrder/woTypeAndGroup' is clicked on

2018-09-20 14:33:55 - [MESSAGE][PASSED] - Delayed 3 second(s)

2018-09-20 14:33:55 - [MESSAGE][PASSED] - Object: 'Object Repository/workOrder/groupAndType' is clicked on

2018-09-20 14:34:10 - [MESSAGE][PASSED] - Delayed 15 second(s)

2018-09-20 14:34:11 - [MESSAGE][PASSED] - Object: 'Object Repository/maintenanceRecords/specific_asset_drop' is clicked on

2018-09-20 14:34:12 - [MESSAGE][PASSED] - Text 'EQU-194-2018 (Test Sanity Asset)' is set on object 'Object Repository/maintenanceRecords/specific_asset_drop'

2018-09-20 14:34:15 - [MESSAGE][PASSED] - Delayed 3 second(s)

2018-09-20 14:34:15 - [MESSAGE][PASSED] - Object: 'Object Repository/workOrder/groupAndType' is clicked on

2018-09-20 14:34:20 - [MESSAGE][PASSED] - Delayed 5 second(s)

2018-09-20 14:34:23 - [MESSAGE][PASSED] - Delayed 3 second(s)

2018-09-20 14:34:23 - [MESSAGE][PASSED] - Object: 'Object Repository/workOrder/woTypeAndGroup' is clicked on

2018-09-20 14:34:26 - [MESSAGE][PASSED] - Delayed 3 second(s)

2018-09-20 14:34:27 - [MESSAGE][PASSED] - Object: 'Object Repository/workOrder/groupAndType' is clicked on

2018-09-20 14:34:30 - [MESSAGE][PASSED] - Delayed 3 second(s)

2018-09-20 14:34:33 - [MESSAGE][PASSED] - Delayed 3 second(s)

2018-09-20 14:34:33 - [MESSAGE][PASSED] - Object: 'Object Repository/workOrder/woTypeAndGroup' is clicked on

2018-09-20 14:34:36 - [MESSAGE][PASSED] - Delayed 3 second(s)

2018-09-20 14:34:36 - [MESSAGE][PASSED] - Object: 'Object Repository/workOrder/groupAndType' is clicked on

2018-09-20 14:34:39 - [MESSAGE][PASSED] - Delayed 3 second(s)

2018-09-20 14:34:42 - [MESSAGE][PASSED] - Delayed 3 second(s)

2018-09-20 14:34:43 - [MESSAGE][PASSED] - Object: 'Object Repository/workOrder/woTypeAndGroup' is clicked on

2018-09-20 14:34:46 - [MESSAGE][PASSED] - Delayed 3 second(s)

2018-09-20 14:34:46 - [MESSAGE][PASSED] - Object: 'Object Repository/workOrder/groupAndType' is clicked on

2018-09-20 14:34:46 - [MESSAGE][PASSED] - Object 'Object Repository/workOrder/workOrderTabs' is clickable

2018-09-20 14:34:47 - [MESSAGE][PASSED] - Object: 'Object Repository/workOrder/workOrderTabs' is clicked on

2018-09-20 14:34:48 - [MESSAGE][PASSED] - Object 'Object Repository/maintenanceRecords/link_Inventory' is clickable

2018-09-20 14:34:49 - [MESSAGE][PASSED] - Object: 'Object Repository/maintenanceRecords/link_Inventory' is clicked on

2018-09-20 14:34:49 - [MESSAGE][PASSED] - Wait for page load successfully

2018-09-20 14:34:55 - [MESSAGE][PASSED] - Delayed 6 second(s)

2018-09-20 14:34:55 - [MESSAGE][PASSED] - Keys 'PRT-144' sent to object: 'Object Repository/workOrder/infoLink_Search'

2018-09-20 14:35:01 - [MESSAGE][PASSED] - Delayed 6 second(s)

2018-09-20 14:35:01 - [MESSAGE][PASSED] - Object: 'Object Repository/workOrder/taskAndAssetID' is clicked on

2018-09-20 14:35:02 - [MESSAGE][PASSED] - Object: 'Object Repository/maintenanceRecords/Link_Inv' is clicked on

2018-09-20 14:35:02 - [MESSAGE][PASSED] - Object 'Object Repository/workOrder/save' is clickable

2018-09-20 14:35:03 - [MESSAGE][PASSED] - Angular is ready.

2018-09-20 14:35:03 - [MESSAGE][PASSED] - Object: 'Object Repository/workOrder/save' is clicked on

2018-09-20 14:35:07 - [MESSAGE][PASSED] - Angular is ready.

2018-09-20 14:35:07 - [MESSAGE][PASSED] - Object: 'Object Repository/workOrder/calendar_OK' is clicked on

2018-09-20 14:35:12 - [MESSAGE][PASSED] - Delayed 5 second(s)

2018-09-20 14:35:13 - [MESSAGE][PASSED] - Object: 'Object Repository/workOrder/workOrderTabs' is clicked on

2018-09-20 14:35:13 - [MESSAGE][PASSED] - Text of object 'Object Repository/workOrder/WO_ID' is: 'WRQ-01022'

2018-09-20 14:35:13 - [MESSAGE][PASSED] - Object 'Object Repository/workOrder/WO_description' is present

2018-09-20 14:35:13 - [MESSAGE][PASSED] - maintenance_Records.MR_Creation_FormLayout.MRCreation is PASSED

2018-09-20 14:35:13 - [TEST_STEP][PASSED] - maintenance_Records.MR_ConverttoWO.MRtoWO: maintenance_Records.MR_ConverttoWO.MRtoWO is PASSED

2018-09-20 14:35:13 - [MESSAGE][PASSED] - Object 'Object Repository/maintenanceRecords/converttoWO' is clickable

2018-09-20 14:35:13 - [MESSAGE][PASSED] - Wait for page load successfully

2018-09-20 14:35:13 - [MESSAGE][PASSED] - Object: 'Object Repository/maintenanceRecords/converttoWO' is clicked on

2018-09-20 14:35:13 - [MESSAGE][PASSED] - Object 'Object Repository/maintenanceRecords/confirmYes' is present

2018-09-20 14:35:18 - [MESSAGE][PASSED] - Delayed 5 second(s)

2018-09-20 14:35:18 - [MESSAGE][PASSED] - Object: 'Object Repository/maintenanceRecords/confirmYes' is clicked on

2018-09-20 14:35:26 - [MESSAGE][PASSED] - Delayed 8 second(s)

2018-09-20 14:35:27 - [MESSAGE][PASSED] - Object: 'Object Repository/maintenanceRecords/confirmYes' is clicked on

2018-09-20 14:35:27 - [MESSAGE][PASSED] - Wait for page load successfully

2018-09-20 14:35:36 - [MESSAGE][PASSED] - Angular is ready.

2018-09-20 14:35:36 - [MESSAGE][PASSED] - Object 'Object Repository/workOrder/WO_description' is present

2018-09-20 14:35:36 - [MESSAGE][PASSED] - maintenance_Records.MR_ConverttoWO.MRtoWO is PASSED

2018-09-20 14:35:36 - [TEST_STEP][PASSED] - commonUtils.Common.logoutAndCloseBrowser: commonUtils.Common.logoutAndCloseBrowser is PASSED

2018-09-20 14:35:41 - [MESSAGE][PASSED] - Delayed 5 second(s)

2018-09-20 14:35:41 - [MESSAGE][PASSED] - Object: 'Object Repository/homePage/settings' is clicked on

2018-09-20 14:35:41 - [MESSAGE][PASSED] - Object: 'Object Repository/workOrder/WORecords' is clicked on

2018-09-20 14:35:41 - [MESSAGE][PASSED] - Object 'Object Repository/loginPage/username' is present

2018-09-20 14:35:42 - [MESSAGE][PASSED] - Browser is closed

2018-09-20 14:35:42 - [MESSAGE][PASSED] - commonUtils.Common.logoutAndCloseBrowser is PASSED]]></system-out>
         <system-err><![CDATA[]]></system-err>
      </testcase>
      <testcase name="Test Cases/SANT-TC-035_MR_To_WO_ListLayout" classname="Test Cases/SANT-TC-035_MR_To_WO_ListLayout" status="PASSED">
         <system-out><![CDATA[2018-09-20 14:35:42 - [TEST_CASE][PASSED] - Test Cases/SANT-TC-035_MR_To_WO_ListLayout: Test Cases/SANT-TC-035_MR_To_WO_ListLayout

2018-09-20 14:35:42 - [TEST_STEP][PASSED] - Statement - woDescription = com.kms.katalon.core.testdata.TestDataFactory.findTestData(maintenanceRecords/MR).getValue(1, 1): Test data is internal data, reading internal data

2018-09-20 14:35:43 - [TEST_STEP][PASSED] - Statement - assetName = com.kms.katalon.core.testdata.TestDataFactory.findTestData(maintenanceRecords/MR).getValue(2, 1): Test data is internal data, reading internal data

2018-09-20 14:35:43 - [TEST_STEP][PASSED] - Statement - inventoryName = com.kms.katalon.core.testdata.TestDataFactory.findTestData(maintenanceRecords/MR).getValue(3, 1): Test data is internal data, reading internal data

2018-09-20 14:35:43 - [TEST_STEP][PASSED] - Statement - woDes = woDescription + java.lang.System.currentTimeMillis(): null

2018-09-20 14:35:43 - [TEST_STEP][PASSED] - maintenance_Records.MR_Creation_ListLayout.MR_Creation_List: maintenance_Records.MR_Creation_ListLayout.MR_Creation_List is PASSED

2018-09-20 14:35:45 - [MESSAGE][PASSED] - Browser is opened with url: ''

2018-09-20 14:35:46 - [MESSAGE][PASSED] - Current window maximized

2018-09-20 14:35:54 - [MESSAGE][PASSED] - Navigate to 'https://mpulse8.com/#/' successfully

2018-09-20 14:35:54 - [MESSAGE][PASSED] - Object 'Object Repository/loginPage/username' is clickable

2018-09-20 14:35:54 - [MESSAGE][PASSED] - Text 'abhi' is set on object 'Object Repository/loginPage/username'

2018-09-20 14:35:54 - [MESSAGE][PASSED] - Text '123456' is set on object 'Object Repository/loginPage/password'

2018-09-20 14:35:55 - [MESSAGE][PASSED] - Keys 'mpulse8_inapp' sent to object: 'Object Repository/loginPage/database_name'

2018-09-20 14:35:55 - [MESSAGE][PASSED] - Object: 'Object Repository/loginPage/Login_btn' is clicked on

2018-09-20 14:35:55 - [MESSAGE][PASSED] - Wait for page load successfully

2018-09-20 14:36:15 - [MESSAGE][PASSED] - Object: 'Object Repository/workOrder/workOrders' is clicked on

2018-09-20 14:36:15 - [MESSAGE][PASSED] - Object: 'Object Repository/workOrder/WORecords' is clicked on

2018-09-20 14:36:18 - [MESSAGE][PASSED] - Delayed 3 second(s)

2018-09-20 14:36:22 - [MESSAGE][FAILED] - Unable to click on object 'Object Repository/workOrder/cancel' (Root cause: org.openqa.selenium.ElementNotVisibleException: element not visible
  (Session info: chrome=69.0.3497.100)
  (Driver info: chromedriver=2.35.528161 (5b82f2d2aae0ca24b877009200ced9065a772e73),platform=Windows NT 10.0.16299 x86_64) (WARNING: The server did not provide any stacktrace information)
Command duration or timeout: 0 milliseconds
Build info: version: '3.7.1', revision: '8a0099a', time: '2017-11-06T21:07:36.161Z'
System info: host: 'DESKTOP-IC62SMV', ip: '192.168.4.18', os.name: 'Windows 10', os.arch: 'amd64', os.version: '10.0', java.version: '1.8.0_102'
Driver info: com.kms.katalon.selenium.driver.CChromeDriver
Capabilities {acceptInsecureCerts: false, acceptSslCerts: false, applicationCacheEnabled: false, browserConnectionEnabled: false, browserName: chrome, chrome: {chromedriverVersion: 2.35.528161 (5b82f2d2aae0ca..., userDataDir: C:\Users\Braseela\AppData\L...}, cssSelectorsEnabled: true, databaseEnabled: false, handlesAlerts: true, hasTouchScreen: false, javascriptEnabled: true, locationContextEnabled: true, mobileEmulationEnabled: false, nativeEvents: true, networkConnectionEnabled: false, pageLoadStrategy: normal, platform: XP, platformName: XP, rotatable: false, setWindowRect: true, takesHeapSnapshot: true, takesScreenshot: true, unexpectedAlertBehaviour: , unhandledPromptBehavior: , version: 69.0.3497.100, webStorageEnabled: true}
Session ID: f767077395eab7efc8899e568d2c2951)
[[ATTACHMENT|D:\\Repo\\InApp-QA-Automation\\Mpulse_Automation\\Reports\\Test Suite For Demo\\20180920_141921\\1537434382303.png]]

2018-09-20 14:36:22 - [MESSAGE][PASSED] - Wait for page load successfully

2018-09-20 14:36:25 - [MESSAGE][PASSED] - Delayed 3 second(s)

2018-09-20 14:36:25 - [MESSAGE][PASSED] - Object 'Object Repository/workOrder/hideMenu' is present

2018-09-20 14:36:26 - [MESSAGE][FAILED] - Unable to click on object 'Object Repository/workOrder/hideMenu' (Root cause: org.openqa.selenium.ElementNotVisibleException: element not visible
  (Session info: chrome=69.0.3497.100)
  (Driver info: chromedriver=2.35.528161 (5b82f2d2aae0ca24b877009200ced9065a772e73),platform=Windows NT 10.0.16299 x86_64) (WARNING: The server did not provide any stacktrace information)
Command duration or timeout: 0 milliseconds
Build info: version: '3.7.1', revision: '8a0099a', time: '2017-11-06T21:07:36.161Z'
System info: host: 'DESKTOP-IC62SMV', ip: '192.168.4.18', os.name: 'Windows 10', os.arch: 'amd64', os.version: '10.0', java.version: '1.8.0_102'
Driver info: com.kms.katalon.selenium.driver.CChromeDriver
Capabilities {acceptInsecureCerts: false, acceptSslCerts: false, applicationCacheEnabled: false, browserConnectionEnabled: false, browserName: chrome, chrome: {chromedriverVersion: 2.35.528161 (5b82f2d2aae0ca..., userDataDir: C:\Users\Braseela\AppData\L...}, cssSelectorsEnabled: true, databaseEnabled: false, handlesAlerts: true, hasTouchScreen: false, javascriptEnabled: true, locationContextEnabled: true, mobileEmulationEnabled: false, nativeEvents: true, networkConnectionEnabled: false, pageLoadStrategy: normal, platform: XP, platformName: XP, rotatable: false, setWindowRect: true, takesHeapSnapshot: true, takesScreenshot: true, unexpectedAlertBehaviour: , unhandledPromptBehavior: , version: 69.0.3497.100, webStorageEnabled: true}
Session ID: f767077395eab7efc8899e568d2c2951)
[[ATTACHMENT|D:\\Repo\\InApp-QA-Automation\\Mpulse_Automation\\Reports\\Test Suite For Demo\\20180920_141921\\1537434385730.png]]

2018-09-20 14:36:26 - [MESSAGE][PASSED] - Wait for page load successfully

2018-09-20 14:36:29 - [MESSAGE][PASSED] - Delayed 3 second(s)

2018-09-20 14:36:29 - [MESSAGE][PASSED] - Object 'Object Repository/workOrder/expandAndMinimize' is present

2018-09-20 14:36:34 - [MESSAGE][PASSED] - Delayed 5 second(s)

2018-09-20 14:36:34 - [MESSAGE][PASSED] - Object: 'Object Repository/workOrder/expandAndMinimize' is clicked on

2018-09-20 14:36:37 - [MESSAGE][PASSED] - Delayed 3 second(s)

2018-09-20 14:36:37 - [MESSAGE][PASSED] - Wait for page load successfully

2018-09-20 14:36:37 - [MESSAGE][PASSED] - Angular is ready.

2018-09-20 14:36:37 - [MESSAGE][PASSED] - Object 'Object Repository/workOrder/addNew_ListLayout' is clickable

2018-09-20 14:36:38 - [MESSAGE][PASSED] - Object: 'Object Repository/workOrder/addNew_ListLayout' is clicked on

2018-09-20 14:36:38 - [MESSAGE][PASSED] - Wait for page load successfully

2018-09-20 14:36:42 - [MESSAGE][PASSED] - Angular is ready.

2018-09-20 14:36:43 - [MESSAGE][PASSED] - Keys 'MR Sanity Test_1537434343002' sent to object: 'Object Repository/workOrder/wo_Description_List'

2018-09-20 14:36:43 - [MESSAGE][PASSED] - Object 'Object Repository/workOrder/Save_ListLayout' is clickable

2018-09-20 14:36:44 - [MESSAGE][PASSED] - Object: 'Object Repository/workOrder/Save_ListLayout' is clicked on

2018-09-20 14:36:44 - [MESSAGE][PASSED] - Wait for page load successfully

2018-09-20 14:36:48 - [MESSAGE][PASSED] - Angular is ready.

2018-09-20 14:36:48 - [MESSAGE][PASSED] - Object 'Object Repository/workOrder/calendar_OK' is clickable

2018-09-20 14:36:48 - [MESSAGE][PASSED] - Object: 'Object Repository/workOrder/calendar_OK' is clicked on

2018-09-20 14:36:48 - [MESSAGE][PASSED] - Angular is ready.

2018-09-20 14:36:48 - [MESSAGE][PASSED] - Object 'Object Repository/workOrder/created_WO_List' is present

2018-09-20 14:36:48 - [MESSAGE][PASSED] - maintenance_Records.MR_Creation_ListLayout.MR_Creation_List is PASSED

2018-09-20 14:36:48 - [TEST_STEP][PASSED] - maintenance_Records.MR_ConverttoWO_ListLayout.convertWKOFromListLayout: maintenance_Records.MR_ConverttoWO_ListLayout.convertWKOFromListLayout is PASSED

2018-09-20 14:36:48 - [MESSAGE][PASSED] - Wait for page load successfully

2018-09-20 14:36:53 - [MESSAGE][PASSED] - Delayed 5 second(s)

2018-09-20 14:36:53 - [MESSAGE][PASSED] - Object: 'Object Repository/maintenanceRecords/covertToWKO' is clicked on

2018-09-20 14:36:56 - [MESSAGE][PASSED] - Delayed 3 second(s)

2018-09-20 14:36:57 - [MESSAGE][PASSED] - Object: 'Object Repository/maintenanceRecords/ConfirmYes' is clicked on

2018-09-20 14:37:02 - [MESSAGE][PASSED] - Delayed 5 second(s)

2018-09-20 14:37:02 - [MESSAGE][PASSED] - Object: 'Object Repository/maintenanceRecords/ConfirmYes' is clicked on

2018-09-20 14:37:02 - [MESSAGE][PASSED] - Wait for page load successfully

2018-09-20 14:37:02 - [MESSAGE][PASSED] - Object 'Object Repository/workOrder/created_WO_List' is present

2018-09-20 14:37:02 - [MESSAGE][PASSED] - maintenance_Records.MR_ConverttoWO_ListLayout.convertWKOFromListLayout is PASSED

2018-09-20 14:37:02 - [TEST_STEP][PASSED] - commonUtils.Common.logoutAndCloseBrowser: commonUtils.Common.logoutAndCloseBrowser is PASSED

2018-09-20 14:37:07 - [MESSAGE][PASSED] - Delayed 5 second(s)

2018-09-20 14:37:07 - [MESSAGE][PASSED] - Object: 'Object Repository/homePage/settings' is clicked on

2018-09-20 14:37:07 - [MESSAGE][PASSED] - Object: 'Object Repository/workOrder/WORecords' is clicked on

2018-09-20 14:37:07 - [MESSAGE][PASSED] - Object 'Object Repository/loginPage/username' is present

2018-09-20 14:37:08 - [MESSAGE][PASSED] - Browser is closed

2018-09-20 14:37:08 - [MESSAGE][PASSED] - commonUtils.Common.logoutAndCloseBrowser is PASSED]]></system-out>
         <system-err><![CDATA[]]></system-err>
      </testcase>
      <testcase name="Test Cases/SANT-TC-041_SMR_Floating Schedule" classname="Test Cases/SANT-TC-041_SMR_Floating Schedule" status="PASSED">
         <system-out><![CDATA[2018-09-20 14:37:08 - [TEST_CASE][PASSED] - Test Cases/SANT-TC-041_SMR_Floating Schedule: Test Cases/SANT-TC-041_SMR_Floating Schedule

2018-09-20 14:37:09 - [TEST_STEP][PASSED] - Statement - SMRDescription = com.kms.katalon.core.testdata.TestDataFactory.findTestData(SMR/SMR).getValue(1, 1): Test data is internal data, reading internal data

2018-09-20 14:37:09 - [TEST_STEP][PASSED] - Statement - taskName = com.kms.katalon.core.testdata.TestDataFactory.findTestData(SMR/SMR).getValue(2, 1): Test data is internal data, reading internal data

2018-09-20 14:37:09 - [TEST_STEP][PASSED] - Statement - assetName = com.kms.katalon.core.testdata.TestDataFactory.findTestData(SMR/SMR).getValue(3, 1): Test data is internal data, reading internal data

2018-09-20 14:37:09 - [TEST_STEP][PASSED] - Statement - inventoryName = com.kms.katalon.core.testdata.TestDataFactory.findTestData(SMR/SMR).getValue(4, 1): Test data is internal data, reading internal data

2018-09-20 14:37:09 - [TEST_STEP][PASSED] - Statement - SMRDes = SMRDescription + "_" + java.lang.System.currentTimeMillis(): null

2018-09-20 14:37:09 - [TEST_STEP][PASSED] - scheduled_Maintenance_Records.SMR_Creation.SMRCreationFloating: scheduled_Maintenance_Records.SMR_Creation.SMRCreationFloating is PASSED

2018-09-20 14:37:14 - [MESSAGE][PASSED] - Browser is opened with url: ''

2018-09-20 14:37:15 - [MESSAGE][PASSED] - Current window maximized

2018-09-20 14:37:23 - [MESSAGE][PASSED] - Navigate to 'https://mpulse8.com/#/' successfully

2018-09-20 14:37:24 - [MESSAGE][PASSED] - Object 'Object Repository/loginPage/username' is clickable

2018-09-20 14:37:24 - [MESSAGE][PASSED] - Text 'abhi' is set on object 'Object Repository/loginPage/username'

2018-09-20 14:37:24 - [MESSAGE][PASSED] - Text '123456' is set on object 'Object Repository/loginPage/password'

2018-09-20 14:37:24 - [MESSAGE][PASSED] - Keys 'mpulse8_inapp' sent to object: 'Object Repository/loginPage/database_name'

2018-09-20 14:37:24 - [MESSAGE][PASSED] - Object: 'Object Repository/loginPage/Login_btn' is clicked on

2018-09-20 14:37:25 - [MESSAGE][PASSED] - Wait for page load successfully

2018-09-20 14:37:30 - [MESSAGE][PASSED] - Delayed 5 second(s)

2018-09-20 14:37:43 - [MESSAGE][PASSED] - Object: 'Object Repository/SMR/Scheduled Maintenance' is clicked on

2018-09-20 14:37:43 - [MESSAGE][PASSED] - Object: 'Object Repository/workOrder/WORecords' is clicked on

2018-09-20 14:37:46 - [MESSAGE][PASSED] - Delayed 3 second(s)

2018-09-20 14:37:48 - [MESSAGE][FAILED] - Unable to click on object 'Object Repository/workOrder/cancel' (Root cause: org.openqa.selenium.ElementNotVisibleException: element not visible
  (Session info: chrome=69.0.3497.100)
  (Driver info: chromedriver=2.35.528161 (5b82f2d2aae0ca24b877009200ced9065a772e73),platform=Windows NT 10.0.16299 x86_64) (WARNING: The server did not provide any stacktrace information)
Command duration or timeout: 0 milliseconds
Build info: version: '3.7.1', revision: '8a0099a', time: '2017-11-06T21:07:36.161Z'
System info: host: 'DESKTOP-IC62SMV', ip: '192.168.4.18', os.name: 'Windows 10', os.arch: 'amd64', os.version: '10.0', java.version: '1.8.0_102'
Driver info: com.kms.katalon.selenium.driver.CChromeDriver
Capabilities {acceptInsecureCerts: false, acceptSslCerts: false, applicationCacheEnabled: false, browserConnectionEnabled: false, browserName: chrome, chrome: {chromedriverVersion: 2.35.528161 (5b82f2d2aae0ca..., userDataDir: C:\Users\Braseela\AppData\L...}, cssSelectorsEnabled: true, databaseEnabled: false, handlesAlerts: true, hasTouchScreen: false, javascriptEnabled: true, locationContextEnabled: true, mobileEmulationEnabled: false, nativeEvents: true, networkConnectionEnabled: false, pageLoadStrategy: normal, platform: XP, platformName: XP, rotatable: false, setWindowRect: true, takesHeapSnapshot: true, takesScreenshot: true, unexpectedAlertBehaviour: , unhandledPromptBehavior: , version: 69.0.3497.100, webStorageEnabled: true}
Session ID: 6293249010c36e3f15947d72a4f4f4b7)
[[ATTACHMENT|D:\\Repo\\InApp-QA-Automation\\Mpulse_Automation\\Reports\\Test Suite For Demo\\20180920_141921\\1537434468696.png]]

2018-09-20 14:37:49 - [MESSAGE][PASSED] - Wait for page load successfully

2018-09-20 14:37:52 - [MESSAGE][PASSED] - Delayed 3 second(s)

2018-09-20 14:37:52 - [MESSAGE][PASSED] - Object 'Object Repository/workOrder/expandAndMinimize' is clickable

2018-09-20 14:37:53 - [MESSAGE][PASSED] - Object: 'Object Repository/workOrder/expandAndMinimize' is clicked on

2018-09-20 14:37:56 - [MESSAGE][PASSED] - Delayed 3 second(s)

2018-09-20 14:37:56 - [MESSAGE][PASSED] - Object: 'Object Repository/workOrder/hideListLayout' is clicked on

2018-09-20 14:37:59 - [MESSAGE][PASSED] - Delayed 3 second(s)

2018-09-20 14:37:59 - [MESSAGE][PASSED] - Wait for page load successfully

2018-09-20 14:37:59 - [MESSAGE][PASSED] - Angular is ready.

2018-09-20 14:37:59 - [MESSAGE][PASSED] - Object 'Object Repository/workOrder/addAndEdit' is clickable

2018-09-20 14:37:59 - [MESSAGE][PASSED] - Object: 'Object Repository/workOrder/addAndEdit' is clicked on

2018-09-20 14:37:59 - [MESSAGE][PASSED] - Wait for page load successfully

2018-09-20 14:38:00 - [MESSAGE][PASSED] - Angular is ready.

2018-09-20 14:38:01 - [MESSAGE][PASSED] - Object: 'Object Repository/workOrder/workOrderTabs' is clicked on

2018-09-20 14:38:03 - [MESSAGE][PASSED] - Keys 'SMR Sanity Test__1537434429154' sent to object: 'Object Repository/SMR/description'

2018-09-20 14:38:03 - [MESSAGE][PASSED] - Wait for page load successfully

2018-09-20 14:38:03 - [MESSAGE][PASSED] - Object 'Object Repository/workOrder/link_Asset_Task_Inventory' is clickable

2018-09-20 14:38:04 - [MESSAGE][PASSED] - Object: 'Object Repository/workOrder/link_Asset_Task_Inventory' is clicked on

2018-09-20 14:38:10 - [MESSAGE][PASSED] - Delayed 6 second(s)

2018-09-20 14:38:10 - [MESSAGE][PASSED] - Keys 'PMI-023-ahk' sent to object: 'Object Repository/workOrder/infoLink_Search'

2018-09-20 14:38:16 - [MESSAGE][PASSED] - Delayed 6 second(s)

2018-09-20 14:38:17 - [MESSAGE][PASSED] - Object: 'Object Repository/workOrder/taskAndAssetID' is clicked on

2018-09-20 14:38:17 - [MESSAGE][PASSED] - Object: 'Object Repository/workOrder/replace' is clicked on

2018-09-20 14:38:17 - [MESSAGE][PASSED] - Wait for page load successfully

2018-09-20 14:38:19 - [MESSAGE][PASSED] - Angular is ready.

2018-09-20 14:38:20 - [MESSAGE][PASSED] - Object: 'Object Repository/workOrder/link_Asset_Task_Inventory' is clicked on

2018-09-20 14:38:26 - [MESSAGE][PASSED] - Delayed 6 second(s)

2018-09-20 14:38:27 - [MESSAGE][PASSED] - Keys 'EQU-194-2018' sent to object: 'Object Repository/workOrder/infoLink_Search'

2018-09-20 14:38:33 - [MESSAGE][PASSED] - Delayed 6 second(s)

2018-09-20 14:38:33 - [MESSAGE][PASSED] - Object: 'Object Repository/workOrder/taskAndAssetID' is clicked on

2018-09-20 14:38:33 - [MESSAGE][PASSED] - Object: 'Object Repository/workOrder/replace' is clicked on

2018-09-20 14:38:33 - [MESSAGE][PASSED] - Wait for page load successfully

2018-09-20 14:38:35 - [MESSAGE][PASSED] - Angular is ready.

2018-09-20 14:38:35 - [MESSAGE][PASSED] - Object: 'Object Repository/workOrder/link_Asset_Task_Inventory' is clicked on

2018-09-20 14:38:41 - [MESSAGE][PASSED] - Delayed 6 second(s)

2018-09-20 14:38:42 - [MESSAGE][PASSED] - Keys 'PRT-144' sent to object: 'Object Repository/workOrder/infoLink_Search'

2018-09-20 14:38:48 - [MESSAGE][PASSED] - Delayed 6 second(s)

2018-09-20 14:38:48 - [MESSAGE][PASSED] - Object: 'Object Repository/workOrder/inventoryID' is clicked on

2018-09-20 14:38:48 - [MESSAGE][PASSED] - Object: 'Object Repository/workOrder/replace' is clicked on

2018-09-20 14:38:48 - [MESSAGE][PASSED] - Wait for page load successfully

2018-09-20 14:38:51 - [MESSAGE][PASSED] - Angular is ready.

2018-09-20 14:38:54 - [MESSAGE][PASSED] - Delayed 3 second(s)

2018-09-20 14:38:54 - [MESSAGE][PASSED] - Object: 'Object Repository/workOrder/workOrderTabs' is clicked on

2018-09-20 14:38:57 - [MESSAGE][PASSED] - Delayed 3 second(s)

2018-09-20 14:38:58 - [MESSAGE][PASSED] - Object: 'Object Repository/workOrder/woTypeAndGroup' is clicked on

2018-09-20 14:39:01 - [MESSAGE][PASSED] - Delayed 3 second(s)

2018-09-20 14:39:01 - [MESSAGE][PASSED] - Object: 'Object Repository/workOrder/groupAndType' is clicked on

2018-09-20 14:39:04 - [MESSAGE][PASSED] - Delayed 3 second(s)

2018-09-20 14:39:05 - [MESSAGE][PASSED] - Object: 'Object Repository/workOrder/woTypeAndGroup' is clicked on

2018-09-20 14:39:08 - [MESSAGE][PASSED] - Delayed 3 second(s)

2018-09-20 14:39:08 - [MESSAGE][PASSED] - Object: 'Object Repository/workOrder/groupAndType' is clicked on

2018-09-20 14:39:11 - [MESSAGE][PASSED] - Delayed 3 second(s)

2018-09-20 14:39:11 - [MESSAGE][PASSED] - Object: 'Object Repository/workOrder/woTypeAndGroup' is clicked on

2018-09-20 14:39:14 - [MESSAGE][PASSED] - Delayed 3 second(s)

2018-09-20 14:39:14 - [MESSAGE][PASSED] - Object: 'Object Repository/workOrder/groupAndType' is clicked on

2018-09-20 14:39:15 - [MESSAGE][PASSED] - Object: 'Object Repository/SMR/floatcalendar' is clicked on

2018-09-20 14:39:18 - [MESSAGE][PASSED] - Delayed 3 second(s)

2018-09-20 14:39:18 - [MESSAGE][PASSED] - Object: 'Object Repository/workOrder/calendar_tom' is clicked on

2018-09-20 14:39:18 - [MESSAGE][PASSED] - Keys 'BACK_SPACE + ' sent to object: 'Object Repository/SMR/recurrance_pattern'

2018-09-20 14:39:19 - [MESSAGE][PASSED] - Keys '2' sent to object: 'Object Repository/SMR/recurrance_pattern'

2018-09-20 14:39:19 - [MESSAGE][PASSED] - Wait for page load successfully

2018-09-20 14:39:22 - [MESSAGE][PASSED] - Delayed 3 second(s)

2018-09-20 14:39:23 - [MESSAGE][PASSED] - Object: 'Object Repository/workOrder/workOrderTabs' is clicked on

2018-09-20 14:39:26 - [MESSAGE][PASSED] - Delayed 3 second(s)

2018-09-20 14:39:26 - [MESSAGE][PASSED] - Keys 'BACK_SPACE + ' sent to object: 'Object Repository/workOrder/estAndOtherCost'

2018-09-20 14:39:26 - [MESSAGE][PASSED] - Keys '15' sent to object: 'Object Repository/workOrder/estAndOtherCost'

2018-09-20 14:39:29 - [MESSAGE][PASSED] - Delayed 3 second(s)

2018-09-20 14:39:29 - [MESSAGE][PASSED] - Keys 'BACK_SPACE + ' sent to object: 'Object Repository/workOrder/estAndOtherCost'

2018-09-20 14:39:30 - [MESSAGE][PASSED] - Keys '15' sent to object: 'Object Repository/workOrder/estAndOtherCost'

2018-09-20 14:39:30 - [MESSAGE][PASSED] - Object: 'Object Repository/workOrder/save' is clicked on

2018-09-20 14:39:40 - [MESSAGE][PASSED] - Delayed 10 second(s)

2018-09-20 14:39:40 - [MESSAGE][PASSED] - Object: 'Object Repository/workOrder/workOrderTabs' is clicked on

2018-09-20 14:39:40 - [MESSAGE][PASSED] - Wait for page load successfully

2018-09-20 14:39:40 - [MESSAGE][PASSED] - Text of object 'Object Repository/workOrder/WO_ID' is: 'SMR-576'

2018-09-20 14:39:40 - [MESSAGE][PASSED] - Object 'Object Repository/workOrder/WO_description' is present

2018-09-20 14:39:40 - [MESSAGE][PASSED] - scheduled_Maintenance_Records.SMR_Creation.SMRCreationFloating is PASSED

2018-09-20 14:39:40 - [TEST_STEP][PASSED] - commonUtils.Common.logoutAndCloseBrowser: commonUtils.Common.logoutAndCloseBrowser is PASSED

2018-09-20 14:39:45 - [MESSAGE][PASSED] - Delayed 5 second(s)

2018-09-20 14:39:46 - [MESSAGE][PASSED] - Object: 'Object Repository/homePage/settings' is clicked on

2018-09-20 14:39:46 - [MESSAGE][PASSED] - Object: 'Object Repository/workOrder/WORecords' is clicked on

2018-09-20 14:39:46 - [MESSAGE][PASSED] - Object 'Object Repository/loginPage/username' is present

2018-09-20 14:39:47 - [MESSAGE][PASSED] - Browser is closed

2018-09-20 14:39:47 - [MESSAGE][PASSED] - commonUtils.Common.logoutAndCloseBrowser is PASSED]]></system-out>
         <system-err><![CDATA[]]></system-err>
      </testcase>
      <testcase name="Test Cases/SANT-TC-042_SMR_Fixed Schedule" classname="Test Cases/SANT-TC-042_SMR_Fixed Schedule" status="FAILED">
         <failure type="FAILED" message="Unable to click on object 'Object Repository/workOrder/groupAndType' (Root cause: org.openqa.selenium.WebDriverException: unknown error: Element &lt;div class=&quot;dx-item-content dx-list-item-content&quot; title=&quot;...&quot;>High&lt;/div> is not clickable at point (527, 492). Other element would receive the click: &lt;html lang=&quot;en&quot; class=&quot;ng-scope&quot;>...&lt;/html>
  (Session info: chrome=69.0.3497.100)
  (Driver info: chromedriver=2.35.528161 (5b82f2d2aae0ca24b877009200ced9065a772e73),platform=Windows NT 10.0.16299 x86_64) (WARNING: The server did not provide any stacktrace information)
Command duration or timeout: 0 milliseconds
Build info: version: '3.7.1', revision: '8a0099a', time: '2017-11-06T21:07:36.161Z'
System info: host: 'DESKTOP-IC62SMV', ip: '192.168.4.18', os.name: 'Windows 10', os.arch: 'amd64', os.version: '10.0', java.version: '1.8.0_102'
Driver info: com.kms.katalon.selenium.driver.CChromeDriver
Capabilities {acceptInsecureCerts: false, acceptSslCerts: false, applicationCacheEnabled: false, browserConnectionEnabled: false, browserName: chrome, chrome: {chromedriverVersion: 2.35.528161 (5b82f2d2aae0ca..., userDataDir: C:\Users\Braseela\AppData\L...}, cssSelectorsEnabled: true, databaseEnabled: false, handlesAlerts: true, hasTouchScreen: false, javascriptEnabled: true, locationContextEnabled: true, mobileEmulationEnabled: false, nativeEvents: true, networkConnectionEnabled: false, pageLoadStrategy: normal, platform: XP, platformName: XP, rotatable: false, setWindowRect: true, takesHeapSnapshot: true, takesScreenshot: true, unexpectedAlertBehaviour: , unhandledPromptBehavior: , version: 69.0.3497.100, webStorageEnabled: true}
Session ID: 3ffa23e16938e11b920faf832a022e1e)"/>
         <system-out><![CDATA[2018-09-20 14:39:47 - [TEST_CASE][FAILED] - Test Cases/SANT-TC-042_SMR_Fixed Schedule: Test Cases/SANT-TC-042_SMR_Fixed Schedule FAILED because (of) Unable to click on object 'Object Repository/workOrder/groupAndType' (Root cause: org.openqa.selenium.WebDriverException: unknown error: Element <div class="dx-item-content dx-list-item-content" title="...">High</div> is not clickable at point (527, 492). Other element would receive the click: <html lang="en" class="ng-scope">...</html>
  (Session info: chrome=69.0.3497.100)
  (Driver info: chromedriver=2.35.528161 (5b82f2d2aae0ca24b877009200ced9065a772e73),platform=Windows NT 10.0.16299 x86_64) (WARNING: The server did not provide any stacktrace information)
Command duration or timeout: 0 milliseconds
Build info: version: '3.7.1', revision: '8a0099a', time: '2017-11-06T21:07:36.161Z'
System info: host: 'DESKTOP-IC62SMV', ip: '192.168.4.18', os.name: 'Windows 10', os.arch: 'amd64', os.version: '10.0', java.version: '1.8.0_102'
Driver info: com.kms.katalon.selenium.driver.CChromeDriver
Capabilities {acceptInsecureCerts: false, acceptSslCerts: false, applicationCacheEnabled: false, browserConnectionEnabled: false, browserName: chrome, chrome: {chromedriverVersion: 2.35.528161 (5b82f2d2aae0ca..., userDataDir: C:\Users\Braseela\AppData\L...}, cssSelectorsEnabled: true, databaseEnabled: false, handlesAlerts: true, hasTouchScreen: false, javascriptEnabled: true, locationContextEnabled: true, mobileEmulationEnabled: false, nativeEvents: true, networkConnectionEnabled: false, pageLoadStrategy: normal, platform: XP, platformName: XP, rotatable: false, setWindowRect: true, takesHeapSnapshot: true, takesScreenshot: true, unexpectedAlertBehaviour: , unhandledPromptBehavior: , version: 69.0.3497.100, webStorageEnabled: true}
Session ID: 3ffa23e16938e11b920faf832a022e1e)

2018-09-20 14:39:47 - [TEST_STEP][PASSED] - Statement - SMRDescription = com.kms.katalon.core.testdata.TestDataFactory.findTestData(SMR/SMR).getValue(1, 1): Test data is internal data, reading internal data

2018-09-20 14:39:47 - [TEST_STEP][PASSED] - Statement - taskName = com.kms.katalon.core.testdata.TestDataFactory.findTestData(SMR/SMR).getValue(2, 1): Test data is internal data, reading internal data

2018-09-20 14:39:47 - [TEST_STEP][PASSED] - Statement - assetName = com.kms.katalon.core.testdata.TestDataFactory.findTestData(SMR/SMR).getValue(3, 1): Test data is internal data, reading internal data

2018-09-20 14:39:47 - [TEST_STEP][PASSED] - Statement - inventoryName = com.kms.katalon.core.testdata.TestDataFactory.findTestData(SMR/SMR).getValue(4, 1): Test data is internal data, reading internal data

2018-09-20 14:39:47 - [TEST_STEP][PASSED] - Statement - SMRDes = SMRDescription + "_" + java.lang.System.currentTimeMillis(): null

2018-09-20 14:39:47 - [TEST_STEP][FAILED] - scheduled_Maintenance_Records.SMR_Creation.SMRCreationFixed: Unable to click on object 'Object Repository/workOrder/groupAndType' (Root cause: org.openqa.selenium.WebDriverException: unknown error: Element <div class="dx-item-content dx-list-item-content" title="...">High</div> is not clickable at point (527, 492). Other element would receive the click: <html lang="en" class="ng-scope">...</html>
  (Session info: chrome=69.0.3497.100)
  (Driver info: chromedriver=2.35.528161 (5b82f2d2aae0ca24b877009200ced9065a772e73),platform=Windows NT 10.0.16299 x86_64) (WARNING: The server did not provide any stacktrace information)
Command duration or timeout: 0 milliseconds
Build info: version: '3.7.1', revision: '8a0099a', time: '2017-11-06T21:07:36.161Z'
System info: host: 'DESKTOP-IC62SMV', ip: '192.168.4.18', os.name: 'Windows 10', os.arch: 'amd64', os.version: '10.0', java.version: '1.8.0_102'
Driver info: com.kms.katalon.selenium.driver.CChromeDriver
Capabilities {acceptInsecureCerts: false, acceptSslCerts: false, applicationCacheEnabled: false, browserConnectionEnabled: false, browserName: chrome, chrome: {chromedriverVersion: 2.35.528161 (5b82f2d2aae0ca..., userDataDir: C:\Users\Braseela\AppData\L...}, cssSelectorsEnabled: true, databaseEnabled: false, handlesAlerts: true, hasTouchScreen: false, javascriptEnabled: true, locationContextEnabled: true, mobileEmulationEnabled: false, nativeEvents: true, networkConnectionEnabled: false, pageLoadStrategy: normal, platform: XP, platformName: XP, rotatable: false, setWindowRect: true, takesHeapSnapshot: true, takesScreenshot: true, unexpectedAlertBehaviour: , unhandledPromptBehavior: , version: 69.0.3497.100, webStorageEnabled: true}
Session ID: 3ffa23e16938e11b920faf832a022e1e)

2018-09-20 14:39:50 - [MESSAGE][PASSED] - Browser is opened with url: ''

2018-09-20 14:39:51 - [MESSAGE][PASSED] - Current window maximized

2018-09-20 14:39:59 - [MESSAGE][PASSED] - Navigate to 'https://mpulse8.com/#/' successfully

2018-09-20 14:40:00 - [MESSAGE][PASSED] - Object 'Object Repository/loginPage/username' is clickable

2018-09-20 14:40:00 - [MESSAGE][PASSED] - Text 'abhi' is set on object 'Object Repository/loginPage/username'

2018-09-20 14:40:00 - [MESSAGE][PASSED] - Text '123456' is set on object 'Object Repository/loginPage/password'

2018-09-20 14:40:01 - [MESSAGE][PASSED] - Keys 'mpulse8_inapp' sent to object: 'Object Repository/loginPage/database_name'

2018-09-20 14:40:01 - [MESSAGE][PASSED] - Object: 'Object Repository/loginPage/Login_btn' is clicked on

2018-09-20 14:40:01 - [MESSAGE][PASSED] - Wait for page load successfully

2018-09-20 14:40:06 - [MESSAGE][PASSED] - Delayed 5 second(s)

2018-09-20 14:40:19 - [MESSAGE][PASSED] - Object: 'Object Repository/SMR/Scheduled Maintenance' is clicked on

2018-09-20 14:40:19 - [MESSAGE][PASSED] - Object: 'Object Repository/workOrder/WORecords' is clicked on

2018-09-20 14:40:22 - [MESSAGE][PASSED] - Delayed 3 second(s)

2018-09-20 14:40:27 - [MESSAGE][FAILED] - Unable to click on object 'Object Repository/workOrder/cancel' (Root cause: org.openqa.selenium.ElementNotVisibleException: element not visible
  (Session info: chrome=69.0.3497.100)
  (Driver info: chromedriver=2.35.528161 (5b82f2d2aae0ca24b877009200ced9065a772e73),platform=Windows NT 10.0.16299 x86_64) (WARNING: The server did not provide any stacktrace information)
Command duration or timeout: 0 milliseconds
Build info: version: '3.7.1', revision: '8a0099a', time: '2017-11-06T21:07:36.161Z'
System info: host: 'DESKTOP-IC62SMV', ip: '192.168.4.18', os.name: 'Windows 10', os.arch: 'amd64', os.version: '10.0', java.version: '1.8.0_102'
Driver info: com.kms.katalon.selenium.driver.CChromeDriver
Capabilities {acceptInsecureCerts: false, acceptSslCerts: false, applicationCacheEnabled: false, browserConnectionEnabled: false, browserName: chrome, chrome: {chromedriverVersion: 2.35.528161 (5b82f2d2aae0ca..., userDataDir: C:\Users\Braseela\AppData\L...}, cssSelectorsEnabled: true, databaseEnabled: false, handlesAlerts: true, hasTouchScreen: false, javascriptEnabled: true, locationContextEnabled: true, mobileEmulationEnabled: false, nativeEvents: true, networkConnectionEnabled: false, pageLoadStrategy: normal, platform: XP, platformName: XP, rotatable: false, setWindowRect: true, takesHeapSnapshot: true, takesScreenshot: true, unexpectedAlertBehaviour: , unhandledPromptBehavior: , version: 69.0.3497.100, webStorageEnabled: true}
Session ID: 3ffa23e16938e11b920faf832a022e1e)
[[ATTACHMENT|D:\\Repo\\InApp-QA-Automation\\Mpulse_Automation\\Reports\\Test Suite For Demo\\20180920_141921\\1537434627258.png]]

2018-09-20 14:40:27 - [MESSAGE][PASSED] - Wait for page load successfully

2018-09-20 14:40:30 - [MESSAGE][PASSED] - Delayed 3 second(s)

2018-09-20 14:40:33 - [MESSAGE][WARNING] - Web element with id: 'Object Repository/workOrder/expandAndMinimize' located by 'By.xpath: //a[@title='Show']' not found

2018-09-20 14:41:05 - [MESSAGE][FAILED] - Unable to click on object 'Object Repository/workOrder/expandAndMinimize' (Root cause: com.kms.katalon.core.webui.exception.WebElementNotFoundException: Web element with id: 'Object Repository/workOrder/expandAndMinimize' located by 'By.xpath: //a[@title='Show']' not found)
[[ATTACHMENT|D:\\Repo\\InApp-QA-Automation\\Mpulse_Automation\\Reports\\Test Suite For Demo\\20180920_141921\\1537434664824.png]]

2018-09-20 14:41:05 - [MESSAGE][PASSED] - Wait for page load successfully

2018-09-20 14:41:08 - [MESSAGE][PASSED] - Delayed 3 second(s)

2018-09-20 14:41:08 - [MESSAGE][PASSED] - Object 'Object Repository/workOrder/hideListLayout' is clickable

2018-09-20 14:41:08 - [MESSAGE][PASSED] - Object: 'Object Repository/workOrder/hideListLayout' is clicked on

2018-09-20 14:41:11 - [MESSAGE][PASSED] - Delayed 3 second(s)

2018-09-20 14:41:11 - [MESSAGE][PASSED] - Wait for page load successfully

2018-09-20 14:41:11 - [MESSAGE][PASSED] - Angular is ready.

2018-09-20 14:41:11 - [MESSAGE][PASSED] - Object 'Object Repository/workOrder/addAndEdit' is clickable

2018-09-20 14:41:11 - [MESSAGE][PASSED] - Object: 'Object Repository/workOrder/addAndEdit' is clicked on

2018-09-20 14:41:11 - [MESSAGE][PASSED] - Wait for page load successfully

2018-09-20 14:41:14 - [MESSAGE][PASSED] - Angular is ready.

2018-09-20 14:41:14 - [MESSAGE][PASSED] - Object: 'Object Repository/workOrder/workOrderTabs' is clicked on

2018-09-20 14:41:15 - [MESSAGE][PASSED] - Keys 'SMR Sanity Test__1537434587621' sent to object: 'Object Repository/SMR/description'

2018-09-20 14:41:15 - [MESSAGE][PASSED] - Wait for page load successfully

2018-09-20 14:41:15 - [MESSAGE][PASSED] - Object 'Object Repository/workOrder/link_Asset_Task_Inventory' is clickable

2018-09-20 14:41:16 - [MESSAGE][PASSED] - Object: 'Object Repository/workOrder/link_Asset_Task_Inventory' is clicked on

2018-09-20 14:41:22 - [MESSAGE][PASSED] - Delayed 6 second(s)

2018-09-20 14:41:22 - [MESSAGE][PASSED] - Keys 'PMI-023-ahk' sent to object: 'Object Repository/workOrder/infoLink_Search'

2018-09-20 14:41:28 - [MESSAGE][PASSED] - Delayed 6 second(s)

2018-09-20 14:41:28 - [MESSAGE][PASSED] - Object: 'Object Repository/workOrder/taskAndAssetID' is clicked on

2018-09-20 14:41:29 - [MESSAGE][PASSED] - Object: 'Object Repository/workOrder/replace' is clicked on

2018-09-20 14:41:29 - [MESSAGE][PASSED] - Wait for page load successfully

2018-09-20 14:41:30 - [MESSAGE][PASSED] - Angular is ready.

2018-09-20 14:41:30 - [MESSAGE][PASSED] - Object: 'Object Repository/workOrder/link_Asset_Task_Inventory' is clicked on

2018-09-20 14:41:36 - [MESSAGE][PASSED] - Delayed 6 second(s)

2018-09-20 14:41:37 - [MESSAGE][PASSED] - Keys 'EQU-194-2018' sent to object: 'Object Repository/workOrder/infoLink_Search'

2018-09-20 14:41:43 - [MESSAGE][PASSED] - Delayed 6 second(s)

2018-09-20 14:41:43 - [MESSAGE][PASSED] - Object: 'Object Repository/workOrder/taskAndAssetID' is clicked on

2018-09-20 14:41:43 - [MESSAGE][PASSED] - Object: 'Object Repository/workOrder/replace' is clicked on

2018-09-20 14:41:44 - [MESSAGE][PASSED] - Wait for page load successfully

2018-09-20 14:41:46 - [MESSAGE][PASSED] - Angular is ready.

2018-09-20 14:41:47 - [MESSAGE][PASSED] - Object: 'Object Repository/workOrder/link_Asset_Task_Inventory' is clicked on

2018-09-20 14:41:53 - [MESSAGE][PASSED] - Delayed 6 second(s)

2018-09-20 14:41:53 - [MESSAGE][PASSED] - Keys 'PRT-144' sent to object: 'Object Repository/workOrder/infoLink_Search'

2018-09-20 14:41:59 - [MESSAGE][PASSED] - Delayed 6 second(s)

2018-09-20 14:42:00 - [MESSAGE][PASSED] - Object: 'Object Repository/workOrder/inventoryID' is clicked on

2018-09-20 14:42:00 - [MESSAGE][PASSED] - Object: 'Object Repository/workOrder/replace' is clicked on

2018-09-20 14:42:00 - [MESSAGE][PASSED] - Wait for page load successfully

2018-09-20 14:42:01 - [MESSAGE][PASSED] - Angular is ready.

2018-09-20 14:42:03 - [MESSAGE][PASSED] - Object: 'Object Repository/workOrder/workOrderTabs' is clicked on

2018-09-20 14:42:06 - [MESSAGE][PASSED] - Delayed 3 second(s)

2018-09-20 14:42:06 - [MESSAGE][PASSED] - Object: 'Object Repository/workOrder/woTypeAndGroup' is clicked on

2018-09-20 14:42:09 - [MESSAGE][PASSED] - Delayed 3 second(s)

2018-09-20 14:42:09 - [MESSAGE][PASSED] - Object: 'Object Repository/workOrder/groupAndType' is clicked on

2018-09-20 14:42:12 - [MESSAGE][PASSED] - Delayed 3 second(s)

2018-09-20 14:42:13 - [MESSAGE][PASSED] - Object: 'Object Repository/workOrder/woTypeAndGroup' is clicked on

2018-09-20 14:42:16 - [MESSAGE][PASSED] - Delayed 3 second(s)

2018-09-20 14:42:16 - [MESSAGE][PASSED] - Object: 'Object Repository/workOrder/groupAndType' is clicked on

2018-09-20 14:42:19 - [MESSAGE][PASSED] - Delayed 3 second(s)

2018-09-20 14:42:20 - [MESSAGE][PASSED] - Object: 'Object Repository/workOrder/woTypeAndGroup' is clicked on

2018-09-20 14:42:23 - [MESSAGE][PASSED] - Delayed 3 second(s)

2018-09-20 14:42:23 - [MESSAGE][FAILED] - Unable to click on object 'Object Repository/workOrder/groupAndType' (Root cause: org.openqa.selenium.WebDriverException: unknown error: Element <div class="dx-item-content dx-list-item-content" title="...">High</div> is not clickable at point (527, 492). Other element would receive the click: <html lang="en" class="ng-scope">...</html>
  (Session info: chrome=69.0.3497.100)
  (Driver info: chromedriver=2.35.528161 (5b82f2d2aae0ca24b877009200ced9065a772e73),platform=Windows NT 10.0.16299 x86_64) (WARNING: The server did not provide any stacktrace information)
Command duration or timeout: 0 milliseconds
Build info: version: '3.7.1', revision: '8a0099a', time: '2017-11-06T21:07:36.161Z'
System info: host: 'DESKTOP-IC62SMV', ip: '192.168.4.18', os.name: 'Windows 10', os.arch: 'amd64', os.version: '10.0', java.version: '1.8.0_102'
Driver info: com.kms.katalon.selenium.driver.CChromeDriver
Capabilities {acceptInsecureCerts: false, acceptSslCerts: false, applicationCacheEnabled: false, browserConnectionEnabled: false, browserName: chrome, chrome: {chromedriverVersion: 2.35.528161 (5b82f2d2aae0ca..., userDataDir: C:\Users\Braseela\AppData\L...}, cssSelectorsEnabled: true, databaseEnabled: false, handlesAlerts: true, hasTouchScreen: false, javascriptEnabled: true, locationContextEnabled: true, mobileEmulationEnabled: false, nativeEvents: true, networkConnectionEnabled: false, pageLoadStrategy: normal, platform: XP, platformName: XP, rotatable: false, setWindowRect: true, takesHeapSnapshot: true, takesScreenshot: true, unexpectedAlertBehaviour: , unhandledPromptBehavior: , version: 69.0.3497.100, webStorageEnabled: true}
Session ID: 3ffa23e16938e11b920faf832a022e1e)
[[ATTACHMENT|D:\\Repo\\InApp-QA-Automation\\Mpulse_Automation\\Reports\\Test Suite For Demo\\20180920_141921\\1537434743325.png]]

2018-09-20 14:42:23 - [MESSAGE][FAILED] - Unable to click on object 'Object Repository/workOrder/groupAndType' (Root cause: org.openqa.selenium.WebDriverException: unknown error: Element <div class="dx-item-content dx-list-item-content" title="...">High</div> is not clickable at point (527, 492). Other element would receive the click: <html lang="en" class="ng-scope">...</html>
  (Session info: chrome=69.0.3497.100)
  (Driver info: chromedriver=2.35.528161 (5b82f2d2aae0ca24b877009200ced9065a772e73),platform=Windows NT 10.0.16299 x86_64) (WARNING: The server did not provide any stacktrace information)
Command duration or timeout: 0 milliseconds
Build info: version: '3.7.1', revision: '8a0099a', time: '2017-11-06T21:07:36.161Z'
System info: host: 'DESKTOP-IC62SMV', ip: '192.168.4.18', os.name: 'Windows 10', os.arch: 'amd64', os.version: '10.0', java.version: '1.8.0_102'
Driver info: com.kms.katalon.selenium.driver.CChromeDriver
Capabilities {acceptInsecureCerts: false, acceptSslCerts: false, applicationCacheEnabled: false, browserConnectionEnabled: false, browserName: chrome, chrome: {chromedriverVersion: 2.35.528161 (5b82f2d2aae0ca..., userDataDir: C:\Users\Braseela\AppData\L...}, cssSelectorsEnabled: true, databaseEnabled: false, handlesAlerts: true, hasTouchScreen: false, javascriptEnabled: true, locationContextEnabled: true, mobileEmulationEnabled: false, nativeEvents: true, networkConnectionEnabled: false, pageLoadStrategy: normal, platform: XP, platformName: XP, rotatable: false, setWindowRect: true, takesHeapSnapshot: true, takesScreenshot: true, unexpectedAlertBehaviour: , unhandledPromptBehavior: , version: 69.0.3497.100, webStorageEnabled: true}
Session ID: 3ffa23e16938e11b920faf832a022e1e)]]></system-out>
         <system-err><![CDATA[2018-09-20 14:39:47 - [TEST_CASE][FAILED] - Test Cases/SANT-TC-042_SMR_Fixed Schedule: Test Cases/SANT-TC-042_SMR_Fixed Schedule FAILED because (of) Unable to click on object 'Object Repository/workOrder/groupAndType' (Root cause: org.openqa.selenium.WebDriverException: unknown error: Element <div class="dx-item-content dx-list-item-content" title="...">High</div> is not clickable at point (527, 492). Other element would receive the click: <html lang="en" class="ng-scope">...</html>
  (Session info: chrome=69.0.3497.100)
  (Driver info: chromedriver=2.35.528161 (5b82f2d2aae0ca24b877009200ced9065a772e73),platform=Windows NT 10.0.16299 x86_64) (WARNING: The server did not provide any stacktrace information)
Command duration or timeout: 0 milliseconds
Build info: version: '3.7.1', revision: '8a0099a', time: '2017-11-06T21:07:36.161Z'
System info: host: 'DESKTOP-IC62SMV', ip: '192.168.4.18', os.name: 'Windows 10', os.arch: 'amd64', os.version: '10.0', java.version: '1.8.0_102'
Driver info: com.kms.katalon.selenium.driver.CChromeDriver
Capabilities {acceptInsecureCerts: false, acceptSslCerts: false, applicationCacheEnabled: false, browserConnectionEnabled: false, browserName: chrome, chrome: {chromedriverVersion: 2.35.528161 (5b82f2d2aae0ca..., userDataDir: C:\Users\Braseela\AppData\L...}, cssSelectorsEnabled: true, databaseEnabled: false, handlesAlerts: true, hasTouchScreen: false, javascriptEnabled: true, locationContextEnabled: true, mobileEmulationEnabled: false, nativeEvents: true, networkConnectionEnabled: false, pageLoadStrategy: normal, platform: XP, platformName: XP, rotatable: false, setWindowRect: true, takesHeapSnapshot: true, takesScreenshot: true, unexpectedAlertBehaviour: , unhandledPromptBehavior: , version: 69.0.3497.100, webStorageEnabled: true}
Session ID: 3ffa23e16938e11b920faf832a022e1e)]]></system-err>
      </testcase>
      <testcase name="Test Cases/SANT-TC-043_SMR_Meter Based Schedule" classname="Test Cases/SANT-TC-043_SMR_Meter Based Schedule" status="PASSED">
         <system-out><![CDATA[2018-09-20 14:42:23 - [TEST_CASE][PASSED] - Test Cases/SANT-TC-043_SMR_Meter Based Schedule: Test Cases/SANT-TC-043_SMR_Meter Based Schedule

2018-09-20 14:42:23 - [TEST_STEP][PASSED] - Statement - SMRDescription = com.kms.katalon.core.testdata.TestDataFactory.findTestData(SMR/SMR).getValue(1, 1): Test data is internal data, reading internal data

2018-09-20 14:42:23 - [TEST_STEP][PASSED] - Statement - taskName = com.kms.katalon.core.testdata.TestDataFactory.findTestData(SMR/SMR).getValue(2, 1): Test data is internal data, reading internal data

2018-09-20 14:42:23 - [TEST_STEP][PASSED] - Statement - assetName = com.kms.katalon.core.testdata.TestDataFactory.findTestData(SMR/SMR).getValue(3, 1): Test data is internal data, reading internal data

2018-09-20 14:42:23 - [TEST_STEP][PASSED] - Statement - inventoryName = com.kms.katalon.core.testdata.TestDataFactory.findTestData(SMR/SMR).getValue(4, 1): Test data is internal data, reading internal data

2018-09-20 14:42:23 - [TEST_STEP][PASSED] - Statement - SMRDes = SMRDescription + "_" + java.lang.System.currentTimeMillis(): null

2018-09-20 14:42:23 - [TEST_STEP][PASSED] - scheduled_Maintenance_Records.SMR_Creation.SMRCreationMeterBased: scheduled_Maintenance_Records.SMR_Creation.SMRCreationMeterBased is PASSED

2018-09-20 14:42:23 - [MESSAGE][WARNING] - A browser is already opened. Closing browser and opening a new one

2018-09-20 14:42:27 - [MESSAGE][PASSED] - Browser is opened with url: ''

2018-09-20 14:42:28 - [MESSAGE][PASSED] - Current window maximized

2018-09-20 14:42:39 - [MESSAGE][PASSED] - Navigate to 'https://mpulse8.com/#/' successfully

2018-09-20 14:42:39 - [MESSAGE][PASSED] - Object 'Object Repository/loginPage/username' is clickable

2018-09-20 14:42:40 - [MESSAGE][PASSED] - Text 'abhi' is set on object 'Object Repository/loginPage/username'

2018-09-20 14:42:40 - [MESSAGE][PASSED] - Text '123456' is set on object 'Object Repository/loginPage/password'

2018-09-20 14:42:40 - [MESSAGE][PASSED] - Keys 'mpulse8_inapp' sent to object: 'Object Repository/loginPage/database_name'

2018-09-20 14:42:40 - [MESSAGE][PASSED] - Object: 'Object Repository/loginPage/Login_btn' is clicked on

2018-09-20 14:42:40 - [MESSAGE][PASSED] - Wait for page load successfully

2018-09-20 14:42:45 - [MESSAGE][PASSED] - Delayed 5 second(s)

2018-09-20 14:43:10 - [MESSAGE][PASSED] - Object: 'Object Repository/SMR/Scheduled Maintenance' is clicked on

2018-09-20 14:43:10 - [MESSAGE][PASSED] - Object: 'Object Repository/workOrder/WORecords' is clicked on

2018-09-20 14:43:13 - [MESSAGE][PASSED] - Delayed 3 second(s)

2018-09-20 14:43:18 - [MESSAGE][FAILED] - Unable to click on object 'Object Repository/workOrder/cancel' (Root cause: org.openqa.selenium.ElementNotVisibleException: element not visible
  (Session info: chrome=69.0.3497.100)
  (Driver info: chromedriver=2.35.528161 (5b82f2d2aae0ca24b877009200ced9065a772e73),platform=Windows NT 10.0.16299 x86_64) (WARNING: The server did not provide any stacktrace information)
Command duration or timeout: 0 milliseconds
Build info: version: '3.7.1', revision: '8a0099a', time: '2017-11-06T21:07:36.161Z'
System info: host: 'DESKTOP-IC62SMV', ip: '192.168.4.18', os.name: 'Windows 10', os.arch: 'amd64', os.version: '10.0', java.version: '1.8.0_102'
Driver info: com.kms.katalon.selenium.driver.CChromeDriver
Capabilities {acceptInsecureCerts: false, acceptSslCerts: false, applicationCacheEnabled: false, browserConnectionEnabled: false, browserName: chrome, chrome: {chromedriverVersion: 2.35.528161 (5b82f2d2aae0ca..., userDataDir: C:\Users\Braseela\AppData\L...}, cssSelectorsEnabled: true, databaseEnabled: false, handlesAlerts: true, hasTouchScreen: false, javascriptEnabled: true, locationContextEnabled: true, mobileEmulationEnabled: false, nativeEvents: true, networkConnectionEnabled: false, pageLoadStrategy: normal, platform: XP, platformName: XP, rotatable: false, setWindowRect: true, takesHeapSnapshot: true, takesScreenshot: true, unexpectedAlertBehaviour: , unhandledPromptBehavior: , version: 69.0.3497.100, webStorageEnabled: true}
Session ID: 105b3896461d91606ce9fb1f3e2e63f4)
[[ATTACHMENT|D:\\Repo\\InApp-QA-Automation\\Mpulse_Automation\\Reports\\Test Suite For Demo\\20180920_141921\\1537434798626.png]]

2018-09-20 14:43:18 - [MESSAGE][PASSED] - Wait for page load successfully

2018-09-20 14:43:21 - [MESSAGE][PASSED] - Delayed 3 second(s)

2018-09-20 14:43:22 - [MESSAGE][PASSED] - Object 'Object Repository/workOrder/expandAndMinimize' is clickable

2018-09-20 14:43:23 - [MESSAGE][PASSED] - Object: 'Object Repository/workOrder/expandAndMinimize' is clicked on

2018-09-20 14:43:26 - [MESSAGE][PASSED] - Delayed 3 second(s)

2018-09-20 14:43:26 - [MESSAGE][PASSED] - Object: 'Object Repository/workOrder/hideListLayout' is clicked on

2018-09-20 14:43:29 - [MESSAGE][PASSED] - Delayed 3 second(s)

2018-09-20 14:43:29 - [MESSAGE][PASSED] - Wait for page load successfully

2018-09-20 14:43:29 - [MESSAGE][PASSED] - Angular is ready.

2018-09-20 14:43:29 - [MESSAGE][PASSED] - Object 'Object Repository/workOrder/addAndEdit' is clickable

2018-09-20 14:43:29 - [MESSAGE][PASSED] - Object: 'Object Repository/workOrder/addAndEdit' is clicked on

2018-09-20 14:43:29 - [MESSAGE][PASSED] - Wait for page load successfully

2018-09-20 14:43:30 - [MESSAGE][PASSED] - Angular is ready.

2018-09-20 14:43:32 - [MESSAGE][PASSED] - Object: 'Object Repository/workOrder/workOrderTabs' is clicked on

2018-09-20 14:43:34 - [MESSAGE][PASSED] - Keys 'SMR Sanity Test__1537434743955' sent to object: 'Object Repository/SMR/description'

2018-09-20 14:43:34 - [MESSAGE][PASSED] - Wait for page load successfully

2018-09-20 14:43:34 - [MESSAGE][PASSED] - Object 'Object Repository/workOrder/link_Asset_Task_Inventory' is clickable

2018-09-20 14:43:34 - [MESSAGE][PASSED] - Object: 'Object Repository/workOrder/link_Asset_Task_Inventory' is clicked on

2018-09-20 14:43:40 - [MESSAGE][PASSED] - Delayed 6 second(s)

2018-09-20 14:43:41 - [MESSAGE][PASSED] - Keys 'PMI-023-ahk' sent to object: 'Object Repository/workOrder/infoLink_Search'

2018-09-20 14:43:47 - [MESSAGE][PASSED] - Delayed 6 second(s)

2018-09-20 14:43:47 - [MESSAGE][PASSED] - Object: 'Object Repository/workOrder/taskAndAssetID' is clicked on

2018-09-20 14:43:47 - [MESSAGE][PASSED] - Object: 'Object Repository/workOrder/replace' is clicked on

2018-09-20 14:43:47 - [MESSAGE][PASSED] - Wait for page load successfully

2018-09-20 14:43:49 - [MESSAGE][PASSED] - Angular is ready.

2018-09-20 14:43:49 - [MESSAGE][PASSED] - Object: 'Object Repository/workOrder/link_Asset_Task_Inventory' is clicked on

2018-09-20 14:43:55 - [MESSAGE][PASSED] - Delayed 6 second(s)

2018-09-20 14:43:56 - [MESSAGE][PASSED] - Keys 'EQU-194-2018' sent to object: 'Object Repository/workOrder/infoLink_Search'

2018-09-20 14:44:02 - [MESSAGE][PASSED] - Delayed 6 second(s)

2018-09-20 14:44:02 - [MESSAGE][PASSED] - Object: 'Object Repository/workOrder/taskAndAssetID' is clicked on

2018-09-20 14:44:02 - [MESSAGE][PASSED] - Object: 'Object Repository/workOrder/replace' is clicked on

2018-09-20 14:44:02 - [MESSAGE][PASSED] - Wait for page load successfully

2018-09-20 14:44:05 - [MESSAGE][PASSED] - Angular is ready.

2018-09-20 14:44:05 - [MESSAGE][PASSED] - Object: 'Object Repository/workOrder/link_Asset_Task_Inventory' is clicked on

2018-09-20 14:44:11 - [MESSAGE][PASSED] - Delayed 6 second(s)

2018-09-20 14:44:12 - [MESSAGE][PASSED] - Keys 'PRT-144' sent to object: 'Object Repository/workOrder/infoLink_Search'

2018-09-20 14:44:18 - [MESSAGE][PASSED] - Delayed 6 second(s)

2018-09-20 14:44:18 - [MESSAGE][PASSED] - Object: 'Object Repository/workOrder/inventoryID' is clicked on

2018-09-20 14:44:18 - [MESSAGE][PASSED] - Object: 'Object Repository/workOrder/replace' is clicked on

2018-09-20 14:44:18 - [MESSAGE][PASSED] - Wait for page load successfully

2018-09-20 14:44:20 - [MESSAGE][PASSED] - Angular is ready.

2018-09-20 14:44:20 - [MESSAGE][PASSED] - Object: 'Object Repository/workOrder/workOrderTabs' is clicked on

2018-09-20 14:44:23 - [MESSAGE][PASSED] - Delayed 3 second(s)

2018-09-20 14:44:24 - [MESSAGE][PASSED] - Object: 'Object Repository/workOrder/woTypeAndGroup' is clicked on

2018-09-20 14:44:27 - [MESSAGE][PASSED] - Delayed 3 second(s)

2018-09-20 14:44:27 - [MESSAGE][PASSED] - Object: 'Object Repository/workOrder/groupAndType' is clicked on

2018-09-20 14:44:30 - [MESSAGE][PASSED] - Delayed 3 second(s)

2018-09-20 14:44:30 - [MESSAGE][PASSED] - Object: 'Object Repository/workOrder/woTypeAndGroup' is clicked on

2018-09-20 14:44:33 - [MESSAGE][PASSED] - Delayed 3 second(s)

2018-09-20 14:44:34 - [MESSAGE][PASSED] - Object: 'Object Repository/workOrder/groupAndType' is clicked on

2018-09-20 14:44:37 - [MESSAGE][PASSED] - Delayed 3 second(s)

2018-09-20 14:44:37 - [MESSAGE][PASSED] - Object: 'Object Repository/workOrder/woTypeAndGroup' is clicked on

2018-09-20 14:44:40 - [MESSAGE][PASSED] - Delayed 3 second(s)

2018-09-20 14:44:40 - [MESSAGE][PASSED] - Object: 'Object Repository/workOrder/groupAndType' is clicked on

2018-09-20 14:44:41 - [MESSAGE][PASSED] - Object: 'Object Repository/SMR/timebased' is clicked on

2018-09-20 14:44:41 - [MESSAGE][PASSED] - Object 'Object Repository/SMR/timebasedcheck' is clickable

2018-09-20 14:44:41 - [MESSAGE][PASSED] - Object: 'Object Repository/SMR/timebasedcheck' is clicked on

2018-09-20 14:44:44 - [MESSAGE][PASSED] - Delayed 3 second(s)

2018-09-20 14:44:44 - [MESSAGE][PASSED] - Object 'Object Repository/SMR/meterbased' is clickable

2018-09-20 14:44:44 - [MESSAGE][PASSED] - Object: 'Object Repository/SMR/meterbased' is clicked on

2018-09-20 14:44:44 - [MESSAGE][PASSED] - Object 'Object Repository/SMR/meterbasedcheck' is clickable

2018-09-20 14:44:45 - [MESSAGE][PASSED] - Object: 'Object Repository/SMR/meterbasedcheck' is clicked on

2018-09-20 14:44:48 - [MESSAGE][PASSED] - Delayed 3 second(s)

2018-09-20 14:44:48 - [MESSAGE][PASSED] - Object: 'Object Repository/SMR/assettotrigger' is clicked on

2018-09-20 14:44:51 - [MESSAGE][PASSED] - Delayed 3 second(s)

2018-09-20 14:44:51 - [MESSAGE][PASSED] - Object: 'Object Repository/SMR/assetselect' is clicked on

2018-09-20 14:44:51 - [MESSAGE][PASSED] - Angular is ready.

2018-09-20 14:44:54 - [MESSAGE][PASSED] - Delayed 3 second(s)

2018-09-20 14:44:55 - [MESSAGE][PASSED] - Object: 'Object Repository/SMR/assettotrigger' is clicked on

2018-09-20 14:44:58 - [MESSAGE][PASSED] - Delayed 3 second(s)

2018-09-20 14:44:58 - [MESSAGE][PASSED] - Object: 'Object Repository/SMR/meterselect' is clicked on

2018-09-20 14:45:00 - [MESSAGE][PASSED] - Angular is ready.

2018-09-20 14:45:03 - [MESSAGE][PASSED] - Delayed 3 second(s)

2018-09-20 14:45:03 - [MESSAGE][PASSED] - Keys 'BACK_SPACE + ' sent to object: 'Object Repository/SMR/unitsbtw'

2018-09-20 14:45:03 - [MESSAGE][PASSED] - Keys '15' sent to object: 'Object Repository/SMR/unitsbtw'

2018-09-20 14:45:03 - [MESSAGE][PASSED] - Angular is ready.

2018-09-20 14:45:05 - [MESSAGE][PASSED] - Object: 'Object Repository/workOrder/workOrderTabs' is clicked on

2018-09-20 14:45:08 - [MESSAGE][PASSED] - Delayed 3 second(s)

2018-09-20 14:45:08 - [MESSAGE][PASSED] - Keys 'BACK_SPACE + ' sent to object: 'Object Repository/workOrder/estAndOtherCost'

2018-09-20 14:45:08 - [MESSAGE][PASSED] - Keys '15' sent to object: 'Object Repository/workOrder/estAndOtherCost'

2018-09-20 14:45:11 - [MESSAGE][PASSED] - Delayed 3 second(s)

2018-09-20 14:45:11 - [MESSAGE][PASSED] - Keys 'BACK_SPACE + ' sent to object: 'Object Repository/workOrder/estAndOtherCost'

2018-09-20 14:45:11 - [MESSAGE][PASSED] - Keys '15' sent to object: 'Object Repository/workOrder/estAndOtherCost'

2018-09-20 14:45:12 - [MESSAGE][PASSED] - Object: 'Object Repository/workOrder/save' is clicked on

2018-09-20 14:45:42 - [MESSAGE][PASSED] - Delayed 30 second(s)

2018-09-20 14:45:42 - [MESSAGE][PASSED] - Object: 'Object Repository/workOrder/workOrderTabs' is clicked on

2018-09-20 14:45:42 - [MESSAGE][PASSED] - Wait for page load successfully

2018-09-20 14:45:42 - [MESSAGE][PASSED] - Text of object 'Object Repository/workOrder/WO_ID' is: 'SMR-577'

2018-09-20 14:45:42 - [MESSAGE][PASSED] - Object 'Object Repository/workOrder/WO_description' is present

2018-09-20 14:45:42 - [MESSAGE][PASSED] - scheduled_Maintenance_Records.SMR_Creation.SMRCreationMeterBased is PASSED

2018-09-20 14:45:42 - [TEST_STEP][PASSED] - commonUtils.Common.logoutAndCloseBrowser: commonUtils.Common.logoutAndCloseBrowser is PASSED

2018-09-20 14:45:47 - [MESSAGE][PASSED] - Delayed 5 second(s)

2018-09-20 14:45:47 - [MESSAGE][PASSED] - Object: 'Object Repository/homePage/settings' is clicked on

2018-09-20 14:45:48 - [MESSAGE][PASSED] - Object: 'Object Repository/workOrder/WORecords' is clicked on

2018-09-20 14:45:48 - [MESSAGE][PASSED] - Object 'Object Repository/loginPage/username' is present

2018-09-20 14:45:48 - [MESSAGE][PASSED] - Browser is closed

2018-09-20 14:45:48 - [MESSAGE][PASSED] - commonUtils.Common.logoutAndCloseBrowser is PASSED]]></system-out>
         <system-err><![CDATA[]]></system-err>
      </testcase>
      <testcase name="Test Cases/SANT-TC-044_Reports_Form view_Current Record_New WO" classname="Test Cases/SANT-TC-044_Reports_Form view_Current Record_New WO" status="PASSED">
         <system-out><![CDATA[2018-09-20 14:45:48 - [TEST_CASE][PASSED] - Test Cases/SANT-TC-044_Reports_Form view_Current Record_New WO: Test Cases/SANT-TC-044_Reports_Form view_Current Record_New WO

2018-09-20 14:45:49 - [TEST_STEP][PASSED] - Statement - woDescription = com.kms.katalon.core.testdata.TestDataFactory.findTestData(workOrder/workOrder).getValue(1, 1): Test data is internal data, reading internal data

2018-09-20 14:45:49 - [TEST_STEP][PASSED] - Statement - taskName = com.kms.katalon.core.testdata.TestDataFactory.findTestData(workOrder/workOrder).getValue(2, 1): Test data is internal data, reading internal data

2018-09-20 14:45:49 - [TEST_STEP][PASSED] - Statement - assetName = com.kms.katalon.core.testdata.TestDataFactory.findTestData(workOrder/workOrder).getValue(3, 1): Test data is internal data, reading internal data

2018-09-20 14:45:49 - [TEST_STEP][PASSED] - Statement - inventoryName = com.kms.katalon.core.testdata.TestDataFactory.findTestData(workOrder/workOrder).getValue(4, 1): Test data is internal data, reading internal data

2018-09-20 14:45:49 - [TEST_STEP][PASSED] - Statement - WODes = woDescription + "_" + java.lang.System.currentTimeMillis(): null

2018-09-20 14:45:49 - [TEST_STEP][PASSED] - work_Order.WO_Creation_FormLayout.workOrderCreation: work_Order.WO_Creation_FormLayout.workOrderCreation is PASSED

2018-09-20 14:45:52 - [MESSAGE][PASSED] - Browser is opened with url: ''

2018-09-20 14:45:53 - [MESSAGE][PASSED] - Current window maximized

2018-09-20 14:46:04 - [MESSAGE][PASSED] - Navigate to 'https://mpulse8.com/#/' successfully

2018-09-20 14:46:04 - [MESSAGE][PASSED] - Object 'Object Repository/loginPage/username' is clickable

2018-09-20 14:46:05 - [MESSAGE][PASSED] - Text 'abhi' is set on object 'Object Repository/loginPage/username'

2018-09-20 14:46:05 - [MESSAGE][PASSED] - Text '123456' is set on object 'Object Repository/loginPage/password'

2018-09-20 14:46:06 - [MESSAGE][PASSED] - Keys 'mpulse8_inapp' sent to object: 'Object Repository/loginPage/database_name'

2018-09-20 14:46:06 - [MESSAGE][PASSED] - Object: 'Object Repository/loginPage/Login_btn' is clicked on

2018-09-20 14:46:06 - [MESSAGE][PASSED] - Wait for page load successfully

2018-09-20 14:46:14 - [MESSAGE][PASSED] - Delayed 8 second(s)

2018-09-20 14:46:26 - [MESSAGE][PASSED] - Object: 'Object Repository/workOrder/workOrders' is clicked on

2018-09-20 14:46:27 - [MESSAGE][PASSED] - Object: 'Object Repository/workOrder/WORecords' is clicked on

2018-09-20 14:46:30 - [MESSAGE][PASSED] - Delayed 3 second(s)

2018-09-20 14:46:35 - [MESSAGE][FAILED] - Unable to click on object 'Object Repository/workOrder/cancel' (Root cause: org.openqa.selenium.ElementNotVisibleException: element not visible
  (Session info: chrome=69.0.3497.100)
  (Driver info: chromedriver=2.35.528161 (5b82f2d2aae0ca24b877009200ced9065a772e73),platform=Windows NT 10.0.16299 x86_64) (WARNING: The server did not provide any stacktrace information)
Command duration or timeout: 0 milliseconds
Build info: version: '3.7.1', revision: '8a0099a', time: '2017-11-06T21:07:36.161Z'
System info: host: 'DESKTOP-IC62SMV', ip: '192.168.4.18', os.name: 'Windows 10', os.arch: 'amd64', os.version: '10.0', java.version: '1.8.0_102'
Driver info: com.kms.katalon.selenium.driver.CChromeDriver
Capabilities {acceptInsecureCerts: false, acceptSslCerts: false, applicationCacheEnabled: false, browserConnectionEnabled: false, browserName: chrome, chrome: {chromedriverVersion: 2.35.528161 (5b82f2d2aae0ca..., userDataDir: C:\Users\Braseela\AppData\L...}, cssSelectorsEnabled: true, databaseEnabled: false, handlesAlerts: true, hasTouchScreen: false, javascriptEnabled: true, locationContextEnabled: true, mobileEmulationEnabled: false, nativeEvents: true, networkConnectionEnabled: false, pageLoadStrategy: normal, platform: XP, platformName: XP, rotatable: false, setWindowRect: true, takesHeapSnapshot: true, takesScreenshot: true, unexpectedAlertBehaviour: , unhandledPromptBehavior: , version: 69.0.3497.100, webStorageEnabled: true}
Session ID: dffac1a837f51c7c0ff5ed3068e4fdbb)
[[ATTACHMENT|D:\\Repo\\InApp-QA-Automation\\Mpulse_Automation\\Reports\\Test Suite For Demo\\20180920_141921\\1537434995034.png]]

2018-09-20 14:46:35 - [MESSAGE][PASSED] - Wait for page load successfully

2018-09-20 14:46:38 - [MESSAGE][PASSED] - Delayed 3 second(s)

2018-09-20 14:46:41 - [MESSAGE][WARNING] - Web element with id: 'Object Repository/workOrder/expandAndMinimize' located by 'By.xpath: //a[@title='Show']' not found

2018-09-20 14:47:12 - [MESSAGE][FAILED] - Unable to click on object 'Object Repository/workOrder/expandAndMinimize' (Root cause: com.kms.katalon.core.webui.exception.WebElementNotFoundException: Web element with id: 'Object Repository/workOrder/expandAndMinimize' located by 'By.xpath: //a[@title='Show']' not found)
[[ATTACHMENT|D:\\Repo\\InApp-QA-Automation\\Mpulse_Automation\\Reports\\Test Suite For Demo\\20180920_141921\\1537435032459.png]]

2018-09-20 14:47:12 - [MESSAGE][PASSED] - Wait for page load successfully

2018-09-20 14:47:15 - [MESSAGE][PASSED] - Delayed 3 second(s)

2018-09-20 14:47:15 - [MESSAGE][PASSED] - Object 'Object Repository/workOrder/hideListLayout' is clickable

2018-09-20 14:47:16 - [MESSAGE][PASSED] - Object: 'Object Repository/workOrder/hideListLayout' is clicked on

2018-09-20 14:47:19 - [MESSAGE][PASSED] - Delayed 3 second(s)

2018-09-20 14:47:19 - [MESSAGE][PASSED] - Wait for page load successfully

2018-09-20 14:47:19 - [MESSAGE][PASSED] - Angular is ready.

2018-09-20 14:47:19 - [MESSAGE][PASSED] - Object 'Object Repository/workOrder/addAndEdit' is clickable

2018-09-20 14:47:19 - [MESSAGE][PASSED] - Object: 'Object Repository/workOrder/addAndEdit' is clicked on

2018-09-20 14:47:19 - [MESSAGE][PASSED] - Wait for page load successfully

2018-09-20 14:47:20 - [MESSAGE][PASSED] - Angular is ready.

2018-09-20 14:47:20 - [MESSAGE][PASSED] - Object 'Object Repository/workOrder/workOrderTabs' is clickable

2018-09-20 14:47:20 - [MESSAGE][PASSED] - Object: 'Object Repository/workOrder/workOrderTabs' is clicked on

2018-09-20 14:47:20 - [MESSAGE][PASSED] - Wait for page load successfully

2018-09-20 14:47:21 - [MESSAGE][PASSED] - Keys 'WO Sanity Test__1537434949714' sent to object: 'Object Repository/workOrder/description'

2018-09-20 14:47:24 - [MESSAGE][PASSED] - Delayed 3 second(s)

2018-09-20 14:47:25 - [MESSAGE][PASSED] - Object: 'Object Repository/workOrder/woTypeAndGroup' is clicked on

2018-09-20 14:47:28 - [MESSAGE][PASSED] - Delayed 3 second(s)

2018-09-20 14:47:28 - [MESSAGE][PASSED] - Object: 'Object Repository/workOrder/groupAndType' is clicked on

2018-09-20 14:47:31 - [MESSAGE][PASSED] - Delayed 3 second(s)

2018-09-20 14:47:31 - [MESSAGE][PASSED] - Object: 'Object Repository/workOrder/woTypeAndGroup' is clicked on

2018-09-20 14:47:34 - [MESSAGE][PASSED] - Delayed 3 second(s)

2018-09-20 14:47:35 - [MESSAGE][PASSED] - Object: 'Object Repository/workOrder/groupAndType' is clicked on

2018-09-20 14:47:35 - [MESSAGE][PASSED] - Object 'Object Repository/workOrder/workOrderTabs' is clickable

2018-09-20 14:47:36 - [MESSAGE][PASSED] - Object: 'Object Repository/workOrder/workOrderTabs' is clicked on

2018-09-20 14:47:37 - [MESSAGE][PASSED] - Wait for page load successfully

2018-09-20 14:47:37 - [MESSAGE][PASSED] - Object 'Object Repository/workOrder/link_Asset_Task_Inventory' is clickable

2018-09-20 14:47:38 - [MESSAGE][PASSED] - Object: 'Object Repository/workOrder/link_Asset_Task_Inventory' is clicked on

2018-09-20 14:47:44 - [MESSAGE][PASSED] - Delayed 6 second(s)

2018-09-20 14:47:45 - [MESSAGE][PASSED] - Keys 'PMI-023-ahk' sent to object: 'Object Repository/workOrder/infoLink_Search'

2018-09-20 14:47:51 - [MESSAGE][PASSED] - Delayed 6 second(s)

2018-09-20 14:47:51 - [MESSAGE][PASSED] - Object: 'Object Repository/workOrder/taskAndAssetID' is clicked on

2018-09-20 14:47:51 - [MESSAGE][PASSED] - Wait for page load successfully

2018-09-20 14:47:51 - [MESSAGE][PASSED] - Object: 'Object Repository/workOrder/replace' is clicked on

2018-09-20 14:47:51 - [MESSAGE][PASSED] - Wait for page load successfully

2018-09-20 14:47:53 - [MESSAGE][PASSED] - Angular is ready.

2018-09-20 14:47:54 - [MESSAGE][PASSED] - Object: 'Object Repository/workOrder/link_Asset_Task_Inventory' is clicked on

2018-09-20 14:48:00 - [MESSAGE][PASSED] - Delayed 6 second(s)

2018-09-20 14:48:00 - [MESSAGE][PASSED] - Keys 'EQU-194-2018' sent to object: 'Object Repository/workOrder/infoLink_Search'

2018-09-20 14:48:06 - [MESSAGE][PASSED] - Delayed 6 second(s)

2018-09-20 14:48:07 - [MESSAGE][PASSED] - Object: 'Object Repository/workOrder/taskAndAssetID' is clicked on

2018-09-20 14:48:07 - [MESSAGE][PASSED] - Object: 'Object Repository/workOrder/replace' is clicked on

2018-09-20 14:48:09 - [MESSAGE][PASSED] - Angular is ready.

2018-09-20 14:48:10 - [MESSAGE][PASSED] - Object: 'Object Repository/workOrder/link_Asset_Task_Inventory' is clicked on

2018-09-20 14:48:15 - [MESSAGE][PASSED] - Delayed 5 second(s)

2018-09-20 14:48:21 - [MESSAGE][PASSED] - Delayed 6 second(s)

2018-09-20 14:48:21 - [MESSAGE][PASSED] - Keys 'PRT-144' sent to object: 'Object Repository/workOrder/infoLink_Search'

2018-09-20 14:48:27 - [MESSAGE][PASSED] - Delayed 6 second(s)

2018-09-20 14:48:28 - [MESSAGE][PASSED] - Object: 'Object Repository/workOrder/inventoryID' is clicked on

2018-09-20 14:48:28 - [MESSAGE][PASSED] - Object: 'Object Repository/workOrder/replace' is clicked on

2018-09-20 14:48:31 - [MESSAGE][PASSED] - Angular is ready.

2018-09-20 14:48:32 - [MESSAGE][PASSED] - Object: 'Object Repository/workOrder/workOrderTabs' is clicked on

2018-09-20 14:48:34 - [MESSAGE][PASSED] - Angular is ready.

2018-09-20 14:48:34 - [MESSAGE][PASSED] - Object: 'Object Repository/workOrder/workOrderTabs' is clicked on

2018-09-20 14:48:37 - [MESSAGE][PASSED] - Delayed 3 second(s)

2018-09-20 14:48:37 - [MESSAGE][PASSED] - Keys 'BACK_SPACE + ' sent to object: 'Object Repository/workOrder/estAndOtherCost'

2018-09-20 14:48:37 - [MESSAGE][PASSED] - Keys '15' sent to object: 'Object Repository/workOrder/estAndOtherCost'

2018-09-20 14:48:40 - [MESSAGE][PASSED] - Delayed 3 second(s)

2018-09-20 14:48:40 - [MESSAGE][PASSED] - Keys 'BACK_SPACE + ' sent to object: 'Object Repository/workOrder/estAndOtherCost'

2018-09-20 14:48:41 - [MESSAGE][PASSED] - Keys '15' sent to object: 'Object Repository/workOrder/estAndOtherCost'

2018-09-20 14:48:41 - [MESSAGE][PASSED] - Object: 'Object Repository/workOrder/save' is clicked on

2018-09-20 14:48:51 - [MESSAGE][PASSED] - Delayed 10 second(s)

2018-09-20 14:48:51 - [MESSAGE][PASSED] - Object: 'Object Repository/workOrder/workOrderTabs' is clicked on

2018-09-20 14:48:51 - [MESSAGE][PASSED] - Text of object 'Object Repository/workOrder/WO_ID' is: 'WKO-21303-20/09'

2018-09-20 14:48:51 - [MESSAGE][PASSED] - Object 'Object Repository/workOrder/WO_description' is present

2018-09-20 14:48:51 - [MESSAGE][PASSED] - work_Order.WO_Creation_FormLayout.workOrderCreation is PASSED

2018-09-20 14:48:51 - [TEST_STEP][PASSED] - reports.Form_View.formView_CurrentRecord_New: reports.Form_View.formView_CurrentRecord_New is PASSED

2018-09-20 14:48:51 - [MESSAGE][PASSED] - Object 'Object Repository/workOrder/WO_description' is present

2018-09-20 14:48:52 - [MESSAGE][PASSED] - Object: 'Object Repository/Reports/print_btn' is clicked on

2018-09-20 14:48:52 - [MESSAGE][PASSED] - Angular is ready.

2018-09-20 14:48:52 - [MESSAGE][PASSED] - Wait for page load successfully

2018-09-20 14:48:52 - [MESSAGE][PASSED] - Switched to window with index: '1'

2018-09-20 14:49:00 - [MESSAGE][PASSED] - Object 'Object Repository/Reports/settings_icon' is clickable

2018-09-20 14:49:10 - [MESSAGE][PASSED] - Object: 'Object Repository/Reports/settings_icon' is clicked on

2018-09-20 14:49:15 - [MESSAGE][PASSED] - Delayed 5 second(s)

2018-09-20 14:49:15 - [MESSAGE][PASSED] - Object: 'Object Repository/Reports/report_radio' is clicked on

2018-09-20 14:49:15 - [MESSAGE][PASSED] - Object: 'Object Repository/Reports/wo_form' is clicked on

2018-09-20 14:49:15 - [MESSAGE][PASSED] - Object: 'Object Repository/Reports/report_radio' is clicked on

2018-09-20 14:49:21 - [MESSAGE][PASSED] - Object: 'Object Repository/Reports/ok_btn' is clicked on

2018-09-20 14:49:21 - [MESSAGE][WARNING] - This page doesn't use Angular.

2018-09-20 14:49:21 - [MESSAGE][PASSED] - Wait for page load successfully

2018-09-20 14:49:25 - [MESSAGE][PASSED] - Delayed 4 second(s)

2018-09-20 14:49:26 - [MESSAGE][PASSED] - Object 'Object Repository/Reports/wo_name' is present

2018-09-20 14:49:26 - [MESSAGE][PASSED] - Window with index 1 is closed

2018-09-20 14:49:26 - [MESSAGE][PASSED] - Switched to window with index: '0'

2018-09-20 14:49:26 - [MESSAGE][PASSED] - reports.Form_View.formView_CurrentRecord_New is PASSED

2018-09-20 14:49:26 - [TEST_STEP][PASSED] - commonUtils.Common.logoutAndCloseBrowser: commonUtils.Common.logoutAndCloseBrowser is PASSED

2018-09-20 14:49:31 - [MESSAGE][PASSED] - Delayed 5 second(s)

2018-09-20 14:49:31 - [MESSAGE][PASSED] - Object: 'Object Repository/homePage/settings' is clicked on

2018-09-20 14:49:31 - [MESSAGE][PASSED] - Object: 'Object Repository/workOrder/WORecords' is clicked on

2018-09-20 14:49:31 - [MESSAGE][PASSED] - Object 'Object Repository/loginPage/username' is present

2018-09-20 14:49:32 - [MESSAGE][PASSED] - Browser is closed

2018-09-20 14:49:32 - [MESSAGE][PASSED] - commonUtils.Common.logoutAndCloseBrowser is PASSED]]></system-out>
         <system-err><![CDATA[]]></system-err>
      </testcase>
      <testcase name="Test Cases/SANT-TC-044_Reports_Form view_Current Record_Old WO" classname="Test Cases/SANT-TC-044_Reports_Form view_Current Record_Old WO" status="PASSED">
         <system-out><![CDATA[2018-09-20 14:49:32 - [TEST_CASE][PASSED] - Test Cases/SANT-TC-044_Reports_Form view_Current Record_Old WO: Test Cases/SANT-TC-044_Reports_Form view_Current Record_Old WO

2018-09-20 14:49:33 - [TEST_STEP][PASSED] - reports.Form_View.formView_CurrentRecord_Old: reports.Form_View.formView_CurrentRecord_Old is PASSED

2018-09-20 14:49:35 - [MESSAGE][PASSED] - Browser is opened with url: ''

2018-09-20 14:49:36 - [MESSAGE][PASSED] - Current window maximized

2018-09-20 14:49:44 - [MESSAGE][PASSED] - Navigate to 'https://mpulse8.com/#/' successfully

2018-09-20 14:49:44 - [MESSAGE][PASSED] - Object 'Object Repository/loginPage/username' is clickable

2018-09-20 14:49:44 - [MESSAGE][PASSED] - Text 'abhi' is set on object 'Object Repository/loginPage/username'

2018-09-20 14:49:45 - [MESSAGE][PASSED] - Text '123456' is set on object 'Object Repository/loginPage/password'

2018-09-20 14:49:45 - [MESSAGE][PASSED] - Keys 'mpulse8_inapp' sent to object: 'Object Repository/loginPage/database_name'

2018-09-20 14:49:45 - [MESSAGE][PASSED] - Object: 'Object Repository/loginPage/Login_btn' is clicked on

2018-09-20 14:49:45 - [MESSAGE][PASSED] - Wait for page load successfully

2018-09-20 14:49:53 - [MESSAGE][PASSED] - Delayed 8 second(s)

2018-09-20 14:50:04 - [MESSAGE][PASSED] - Object: 'Object Repository/workOrder/workOrders' is clicked on

2018-09-20 14:50:04 - [MESSAGE][PASSED] - Object: 'Object Repository/workOrder/WORecords' is clicked on

2018-09-20 14:50:11 - [MESSAGE][PASSED] - Text of object 'Object Repository/Reports/desc_wo' is: 'WO Sanity Test__1537434949714'

2018-09-20 14:50:11 - [MESSAGE][PASSED] - Object 'Object Repository/workOrder/WO_description' is present

2018-09-20 14:50:11 - [MESSAGE][PASSED] - Object 'Object Repository/Reports/print_btn' is present

2018-09-20 14:50:12 - [MESSAGE][PASSED] - Object: 'Object Repository/Reports/print_btn' is clicked on

2018-09-20 14:50:13 - [MESSAGE][PASSED] - Angular is ready.

2018-09-20 14:50:13 - [MESSAGE][PASSED] - Wait for page load successfully

2018-09-20 14:50:13 - [MESSAGE][PASSED] - Switched to window with index: '1'

2018-09-20 14:50:24 - [MESSAGE][PASSED] - Object 'Object Repository/Reports/settings_icon' is clickable

2018-09-20 14:50:31 - [MESSAGE][PASSED] - Object: 'Object Repository/Reports/settings_icon' is clicked on

2018-09-20 14:50:36 - [MESSAGE][PASSED] - Delayed 5 second(s)

2018-09-20 14:50:36 - [MESSAGE][PASSED] - Object: 'Object Repository/Reports/report_radio' is clicked on

2018-09-20 14:50:36 - [MESSAGE][PASSED] - Object: 'Object Repository/Reports/wo_form' is clicked on

2018-09-20 14:50:36 - [MESSAGE][PASSED] - Object: 'Object Repository/Reports/report_radio' is clicked on

2018-09-20 14:50:44 - [MESSAGE][PASSED] - Object: 'Object Repository/Reports/ok_btn' is clicked on

2018-09-20 14:50:44 - [MESSAGE][WARNING] - This page doesn't use Angular.

2018-09-20 14:50:44 - [MESSAGE][PASSED] - Wait for page load successfully

2018-09-20 14:50:49 - [MESSAGE][PASSED] - Delayed 5 second(s)

2018-09-20 14:50:49 - [MESSAGE][PASSED] - Object 'Object Repository/Reports/wo_name' is present

2018-09-20 14:50:49 - [MESSAGE][PASSED] - Window with index 1 is closed

2018-09-20 14:50:49 - [MESSAGE][PASSED] - Switched to window with index: '0'

2018-09-20 14:50:49 - [MESSAGE][PASSED] - reports.Form_View.formView_CurrentRecord_Old is PASSED

2018-09-20 14:50:49 - [TEST_STEP][PASSED] - commonUtils.Common.logoutAndCloseBrowser: commonUtils.Common.logoutAndCloseBrowser is PASSED

2018-09-20 14:50:54 - [MESSAGE][PASSED] - Delayed 5 second(s)

2018-09-20 14:50:54 - [MESSAGE][PASSED] - Object: 'Object Repository/homePage/settings' is clicked on

2018-09-20 14:50:54 - [MESSAGE][PASSED] - Object: 'Object Repository/workOrder/WORecords' is clicked on

2018-09-20 14:50:54 - [MESSAGE][PASSED] - Object 'Object Repository/loginPage/username' is present

2018-09-20 14:50:55 - [MESSAGE][PASSED] - Browser is closed

2018-09-20 14:50:55 - [MESSAGE][PASSED] - commonUtils.Common.logoutAndCloseBrowser is PASSED]]></system-out>
         <system-err><![CDATA[]]></system-err>
      </testcase>
      <testcase name="Test Cases/SANT-TC-054_List View_Column Filter" classname="Test Cases/SANT-TC-054_List View_Column Filter" status="FAILED">
         <failure type="FAILED" message="Unable to clear text of object 'Object Repository/workOrder/listsearch' (Root cause: com.kms.katalon.core.webui.exception.WebElementNotFoundException: Web element with id: 'Object Repository/workOrder/listsearch' located by 'By.xpath: //td[@aria-label=&quot;Column ID#, Filter cell&quot;]//input[@role='textbox']' not found)"/>
         <system-out><![CDATA[2018-09-20 14:50:55 - [TEST_CASE][FAILED] - Test Cases/SANT-TC-054_List View_Column Filter: Test Cases/SANT-TC-054_List View_Column Filter FAILED because (of) Unable to clear text of object 'Object Repository/workOrder/listsearch' (Root cause: com.kms.katalon.core.webui.exception.WebElementNotFoundException: Web element with id: 'Object Repository/workOrder/listsearch' located by 'By.xpath: //td[@aria-label="Column ID#, Filter cell"]//input[@role='textbox']' not found)

2018-09-20 14:50:55 - [TEST_STEP][FAILED] - search.List_View_Search.listViewSearch_Column: Unable to clear text of object 'Object Repository/workOrder/listsearch' (Root cause: com.kms.katalon.core.webui.exception.WebElementNotFoundException: Web element with id: 'Object Repository/workOrder/listsearch' located by 'By.xpath: //td[@aria-label="Column ID#, Filter cell"]//input[@role='textbox']' not found)

2018-09-20 14:50:57 - [MESSAGE][PASSED] - Browser is opened with url: ''

2018-09-20 14:50:59 - [MESSAGE][PASSED] - Current window maximized

2018-09-20 14:51:07 - [MESSAGE][PASSED] - Navigate to 'https://mpulse8.com/#/' successfully

2018-09-20 14:51:07 - [MESSAGE][PASSED] - Object 'Object Repository/loginPage/username' is clickable

2018-09-20 14:51:08 - [MESSAGE][PASSED] - Text 'abhi' is set on object 'Object Repository/loginPage/username'

2018-09-20 14:51:08 - [MESSAGE][PASSED] - Text '123456' is set on object 'Object Repository/loginPage/password'

2018-09-20 14:51:08 - [MESSAGE][PASSED] - Keys 'mpulse8_inapp' sent to object: 'Object Repository/loginPage/database_name'

2018-09-20 14:51:08 - [MESSAGE][PASSED] - Object: 'Object Repository/loginPage/Login_btn' is clicked on

2018-09-20 14:51:08 - [MESSAGE][PASSED] - Wait for page load successfully

2018-09-20 14:51:16 - [MESSAGE][PASSED] - Delayed 8 second(s)

2018-09-20 14:51:29 - [MESSAGE][PASSED] - Object: 'Object Repository/workOrder/workOrders' is clicked on

2018-09-20 14:51:29 - [MESSAGE][PASSED] - Object: 'Object Repository/workOrder/WORecords' is clicked on

2018-09-20 14:51:36 - [MESSAGE][PASSED] - Delayed 7 second(s)

2018-09-20 14:51:40 - [MESSAGE][PASSED] - Delayed 3 second(s)

2018-09-20 14:51:40 - [MESSAGE][FAILED] - Unable to click on object 'Object Repository/workOrder/cancel' (Root cause: org.openqa.selenium.ElementNotVisibleException: element not visible
  (Session info: chrome=69.0.3497.100)
  (Driver info: chromedriver=2.35.528161 (5b82f2d2aae0ca24b877009200ced9065a772e73),platform=Windows NT 10.0.16299 x86_64) (WARNING: The server did not provide any stacktrace information)
Command duration or timeout: 0 milliseconds
Build info: version: '3.7.1', revision: '8a0099a', time: '2017-11-06T21:07:36.161Z'
System info: host: 'DESKTOP-IC62SMV', ip: '192.168.4.18', os.name: 'Windows 10', os.arch: 'amd64', os.version: '10.0', java.version: '1.8.0_102'
Driver info: com.kms.katalon.selenium.driver.CChromeDriver
Capabilities {acceptInsecureCerts: false, acceptSslCerts: false, applicationCacheEnabled: false, browserConnectionEnabled: false, browserName: chrome, chrome: {chromedriverVersion: 2.35.528161 (5b82f2d2aae0ca..., userDataDir: C:\Users\Braseela\AppData\L...}, cssSelectorsEnabled: true, databaseEnabled: false, handlesAlerts: true, hasTouchScreen: false, javascriptEnabled: true, locationContextEnabled: true, mobileEmulationEnabled: false, nativeEvents: true, networkConnectionEnabled: false, pageLoadStrategy: normal, platform: XP, platformName: XP, rotatable: false, setWindowRect: true, takesHeapSnapshot: true, takesScreenshot: true, unexpectedAlertBehaviour: , unhandledPromptBehavior: , version: 69.0.3497.100, webStorageEnabled: true}
Session ID: 01d916ce783e993dc3110e391c6e90ae)
[[ATTACHMENT|D:\\Repo\\InApp-QA-Automation\\Mpulse_Automation\\Reports\\Test Suite For Demo\\20180920_141921\\1537435300130.png]]

2018-09-20 14:51:40 - [MESSAGE][PASSED] - Wait for page load successfully

2018-09-20 14:51:43 - [MESSAGE][PASSED] - Delayed 3 second(s)

2018-09-20 14:51:43 - [MESSAGE][PASSED] - Object 'Object Repository/workOrder/hideMenu' is present

2018-09-20 14:51:44 - [MESSAGE][FAILED] - Unable to click on object 'Object Repository/workOrder/hideMenu' (Root cause: org.openqa.selenium.ElementNotVisibleException: element not visible
  (Session info: chrome=69.0.3497.100)
  (Driver info: chromedriver=2.35.528161 (5b82f2d2aae0ca24b877009200ced9065a772e73),platform=Windows NT 10.0.16299 x86_64) (WARNING: The server did not provide any stacktrace information)
Command duration or timeout: 0 milliseconds
Build info: version: '3.7.1', revision: '8a0099a', time: '2017-11-06T21:07:36.161Z'
System info: host: 'DESKTOP-IC62SMV', ip: '192.168.4.18', os.name: 'Windows 10', os.arch: 'amd64', os.version: '10.0', java.version: '1.8.0_102'
Driver info: com.kms.katalon.selenium.driver.CChromeDriver
Capabilities {acceptInsecureCerts: false, acceptSslCerts: false, applicationCacheEnabled: false, browserConnectionEnabled: false, browserName: chrome, chrome: {chromedriverVersion: 2.35.528161 (5b82f2d2aae0ca..., userDataDir: C:\Users\Braseela\AppData\L...}, cssSelectorsEnabled: true, databaseEnabled: false, handlesAlerts: true, hasTouchScreen: false, javascriptEnabled: true, locationContextEnabled: true, mobileEmulationEnabled: false, nativeEvents: true, networkConnectionEnabled: false, pageLoadStrategy: normal, platform: XP, platformName: XP, rotatable: false, setWindowRect: true, takesHeapSnapshot: true, takesScreenshot: true, unexpectedAlertBehaviour: , unhandledPromptBehavior: , version: 69.0.3497.100, webStorageEnabled: true}
Session ID: 01d916ce783e993dc3110e391c6e90ae)
[[ATTACHMENT|D:\\Repo\\InApp-QA-Automation\\Mpulse_Automation\\Reports\\Test Suite For Demo\\20180920_141921\\1537435303707.png]]

2018-09-20 14:51:44 - [MESSAGE][PASSED] - Wait for page load successfully

2018-09-20 14:51:47 - [MESSAGE][PASSED] - Delayed 3 second(s)

2018-09-20 14:51:47 - [MESSAGE][PASSED] - Object 'Object Repository/workOrder/expandAndMinimize' is present

2018-09-20 14:51:52 - [MESSAGE][PASSED] - Delayed 5 second(s)

2018-09-20 14:51:53 - [MESSAGE][PASSED] - Object: 'Object Repository/workOrder/expandAndMinimize' is clicked on

2018-09-20 14:51:56 - [MESSAGE][PASSED] - Delayed 3 second(s)

2018-09-20 14:51:56 - [MESSAGE][PASSED] - Angular is ready.

2018-09-20 14:52:27 - [MESSAGE][FAILED] - Unable to clear text of object 'Object Repository/workOrder/listsearch' (Root cause: com.kms.katalon.core.webui.exception.WebElementNotFoundException: Web element with id: 'Object Repository/workOrder/listsearch' located by 'By.xpath: //td[@aria-label="Column ID#, Filter cell"]//input[@role='textbox']' not found)
[[ATTACHMENT|D:\\Repo\\InApp-QA-Automation\\Mpulse_Automation\\Reports\\Test Suite For Demo\\20180920_141921\\1537435347186.png]]

2018-09-20 14:52:27 - [MESSAGE][FAILED] - Unable to clear text of object 'Object Repository/workOrder/listsearch' (Root cause: com.kms.katalon.core.webui.exception.WebElementNotFoundException: Web element with id: 'Object Repository/workOrder/listsearch' located by 'By.xpath: //td[@aria-label="Column ID#, Filter cell"]//input[@role='textbox']' not found)]]></system-out>
         <system-err><![CDATA[2018-09-20 14:50:55 - [TEST_CASE][FAILED] - Test Cases/SANT-TC-054_List View_Column Filter: Test Cases/SANT-TC-054_List View_Column Filter FAILED because (of) Unable to clear text of object 'Object Repository/workOrder/listsearch' (Root cause: com.kms.katalon.core.webui.exception.WebElementNotFoundException: Web element with id: 'Object Repository/workOrder/listsearch' located by 'By.xpath: //td[@aria-label="Column ID#, Filter cell"]//input[@role='textbox']' not found)]]></system-err>
      </testcase>
      <testcase name="Test Cases/SANT-TC-055_List View_Row Filter" classname="Test Cases/SANT-TC-055_List View_Row Filter" status="PASSED">
         <system-out><![CDATA[2018-09-20 14:52:27 - [TEST_CASE][PASSED] - Test Cases/SANT-TC-055_List View_Row Filter: Test Cases/SANT-TC-055_List View_Row Filter

2018-09-20 14:52:27 - [TEST_STEP][PASSED] - search.List_View_Search.listViewSearch_Row: search.List_View_Search.listViewSearch_Row is PASSED

2018-09-20 14:52:27 - [MESSAGE][WARNING] - A browser is already opened. Closing browser and opening a new one

2018-09-20 14:52:30 - [MESSAGE][PASSED] - Browser is opened with url: ''

2018-09-20 14:52:31 - [MESSAGE][PASSED] - Current window maximized

2018-09-20 14:52:39 - [MESSAGE][PASSED] - Navigate to 'https://mpulse8.com/#/' successfully

2018-09-20 14:52:39 - [MESSAGE][PASSED] - Object 'Object Repository/loginPage/username' is clickable

2018-09-20 14:52:40 - [MESSAGE][PASSED] - Text 'abhi' is set on object 'Object Repository/loginPage/username'

2018-09-20 14:52:40 - [MESSAGE][PASSED] - Text '123456' is set on object 'Object Repository/loginPage/password'

2018-09-20 14:52:40 - [MESSAGE][PASSED] - Keys 'mpulse8_inapp' sent to object: 'Object Repository/loginPage/database_name'

2018-09-20 14:52:40 - [MESSAGE][PASSED] - Object: 'Object Repository/loginPage/Login_btn' is clicked on

2018-09-20 14:52:40 - [MESSAGE][PASSED] - Wait for page load successfully

2018-09-20 14:52:48 - [MESSAGE][PASSED] - Delayed 8 second(s)

2018-09-20 14:52:59 - [MESSAGE][PASSED] - Object: 'Object Repository/workOrder/workOrders' is clicked on

2018-09-20 14:52:59 - [MESSAGE][PASSED] - Object: 'Object Repository/workOrder/WORecords' is clicked on

2018-09-20 14:53:02 - [MESSAGE][PASSED] - Delayed 3 second(s)

2018-09-20 14:53:05 - [MESSAGE][PASSED] - Delayed 3 second(s)

2018-09-20 14:53:07 - [MESSAGE][FAILED] - Unable to click on object 'Object Repository/workOrder/cancel' (Root cause: org.openqa.selenium.ElementNotVisibleException: element not visible
  (Session info: chrome=69.0.3497.100)
  (Driver info: chromedriver=2.35.528161 (5b82f2d2aae0ca24b877009200ced9065a772e73),platform=Windows NT 10.0.16299 x86_64) (WARNING: The server did not provide any stacktrace information)
Command duration or timeout: 0 milliseconds
Build info: version: '3.7.1', revision: '8a0099a', time: '2017-11-06T21:07:36.161Z'
System info: host: 'DESKTOP-IC62SMV', ip: '192.168.4.18', os.name: 'Windows 10', os.arch: 'amd64', os.version: '10.0', java.version: '1.8.0_102'
Driver info: com.kms.katalon.selenium.driver.CChromeDriver
Capabilities {acceptInsecureCerts: false, acceptSslCerts: false, applicationCacheEnabled: false, browserConnectionEnabled: false, browserName: chrome, chrome: {chromedriverVersion: 2.35.528161 (5b82f2d2aae0ca..., userDataDir: C:\Users\Braseela\AppData\L...}, cssSelectorsEnabled: true, databaseEnabled: false, handlesAlerts: true, hasTouchScreen: false, javascriptEnabled: true, locationContextEnabled: true, mobileEmulationEnabled: false, nativeEvents: true, networkConnectionEnabled: false, pageLoadStrategy: normal, platform: XP, platformName: XP, rotatable: false, setWindowRect: true, takesHeapSnapshot: true, takesScreenshot: true, unexpectedAlertBehaviour: , unhandledPromptBehavior: , version: 69.0.3497.100, webStorageEnabled: true}
Session ID: 2199c9b62332465657a135adcb48c7f4)
[[ATTACHMENT|D:\\Repo\\InApp-QA-Automation\\Mpulse_Automation\\Reports\\Test Suite For Demo\\20180920_141921\\1537435387522.png]]

2018-09-20 14:53:07 - [MESSAGE][PASSED] - Wait for page load successfully

2018-09-20 14:53:10 - [MESSAGE][PASSED] - Delayed 3 second(s)

2018-09-20 14:53:10 - [MESSAGE][PASSED] - Object 'Object Repository/workOrder/hideMenu' is present

2018-09-20 14:53:11 - [MESSAGE][FAILED] - Unable to click on object 'Object Repository/workOrder/hideMenu' (Root cause: org.openqa.selenium.ElementNotVisibleException: element not visible
  (Session info: chrome=69.0.3497.100)
  (Driver info: chromedriver=2.35.528161 (5b82f2d2aae0ca24b877009200ced9065a772e73),platform=Windows NT 10.0.16299 x86_64) (WARNING: The server did not provide any stacktrace information)
Command duration or timeout: 0 milliseconds
Build info: version: '3.7.1', revision: '8a0099a', time: '2017-11-06T21:07:36.161Z'
System info: host: 'DESKTOP-IC62SMV', ip: '192.168.4.18', os.name: 'Windows 10', os.arch: 'amd64', os.version: '10.0', java.version: '1.8.0_102'
Driver info: com.kms.katalon.selenium.driver.CChromeDriver
Capabilities {acceptInsecureCerts: false, acceptSslCerts: false, applicationCacheEnabled: false, browserConnectionEnabled: false, browserName: chrome, chrome: {chromedriverVersion: 2.35.528161 (5b82f2d2aae0ca..., userDataDir: C:\Users\Braseela\AppData\L...}, cssSelectorsEnabled: true, databaseEnabled: false, handlesAlerts: true, hasTouchScreen: false, javascriptEnabled: true, locationContextEnabled: true, mobileEmulationEnabled: false, nativeEvents: true, networkConnectionEnabled: false, pageLoadStrategy: normal, platform: XP, platformName: XP, rotatable: false, setWindowRect: true, takesHeapSnapshot: true, takesScreenshot: true, unexpectedAlertBehaviour: , unhandledPromptBehavior: , version: 69.0.3497.100, webStorageEnabled: true}
Session ID: 2199c9b62332465657a135adcb48c7f4)
[[ATTACHMENT|D:\\Repo\\InApp-QA-Automation\\Mpulse_Automation\\Reports\\Test Suite For Demo\\20180920_141921\\1537435390972.png]]

2018-09-20 14:53:11 - [MESSAGE][PASSED] - Wait for page load successfully

2018-09-20 14:53:14 - [MESSAGE][PASSED] - Delayed 3 second(s)

2018-09-20 14:53:14 - [MESSAGE][PASSED] - Object 'Object Repository/workOrder/expandAndMinimize' is present

2018-09-20 14:53:19 - [MESSAGE][PASSED] - Delayed 5 second(s)

2018-09-20 14:53:20 - [MESSAGE][PASSED] - Object: 'Object Repository/workOrder/expandAndMinimize' is clicked on

2018-09-20 14:53:23 - [MESSAGE][PASSED] - Delayed 3 second(s)

2018-09-20 14:53:23 - [MESSAGE][PASSED] - Angular is ready.

2018-09-20 14:53:28 - [MESSAGE][PASSED] - Delayed 5 second(s)

2018-09-20 14:53:29 - [MESSAGE][PASSED] - Object: 'Object Repository/workOrder/layoutlist' is clicked on

2018-09-20 14:53:34 - [MESSAGE][PASSED] - Delayed 5 second(s)

2018-09-20 14:53:35 - [MESSAGE][PASSED] - Angular is ready.

2018-09-20 14:53:35 - [MESSAGE][PASSED] - Scroll to object 'Object Repository/workOrder/sellay' successfully

2018-09-20 14:53:35 - [MESSAGE][PASSED] - Object: 'Object Repository/workOrder/sellay' is clicked on

2018-09-20 14:53:40 - [MESSAGE][PASSED] - Attribute 'title' of object 'Object Repository/workOrder/wo_fromlist' is: 'WKO-04721'

2018-09-20 14:53:43 - [MESSAGE][PASSED] - Delayed 3 second(s)

2018-09-20 14:53:43 - [MESSAGE][PASSED] - Text 'WKO-04721' is set on object 'Object Repository/workOrder/listsearch'

2018-09-20 14:53:48 - [MESSAGE][PASSED] - Delayed 5 second(s)

2018-09-20 14:53:48 - [MESSAGE][PASSED] - Object 'Object Repository/workOrder/groupAndType' is present

2018-09-20 14:53:48 - [MESSAGE][PASSED] - search.List_View_Search.listViewSearch_Row is PASSED

2018-09-20 14:53:48 - [TEST_STEP][PASSED] - commonUtils.Common.logoutAndCloseBrowser: commonUtils.Common.logoutAndCloseBrowser is PASSED

2018-09-20 14:53:53 - [MESSAGE][PASSED] - Delayed 5 second(s)

2018-09-20 14:53:54 - [MESSAGE][PASSED] - Object: 'Object Repository/homePage/settings' is clicked on

2018-09-20 14:53:54 - [MESSAGE][PASSED] - Object: 'Object Repository/workOrder/WORecords' is clicked on

2018-09-20 14:53:54 - [MESSAGE][PASSED] - Object 'Object Repository/loginPage/username' is present

2018-09-20 14:53:55 - [MESSAGE][PASSED] - Browser is closed

2018-09-20 14:53:55 - [MESSAGE][PASSED] - commonUtils.Common.logoutAndCloseBrowser is PASSED]]></system-out>
         <system-err><![CDATA[]]></system-err>
      </testcase>
      <testcase name="Test Cases/SANT-TC-058_List View_EditAndSave" classname="Test Cases/SANT-TC-058_List View_EditAndSave" status="PASSED">
         <system-out><![CDATA[2018-09-20 14:53:55 - [TEST_CASE][PASSED] - Test Cases/SANT-TC-058_List View_EditAndSave: Test Cases/SANT-TC-058_List View_EditAndSave

2018-09-20 14:53:55 - [TEST_STEP][PASSED] - Statement - woDescription = com.kms.katalon.core.testdata.TestDataFactory.findTestData(workOrder/workOrder).getValue(1, 1): Test data is internal data, reading internal data

2018-09-20 14:53:55 - [TEST_STEP][PASSED] - Statement - WO_name = woDescription + java.lang.System.currentTimeMillis(): null

2018-09-20 14:53:55 - [TEST_STEP][PASSED] - work_Order.WO_EditAndSave_ListLayout.editAndSave: work_Order.WO_EditAndSave_ListLayout.editAndSave is PASSED

2018-09-20 14:53:57 - [MESSAGE][PASSED] - Browser is opened with url: ''

2018-09-20 14:53:58 - [MESSAGE][PASSED] - Current window maximized

2018-09-20 14:54:14 - [MESSAGE][PASSED] - Navigate to 'https://mpulse8.com/#/' successfully

2018-09-20 14:54:14 - [MESSAGE][PASSED] - Object 'Object Repository/loginPage/username' is clickable

2018-09-20 14:54:14 - [MESSAGE][PASSED] - Text 'abhi' is set on object 'Object Repository/loginPage/username'

2018-09-20 14:54:14 - [MESSAGE][PASSED] - Text '123456' is set on object 'Object Repository/loginPage/password'

2018-09-20 14:54:15 - [MESSAGE][PASSED] - Keys 'mpulse8_inapp' sent to object: 'Object Repository/loginPage/database_name'

2018-09-20 14:54:15 - [MESSAGE][PASSED] - Object: 'Object Repository/loginPage/Login_btn' is clicked on

2018-09-20 14:54:15 - [MESSAGE][PASSED] - Wait for page load successfully

2018-09-20 14:54:23 - [MESSAGE][PASSED] - Delayed 8 second(s)

2018-09-20 14:54:54 - [MESSAGE][FAILED] - Unable to click on object 'Object Repository/workOrder/workOrders' (Root cause: com.kms.katalon.core.webui.exception.WebElementNotFoundException: Web element with id: 'Object Repository/workOrder/workOrders' located by 'By.xpath: //span[@title='Work Orders' or @class='work']' not found)
[[ATTACHMENT|D:\\Repo\\InApp-QA-Automation\\Mpulse_Automation\\Reports\\Test Suite For Demo\\20180920_141921\\1537435494286.png]]

2018-09-20 14:54:54 - [MESSAGE][PASSED] - Wait for page load successfully

2018-09-20 14:55:02 - [MESSAGE][PASSED] - Delayed 8 second(s)

2018-09-20 14:55:02 - [MESSAGE][PASSED] - Object: 'Object Repository/workOrder/workOrders' is clicked on

2018-09-20 14:55:03 - [MESSAGE][PASSED] - Object: 'Object Repository/workOrder/WORecords' is clicked on

2018-09-20 14:55:03 - [MESSAGE][PASSED] - Wait for page load successfully

2018-09-20 14:55:06 - [MESSAGE][PASSED] - Delayed 3 second(s)

2018-09-20 14:55:14 - [MESSAGE][FAILED] - Unable to click on object 'Object Repository/workOrder/cancel' (Root cause: org.openqa.selenium.ElementNotVisibleException: element not visible
  (Session info: chrome=69.0.3497.100)
  (Driver info: chromedriver=2.35.528161 (5b82f2d2aae0ca24b877009200ced9065a772e73),platform=Windows NT 10.0.16299 x86_64) (WARNING: The server did not provide any stacktrace information)
Command duration or timeout: 0 milliseconds
Build info: version: '3.7.1', revision: '8a0099a', time: '2017-11-06T21:07:36.161Z'
System info: host: 'DESKTOP-IC62SMV', ip: '192.168.4.18', os.name: 'Windows 10', os.arch: 'amd64', os.version: '10.0', java.version: '1.8.0_102'
Driver info: com.kms.katalon.selenium.driver.CChromeDriver
Capabilities {acceptInsecureCerts: false, acceptSslCerts: false, applicationCacheEnabled: false, browserConnectionEnabled: false, browserName: chrome, chrome: {chromedriverVersion: 2.35.528161 (5b82f2d2aae0ca..., userDataDir: C:\Users\Braseela\AppData\L...}, cssSelectorsEnabled: true, databaseEnabled: false, handlesAlerts: true, hasTouchScreen: false, javascriptEnabled: true, locationContextEnabled: true, mobileEmulationEnabled: false, nativeEvents: true, networkConnectionEnabled: false, pageLoadStrategy: normal, platform: XP, platformName: XP, rotatable: false, setWindowRect: true, takesHeapSnapshot: true, takesScreenshot: true, unexpectedAlertBehaviour: , unhandledPromptBehavior: , version: 69.0.3497.100, webStorageEnabled: true}
Session ID: d8cf44762b0c1fa2ca79227ea480baa6)
[[ATTACHMENT|D:\\Repo\\InApp-QA-Automation\\Mpulse_Automation\\Reports\\Test Suite For Demo\\20180920_141921\\1537435514219.png]]

2018-09-20 14:55:14 - [MESSAGE][PASSED] - Wait for page load successfully

2018-09-20 14:55:17 - [MESSAGE][PASSED] - Delayed 3 second(s)

2018-09-20 14:55:17 - [MESSAGE][PASSED] - Object 'Object Repository/workOrder/hideMenu' is present

2018-09-20 14:55:18 - [MESSAGE][FAILED] - Unable to click on object 'Object Repository/workOrder/hideMenu' (Root cause: org.openqa.selenium.ElementNotVisibleException: element not visible
  (Session info: chrome=69.0.3497.100)
  (Driver info: chromedriver=2.35.528161 (5b82f2d2aae0ca24b877009200ced9065a772e73),platform=Windows NT 10.0.16299 x86_64) (WARNING: The server did not provide any stacktrace information)
Command duration or timeout: 0 milliseconds
Build info: version: '3.7.1', revision: '8a0099a', time: '2017-11-06T21:07:36.161Z'
System info: host: 'DESKTOP-IC62SMV', ip: '192.168.4.18', os.name: 'Windows 10', os.arch: 'amd64', os.version: '10.0', java.version: '1.8.0_102'
Driver info: com.kms.katalon.selenium.driver.CChromeDriver
Capabilities {acceptInsecureCerts: false, acceptSslCerts: false, applicationCacheEnabled: false, browserConnectionEnabled: false, browserName: chrome, chrome: {chromedriverVersion: 2.35.528161 (5b82f2d2aae0ca..., userDataDir: C:\Users\Braseela\AppData\L...}, cssSelectorsEnabled: true, databaseEnabled: false, handlesAlerts: true, hasTouchScreen: false, javascriptEnabled: true, locationContextEnabled: true, mobileEmulationEnabled: false, nativeEvents: true, networkConnectionEnabled: false, pageLoadStrategy: normal, platform: XP, platformName: XP, rotatable: false, setWindowRect: true, takesHeapSnapshot: true, takesScreenshot: true, unexpectedAlertBehaviour: , unhandledPromptBehavior: , version: 69.0.3497.100, webStorageEnabled: true}
Session ID: d8cf44762b0c1fa2ca79227ea480baa6)
[[ATTACHMENT|D:\\Repo\\InApp-QA-Automation\\Mpulse_Automation\\Reports\\Test Suite For Demo\\20180920_141921\\1537435517728.png]]

2018-09-20 14:55:18 - [MESSAGE][PASSED] - Wait for page load successfully

2018-09-20 14:55:21 - [MESSAGE][PASSED] - Delayed 3 second(s)

2018-09-20 14:55:21 - [MESSAGE][PASSED] - Object 'Object Repository/workOrder/expandAndMinimize' is present

2018-09-20 14:55:26 - [MESSAGE][PASSED] - Delayed 5 second(s)

2018-09-20 14:55:26 - [MESSAGE][PASSED] - Object: 'Object Repository/workOrder/expandAndMinimize' is clicked on

2018-09-20 14:55:29 - [MESSAGE][PASSED] - Delayed 3 second(s)

2018-09-20 14:55:29 - [MESSAGE][PASSED] - Angular is ready.

2018-09-20 14:55:34 - [MESSAGE][PASSED] - Delayed 5 second(s)

2018-09-20 14:55:35 - [MESSAGE][PASSED] - Object: 'Object Repository/workOrder/layoutlist' is clicked on

2018-09-20 14:55:40 - [MESSAGE][PASSED] - Delayed 5 second(s)

2018-09-20 14:55:41 - [MESSAGE][PASSED] - Angular is ready.

2018-09-20 14:55:41 - [MESSAGE][PASSED] - Scroll to object 'Object Repository/workOrder/sellay' successfully

2018-09-20 14:55:41 - [MESSAGE][PASSED] - Object: 'Object Repository/workOrder/sellay' is clicked on

2018-09-20 14:55:42 - [MESSAGE][PASSED] - Attribute 'title' of object 'Object Repository/workOrder/wo_fromlist' is: 'WKO-01950'

2018-09-20 14:55:47 - [MESSAGE][PASSED] - Delayed 5 second(s)

2018-09-20 14:55:47 - [MESSAGE][PASSED] - Object: 'Object Repository/workOrder/wo_fromlist' is clicked on

2018-09-20 14:55:52 - [MESSAGE][PASSED] - Delayed 5 second(s)

2018-09-20 14:55:52 - [MESSAGE][PASSED] - Object: 'Object Repository/workOrder/edit_list' is clicked on

2018-09-20 14:55:54 - [MESSAGE][PASSED] - Angular is ready.

2018-09-20 14:55:55 - [MESSAGE][PASSED] - Text 'WO Sanity Test_1537435435565' is set on object 'Object Repository/workOrder/edit_wo'

2018-09-20 14:55:55 - [MESSAGE][PASSED] - Angular is ready.

2018-09-20 14:55:56 - [MESSAGE][PASSED] - Object: 'Object Repository/workOrder/Save_ListLayout' is clicked on

2018-09-20 14:55:56 - [MESSAGE][PASSED] - Wait for page load successfully

2018-09-20 14:55:56 - [MESSAGE][PASSED] - Object 'Object Repository/workOrder/created_WO_List' is present

2018-09-20 14:55:56 - [MESSAGE][PASSED] - work_Order.WO_EditAndSave_ListLayout.editAndSave is PASSED

2018-09-20 14:55:56 - [TEST_STEP][PASSED] - commonUtils.Common.logoutAndCloseBrowser: commonUtils.Common.logoutAndCloseBrowser is PASSED

2018-09-20 14:56:01 - [MESSAGE][PASSED] - Delayed 5 second(s)

2018-09-20 14:56:01 - [MESSAGE][PASSED] - Object: 'Object Repository/homePage/settings' is clicked on

2018-09-20 14:56:02 - [MESSAGE][PASSED] - Object: 'Object Repository/workOrder/WORecords' is clicked on

2018-09-20 14:56:02 - [MESSAGE][PASSED] - Object 'Object Repository/loginPage/username' is present

2018-09-20 14:56:02 - [MESSAGE][PASSED] - Browser is closed

2018-09-20 14:56:02 - [MESSAGE][PASSED] - commonUtils.Common.logoutAndCloseBrowser is PASSED]]></system-out>
         <system-err><![CDATA[]]></system-err>
      </testcase>
      <testcase name="Test Cases/SANT-TC-066,067_WO_Media_Upload and Verify" classname="Test Cases/SANT-TC-066,067_WO_Media_Upload and Verify" status="PASSED">
         <system-out><![CDATA[2018-09-20 14:56:02 - [TEST_CASE][PASSED] - Test Cases/SANT-TC-066,067_WO_Media_Upload and Verify: Test Cases/SANT-TC-066,067_WO_Media_Upload and Verify

2018-09-20 14:56:03 - [TEST_STEP][PASSED] - Statement - woDescription = com.kms.katalon.core.testdata.TestDataFactory.findTestData(workOrder/workOrder).getValue(1, 1): Test data is internal data, reading internal data

2018-09-20 14:56:03 - [TEST_STEP][PASSED] - Statement - media = com.kms.katalon.core.testdata.TestDataFactory.findTestData(workOrder/workOrder).getValue(5, 1): Test data is internal data, reading internal data

2018-09-20 14:56:03 - [TEST_STEP][PASSED] - Statement - mediaName = media + java.lang.System.currentTimeMillis(): null

2018-09-20 14:56:03 - [TEST_STEP][PASSED] - media.uploadMediatoWO.uploadMedia: media.uploadMediatoWO.uploadMedia is PASSED

2018-09-20 14:56:05 - [MESSAGE][PASSED] - Browser is opened with url: ''

2018-09-20 14:56:06 - [MESSAGE][PASSED] - Current window maximized

2018-09-20 14:56:16 - [MESSAGE][PASSED] - Navigate to 'https://mpulse8.com/#/' successfully

2018-09-20 14:56:16 - [MESSAGE][PASSED] - Object 'Object Repository/loginPage/username' is clickable

2018-09-20 14:56:16 - [MESSAGE][PASSED] - Text 'abhi' is set on object 'Object Repository/loginPage/username'

2018-09-20 14:56:16 - [MESSAGE][PASSED] - Text '123456' is set on object 'Object Repository/loginPage/password'

2018-09-20 14:56:16 - [MESSAGE][PASSED] - Keys 'mpulse8_inapp' sent to object: 'Object Repository/loginPage/database_name'

2018-09-20 14:56:17 - [MESSAGE][PASSED] - Object: 'Object Repository/loginPage/Login_btn' is clicked on

2018-09-20 14:56:17 - [MESSAGE][PASSED] - Wait for page load successfully

2018-09-20 14:56:25 - [MESSAGE][PASSED] - Delayed 8 second(s)

2018-09-20 14:56:38 - [MESSAGE][PASSED] - Object: 'Object Repository/workOrder/workOrders' is clicked on

2018-09-20 14:56:39 - [MESSAGE][PASSED] - Object: 'Object Repository/workOrder/WORecords' is clicked on

2018-09-20 14:56:39 - [MESSAGE][PASSED] - Wait for page load successfully

2018-09-20 14:56:42 - [MESSAGE][PASSED] - Delayed 3 second(s)

2018-09-20 14:56:46 - [MESSAGE][FAILED] - Unable to click on object 'Object Repository/workOrder/cancel' (Root cause: org.openqa.selenium.ElementNotVisibleException: element not visible
  (Session info: chrome=69.0.3497.100)
  (Driver info: chromedriver=2.35.528161 (5b82f2d2aae0ca24b877009200ced9065a772e73),platform=Windows NT 10.0.16299 x86_64) (WARNING: The server did not provide any stacktrace information)
Command duration or timeout: 0 milliseconds
Build info: version: '3.7.1', revision: '8a0099a', time: '2017-11-06T21:07:36.161Z'
System info: host: 'DESKTOP-IC62SMV', ip: '192.168.4.18', os.name: 'Windows 10', os.arch: 'amd64', os.version: '10.0', java.version: '1.8.0_102'
Driver info: com.kms.katalon.selenium.driver.CChromeDriver
Capabilities {acceptInsecureCerts: false, acceptSslCerts: false, applicationCacheEnabled: false, browserConnectionEnabled: false, browserName: chrome, chrome: {chromedriverVersion: 2.35.528161 (5b82f2d2aae0ca..., userDataDir: C:\Users\Braseela\AppData\L...}, cssSelectorsEnabled: true, databaseEnabled: false, handlesAlerts: true, hasTouchScreen: false, javascriptEnabled: true, locationContextEnabled: true, mobileEmulationEnabled: false, nativeEvents: true, networkConnectionEnabled: false, pageLoadStrategy: normal, platform: XP, platformName: XP, rotatable: false, setWindowRect: true, takesHeapSnapshot: true, takesScreenshot: true, unexpectedAlertBehaviour: , unhandledPromptBehavior: , version: 69.0.3497.100, webStorageEnabled: true}
Session ID: c788045b918fbcb6598539fa109bd08a)
[[ATTACHMENT|D:\\Repo\\InApp-QA-Automation\\Mpulse_Automation\\Reports\\Test Suite For Demo\\20180920_141921\\1537435606101.png]]

2018-09-20 14:56:46 - [MESSAGE][PASSED] - Wait for page load successfully

2018-09-20 14:56:49 - [MESSAGE][PASSED] - Delayed 3 second(s)

2018-09-20 14:56:49 - [MESSAGE][PASSED] - Object 'Object Repository/workOrder/hideMenu' is present

2018-09-20 14:56:49 - [MESSAGE][FAILED] - Unable to click on object 'Object Repository/workOrder/hideMenu' (Root cause: org.openqa.selenium.ElementNotVisibleException: element not visible
  (Session info: chrome=69.0.3497.100)
  (Driver info: chromedriver=2.35.528161 (5b82f2d2aae0ca24b877009200ced9065a772e73),platform=Windows NT 10.0.16299 x86_64) (WARNING: The server did not provide any stacktrace information)
Command duration or timeout: 0 milliseconds
Build info: version: '3.7.1', revision: '8a0099a', time: '2017-11-06T21:07:36.161Z'
System info: host: 'DESKTOP-IC62SMV', ip: '192.168.4.18', os.name: 'Windows 10', os.arch: 'amd64', os.version: '10.0', java.version: '1.8.0_102'
Driver info: com.kms.katalon.selenium.driver.CChromeDriver
Capabilities {acceptInsecureCerts: false, acceptSslCerts: false, applicationCacheEnabled: false, browserConnectionEnabled: false, browserName: chrome, chrome: {chromedriverVersion: 2.35.528161 (5b82f2d2aae0ca..., userDataDir: C:\Users\Braseela\AppData\L...}, cssSelectorsEnabled: true, databaseEnabled: false, handlesAlerts: true, hasTouchScreen: false, javascriptEnabled: true, locationContextEnabled: true, mobileEmulationEnabled: false, nativeEvents: true, networkConnectionEnabled: false, pageLoadStrategy: normal, platform: XP, platformName: XP, rotatable: false, setWindowRect: true, takesHeapSnapshot: true, takesScreenshot: true, unexpectedAlertBehaviour: , unhandledPromptBehavior: , version: 69.0.3497.100, webStorageEnabled: true}
Session ID: c788045b918fbcb6598539fa109bd08a)
[[ATTACHMENT|D:\\Repo\\InApp-QA-Automation\\Mpulse_Automation\\Reports\\Test Suite For Demo\\20180920_141921\\1537435609569.png]]

2018-09-20 14:56:49 - [MESSAGE][PASSED] - Wait for page load successfully

2018-09-20 14:56:52 - [MESSAGE][PASSED] - Delayed 3 second(s)

2018-09-20 14:56:52 - [MESSAGE][PASSED] - Object 'Object Repository/workOrder/expandAndMinimize' is present

2018-09-20 14:56:57 - [MESSAGE][PASSED] - Delayed 5 second(s)

2018-09-20 14:56:58 - [MESSAGE][PASSED] - Object: 'Object Repository/workOrder/expandAndMinimize' is clicked on

2018-09-20 14:57:01 - [MESSAGE][PASSED] - Delayed 3 second(s)

2018-09-20 14:57:01 - [MESSAGE][PASSED] - Wait for page load successfully

2018-09-20 14:57:01 - [MESSAGE][PASSED] - Object: 'Object Repository/workOrder/wolayout' is clicked on

2018-09-20 14:57:03 - [MESSAGE][PASSED] - Angular is ready.

2018-09-20 14:57:04 - [MESSAGE][PASSED] - Scroll to object 'Object Repository/SMR/scrollcontainer' successfully

2018-09-20 14:57:04 - [MESSAGE][PASSED] - Object: 'Object Repository/SMR/scrollcontainer' is clicked on

2018-09-20 14:57:07 - [MESSAGE][PASSED] - Angular is ready.

2018-09-20 14:57:10 - [MESSAGE][PASSED] - Delayed 3 second(s)

2018-09-20 14:57:11 - [MESSAGE][PASSED] - Object: 'Object Repository/workOrder/expandAndMinimize' is clicked on

2018-09-20 14:57:11 - [MESSAGE][PASSED] - Wait for page load successfully

2018-09-20 14:57:12 - [MESSAGE][PASSED] - Angular is ready.

2018-09-20 14:57:13 - [MESSAGE][PASSED] - Object: 'Object Repository/workOrder/workOrderTabs' is clicked on

2018-09-20 14:57:13 - [MESSAGE][PASSED] - Object 'Object Repository/workOrder/link_Asset_Task_Inventory' is clickable

2018-09-20 14:57:13 - [MESSAGE][PASSED] - Wait for page load successfully

2018-09-20 14:57:14 - [MESSAGE][PASSED] - Object: 'Object Repository/workOrder/link_Asset_Task_Inventory' is clicked on

2018-09-20 14:57:14 - [MESSAGE][PASSED] - Wait for page load successfully

2018-09-20 14:57:14 - [MESSAGE][PASSED] - File 'C:\Users\Braseela\\Documents\\sample.pdf' sent to object: 'Object Repository/SMR/choosefile'

2018-09-20 14:57:14 - [MESSAGE][PASSED] - Angular is ready.

2018-09-20 14:57:14 - [MESSAGE][PASSED] - Wait for page load successfully

2018-09-20 14:57:14 - [MESSAGE][PASSED] - Object 'Object Repository/workOrder/media_desc' is present

2018-09-20 14:57:14 - [MESSAGE][PASSED] - Text of object 'Object Repository/workOrder/media_desc' is cleared

2018-09-20 14:57:16 - [MESSAGE][PASSED] - Text 'Test Sanity Media1537435563101' is set on object 'Object Repository/workOrder/media_desc'

2018-09-20 14:57:16 - [MESSAGE][PASSED] - Object: 'Object Repository/SMR/upload' is clicked on

2018-09-20 14:57:18 - [MESSAGE][PASSED] - Object 'Object Repository/workOrder/media_verify' is present

2018-09-20 14:57:18 - [MESSAGE][PASSED] - Object 'Object Repository/workOrder/media_verify' is present

2018-09-20 14:57:18 - [MESSAGE][PASSED] - Object 'Object Repository/workOrder/media_verify' is clickable

2018-09-20 14:57:18 - [MESSAGE][PASSED] - Object: 'Object Repository/workOrder/media_verify' is clicked on

2018-09-20 14:57:18 - [MESSAGE][PASSED] - Object: 'Object Repository/workOrder/media_lens' is clicked on

2018-09-20 14:57:19 - [MESSAGE][PASSED] - Angular is ready.

2018-09-20 14:57:29 - [MESSAGE][PASSED] - Delayed 10 second(s)

2018-09-20 14:57:29 - [MESSAGE][PASSED] - Object 'Object Repository/workOrder/media_container' is present

2018-09-20 14:57:29 - [MESSAGE][PASSED] - Object: 'Object Repository/workOrder/mediaclose' is clicked on

2018-09-20 14:57:29 - [MESSAGE][PASSED] - Angular is ready.

2018-09-20 14:57:29 - [MESSAGE][PASSED] - media.uploadMediatoWO.uploadMedia is PASSED

2018-09-20 14:57:29 - [TEST_STEP][PASSED] - commonUtils.Common.logoutAndCloseBrowser: commonUtils.Common.logoutAndCloseBrowser is PASSED

2018-09-20 14:57:34 - [MESSAGE][PASSED] - Delayed 5 second(s)

2018-09-20 14:57:35 - [MESSAGE][PASSED] - Object: 'Object Repository/homePage/settings' is clicked on

2018-09-20 14:57:35 - [MESSAGE][PASSED] - Object: 'Object Repository/workOrder/WORecords' is clicked on

2018-09-20 14:57:35 - [MESSAGE][PASSED] - Object 'Object Repository/loginPage/username' is present

2018-09-20 14:57:36 - [MESSAGE][PASSED] - Browser is closed

2018-09-20 14:57:36 - [MESSAGE][PASSED] - commonUtils.Common.logoutAndCloseBrowser is PASSED]]></system-out>
         <system-err><![CDATA[]]></system-err>
      </testcase>
      <testcase name="Test Cases/Layout_selection" classname="Test Cases/Layout_selection" status="PASSED">
         <system-out><![CDATA[2018-09-20 14:57:36 - [TEST_CASE][PASSED] - Test Cases/Layout_selection: Test Cases/Layout_selection

2018-09-20 14:57:36 - [TEST_STEP][PASSED] - commonUtils.layout_select.layout_selection: commonUtils.layout_select.layout_selection is PASSED

2018-09-20 14:57:38 - [MESSAGE][PASSED] - Browser is opened with url: ''

2018-09-20 14:57:39 - [MESSAGE][PASSED] - Current window maximized

2018-09-20 14:57:48 - [MESSAGE][PASSED] - Navigate to 'https://mpulse8.com/#/' successfully

2018-09-20 14:57:48 - [MESSAGE][PASSED] - Object 'Object Repository/loginPage/username' is clickable

2018-09-20 14:57:49 - [MESSAGE][PASSED] - Text 'abhi' is set on object 'Object Repository/loginPage/username'

2018-09-20 14:57:49 - [MESSAGE][PASSED] - Text '123456' is set on object 'Object Repository/loginPage/password'

2018-09-20 14:57:49 - [MESSAGE][PASSED] - Keys 'mpulse8_inapp' sent to object: 'Object Repository/loginPage/database_name'

2018-09-20 14:57:49 - [MESSAGE][PASSED] - Object: 'Object Repository/loginPage/Login_btn' is clicked on

2018-09-20 14:57:49 - [MESSAGE][PASSED] - Wait for page load successfully

2018-09-20 14:57:57 - [MESSAGE][PASSED] - Delayed 8 second(s)

2018-09-20 14:58:10 - [MESSAGE][PASSED] - Object: 'Object Repository/workOrder/workOrders' is clicked on

2018-09-20 14:58:10 - [MESSAGE][PASSED] - Object: 'Object Repository/workOrder/WORecords' is clicked on

2018-09-20 14:58:10 - [MESSAGE][PASSED] - Wait for page load successfully

2018-09-20 14:58:13 - [MESSAGE][PASSED] - Delayed 3 second(s)

2018-09-20 14:58:19 - [MESSAGE][FAILED] - Unable to click on object 'Object Repository/workOrder/cancel' (Root cause: org.openqa.selenium.ElementNotVisibleException: element not visible
  (Session info: chrome=69.0.3497.100)
  (Driver info: chromedriver=2.35.528161 (5b82f2d2aae0ca24b877009200ced9065a772e73),platform=Windows NT 10.0.16299 x86_64) (WARNING: The server did not provide any stacktrace information)
Command duration or timeout: 0 milliseconds
Build info: version: '3.7.1', revision: '8a0099a', time: '2017-11-06T21:07:36.161Z'
System info: host: 'DESKTOP-IC62SMV', ip: '192.168.4.18', os.name: 'Windows 10', os.arch: 'amd64', os.version: '10.0', java.version: '1.8.0_102'
Driver info: com.kms.katalon.selenium.driver.CChromeDriver
Capabilities {acceptInsecureCerts: false, acceptSslCerts: false, applicationCacheEnabled: false, browserConnectionEnabled: false, browserName: chrome, chrome: {chromedriverVersion: 2.35.528161 (5b82f2d2aae0ca..., userDataDir: C:\Users\Braseela\AppData\L...}, cssSelectorsEnabled: true, databaseEnabled: false, handlesAlerts: true, hasTouchScreen: false, javascriptEnabled: true, locationContextEnabled: true, mobileEmulationEnabled: false, nativeEvents: true, networkConnectionEnabled: false, pageLoadStrategy: normal, platform: XP, platformName: XP, rotatable: false, setWindowRect: true, takesHeapSnapshot: true, takesScreenshot: true, unexpectedAlertBehaviour: , unhandledPromptBehavior: , version: 69.0.3497.100, webStorageEnabled: true}
Session ID: 64baaa9828db63149b6154d4ec4c1c05)
[[ATTACHMENT|D:\\Repo\\InApp-QA-Automation\\Mpulse_Automation\\Reports\\Test Suite For Demo\\20180920_141921\\1537435698892.png]]

2018-09-20 14:58:19 - [MESSAGE][PASSED] - Wait for page load successfully

2018-09-20 14:58:22 - [MESSAGE][PASSED] - Delayed 3 second(s)

2018-09-20 14:58:22 - [MESSAGE][PASSED] - Object 'Object Repository/workOrder/hideMenu' is present

2018-09-20 14:58:22 - [MESSAGE][FAILED] - Unable to click on object 'Object Repository/workOrder/hideMenu' (Root cause: org.openqa.selenium.ElementNotVisibleException: element not visible
  (Session info: chrome=69.0.3497.100)
  (Driver info: chromedriver=2.35.528161 (5b82f2d2aae0ca24b877009200ced9065a772e73),platform=Windows NT 10.0.16299 x86_64) (WARNING: The server did not provide any stacktrace information)
Command duration or timeout: 0 milliseconds
Build info: version: '3.7.1', revision: '8a0099a', time: '2017-11-06T21:07:36.161Z'
System info: host: 'DESKTOP-IC62SMV', ip: '192.168.4.18', os.name: 'Windows 10', os.arch: 'amd64', os.version: '10.0', java.version: '1.8.0_102'
Driver info: com.kms.katalon.selenium.driver.CChromeDriver
Capabilities {acceptInsecureCerts: false, acceptSslCerts: false, applicationCacheEnabled: false, browserConnectionEnabled: false, browserName: chrome, chrome: {chromedriverVersion: 2.35.528161 (5b82f2d2aae0ca..., userDataDir: C:\Users\Braseela\AppData\L...}, cssSelectorsEnabled: true, databaseEnabled: false, handlesAlerts: true, hasTouchScreen: false, javascriptEnabled: true, locationContextEnabled: true, mobileEmulationEnabled: false, nativeEvents: true, networkConnectionEnabled: false, pageLoadStrategy: normal, platform: XP, platformName: XP, rotatable: false, setWindowRect: true, takesHeapSnapshot: true, takesScreenshot: true, unexpectedAlertBehaviour: , unhandledPromptBehavior: , version: 69.0.3497.100, webStorageEnabled: true}
Session ID: 64baaa9828db63149b6154d4ec4c1c05)
[[ATTACHMENT|D:\\Repo\\InApp-QA-Automation\\Mpulse_Automation\\Reports\\Test Suite For Demo\\20180920_141921\\1537435702342.png]]

2018-09-20 14:58:22 - [MESSAGE][PASSED] - Wait for page load successfully

2018-09-20 14:58:25 - [MESSAGE][PASSED] - Delayed 3 second(s)

2018-09-20 14:58:25 - [MESSAGE][PASSED] - Object 'Object Repository/workOrder/expandAndMinimize' is present

2018-09-20 14:58:30 - [MESSAGE][PASSED] - Delayed 5 second(s)

2018-09-20 14:58:32 - [MESSAGE][PASSED] - Object: 'Object Repository/workOrder/expandAndMinimize' is clicked on

2018-09-20 14:58:35 - [MESSAGE][PASSED] - Delayed 3 second(s)

2018-09-20 14:58:35 - [MESSAGE][PASSED] - Angular is ready.

2018-09-20 14:58:40 - [MESSAGE][PASSED] - Delayed 5 second(s)

2018-09-20 14:58:40 - [MESSAGE][PASSED] - Object: 'Object Repository/workOrder/layoutlist' is clicked on

2018-09-20 14:58:45 - [MESSAGE][PASSED] - Delayed 5 second(s)

2018-09-20 14:58:46 - [MESSAGE][PASSED] - Angular is ready.

2018-09-20 14:58:46 - [MESSAGE][PASSED] - Scroll to object 'Object Repository/workOrder/sellay' successfully

2018-09-20 14:58:47 - [MESSAGE][PASSED] - Object: 'Object Repository/workOrder/sellay' is clicked on

2018-09-20 14:58:52 - [MESSAGE][PASSED] - Delayed 5 second(s)

2018-09-20 14:58:52 - [MESSAGE][PASSED] - Object: 'Object Repository/homePage/settings' is clicked on

2018-09-20 14:58:52 - [MESSAGE][PASSED] - Object: 'Object Repository/workOrder/WORecords' is clicked on

2018-09-20 14:58:52 - [MESSAGE][PASSED] - Object 'Object Repository/loginPage/username' is present

2018-09-20 14:58:53 - [MESSAGE][PASSED] - Browser is closed

2018-09-20 14:58:53 - [MESSAGE][PASSED] - commonUtils.layout_select.layout_selection is PASSED]]></system-out>
         <system-err><![CDATA[]]></system-err>
      </testcase>
      <system-out><![CDATA[2018-09-20 14:19:25 - [TEST_SUITE][FAILED] - Test Suite For Demo: Test Cases/SANT-TC-032_WO_Close_ListLayout FAILED because (of) Unable to click on object 'Object Repository/workOrder/CloseWO' (Root cause: org.openqa.selenium.WebDriverException: unknown error: Element <button type="button" class="btn btn-default btn_popup ng-binding ng-scope" title="Closing the work order moves it from the active work order record set and moves it into history.    This action is similar to 'posting' in an accounting system and should only be done when you are sure all the data is complete and accurate." ng-click="closeWorkOrder(true)" ng-if="SubModuleName=='WorkOrderRecords' &amp;&amp; WKOLayout.listviewlabels.CloseButton">...</button> is not clickable at point (669, 81). Other element would receive the click: <html lang="en" class="ng-scope">...</html>
  (Session info: chrome=69.0.3497.100)
  (Driver info: chromedriver=2.35.528161 (5b82f2d2aae0ca24b877009200ced9065a772e73),platform=Windows NT 10.0.16299 x86_64) (WARNING: The server did not provide any stacktrace information)
Command duration or timeout: 0 milliseconds
Build info: version: '3.7.1', revision: '8a0099a', time: '2017-11-06T21:07:36.161Z'
System info: host: 'DESKTOP-IC62SMV', ip: '192.168.4.18', os.name: 'Windows 10', os.arch: 'amd64', os.version: '10.0', java.version: '1.8.0_102'
Driver info: com.kms.katalon.selenium.driver.CChromeDriver
Capabilities {acceptInsecureCerts: false, acceptSslCerts: false, applicationCacheEnabled: false, browserConnectionEnabled: false, browserName: chrome, chrome: {chromedriverVersion: 2.35.528161 (5b82f2d2aae0ca..., userDataDir: C:\Users\Braseela\AppData\L...}, cssSelectorsEnabled: true, databaseEnabled: false, handlesAlerts: true, hasTouchScreen: false, javascriptEnabled: true, locationContextEnabled: true, mobileEmulationEnabled: false, nativeEvents: true, networkConnectionEnabled: false, pageLoadStrategy: normal, platform: XP, platformName: XP, rotatable: false, setWindowRect: true, takesHeapSnapshot: true, takesScreenshot: true, unexpectedAlertBehaviour: , unhandledPromptBehavior: , version: 69.0.3497.100, webStorageEnabled: true}
Session ID: 39ea908783a6e12eb4615044d30f3520)]]></system-out>
      <system-err><![CDATA[2018-09-20 14:19:25 - [TEST_SUITE][FAILED] - Test Suite For Demo: Test Cases/SANT-TC-032_WO_Close_ListLayout FAILED because (of) Unable to click on object 'Object Repository/workOrder/CloseWO' (Root cause: org.openqa.selenium.WebDriverException: unknown error: Element <button type="button" class="btn btn-default btn_popup ng-binding ng-scope" title="Closing the work order moves it from the active work order record set and moves it into history.    This action is similar to 'posting' in an accounting system and should only be done when you are sure all the data is complete and accurate." ng-click="closeWorkOrder(true)" ng-if="SubModuleName=='WorkOrderRecords' &amp;&amp; WKOLayout.listviewlabels.CloseButton">...</button> is not clickable at point (669, 81). Other element would receive the click: <html lang="en" class="ng-scope">...</html>
  (Session info: chrome=69.0.3497.100)
  (Driver info: chromedriver=2.35.528161 (5b82f2d2aae0ca24b877009200ced9065a772e73),platform=Windows NT 10.0.16299 x86_64) (WARNING: The server did not provide any stacktrace information)
Command duration or timeout: 0 milliseconds
Build info: version: '3.7.1', revision: '8a0099a', time: '2017-11-06T21:07:36.161Z'
System info: host: 'DESKTOP-IC62SMV', ip: '192.168.4.18', os.name: 'Windows 10', os.arch: 'amd64', os.version: '10.0', java.version: '1.8.0_102'
Driver info: com.kms.katalon.selenium.driver.CChromeDriver
Capabilities {acceptInsecureCerts: false, acceptSslCerts: false, applicationCacheEnabled: false, browserConnectionEnabled: false, browserName: chrome, chrome: {chromedriverVersion: 2.35.528161 (5b82f2d2aae0ca..., userDataDir: C:\Users\Braseela\AppData\L...}, cssSelectorsEnabled: true, databaseEnabled: false, handlesAlerts: true, hasTouchScreen: false, javascriptEnabled: true, locationContextEnabled: true, mobileEmulationEnabled: false, nativeEvents: true, networkConnectionEnabled: false, pageLoadStrategy: normal, platform: XP, platformName: XP, rotatable: false, setWindowRect: true, takesHeapSnapshot: true, takesScreenshot: true, unexpectedAlertBehaviour: , unhandledPromptBehavior: , version: 69.0.3497.100, webStorageEnabled: true}
Session ID: 39ea908783a6e12eb4615044d30f3520)]]></system-err>
   </testsuite>
</testsuites>
