<?xml version="1.0" encoding="UTF-8"?>
<testsuites name="Test Suite For Demo" time="2108" tests="13" failures="2" errors="0">
   <testsuite name="Test Suite For Demo" tests="13" failures="2" errors="0" time="2108" timestamp="2018-09-19 17:54:00" hostname="Braseela - DESKTOP-IC62SMV" id="Test Suites/Test Suite For Demo">
      <properties>
         <property name="deviceName" value=""/>
         <property name="devicePlatform" value=""/>
         <property name="logFolder" value="D:\\Repo\\InApp-QA-Automation\\Mpulse_Automation\\Reports\\Test Suite For Demo\\20180919_175358"/>
         <property name="logFiles" value="D:\\Repo\\InApp-QA-Automation\\Mpulse_Automation\\Reports\\Test Suite For Demo\\20180919_175358\\execution0.log"/>
         <property name="attachments" value="D:\\Repo\\InApp-QA-Automation\\Mpulse_Automation\\Reports\\Test Suite For Demo\\20180919_175358\\1537359881343.png, D:\\Repo\\InApp-QA-Automation\\Mpulse_Automation\\Reports\\Test Suite For Demo\\20180919_175358\\1537359918994.png, D:\\Repo\\InApp-QA-Automation\\Mpulse_Automation\\Reports\\Test Suite For Demo\\20180919_175358\\1537360078238.png, D:\\Repo\\InApp-QA-Automation\\Mpulse_Automation\\Reports\\Test Suite For Demo\\20180919_175358\\1537360115890.png, D:\\Repo\\InApp-QA-Automation\\Mpulse_Automation\\Reports\\Test Suite For Demo\\20180919_175358\\1537360272515.png, D:\\Repo\\InApp-QA-Automation\\Mpulse_Automation\\Reports\\Test Suite For Demo\\20180919_175358\\1537360309963.png, D:\\Repo\\InApp-QA-Automation\\Mpulse_Automation\\Reports\\Test Suite For Demo\\20180919_175358\\1537360470144.png, D:\\Repo\\InApp-QA-Automation\\Mpulse_Automation\\Reports\\Test Suite For Demo\\20180919_175358\\1537360473600.png, D:\\Repo\\InApp-QA-Automation\\Mpulse_Automation\\Reports\\Test Suite For Demo\\20180919_175358\\1537360556291.png, D:\\Repo\\InApp-QA-Automation\\Mpulse_Automation\\Reports\\Test Suite For Demo\\20180919_175358\\1537360593788.png, D:\\Repo\\InApp-QA-Automation\\Mpulse_Automation\\Reports\\Test Suite For Demo\\20180919_175358\\1537360755008.png, D:\\Repo\\InApp-QA-Automation\\Mpulse_Automation\\Reports\\Test Suite For Demo\\20180919_175358\\1537360758418.png, D:\\Repo\\InApp-QA-Automation\\Mpulse_Automation\\Reports\\Test Suite For Demo\\20180919_175358\\1537360786475.png, D:\\Repo\\InApp-QA-Automation\\Mpulse_Automation\\Reports\\Test Suite For Demo\\20180919_175358\\1537360823351.png, D:\\Repo\\InApp-QA-Automation\\Mpulse_Automation\\Reports\\Test Suite For Demo\\20180919_175358\\1537360861451.png, D:\\Repo\\InApp-QA-Automation\\Mpulse_Automation\\Reports\\Test Suite For Demo\\20180919_175358\\1537361006534.png, D:\\Repo\\InApp-QA-Automation\\Mpulse_Automation\\Reports\\Test Suite For Demo\\20180919_175358\\1537361044152.png, D:\\Repo\\InApp-QA-Automation\\Mpulse_Automation\\Reports\\Test Suite For Demo\\20180919_175358\\1537361183658.png, D:\\Repo\\InApp-QA-Automation\\Mpulse_Automation\\Reports\\Test Suite For Demo\\20180919_175358\\1537361221116.png, D:\\Repo\\InApp-QA-Automation\\Mpulse_Automation\\Reports\\Test Suite For Demo\\20180919_175358\\1537361397346.png, D:\\Repo\\InApp-QA-Automation\\Mpulse_Automation\\Reports\\Test Suite For Demo\\20180919_175358\\1537361434801.png, D:\\Repo\\InApp-QA-Automation\\Mpulse_Automation\\Reports\\Test Suite For Demo\\20180919_175358\\1537361677371.png, D:\\Repo\\InApp-QA-Automation\\Mpulse_Automation\\Reports\\Test Suite For Demo\\20180919_175358\\1537361680947.png, D:\\Repo\\InApp-QA-Automation\\Mpulse_Automation\\Reports\\Test Suite For Demo\\20180919_175358\\1537361766928.png, D:\\Repo\\InApp-QA-Automation\\Mpulse_Automation\\Reports\\Test Suite For Demo\\20180919_175358\\1537361770345.png, D:\\Repo\\InApp-QA-Automation\\Mpulse_Automation\\Reports\\Test Suite For Demo\\20180919_175358\\1537361844044.png, D:\\Repo\\InApp-QA-Automation\\Mpulse_Automation\\Reports\\Test Suite For Demo\\20180919_175358\\1537361847515.png, D:\\Repo\\InApp-QA-Automation\\Mpulse_Automation\\Reports\\Test Suite For Demo\\20180919_175358\\1537361889408.png, D:\\Repo\\InApp-QA-Automation\\Mpulse_Automation\\Reports\\Test Suite For Demo\\20180919_175358\\1537361927736.png, D:\\Repo\\InApp-QA-Automation\\Mpulse_Automation\\Reports\\Test Suite For Demo\\20180919_175358\\1537361931152.png, D:\\Repo\\InApp-QA-Automation\\Mpulse_Automation\\Reports\\Test Suite For Demo\\20180919_175358\\1537361947713.png"/>
         <property name="hostName" value="Braseela - DESKTOP-IC62SMV"/>
         <property name="os" value="Windows 10 64bit"/>
         <property name="katalonVersion" value="5.4.1.1"/>
         <property name="browser" value="Chrome 69.0.3497.100"/>
         <property name="hostAddress" value="192.168.4.18"/>
         <property name="sessionId" value="b2bb3c011b7e21f1fbbe324e928b472a"/>
         <property name="seleniumVersion" value="3.7.1"/>
         <property name="proxyInformation" value="ProxyInformation{proxyOption=NO_PROXY, proxyServerType=HTTP, password=, proxyServerAddress=, proxyServerPort=0}"/>
         <property name="platform" value="Windows 10"/>
      </properties>
      <testcase name="Test Cases/SANT-TC-028_WO_Close_FormLayout" classname="Test Cases/SANT-TC-028_WO_Close_FormLayout" status="PASSED">
         <system-out><![CDATA[2018-09-19 17:54:01 - [TEST_CASE][PASSED] - Test Cases/SANT-TC-028_WO_Close_FormLayout: Test Cases/SANT-TC-028_WO_Close_FormLayout

2018-09-19 17:54:01 - [TEST_STEP][PASSED] - Statement - woDescription = com.kms.katalon.core.testdata.TestDataFactory.findTestData(workOrder/workOrder).getValue(1, 1): Test data is internal data, reading internal data

2018-09-19 17:54:01 - [TEST_STEP][PASSED] - Statement - taskName = com.kms.katalon.core.testdata.TestDataFactory.findTestData(workOrder/workOrder).getValue(2, 1): Test data is internal data, reading internal data

2018-09-19 17:54:01 - [TEST_STEP][PASSED] - Statement - assetName = com.kms.katalon.core.testdata.TestDataFactory.findTestData(workOrder/workOrder).getValue(3, 1): Test data is internal data, reading internal data

2018-09-19 17:54:01 - [TEST_STEP][PASSED] - Statement - inventoryName = com.kms.katalon.core.testdata.TestDataFactory.findTestData(workOrder/workOrder).getValue(4, 1): Test data is internal data, reading internal data

2018-09-19 17:54:01 - [TEST_STEP][PASSED] - Statement - woDes = woDescription + java.lang.System.currentTimeMillis(): null

2018-09-19 17:54:01 - [TEST_STEP][PASSED] - work_Order.WO_Creation_FormLayout.workOrderCreation: work_Order.WO_Creation_FormLayout.workOrderCreation is PASSED

2018-09-19 17:54:08 - [MESSAGE][PASSED] - Browser is opened with url: ''

2018-09-19 17:54:09 - [MESSAGE][PASSED] - Current window maximized

2018-09-19 17:54:17 - [MESSAGE][PASSED] - Navigate to 'https://mpulse8.com/#/' successfully

2018-09-19 17:54:17 - [MESSAGE][PASSED] - Object 'Object Repository/loginPage/username' is clickable

2018-09-19 17:54:18 - [MESSAGE][PASSED] - Text 'abhi' is set on object 'Object Repository/loginPage/username'

2018-09-19 17:54:18 - [MESSAGE][PASSED] - Text '123456' is set on object 'Object Repository/loginPage/password'

2018-09-19 17:54:18 - [MESSAGE][PASSED] - Keys 'mpulse8_inapp' sent to object: 'Object Repository/loginPage/database_name'

2018-09-19 17:54:18 - [MESSAGE][PASSED] - Object: 'Object Repository/loginPage/Login_btn' is clicked on

2018-09-19 17:54:18 - [MESSAGE][PASSED] - Wait for page load successfully

2018-09-19 17:54:23 - [MESSAGE][PASSED] - Delayed 5 second(s)

2018-09-19 17:54:34 - [MESSAGE][PASSED] - Object: 'Object Repository/workOrder/workOrders' is clicked on

2018-09-19 17:54:34 - [MESSAGE][PASSED] - Object: 'Object Repository/workOrder/WORecords' is clicked on

2018-09-19 17:54:37 - [MESSAGE][PASSED] - Delayed 3 second(s)

2018-09-19 17:54:41 - [MESSAGE][FAILED] - Unable to click on object 'Object Repository/workOrder/cancel' (Root cause: org.openqa.selenium.ElementNotVisibleException: element not visible
  (Session info: chrome=69.0.3497.100)
  (Driver info: chromedriver=2.35.528161 (5b82f2d2aae0ca24b877009200ced9065a772e73),platform=Windows NT 10.0.16299 x86_64) (WARNING: The server did not provide any stacktrace information)
Command duration or timeout: 0 milliseconds
Build info: version: '3.7.1', revision: '8a0099a', time: '2017-11-06T21:07:36.161Z'
System info: host: 'DESKTOP-IC62SMV', ip: '192.168.4.18', os.name: 'Windows 10', os.arch: 'amd64', os.version: '10.0', java.version: '1.8.0_102'
Driver info: com.kms.katalon.selenium.driver.CChromeDriver
Capabilities {acceptInsecureCerts: false, acceptSslCerts: false, applicationCacheEnabled: false, browserConnectionEnabled: false, browserName: chrome, chrome: {chromedriverVersion: 2.35.528161 (5b82f2d2aae0ca..., userDataDir: C:\Users\Braseela\AppData\L...}, cssSelectorsEnabled: true, databaseEnabled: false, handlesAlerts: true, hasTouchScreen: false, javascriptEnabled: true, locationContextEnabled: true, mobileEmulationEnabled: false, nativeEvents: true, networkConnectionEnabled: false, pageLoadStrategy: normal, platform: XP, platformName: XP, rotatable: false, setWindowRect: true, takesHeapSnapshot: true, takesScreenshot: true, unexpectedAlertBehaviour: , unhandledPromptBehavior: , version: 69.0.3497.100, webStorageEnabled: true}
Session ID: 4177a1c24f4f0c53438db8f89d06a24c)
[[ATTACHMENT|D:\\Repo\\InApp-QA-Automation\\Mpulse_Automation\\Reports\\Test Suite For Demo\\20180919_175358\\1537359881343.png]]

2018-09-19 17:54:41 - [MESSAGE][PASSED] - Wait for page load successfully

2018-09-19 17:54:44 - [MESSAGE][PASSED] - Delayed 3 second(s)

2018-09-19 17:54:47 - [MESSAGE][WARNING] - Web element with id: 'Object Repository/workOrder/expandAndMinimize' located by 'By.xpath: //a[@title='Show']' not found

2018-09-19 17:55:19 - [MESSAGE][FAILED] - Unable to click on object 'Object Repository/workOrder/expandAndMinimize' (Root cause: com.kms.katalon.core.webui.exception.WebElementNotFoundException: Web element with id: 'Object Repository/workOrder/expandAndMinimize' located by 'By.xpath: //a[@title='Show']' not found)
[[ATTACHMENT|D:\\Repo\\InApp-QA-Automation\\Mpulse_Automation\\Reports\\Test Suite For Demo\\20180919_175358\\1537359918994.png]]

2018-09-19 17:55:19 - [MESSAGE][PASSED] - Wait for page load successfully

2018-09-19 17:55:22 - [MESSAGE][PASSED] - Delayed 3 second(s)

2018-09-19 17:55:22 - [MESSAGE][PASSED] - Object 'Object Repository/workOrder/hideListLayout' is clickable

2018-09-19 17:55:22 - [MESSAGE][PASSED] - Object: 'Object Repository/workOrder/hideListLayout' is clicked on

2018-09-19 17:55:25 - [MESSAGE][PASSED] - Delayed 3 second(s)

2018-09-19 17:55:25 - [MESSAGE][PASSED] - Wait for page load successfully

2018-09-19 17:55:25 - [MESSAGE][PASSED] - Angular is ready.

2018-09-19 17:55:25 - [MESSAGE][PASSED] - Object 'Object Repository/workOrder/addAndEdit' is clickable

2018-09-19 17:55:26 - [MESSAGE][PASSED] - Object: 'Object Repository/workOrder/addAndEdit' is clicked on

2018-09-19 17:55:26 - [MESSAGE][PASSED] - Wait for page load successfully

2018-09-19 17:55:27 - [MESSAGE][PASSED] - Angular is ready.

2018-09-19 17:55:27 - [MESSAGE][PASSED] - Object 'Object Repository/workOrder/workOrderTabs' is clickable

2018-09-19 17:55:27 - [MESSAGE][PASSED] - Object: 'Object Repository/workOrder/workOrderTabs' is clicked on

2018-09-19 17:55:27 - [MESSAGE][PASSED] - Wait for page load successfully

2018-09-19 17:55:28 - [MESSAGE][PASSED] - Keys 'WO Sanity Test_1537359841925' sent to object: 'Object Repository/workOrder/description'

2018-09-19 17:55:31 - [MESSAGE][PASSED] - Delayed 3 second(s)

2018-09-19 17:55:32 - [MESSAGE][PASSED] - Object: 'Object Repository/workOrder/woTypeAndGroup' is clicked on

2018-09-19 17:55:35 - [MESSAGE][PASSED] - Delayed 3 second(s)

2018-09-19 17:55:35 - [MESSAGE][PASSED] - Object: 'Object Repository/workOrder/groupAndType' is clicked on

2018-09-19 17:55:38 - [MESSAGE][PASSED] - Delayed 3 second(s)

2018-09-19 17:55:38 - [MESSAGE][PASSED] - Object: 'Object Repository/workOrder/woTypeAndGroup' is clicked on

2018-09-19 17:55:41 - [MESSAGE][PASSED] - Delayed 3 second(s)

2018-09-19 17:55:41 - [MESSAGE][PASSED] - Object: 'Object Repository/workOrder/groupAndType' is clicked on

2018-09-19 17:55:42 - [MESSAGE][PASSED] - Object 'Object Repository/workOrder/workOrderTabs' is clickable

2018-09-19 17:55:43 - [MESSAGE][PASSED] - Object: 'Object Repository/workOrder/workOrderTabs' is clicked on

2018-09-19 17:55:44 - [MESSAGE][PASSED] - Wait for page load successfully

2018-09-19 17:55:44 - [MESSAGE][PASSED] - Object 'Object Repository/workOrder/link_Asset_Task_Inventory' is clickable

2018-09-19 17:55:44 - [MESSAGE][PASSED] - Object: 'Object Repository/workOrder/link_Asset_Task_Inventory' is clicked on

2018-09-19 17:55:50 - [MESSAGE][PASSED] - Delayed 6 second(s)

2018-09-19 17:55:51 - [MESSAGE][PASSED] - Keys 'PMI-023-ahk' sent to object: 'Object Repository/workOrder/infoLink_Search'

2018-09-19 17:55:57 - [MESSAGE][PASSED] - Delayed 6 second(s)

2018-09-19 17:55:57 - [MESSAGE][PASSED] - Object: 'Object Repository/workOrder/taskAndAssetID' is clicked on

2018-09-19 17:55:57 - [MESSAGE][PASSED] - Wait for page load successfully

2018-09-19 17:55:58 - [MESSAGE][PASSED] - Object: 'Object Repository/workOrder/replace' is clicked on

2018-09-19 17:55:58 - [MESSAGE][PASSED] - Wait for page load successfully

2018-09-19 17:56:00 - [MESSAGE][PASSED] - Angular is ready.

2018-09-19 17:56:00 - [MESSAGE][PASSED] - Object: 'Object Repository/workOrder/link_Asset_Task_Inventory' is clicked on

2018-09-19 17:56:06 - [MESSAGE][PASSED] - Delayed 6 second(s)

2018-09-19 17:56:07 - [MESSAGE][PASSED] - Keys 'EQU-194-2018' sent to object: 'Object Repository/workOrder/infoLink_Search'

2018-09-19 17:56:13 - [MESSAGE][PASSED] - Delayed 6 second(s)

2018-09-19 17:56:13 - [MESSAGE][PASSED] - Object: 'Object Repository/workOrder/taskAndAssetID' is clicked on

2018-09-19 17:56:14 - [MESSAGE][PASSED] - Object: 'Object Repository/workOrder/replace' is clicked on

2018-09-19 17:56:15 - [MESSAGE][PASSED] - Angular is ready.

2018-09-19 17:56:15 - [MESSAGE][PASSED] - Object: 'Object Repository/workOrder/link_Asset_Task_Inventory' is clicked on

2018-09-19 17:56:20 - [MESSAGE][PASSED] - Delayed 5 second(s)

2018-09-19 17:56:26 - [MESSAGE][PASSED] - Delayed 6 second(s)

2018-09-19 17:56:27 - [MESSAGE][PASSED] - Keys 'PRT-144' sent to object: 'Object Repository/workOrder/infoLink_Search'

2018-09-19 17:56:33 - [MESSAGE][PASSED] - Delayed 6 second(s)

2018-09-19 17:56:33 - [MESSAGE][PASSED] - Object: 'Object Repository/workOrder/inventoryID' is clicked on

2018-09-19 17:56:34 - [MESSAGE][PASSED] - Object: 'Object Repository/workOrder/replace' is clicked on

2018-09-19 17:56:35 - [MESSAGE][PASSED] - Angular is ready.

2018-09-19 17:56:36 - [MESSAGE][PASSED] - Object: 'Object Repository/workOrder/workOrderTabs' is clicked on

2018-09-19 17:56:37 - [MESSAGE][PASSED] - Angular is ready.

2018-09-19 17:56:37 - [MESSAGE][PASSED] - Object: 'Object Repository/workOrder/workOrderTabs' is clicked on

2018-09-19 17:56:40 - [MESSAGE][PASSED] - Delayed 3 second(s)

2018-09-19 17:56:41 - [MESSAGE][PASSED] - Keys 'BACK_SPACE + ' sent to object: 'Object Repository/workOrder/estAndOtherCost'

2018-09-19 17:56:41 - [MESSAGE][PASSED] - Keys '15' sent to object: 'Object Repository/workOrder/estAndOtherCost'

2018-09-19 17:56:44 - [MESSAGE][PASSED] - Delayed 3 second(s)

2018-09-19 17:56:44 - [MESSAGE][PASSED] - Keys 'BACK_SPACE + ' sent to object: 'Object Repository/workOrder/estAndOtherCost'

2018-09-19 17:56:44 - [MESSAGE][PASSED] - Keys '15' sent to object: 'Object Repository/workOrder/estAndOtherCost'

2018-09-19 17:56:45 - [MESSAGE][PASSED] - Object: 'Object Repository/workOrder/save' is clicked on

2018-09-19 17:56:53 - [MESSAGE][PASSED] - Delayed 8 second(s)

2018-09-19 17:56:53 - [MESSAGE][PASSED] - Object: 'Object Repository/workOrder/workOrderTabs' is clicked on

2018-09-19 17:56:53 - [MESSAGE][PASSED] - Text of object 'Object Repository/workOrder/WO_ID' is: 'WKO-21189-19/09'

2018-09-19 17:56:53 - [MESSAGE][PASSED] - Object 'Object Repository/workOrder/WO_description' is present

2018-09-19 17:56:53 - [MESSAGE][PASSED] - work_Order.WO_Creation_FormLayout.workOrderCreation is PASSED

2018-09-19 17:56:53 - [TEST_STEP][PASSED] - work_Order.WO_Close_FormLayout.closeWorkOrderFormLayout: work_Order.WO_Close_FormLayout.closeWorkOrderFormLayout is PASSED

2018-09-19 17:56:53 - [MESSAGE][PASSED] - Wait for page load successfully

2018-09-19 17:56:53 - [MESSAGE][PASSED] - Object 'Object Repository/workOrder/addAndEdit' is clickable

2018-09-19 17:56:53 - [MESSAGE][PASSED] - Object: 'Object Repository/workOrder/addAndEdit' is clicked on

2018-09-19 17:56:54 - [MESSAGE][PASSED] - Angular is ready.

2018-09-19 17:56:54 - [MESSAGE][PASSED] - Object: 'Object Repository/workOrder/radiobtn' is clicked on

2018-09-19 17:56:54 - [MESSAGE][PASSED] - Alert accepted

2018-09-19 17:56:54 - [MESSAGE][PASSED] - Object 'Object Repository/workOrder/save' is present

2018-09-19 17:56:55 - [MESSAGE][PASSED] - Object: 'Object Repository/workOrder/save' is clicked on

2018-09-19 17:56:55 - [MESSAGE][PASSED] - Object 'Object Repository/workOrder/calendar_icon' is clickable

2018-09-19 17:56:58 - [MESSAGE][PASSED] - Delayed 3 second(s)

2018-09-19 17:56:58 - [MESSAGE][PASSED] - Object: 'Object Repository/workOrder/calendar_icon' is clicked on

2018-09-19 17:56:59 - [MESSAGE][PASSED] - Object: 'Object Repository/workOrder/calendar_tom' is clicked on

2018-09-19 17:56:59 - [MESSAGE][PASSED] - Object 'Object Repository/workOrder/Required_OK' is present

2018-09-19 17:56:59 - [MESSAGE][PASSED] - Object: 'Object Repository/workOrder/Required_OK' is clicked on

2018-09-19 17:57:11 - [MESSAGE][PASSED] - Delayed 12 second(s)

2018-09-19 17:57:11 - [MESSAGE][PASSED] - Object 'Object Repository/workOrder/workOrder Status' is present

2018-09-19 17:57:16 - [MESSAGE][PASSED] - Delayed 5 second(s)

2018-09-19 17:57:16 - [MESSAGE][PASSED] - work_Order.WO_Close_FormLayout.closeWorkOrderFormLayout is PASSED

2018-09-19 17:57:16 - [TEST_STEP][PASSED] - commonUtils.Common.logoutAndCloseBrowser: commonUtils.Common.logoutAndCloseBrowser is PASSED

2018-09-19 17:57:21 - [MESSAGE][PASSED] - Delayed 5 second(s)

2018-09-19 17:57:21 - [MESSAGE][PASSED] - Object: 'Object Repository/homePage/settings' is clicked on

2018-09-19 17:57:22 - [MESSAGE][PASSED] - Object: 'Object Repository/workOrder/WORecords' is clicked on

2018-09-19 17:57:22 - [MESSAGE][PASSED] - Object 'Object Repository/loginPage/username' is present

2018-09-19 17:57:22 - [MESSAGE][PASSED] - Browser is closed

2018-09-19 17:57:22 - [MESSAGE][PASSED] - commonUtils.Common.logoutAndCloseBrowser is PASSED]]></system-out>
         <system-err><![CDATA[]]></system-err>
      </testcase>
      <testcase name="Test Cases/SANT-TC-029_WO_Cancel_FormLayout" classname="Test Cases/SANT-TC-029_WO_Cancel_FormLayout" status="PASSED">
         <system-out><![CDATA[2018-09-19 17:57:23 - [TEST_CASE][PASSED] - Test Cases/SANT-TC-029_WO_Cancel_FormLayout: Test Cases/SANT-TC-029_WO_Cancel_FormLayout

2018-09-19 17:57:23 - [TEST_STEP][PASSED] - Statement - woDescription = com.kms.katalon.core.testdata.TestDataFactory.findTestData(workOrder/workOrder).getValue(1, 1): Test data is internal data, reading internal data

2018-09-19 17:57:23 - [TEST_STEP][PASSED] - Statement - taskName = com.kms.katalon.core.testdata.TestDataFactory.findTestData(workOrder/workOrder).getValue(2, 1): Test data is internal data, reading internal data

2018-09-19 17:57:23 - [TEST_STEP][PASSED] - Statement - assetName = com.kms.katalon.core.testdata.TestDataFactory.findTestData(workOrder/workOrder).getValue(3, 1): Test data is internal data, reading internal data

2018-09-19 17:57:23 - [TEST_STEP][PASSED] - Statement - inventoryName = com.kms.katalon.core.testdata.TestDataFactory.findTestData(workOrder/workOrder).getValue(4, 1): Test data is internal data, reading internal data

2018-09-19 17:57:23 - [TEST_STEP][PASSED] - Statement - woDes = woDescription + java.lang.System.currentTimeMillis(): null

2018-09-19 17:57:23 - [TEST_STEP][PASSED] - work_Order.WO_Creation_FormLayout.workOrderCreation: work_Order.WO_Creation_FormLayout.workOrderCreation is PASSED

2018-09-19 17:57:25 - [MESSAGE][PASSED] - Browser is opened with url: ''

2018-09-19 17:57:26 - [MESSAGE][PASSED] - Current window maximized

2018-09-19 17:57:34 - [MESSAGE][PASSED] - Navigate to 'https://mpulse8.com/#/' successfully

2018-09-19 17:57:34 - [MESSAGE][PASSED] - Object 'Object Repository/loginPage/username' is clickable

2018-09-19 17:57:34 - [MESSAGE][PASSED] - Text 'abhi' is set on object 'Object Repository/loginPage/username'

2018-09-19 17:57:34 - [MESSAGE][PASSED] - Text '123456' is set on object 'Object Repository/loginPage/password'

2018-09-19 17:57:34 - [MESSAGE][PASSED] - Keys 'mpulse8_inapp' sent to object: 'Object Repository/loginPage/database_name'

2018-09-19 17:57:34 - [MESSAGE][PASSED] - Object: 'Object Repository/loginPage/Login_btn' is clicked on

2018-09-19 17:57:34 - [MESSAGE][PASSED] - Wait for page load successfully

2018-09-19 17:57:39 - [MESSAGE][PASSED] - Delayed 5 second(s)

2018-09-19 17:57:51 - [MESSAGE][PASSED] - Object: 'Object Repository/workOrder/workOrders' is clicked on

2018-09-19 17:57:51 - [MESSAGE][PASSED] - Object: 'Object Repository/workOrder/WORecords' is clicked on

2018-09-19 17:57:54 - [MESSAGE][PASSED] - Delayed 3 second(s)

2018-09-19 17:57:58 - [MESSAGE][FAILED] - Unable to click on object 'Object Repository/workOrder/cancel' (Root cause: org.openqa.selenium.ElementNotVisibleException: element not visible
  (Session info: chrome=69.0.3497.100)
  (Driver info: chromedriver=2.35.528161 (5b82f2d2aae0ca24b877009200ced9065a772e73),platform=Windows NT 10.0.16299 x86_64) (WARNING: The server did not provide any stacktrace information)
Command duration or timeout: 0 milliseconds
Build info: version: '3.7.1', revision: '8a0099a', time: '2017-11-06T21:07:36.161Z'
System info: host: 'DESKTOP-IC62SMV', ip: '192.168.4.18', os.name: 'Windows 10', os.arch: 'amd64', os.version: '10.0', java.version: '1.8.0_102'
Driver info: com.kms.katalon.selenium.driver.CChromeDriver
Capabilities {acceptInsecureCerts: false, acceptSslCerts: false, applicationCacheEnabled: false, browserConnectionEnabled: false, browserName: chrome, chrome: {chromedriverVersion: 2.35.528161 (5b82f2d2aae0ca..., userDataDir: C:\Users\Braseela\AppData\L...}, cssSelectorsEnabled: true, databaseEnabled: false, handlesAlerts: true, hasTouchScreen: false, javascriptEnabled: true, locationContextEnabled: true, mobileEmulationEnabled: false, nativeEvents: true, networkConnectionEnabled: false, pageLoadStrategy: normal, platform: XP, platformName: XP, rotatable: false, setWindowRect: true, takesHeapSnapshot: true, takesScreenshot: true, unexpectedAlertBehaviour: , unhandledPromptBehavior: , version: 69.0.3497.100, webStorageEnabled: true}
Session ID: 7ad689188145dd3f7a4a7722700d306e)
[[ATTACHMENT|D:\\Repo\\InApp-QA-Automation\\Mpulse_Automation\\Reports\\Test Suite For Demo\\20180919_175358\\1537360078238.png]]

2018-09-19 17:57:58 - [MESSAGE][PASSED] - Wait for page load successfully

2018-09-19 17:58:01 - [MESSAGE][PASSED] - Delayed 3 second(s)

2018-09-19 17:58:04 - [MESSAGE][WARNING] - Web element with id: 'Object Repository/workOrder/expandAndMinimize' located by 'By.xpath: //a[@title='Show']' not found

2018-09-19 17:58:36 - [MESSAGE][FAILED] - Unable to click on object 'Object Repository/workOrder/expandAndMinimize' (Root cause: com.kms.katalon.core.webui.exception.WebElementNotFoundException: Web element with id: 'Object Repository/workOrder/expandAndMinimize' located by 'By.xpath: //a[@title='Show']' not found)
[[ATTACHMENT|D:\\Repo\\InApp-QA-Automation\\Mpulse_Automation\\Reports\\Test Suite For Demo\\20180919_175358\\1537360115890.png]]

2018-09-19 17:58:36 - [MESSAGE][PASSED] - Wait for page load successfully

2018-09-19 17:58:39 - [MESSAGE][PASSED] - Delayed 3 second(s)

2018-09-19 17:58:39 - [MESSAGE][PASSED] - Object 'Object Repository/workOrder/hideListLayout' is clickable

2018-09-19 17:58:39 - [MESSAGE][PASSED] - Object: 'Object Repository/workOrder/hideListLayout' is clicked on

2018-09-19 17:58:42 - [MESSAGE][PASSED] - Delayed 3 second(s)

2018-09-19 17:58:42 - [MESSAGE][PASSED] - Wait for page load successfully

2018-09-19 17:58:42 - [MESSAGE][PASSED] - Angular is ready.

2018-09-19 17:58:42 - [MESSAGE][PASSED] - Object 'Object Repository/workOrder/addAndEdit' is clickable

2018-09-19 17:58:42 - [MESSAGE][PASSED] - Object: 'Object Repository/workOrder/addAndEdit' is clicked on

2018-09-19 17:58:42 - [MESSAGE][PASSED] - Wait for page load successfully

2018-09-19 17:58:43 - [MESSAGE][PASSED] - Angular is ready.

2018-09-19 17:58:43 - [MESSAGE][PASSED] - Object 'Object Repository/workOrder/workOrderTabs' is clickable

2018-09-19 17:58:44 - [MESSAGE][PASSED] - Object: 'Object Repository/workOrder/workOrderTabs' is clicked on

2018-09-19 17:58:44 - [MESSAGE][PASSED] - Wait for page load successfully

2018-09-19 17:58:44 - [MESSAGE][PASSED] - Keys 'WO Sanity Test_1537360043424' sent to object: 'Object Repository/workOrder/description'

2018-09-19 17:58:47 - [MESSAGE][PASSED] - Delayed 3 second(s)

2018-09-19 17:58:48 - [MESSAGE][PASSED] - Object: 'Object Repository/workOrder/woTypeAndGroup' is clicked on

2018-09-19 17:58:51 - [MESSAGE][PASSED] - Delayed 3 second(s)

2018-09-19 17:58:51 - [MESSAGE][PASSED] - Object: 'Object Repository/workOrder/groupAndType' is clicked on

2018-09-19 17:58:54 - [MESSAGE][PASSED] - Delayed 3 second(s)

2018-09-19 17:58:54 - [MESSAGE][PASSED] - Object: 'Object Repository/workOrder/woTypeAndGroup' is clicked on

2018-09-19 17:58:57 - [MESSAGE][PASSED] - Delayed 3 second(s)

2018-09-19 17:58:57 - [MESSAGE][PASSED] - Object: 'Object Repository/workOrder/groupAndType' is clicked on

2018-09-19 17:58:58 - [MESSAGE][PASSED] - Object 'Object Repository/workOrder/workOrderTabs' is clickable

2018-09-19 17:58:59 - [MESSAGE][PASSED] - Object: 'Object Repository/workOrder/workOrderTabs' is clicked on

2018-09-19 17:59:00 - [MESSAGE][PASSED] - Wait for page load successfully

2018-09-19 17:59:00 - [MESSAGE][PASSED] - Object 'Object Repository/workOrder/link_Asset_Task_Inventory' is clickable

2018-09-19 17:59:00 - [MESSAGE][PASSED] - Object: 'Object Repository/workOrder/link_Asset_Task_Inventory' is clicked on

2018-09-19 17:59:06 - [MESSAGE][PASSED] - Delayed 6 second(s)

2018-09-19 17:59:07 - [MESSAGE][PASSED] - Keys 'PMI-023-ahk' sent to object: 'Object Repository/workOrder/infoLink_Search'

2018-09-19 17:59:13 - [MESSAGE][PASSED] - Delayed 6 second(s)

2018-09-19 17:59:13 - [MESSAGE][PASSED] - Object: 'Object Repository/workOrder/taskAndAssetID' is clicked on

2018-09-19 17:59:13 - [MESSAGE][PASSED] - Wait for page load successfully

2018-09-19 17:59:14 - [MESSAGE][PASSED] - Object: 'Object Repository/workOrder/replace' is clicked on

2018-09-19 17:59:14 - [MESSAGE][PASSED] - Wait for page load successfully

2018-09-19 17:59:15 - [MESSAGE][PASSED] - Angular is ready.

2018-09-19 17:59:16 - [MESSAGE][PASSED] - Object: 'Object Repository/workOrder/link_Asset_Task_Inventory' is clicked on

2018-09-19 17:59:22 - [MESSAGE][PASSED] - Delayed 6 second(s)

2018-09-19 17:59:22 - [MESSAGE][PASSED] - Keys 'EQU-194-2018' sent to object: 'Object Repository/workOrder/infoLink_Search'

2018-09-19 17:59:28 - [MESSAGE][PASSED] - Delayed 6 second(s)

2018-09-19 17:59:29 - [MESSAGE][PASSED] - Object: 'Object Repository/workOrder/taskAndAssetID' is clicked on

2018-09-19 17:59:29 - [MESSAGE][PASSED] - Object: 'Object Repository/workOrder/replace' is clicked on

2018-09-19 17:59:30 - [MESSAGE][PASSED] - Angular is ready.

2018-09-19 17:59:31 - [MESSAGE][PASSED] - Object: 'Object Repository/workOrder/link_Asset_Task_Inventory' is clicked on

2018-09-19 17:59:36 - [MESSAGE][PASSED] - Delayed 5 second(s)

2018-09-19 17:59:42 - [MESSAGE][PASSED] - Delayed 6 second(s)

2018-09-19 17:59:42 - [MESSAGE][PASSED] - Keys 'PRT-144' sent to object: 'Object Repository/workOrder/infoLink_Search'

2018-09-19 17:59:48 - [MESSAGE][PASSED] - Delayed 6 second(s)

2018-09-19 17:59:48 - [MESSAGE][PASSED] - Object: 'Object Repository/workOrder/inventoryID' is clicked on

2018-09-19 17:59:49 - [MESSAGE][PASSED] - Object: 'Object Repository/workOrder/replace' is clicked on

2018-09-19 17:59:50 - [MESSAGE][PASSED] - Angular is ready.

2018-09-19 17:59:52 - [MESSAGE][PASSED] - Object: 'Object Repository/workOrder/workOrderTabs' is clicked on

2018-09-19 17:59:52 - [MESSAGE][PASSED] - Angular is ready.

2018-09-19 17:59:53 - [MESSAGE][PASSED] - Object: 'Object Repository/workOrder/workOrderTabs' is clicked on

2018-09-19 17:59:56 - [MESSAGE][PASSED] - Delayed 3 second(s)

2018-09-19 17:59:56 - [MESSAGE][PASSED] - Keys 'BACK_SPACE + ' sent to object: 'Object Repository/workOrder/estAndOtherCost'

2018-09-19 17:59:56 - [MESSAGE][PASSED] - Keys '15' sent to object: 'Object Repository/workOrder/estAndOtherCost'

2018-09-19 17:59:59 - [MESSAGE][PASSED] - Delayed 3 second(s)

2018-09-19 17:59:59 - [MESSAGE][PASSED] - Keys 'BACK_SPACE + ' sent to object: 'Object Repository/workOrder/estAndOtherCost'

2018-09-19 17:59:59 - [MESSAGE][PASSED] - Keys '15' sent to object: 'Object Repository/workOrder/estAndOtherCost'

2018-09-19 18:00:00 - [MESSAGE][PASSED] - Object: 'Object Repository/workOrder/save' is clicked on

2018-09-19 18:00:08 - [MESSAGE][PASSED] - Delayed 8 second(s)

2018-09-19 18:00:08 - [MESSAGE][PASSED] - Object: 'Object Repository/workOrder/workOrderTabs' is clicked on

2018-09-19 18:00:08 - [MESSAGE][PASSED] - Text of object 'Object Repository/workOrder/WO_ID' is: 'WKO-21190-19/09'

2018-09-19 18:00:08 - [MESSAGE][PASSED] - Object 'Object Repository/workOrder/WO_description' is present

2018-09-19 18:00:08 - [MESSAGE][PASSED] - work_Order.WO_Creation_FormLayout.workOrderCreation is PASSED

2018-09-19 18:00:08 - [TEST_STEP][PASSED] - work_Order.WO_Cancel_FromLayout.cancelWorkOrderFormLayout: work_Order.WO_Cancel_FromLayout.cancelWorkOrderFormLayout is PASSED

2018-09-19 18:00:08 - [MESSAGE][PASSED] - Wait for page load successfully

2018-09-19 18:00:08 - [MESSAGE][PASSED] - Object 'Object Repository/workOrder/addAndEdit' is clickable

2018-09-19 18:00:08 - [MESSAGE][PASSED] - Object: 'Object Repository/workOrder/addAndEdit' is clicked on

2018-09-19 18:00:09 - [MESSAGE][PASSED] - Angular is ready.

2018-09-19 18:00:09 - [MESSAGE][PASSED] - Object: 'Object Repository/workOrder/radiobtn' is clicked on

2018-09-19 18:00:09 - [MESSAGE][PASSED] - Alert accepted

2018-09-19 18:00:10 - [MESSAGE][PASSED] - Object 'Object Repository/workOrder/infoLink_Search' is present

2018-09-19 18:00:10 - [MESSAGE][PASSED] - Text 'Sanity Testing' is set on object 'Object Repository/workOrder/infoLink_Search'

2018-09-19 18:00:11 - [MESSAGE][PASSED] - Object: 'Object Repository/workOrder/Reason_Save' is clicked on

2018-09-19 18:00:11 - [MESSAGE][PASSED] - Angular is ready.

2018-09-19 18:00:14 - [MESSAGE][PASSED] - Delayed 3 second(s)

2018-09-19 18:00:14 - [MESSAGE][PASSED] - Object: 'Object Repository/workOrder/calendar_icon' is clicked on

2018-09-19 18:00:14 - [MESSAGE][PASSED] - Object: 'Object Repository/workOrder/calendar_tom' is clicked on

2018-09-19 18:00:15 - [MESSAGE][PASSED] - Object 'Object Repository/workOrder/Required_OK' is present

2018-09-19 18:00:15 - [MESSAGE][PASSED] - Object: 'Object Repository/workOrder/Required_OK' is clicked on

2018-09-19 18:00:25 - [MESSAGE][PASSED] - Delayed 10 second(s)

2018-09-19 18:00:25 - [MESSAGE][PASSED] - Wait for page load successfully

2018-09-19 18:00:25 - [MESSAGE][PASSED] - Object 'Object Repository/workOrder/workOrder Status' is present

2018-09-19 18:00:30 - [MESSAGE][PASSED] - Delayed 5 second(s)

2018-09-19 18:00:30 - [MESSAGE][PASSED] - work_Order.WO_Cancel_FromLayout.cancelWorkOrderFormLayout is PASSED

2018-09-19 18:00:30 - [TEST_STEP][PASSED] - commonUtils.Common.logoutAndCloseBrowser: commonUtils.Common.logoutAndCloseBrowser is PASSED

2018-09-19 18:00:35 - [MESSAGE][PASSED] - Delayed 5 second(s)

2018-09-19 18:00:35 - [MESSAGE][PASSED] - Object: 'Object Repository/homePage/settings' is clicked on

2018-09-19 18:00:35 - [MESSAGE][PASSED] - Object: 'Object Repository/workOrder/WORecords' is clicked on

2018-09-19 18:00:35 - [MESSAGE][PASSED] - Object 'Object Repository/loginPage/username' is present

2018-09-19 18:00:36 - [MESSAGE][PASSED] - Browser is closed

2018-09-19 18:00:36 - [MESSAGE][PASSED] - commonUtils.Common.logoutAndCloseBrowser is PASSED]]></system-out>
         <system-err><![CDATA[]]></system-err>
      </testcase>
      <testcase name="Test Cases/SANT-TC-030_WO_Hold_FormLayout" classname="Test Cases/SANT-TC-030_WO_Hold_FormLayout" status="PASSED">
         <system-out><![CDATA[2018-09-19 18:00:36 - [TEST_CASE][PASSED] - Test Cases/SANT-TC-030_WO_Hold_FormLayout: Test Cases/SANT-TC-030_WO_Hold_FormLayout

2018-09-19 18:00:36 - [TEST_STEP][PASSED] - Statement - woDescription = com.kms.katalon.core.testdata.TestDataFactory.findTestData(workOrder/workOrder).getValue(1, 1): Test data is internal data, reading internal data

2018-09-19 18:00:36 - [TEST_STEP][PASSED] - Statement - taskName = com.kms.katalon.core.testdata.TestDataFactory.findTestData(workOrder/workOrder).getValue(2, 1): Test data is internal data, reading internal data

2018-09-19 18:00:36 - [TEST_STEP][PASSED] - Statement - assetName = com.kms.katalon.core.testdata.TestDataFactory.findTestData(workOrder/workOrder).getValue(3, 1): Test data is internal data, reading internal data

2018-09-19 18:00:36 - [TEST_STEP][PASSED] - Statement - inventoryName = com.kms.katalon.core.testdata.TestDataFactory.findTestData(workOrder/workOrder).getValue(4, 1): Test data is internal data, reading internal data

2018-09-19 18:00:37 - [TEST_STEP][PASSED] - Statement - woDes = woDescription + java.lang.System.currentTimeMillis(): null

2018-09-19 18:00:37 - [TEST_STEP][PASSED] - work_Order.WO_Creation_FormLayout.workOrderCreation: work_Order.WO_Creation_FormLayout.workOrderCreation is PASSED

2018-09-19 18:00:39 - [MESSAGE][PASSED] - Browser is opened with url: ''

2018-09-19 18:00:40 - [MESSAGE][PASSED] - Current window maximized

2018-09-19 18:00:48 - [MESSAGE][PASSED] - Navigate to 'https://mpulse8.com/#/' successfully

2018-09-19 18:00:48 - [MESSAGE][PASSED] - Object 'Object Repository/loginPage/username' is clickable

2018-09-19 18:00:48 - [MESSAGE][PASSED] - Text 'abhi' is set on object 'Object Repository/loginPage/username'

2018-09-19 18:00:48 - [MESSAGE][PASSED] - Text '123456' is set on object 'Object Repository/loginPage/password'

2018-09-19 18:00:48 - [MESSAGE][PASSED] - Keys 'mpulse8_inapp' sent to object: 'Object Repository/loginPage/database_name'

2018-09-19 18:00:48 - [MESSAGE][PASSED] - Object: 'Object Repository/loginPage/Login_btn' is clicked on

2018-09-19 18:00:48 - [MESSAGE][PASSED] - Wait for page load successfully

2018-09-19 18:00:53 - [MESSAGE][PASSED] - Delayed 5 second(s)

2018-09-19 18:01:05 - [MESSAGE][PASSED] - Object: 'Object Repository/workOrder/workOrders' is clicked on

2018-09-19 18:01:06 - [MESSAGE][PASSED] - Object: 'Object Repository/workOrder/WORecords' is clicked on

2018-09-19 18:01:09 - [MESSAGE][PASSED] - Delayed 3 second(s)

2018-09-19 18:01:12 - [MESSAGE][FAILED] - Unable to click on object 'Object Repository/workOrder/cancel' (Root cause: org.openqa.selenium.ElementNotVisibleException: element not visible
  (Session info: chrome=69.0.3497.100)
  (Driver info: chromedriver=2.35.528161 (5b82f2d2aae0ca24b877009200ced9065a772e73),platform=Windows NT 10.0.16299 x86_64) (WARNING: The server did not provide any stacktrace information)
Command duration or timeout: 0 milliseconds
Build info: version: '3.7.1', revision: '8a0099a', time: '2017-11-06T21:07:36.161Z'
System info: host: 'DESKTOP-IC62SMV', ip: '192.168.4.18', os.name: 'Windows 10', os.arch: 'amd64', os.version: '10.0', java.version: '1.8.0_102'
Driver info: com.kms.katalon.selenium.driver.CChromeDriver
Capabilities {acceptInsecureCerts: false, acceptSslCerts: false, applicationCacheEnabled: false, browserConnectionEnabled: false, browserName: chrome, chrome: {chromedriverVersion: 2.35.528161 (5b82f2d2aae0ca..., userDataDir: C:\Users\Braseela\AppData\L...}, cssSelectorsEnabled: true, databaseEnabled: false, handlesAlerts: true, hasTouchScreen: false, javascriptEnabled: true, locationContextEnabled: true, mobileEmulationEnabled: false, nativeEvents: true, networkConnectionEnabled: false, pageLoadStrategy: normal, platform: XP, platformName: XP, rotatable: false, setWindowRect: true, takesHeapSnapshot: true, takesScreenshot: true, unexpectedAlertBehaviour: , unhandledPromptBehavior: , version: 69.0.3497.100, webStorageEnabled: true}
Session ID: d7f6d0fcfd8011d327d24960e0d20e30)
[[ATTACHMENT|D:\\Repo\\InApp-QA-Automation\\Mpulse_Automation\\Reports\\Test Suite For Demo\\20180919_175358\\1537360272515.png]]

2018-09-19 18:01:12 - [MESSAGE][PASSED] - Wait for page load successfully

2018-09-19 18:01:15 - [MESSAGE][PASSED] - Delayed 3 second(s)

2018-09-19 18:01:18 - [MESSAGE][WARNING] - Web element with id: 'Object Repository/workOrder/expandAndMinimize' located by 'By.xpath: //a[@title='Show']' not found

2018-09-19 18:01:50 - [MESSAGE][FAILED] - Unable to click on object 'Object Repository/workOrder/expandAndMinimize' (Root cause: com.kms.katalon.core.webui.exception.WebElementNotFoundException: Web element with id: 'Object Repository/workOrder/expandAndMinimize' located by 'By.xpath: //a[@title='Show']' not found)
[[ATTACHMENT|D:\\Repo\\InApp-QA-Automation\\Mpulse_Automation\\Reports\\Test Suite For Demo\\20180919_175358\\1537360309963.png]]

2018-09-19 18:01:50 - [MESSAGE][PASSED] - Wait for page load successfully

2018-09-19 18:01:53 - [MESSAGE][PASSED] - Delayed 3 second(s)

2018-09-19 18:01:53 - [MESSAGE][PASSED] - Object 'Object Repository/workOrder/hideListLayout' is clickable

2018-09-19 18:01:53 - [MESSAGE][PASSED] - Object: 'Object Repository/workOrder/hideListLayout' is clicked on

2018-09-19 18:01:56 - [MESSAGE][PASSED] - Delayed 3 second(s)

2018-09-19 18:01:56 - [MESSAGE][PASSED] - Wait for page load successfully

2018-09-19 18:01:56 - [MESSAGE][PASSED] - Angular is ready.

2018-09-19 18:01:56 - [MESSAGE][PASSED] - Object 'Object Repository/workOrder/addAndEdit' is clickable

2018-09-19 18:01:56 - [MESSAGE][PASSED] - Object: 'Object Repository/workOrder/addAndEdit' is clicked on

2018-09-19 18:01:56 - [MESSAGE][PASSED] - Wait for page load successfully

2018-09-19 18:01:58 - [MESSAGE][PASSED] - Angular is ready.

2018-09-19 18:01:58 - [MESSAGE][PASSED] - Object 'Object Repository/workOrder/workOrderTabs' is clickable

2018-09-19 18:01:58 - [MESSAGE][PASSED] - Object: 'Object Repository/workOrder/workOrderTabs' is clicked on

2018-09-19 18:01:58 - [MESSAGE][PASSED] - Wait for page load successfully

2018-09-19 18:01:59 - [MESSAGE][PASSED] - Keys 'WO Sanity Test_1537360237309' sent to object: 'Object Repository/workOrder/description'

2018-09-19 18:02:02 - [MESSAGE][PASSED] - Delayed 3 second(s)

2018-09-19 18:02:02 - [MESSAGE][PASSED] - Object: 'Object Repository/workOrder/woTypeAndGroup' is clicked on

2018-09-19 18:02:05 - [MESSAGE][PASSED] - Delayed 3 second(s)

2018-09-19 18:02:05 - [MESSAGE][PASSED] - Object: 'Object Repository/workOrder/groupAndType' is clicked on

2018-09-19 18:02:09 - [MESSAGE][PASSED] - Delayed 3 second(s)

2018-09-19 18:02:09 - [MESSAGE][PASSED] - Object: 'Object Repository/workOrder/woTypeAndGroup' is clicked on

2018-09-19 18:02:12 - [MESSAGE][PASSED] - Delayed 3 second(s)

2018-09-19 18:02:12 - [MESSAGE][PASSED] - Object: 'Object Repository/workOrder/groupAndType' is clicked on

2018-09-19 18:02:12 - [MESSAGE][PASSED] - Object 'Object Repository/workOrder/workOrderTabs' is clickable

2018-09-19 18:02:14 - [MESSAGE][PASSED] - Object: 'Object Repository/workOrder/workOrderTabs' is clicked on

2018-09-19 18:02:15 - [MESSAGE][PASSED] - Wait for page load successfully

2018-09-19 18:02:15 - [MESSAGE][PASSED] - Object 'Object Repository/workOrder/link_Asset_Task_Inventory' is clickable

2018-09-19 18:02:15 - [MESSAGE][PASSED] - Object: 'Object Repository/workOrder/link_Asset_Task_Inventory' is clicked on

2018-09-19 18:02:21 - [MESSAGE][PASSED] - Delayed 6 second(s)

2018-09-19 18:02:22 - [MESSAGE][PASSED] - Keys 'PMI-023-ahk' sent to object: 'Object Repository/workOrder/infoLink_Search'

2018-09-19 18:02:28 - [MESSAGE][PASSED] - Delayed 6 second(s)

2018-09-19 18:02:28 - [MESSAGE][PASSED] - Object: 'Object Repository/workOrder/taskAndAssetID' is clicked on

2018-09-19 18:02:28 - [MESSAGE][PASSED] - Wait for page load successfully

2018-09-19 18:02:28 - [MESSAGE][PASSED] - Object: 'Object Repository/workOrder/replace' is clicked on

2018-09-19 18:02:28 - [MESSAGE][PASSED] - Wait for page load successfully

2018-09-19 18:02:30 - [MESSAGE][PASSED] - Angular is ready.

2018-09-19 18:02:31 - [MESSAGE][PASSED] - Object: 'Object Repository/workOrder/link_Asset_Task_Inventory' is clicked on

2018-09-19 18:02:37 - [MESSAGE][PASSED] - Delayed 6 second(s)

2018-09-19 18:02:37 - [MESSAGE][PASSED] - Keys 'EQU-194-2018' sent to object: 'Object Repository/workOrder/infoLink_Search'

2018-09-19 18:02:43 - [MESSAGE][PASSED] - Delayed 6 second(s)

2018-09-19 18:02:43 - [MESSAGE][PASSED] - Object: 'Object Repository/workOrder/taskAndAssetID' is clicked on

2018-09-19 18:02:44 - [MESSAGE][PASSED] - Object: 'Object Repository/workOrder/replace' is clicked on

2018-09-19 18:02:45 - [MESSAGE][PASSED] - Angular is ready.

2018-09-19 18:02:46 - [MESSAGE][PASSED] - Object: 'Object Repository/workOrder/link_Asset_Task_Inventory' is clicked on

2018-09-19 18:02:51 - [MESSAGE][PASSED] - Delayed 5 second(s)

2018-09-19 18:02:57 - [MESSAGE][PASSED] - Delayed 6 second(s)

2018-09-19 18:02:57 - [MESSAGE][PASSED] - Keys 'PRT-144' sent to object: 'Object Repository/workOrder/infoLink_Search'

2018-09-19 18:03:03 - [MESSAGE][PASSED] - Delayed 6 second(s)

2018-09-19 18:03:03 - [MESSAGE][PASSED] - Object: 'Object Repository/workOrder/inventoryID' is clicked on

2018-09-19 18:03:04 - [MESSAGE][PASSED] - Object: 'Object Repository/workOrder/replace' is clicked on

2018-09-19 18:03:06 - [MESSAGE][PASSED] - Angular is ready.

2018-09-19 18:03:08 - [MESSAGE][PASSED] - Object: 'Object Repository/workOrder/workOrderTabs' is clicked on

2018-09-19 18:03:09 - [MESSAGE][PASSED] - Angular is ready.

2018-09-19 18:03:09 - [MESSAGE][PASSED] - Object: 'Object Repository/workOrder/workOrderTabs' is clicked on

2018-09-19 18:03:12 - [MESSAGE][PASSED] - Delayed 3 second(s)

2018-09-19 18:03:12 - [MESSAGE][PASSED] - Keys 'BACK_SPACE + ' sent to object: 'Object Repository/workOrder/estAndOtherCost'

2018-09-19 18:03:12 - [MESSAGE][PASSED] - Keys '15' sent to object: 'Object Repository/workOrder/estAndOtherCost'

2018-09-19 18:03:15 - [MESSAGE][PASSED] - Delayed 3 second(s)

2018-09-19 18:03:15 - [MESSAGE][PASSED] - Keys 'BACK_SPACE + ' sent to object: 'Object Repository/workOrder/estAndOtherCost'

2018-09-19 18:03:16 - [MESSAGE][PASSED] - Keys '15' sent to object: 'Object Repository/workOrder/estAndOtherCost'

2018-09-19 18:03:16 - [MESSAGE][PASSED] - Object: 'Object Repository/workOrder/save' is clicked on

2018-09-19 18:03:24 - [MESSAGE][PASSED] - Delayed 8 second(s)

2018-09-19 18:03:24 - [MESSAGE][PASSED] - Object: 'Object Repository/workOrder/workOrderTabs' is clicked on

2018-09-19 18:03:24 - [MESSAGE][PASSED] - Text of object 'Object Repository/workOrder/WO_ID' is: 'WKO-21191-19/09'

2018-09-19 18:03:24 - [MESSAGE][PASSED] - Object 'Object Repository/workOrder/WO_description' is present

2018-09-19 18:03:24 - [MESSAGE][PASSED] - work_Order.WO_Creation_FormLayout.workOrderCreation is PASSED

2018-09-19 18:03:24 - [TEST_STEP][PASSED] - work_Order.WO_Hold_FormLayout.holdWorkOrderFormLayout: work_Order.WO_Hold_FormLayout.holdWorkOrderFormLayout is PASSED

2018-09-19 18:03:24 - [MESSAGE][PASSED] - Wait for page load successfully

2018-09-19 18:03:24 - [MESSAGE][PASSED] - Object 'Object Repository/workOrder/addAndEdit' is clickable

2018-09-19 18:03:24 - [MESSAGE][PASSED] - Object: 'Object Repository/workOrder/addAndEdit' is clicked on

2018-09-19 18:03:25 - [MESSAGE][PASSED] - Angular is ready.

2018-09-19 18:03:25 - [MESSAGE][PASSED] - Object: 'Object Repository/workOrder/radiobtn' is clicked on

2018-09-19 18:03:28 - [MESSAGE][PASSED] - Delayed 3 second(s)

2018-09-19 18:03:31 - [MESSAGE][PASSED] - Delayed 3 second(s)

2018-09-19 18:03:32 - [MESSAGE][PASSED] - Object: 'Object Repository/workOrder/HoldReason' is clicked on

2018-09-19 18:03:35 - [MESSAGE][PASSED] - Delayed 3 second(s)

2018-09-19 18:03:35 - [MESSAGE][PASSED] - Object: 'Object Repository/workOrder/groupAndType' is clicked on

2018-09-19 18:03:38 - [MESSAGE][PASSED] - Delayed 3 second(s)

2018-09-19 18:03:38 - [MESSAGE][PASSED] - Object: 'Object Repository/workOrder/holduntil_calendar' is clicked on

2018-09-19 18:03:39 - [MESSAGE][PASSED] - Object: 'Object Repository/workOrder/calendar_tom' is clicked on

2018-09-19 18:03:39 - [MESSAGE][PASSED] - Object: 'Object Repository/workOrder/Reason_Save' is clicked on

2018-09-19 18:03:39 - [MESSAGE][PASSED] - Wait for page load successfully

2018-09-19 18:03:39 - [MESSAGE][PASSED] - Object 'Object Repository/workOrder/workOrder Status' is present

2018-09-19 18:03:44 - [MESSAGE][PASSED] - Delayed 5 second(s)

2018-09-19 18:03:44 - [MESSAGE][PASSED] - work_Order.WO_Hold_FormLayout.holdWorkOrderFormLayout is PASSED

2018-09-19 18:03:44 - [TEST_STEP][PASSED] - commonUtils.Common.logoutAndCloseBrowser: commonUtils.Common.logoutAndCloseBrowser is PASSED

2018-09-19 18:03:49 - [MESSAGE][PASSED] - Delayed 5 second(s)

2018-09-19 18:03:49 - [MESSAGE][PASSED] - Object: 'Object Repository/homePage/settings' is clicked on

2018-09-19 18:03:49 - [MESSAGE][PASSED] - Object: 'Object Repository/workOrder/WORecords' is clicked on

2018-09-19 18:03:49 - [MESSAGE][PASSED] - Object 'Object Repository/loginPage/username' is present

2018-09-19 18:03:50 - [MESSAGE][PASSED] - Browser is closed

2018-09-19 18:03:50 - [MESSAGE][PASSED] - commonUtils.Common.logoutAndCloseBrowser is PASSED]]></system-out>
         <system-err><![CDATA[]]></system-err>
      </testcase>
      <testcase name="Test Cases/SANT-TC-032_WO_Close_ListLayout" classname="Test Cases/SANT-TC-032_WO_Close_ListLayout" status="PASSED">
         <system-out><![CDATA[2018-09-19 18:03:50 - [TEST_CASE][PASSED] - Test Cases/SANT-TC-032_WO_Close_ListLayout: Test Cases/SANT-TC-032_WO_Close_ListLayout

2018-09-19 18:03:50 - [TEST_STEP][PASSED] - Statement - woDescription = com.kms.katalon.core.testdata.TestDataFactory.findTestData(workOrder/workOrder).getValue(1, 1): Test data is internal data, reading internal data

2018-09-19 18:03:50 - [TEST_STEP][PASSED] - Statement - WO_name = woDescription + java.lang.System.currentTimeMillis(): null

2018-09-19 18:03:50 - [TEST_STEP][PASSED] - work_Order.WO_Creation_ListLayout.workOrderCreationList: work_Order.WO_Creation_ListLayout.workOrderCreationList is PASSED

2018-09-19 18:03:53 - [MESSAGE][PASSED] - Browser is opened with url: ''

2018-09-19 18:03:54 - [MESSAGE][PASSED] - Current window maximized

2018-09-19 18:04:01 - [MESSAGE][PASSED] - Navigate to 'https://mpulse8.com/#/' successfully

2018-09-19 18:04:01 - [MESSAGE][PASSED] - Object 'Object Repository/loginPage/username' is clickable

2018-09-19 18:04:01 - [MESSAGE][PASSED] - Text 'abhi' is set on object 'Object Repository/loginPage/username'

2018-09-19 18:04:01 - [MESSAGE][PASSED] - Text '123456' is set on object 'Object Repository/loginPage/password'

2018-09-19 18:04:02 - [MESSAGE][PASSED] - Keys 'mpulse8_inapp' sent to object: 'Object Repository/loginPage/database_name'

2018-09-19 18:04:02 - [MESSAGE][PASSED] - Object: 'Object Repository/loginPage/Login_btn' is clicked on

2018-09-19 18:04:02 - [MESSAGE][PASSED] - Wait for page load successfully

2018-09-19 18:04:07 - [MESSAGE][PASSED] - Delayed 5 second(s)

2018-09-19 18:04:18 - [MESSAGE][PASSED] - Object: 'Object Repository/workOrder/workOrders' is clicked on

2018-09-19 18:04:18 - [MESSAGE][PASSED] - Object: 'Object Repository/workOrder/WORecords' is clicked on

2018-09-19 18:04:18 - [MESSAGE][PASSED] - Wait for page load successfully

2018-09-19 18:04:27 - [MESSAGE][PASSED] - Angular is ready.

2018-09-19 18:04:30 - [MESSAGE][PASSED] - Delayed 3 second(s)

2018-09-19 18:04:30 - [MESSAGE][FAILED] - Unable to click on object 'Object Repository/workOrder/cancel' (Root cause: org.openqa.selenium.ElementNotVisibleException: element not visible
  (Session info: chrome=69.0.3497.100)
  (Driver info: chromedriver=2.35.528161 (5b82f2d2aae0ca24b877009200ced9065a772e73),platform=Windows NT 10.0.16299 x86_64) (WARNING: The server did not provide any stacktrace information)
Command duration or timeout: 0 milliseconds
Build info: version: '3.7.1', revision: '8a0099a', time: '2017-11-06T21:07:36.161Z'
System info: host: 'DESKTOP-IC62SMV', ip: '192.168.4.18', os.name: 'Windows 10', os.arch: 'amd64', os.version: '10.0', java.version: '1.8.0_102'
Driver info: com.kms.katalon.selenium.driver.CChromeDriver
Capabilities {acceptInsecureCerts: false, acceptSslCerts: false, applicationCacheEnabled: false, browserConnectionEnabled: false, browserName: chrome, chrome: {chromedriverVersion: 2.35.528161 (5b82f2d2aae0ca..., userDataDir: C:\Users\Braseela\AppData\L...}, cssSelectorsEnabled: true, databaseEnabled: false, handlesAlerts: true, hasTouchScreen: false, javascriptEnabled: true, locationContextEnabled: true, mobileEmulationEnabled: false, nativeEvents: true, networkConnectionEnabled: false, pageLoadStrategy: normal, platform: XP, platformName: XP, rotatable: false, setWindowRect: true, takesHeapSnapshot: true, takesScreenshot: true, unexpectedAlertBehaviour: , unhandledPromptBehavior: , version: 69.0.3497.100, webStorageEnabled: true}
Session ID: 55cc4eb2898c9312fd5059f9f9aa81ef)
[[ATTACHMENT|D:\\Repo\\InApp-QA-Automation\\Mpulse_Automation\\Reports\\Test Suite For Demo\\20180919_175358\\1537360470144.png]]

2018-09-19 18:04:30 - [MESSAGE][PASSED] - Wait for page load successfully

2018-09-19 18:04:33 - [MESSAGE][PASSED] - Delayed 3 second(s)

2018-09-19 18:04:33 - [MESSAGE][PASSED] - Object 'Object Repository/workOrder/hideMenu' is present

2018-09-19 18:04:34 - [MESSAGE][FAILED] - Unable to click on object 'Object Repository/workOrder/hideMenu' (Root cause: org.openqa.selenium.ElementNotVisibleException: element not visible
  (Session info: chrome=69.0.3497.100)
  (Driver info: chromedriver=2.35.528161 (5b82f2d2aae0ca24b877009200ced9065a772e73),platform=Windows NT 10.0.16299 x86_64) (WARNING: The server did not provide any stacktrace information)
Command duration or timeout: 0 milliseconds
Build info: version: '3.7.1', revision: '8a0099a', time: '2017-11-06T21:07:36.161Z'
System info: host: 'DESKTOP-IC62SMV', ip: '192.168.4.18', os.name: 'Windows 10', os.arch: 'amd64', os.version: '10.0', java.version: '1.8.0_102'
Driver info: com.kms.katalon.selenium.driver.CChromeDriver
Capabilities {acceptInsecureCerts: false, acceptSslCerts: false, applicationCacheEnabled: false, browserConnectionEnabled: false, browserName: chrome, chrome: {chromedriverVersion: 2.35.528161 (5b82f2d2aae0ca..., userDataDir: C:\Users\Braseela\AppData\L...}, cssSelectorsEnabled: true, databaseEnabled: false, handlesAlerts: true, hasTouchScreen: false, javascriptEnabled: true, locationContextEnabled: true, mobileEmulationEnabled: false, nativeEvents: true, networkConnectionEnabled: false, pageLoadStrategy: normal, platform: XP, platformName: XP, rotatable: false, setWindowRect: true, takesHeapSnapshot: true, takesScreenshot: true, unexpectedAlertBehaviour: , unhandledPromptBehavior: , version: 69.0.3497.100, webStorageEnabled: true}
Session ID: 55cc4eb2898c9312fd5059f9f9aa81ef)
[[ATTACHMENT|D:\\Repo\\InApp-QA-Automation\\Mpulse_Automation\\Reports\\Test Suite For Demo\\20180919_175358\\1537360473600.png]]

2018-09-19 18:04:34 - [MESSAGE][PASSED] - Wait for page load successfully

2018-09-19 18:04:37 - [MESSAGE][PASSED] - Delayed 3 second(s)

2018-09-19 18:04:37 - [MESSAGE][PASSED] - Object 'Object Repository/workOrder/expandAndMinimize' is present

2018-09-19 18:04:42 - [MESSAGE][PASSED] - Delayed 5 second(s)

2018-09-19 18:04:42 - [MESSAGE][PASSED] - Object: 'Object Repository/workOrder/expandAndMinimize' is clicked on

2018-09-19 18:04:45 - [MESSAGE][PASSED] - Delayed 3 second(s)

2018-09-19 18:04:45 - [MESSAGE][PASSED] - Wait for page load successfully

2018-09-19 18:04:45 - [MESSAGE][PASSED] - Angular is ready.

2018-09-19 18:04:45 - [MESSAGE][PASSED] - Object 'Object Repository/workOrder/addNew_ListLayout' is clickable

2018-09-19 18:04:45 - [MESSAGE][PASSED] - Object: 'Object Repository/workOrder/addNew_ListLayout' is clicked on

2018-09-19 18:04:45 - [MESSAGE][PASSED] - Wait for page load successfully

2018-09-19 18:04:50 - [MESSAGE][PASSED] - Angular is ready.

2018-09-19 18:04:50 - [MESSAGE][PASSED] - Keys 'WO Sanity Test_1537360430969' sent to object: 'Object Repository/workOrder/wo_Description_List'

2018-09-19 18:04:50 - [MESSAGE][PASSED] - Object 'Object Repository/workOrder/Save_ListLayout' is clickable

2018-09-19 18:04:51 - [MESSAGE][PASSED] - Object: 'Object Repository/workOrder/Save_ListLayout' is clicked on

2018-09-19 18:04:51 - [MESSAGE][PASSED] - Wait for page load successfully

2018-09-19 18:04:51 - [MESSAGE][PASSED] - Object 'Object Repository/workOrder/created_WO_List' is present

2018-09-19 18:04:51 - [MESSAGE][PASSED] - work_Order.WO_Creation_ListLayout.workOrderCreationList is PASSED

2018-09-19 18:04:51 - [TEST_STEP][PASSED] - work_Order.WO_Close_ListLayout.closeWorkOrderListLayout: work_Order.WO_Close_ListLayout.closeWorkOrderListLayout is PASSED

2018-09-19 18:04:51 - [MESSAGE][PASSED] - Wait for page load successfully

2018-09-19 18:04:51 - [MESSAGE][PASSED] - Object 'Object Repository/workOrder/CloseWO' is clickable

2018-09-19 18:04:54 - [MESSAGE][PASSED] - Delayed 3 second(s)

2018-09-19 18:04:54 - [MESSAGE][PASSED] - Object: 'Object Repository/workOrder/CloseWO' is clicked on

2018-09-19 18:04:57 - [MESSAGE][PASSED] - Delayed 3 second(s)

2018-09-19 18:04:58 - [MESSAGE][PASSED] - Object: 'Object Repository/workOrder/List_Close_Yes' is clicked on

2018-09-19 18:04:58 - [MESSAGE][PASSED] - Object 'Object Repository/workOrder/calendar_icon' is clickable

2018-09-19 18:05:01 - [MESSAGE][PASSED] - Delayed 3 second(s)

2018-09-19 18:05:01 - [MESSAGE][PASSED] - Object: 'Object Repository/workOrder/calendar_icon' is clicked on

2018-09-19 18:05:01 - [MESSAGE][PASSED] - Object: 'Object Repository/workOrder/calendar_tom' is clicked on

2018-09-19 18:05:01 - [MESSAGE][PASSED] - Object 'Object Repository/workOrder/Required_OK' is present

2018-09-19 18:05:02 - [MESSAGE][PASSED] - Object: 'Object Repository/workOrder/Required_OK' is clicked on

2018-09-19 18:05:02 - [MESSAGE][PASSED] - Wait for page load successfully

2018-09-19 18:05:06 - [MESSAGE][PASSED] - Angular is ready.

2018-09-19 18:05:07 - [MESSAGE][PASSED] - Object: 'Object Repository/workOrder/expandAndMinimize' is clicked on

2018-09-19 18:05:07 - [MESSAGE][PASSED] - Wait for page load successfully

2018-09-19 18:05:08 - [MESSAGE][PASSED] - Angular is ready.

2018-09-19 18:05:08 - [MESSAGE][PASSED] - Object 'Object Repository/workOrder/workOrder Status' is present

2018-09-19 18:05:13 - [MESSAGE][PASSED] - Delayed 5 second(s)

2018-09-19 18:05:13 - [MESSAGE][PASSED] - work_Order.WO_Close_ListLayout.closeWorkOrderListLayout is PASSED

2018-09-19 18:05:13 - [TEST_STEP][PASSED] - commonUtils.Common.logoutAndCloseBrowser: commonUtils.Common.logoutAndCloseBrowser is PASSED

2018-09-19 18:05:18 - [MESSAGE][PASSED] - Delayed 5 second(s)

2018-09-19 18:05:19 - [MESSAGE][PASSED] - Object: 'Object Repository/homePage/settings' is clicked on

2018-09-19 18:05:19 - [MESSAGE][PASSED] - Object: 'Object Repository/workOrder/WORecords' is clicked on

2018-09-19 18:05:19 - [MESSAGE][PASSED] - Object 'Object Repository/loginPage/username' is present

2018-09-19 18:05:20 - [MESSAGE][PASSED] - Browser is closed

2018-09-19 18:05:20 - [MESSAGE][PASSED] - commonUtils.Common.logoutAndCloseBrowser is PASSED]]></system-out>
         <system-err><![CDATA[]]></system-err>
      </testcase>
      <testcase name="Test Cases/SANT-TC-035_MR_To_WO_FormLayout" classname="Test Cases/SANT-TC-035_MR_To_WO_FormLayout" status="PASSED">
         <system-out><![CDATA[2018-09-19 18:05:20 - [TEST_CASE][PASSED] - Test Cases/SANT-TC-035_MR_To_WO_FormLayout: Test Cases/SANT-TC-035_MR_To_WO_FormLayout

2018-09-19 18:05:20 - [TEST_STEP][PASSED] - Statement - woDescription = com.kms.katalon.core.testdata.TestDataFactory.findTestData(maintenanceRecords/MR).getValue(1, 1): Test data is internal data, reading internal data

2018-09-19 18:05:20 - [TEST_STEP][PASSED] - Statement - assetName = com.kms.katalon.core.testdata.TestDataFactory.findTestData(maintenanceRecords/MR).getValue(2, 1): Test data is internal data, reading internal data

2018-09-19 18:05:20 - [TEST_STEP][PASSED] - Statement - inventoryName = com.kms.katalon.core.testdata.TestDataFactory.findTestData(maintenanceRecords/MR).getValue(3, 1): Test data is internal data, reading internal data

2018-09-19 18:05:20 - [TEST_STEP][PASSED] - Statement - woDes = woDescription + "_" + java.lang.System.currentTimeMillis(): null

2018-09-19 18:05:20 - [TEST_STEP][PASSED] - maintenance_Records.MR_Creation_FormLayout.MRCreation: maintenance_Records.MR_Creation_FormLayout.MRCreation is PASSED

2018-09-19 18:05:22 - [MESSAGE][PASSED] - Browser is opened with url: ''

2018-09-19 18:05:23 - [MESSAGE][PASSED] - Current window maximized

2018-09-19 18:05:30 - [MESSAGE][PASSED] - Navigate to 'https://mpulse8.com/#/' successfully

2018-09-19 18:05:30 - [MESSAGE][PASSED] - Object 'Object Repository/loginPage/username' is clickable

2018-09-19 18:05:31 - [MESSAGE][PASSED] - Text 'abhi' is set on object 'Object Repository/loginPage/username'

2018-09-19 18:05:31 - [MESSAGE][PASSED] - Text '123456' is set on object 'Object Repository/loginPage/password'

2018-09-19 18:05:31 - [MESSAGE][PASSED] - Keys 'mpulse8_inapp' sent to object: 'Object Repository/loginPage/database_name'

2018-09-19 18:05:31 - [MESSAGE][PASSED] - Object: 'Object Repository/loginPage/Login_btn' is clicked on

2018-09-19 18:05:31 - [MESSAGE][PASSED] - Wait for page load successfully

2018-09-19 18:05:49 - [MESSAGE][PASSED] - Object: 'Object Repository/workOrder/workOrders' is clicked on

2018-09-19 18:05:49 - [MESSAGE][PASSED] - Object: 'Object Repository/workOrder/WORecords' is clicked on

2018-09-19 18:05:52 - [MESSAGE][PASSED] - Delayed 3 second(s)

2018-09-19 18:05:56 - [MESSAGE][FAILED] - Unable to click on object 'Object Repository/workOrder/cancel' (Root cause: org.openqa.selenium.ElementNotVisibleException: element not visible
  (Session info: chrome=69.0.3497.100)
  (Driver info: chromedriver=2.35.528161 (5b82f2d2aae0ca24b877009200ced9065a772e73),platform=Windows NT 10.0.16299 x86_64) (WARNING: The server did not provide any stacktrace information)
Command duration or timeout: 0 milliseconds
Build info: version: '3.7.1', revision: '8a0099a', time: '2017-11-06T21:07:36.161Z'
System info: host: 'DESKTOP-IC62SMV', ip: '192.168.4.18', os.name: 'Windows 10', os.arch: 'amd64', os.version: '10.0', java.version: '1.8.0_102'
Driver info: com.kms.katalon.selenium.driver.CChromeDriver
Capabilities {acceptInsecureCerts: false, acceptSslCerts: false, applicationCacheEnabled: false, browserConnectionEnabled: false, browserName: chrome, chrome: {chromedriverVersion: 2.35.528161 (5b82f2d2aae0ca..., userDataDir: C:\Users\Braseela\AppData\L...}, cssSelectorsEnabled: true, databaseEnabled: false, handlesAlerts: true, hasTouchScreen: false, javascriptEnabled: true, locationContextEnabled: true, mobileEmulationEnabled: false, nativeEvents: true, networkConnectionEnabled: false, pageLoadStrategy: normal, platform: XP, platformName: XP, rotatable: false, setWindowRect: true, takesHeapSnapshot: true, takesScreenshot: true, unexpectedAlertBehaviour: , unhandledPromptBehavior: , version: 69.0.3497.100, webStorageEnabled: true}
Session ID: 78f7aabdfe0051e4268ce8f031b39d55)
[[ATTACHMENT|D:\\Repo\\InApp-QA-Automation\\Mpulse_Automation\\Reports\\Test Suite For Demo\\20180919_175358\\1537360556291.png]]

2018-09-19 18:05:56 - [MESSAGE][PASSED] - Wait for page load successfully

2018-09-19 18:05:59 - [MESSAGE][PASSED] - Delayed 3 second(s)

2018-09-19 18:06:02 - [MESSAGE][WARNING] - Web element with id: 'Object Repository/workOrder/expandAndMinimize' located by 'By.xpath: //a[@title='Show']' not found

2018-09-19 18:06:34 - [MESSAGE][FAILED] - Unable to click on object 'Object Repository/workOrder/expandAndMinimize' (Root cause: com.kms.katalon.core.webui.exception.WebElementNotFoundException: Web element with id: 'Object Repository/workOrder/expandAndMinimize' located by 'By.xpath: //a[@title='Show']' not found)
[[ATTACHMENT|D:\\Repo\\InApp-QA-Automation\\Mpulse_Automation\\Reports\\Test Suite For Demo\\20180919_175358\\1537360593788.png]]

2018-09-19 18:06:34 - [MESSAGE][PASSED] - Wait for page load successfully

2018-09-19 18:06:37 - [MESSAGE][PASSED] - Delayed 3 second(s)

2018-09-19 18:06:37 - [MESSAGE][PASSED] - Object 'Object Repository/workOrder/hideListLayout' is clickable

2018-09-19 18:06:37 - [MESSAGE][PASSED] - Object: 'Object Repository/workOrder/hideListLayout' is clicked on

2018-09-19 18:06:40 - [MESSAGE][PASSED] - Delayed 3 second(s)

2018-09-19 18:06:40 - [MESSAGE][PASSED] - Wait for page load successfully

2018-09-19 18:06:40 - [MESSAGE][PASSED] - Angular is ready.

2018-09-19 18:06:40 - [MESSAGE][PASSED] - Object 'Object Repository/workOrder/addAndEdit' is clickable

2018-09-19 18:06:40 - [MESSAGE][PASSED] - Object: 'Object Repository/workOrder/addAndEdit' is clicked on

2018-09-19 18:06:40 - [MESSAGE][PASSED] - Wait for page load successfully

2018-09-19 18:06:41 - [MESSAGE][PASSED] - Angular is ready.

2018-09-19 18:06:41 - [MESSAGE][PASSED] - Object 'Object Repository/workOrder/workOrderTabs' is clickable

2018-09-19 18:06:41 - [MESSAGE][PASSED] - Object: 'Object Repository/workOrder/workOrderTabs' is clicked on

2018-09-19 18:06:41 - [MESSAGE][PASSED] - Wait for page load successfully

2018-09-19 18:06:42 - [MESSAGE][PASSED] - Keys 'MR Sanity Test__1537360520329' sent to object: 'Object Repository/workOrder/description'

2018-09-19 18:06:45 - [MESSAGE][PASSED] - Delayed 3 second(s)

2018-09-19 18:06:46 - [MESSAGE][PASSED] - Object: 'Object Repository/workOrder/woTypeAndGroup' is clicked on

2018-09-19 18:06:49 - [MESSAGE][PASSED] - Delayed 3 second(s)

2018-09-19 18:06:49 - [MESSAGE][PASSED] - Object: 'Object Repository/workOrder/groupAndType' is clicked on

2018-09-19 18:06:52 - [MESSAGE][PASSED] - Delayed 3 second(s)

2018-09-19 18:06:52 - [MESSAGE][PASSED] - Object: 'Object Repository/workOrder/woTypeAndGroup' is clicked on

2018-09-19 18:06:55 - [MESSAGE][PASSED] - Delayed 3 second(s)

2018-09-19 18:06:55 - [MESSAGE][PASSED] - Object: 'Object Repository/workOrder/groupAndType' is clicked on

2018-09-19 18:07:10 - [MESSAGE][PASSED] - Delayed 15 second(s)

2018-09-19 18:07:11 - [MESSAGE][PASSED] - Object: 'Object Repository/maintenanceRecords/specific_asset_drop' is clicked on

2018-09-19 18:07:12 - [MESSAGE][PASSED] - Text 'EQU-194-2018 (Test Sanity Asset)' is set on object 'Object Repository/maintenanceRecords/specific_asset_drop'

2018-09-19 18:07:15 - [MESSAGE][PASSED] - Delayed 3 second(s)

2018-09-19 18:07:15 - [MESSAGE][PASSED] - Object: 'Object Repository/workOrder/groupAndType' is clicked on

2018-09-19 18:07:20 - [MESSAGE][PASSED] - Delayed 5 second(s)

2018-09-19 18:07:23 - [MESSAGE][PASSED] - Delayed 3 second(s)

2018-09-19 18:07:23 - [MESSAGE][PASSED] - Object: 'Object Repository/workOrder/woTypeAndGroup' is clicked on

2018-09-19 18:07:26 - [MESSAGE][PASSED] - Delayed 3 second(s)

2018-09-19 18:07:26 - [MESSAGE][PASSED] - Object: 'Object Repository/workOrder/groupAndType' is clicked on

2018-09-19 18:07:29 - [MESSAGE][PASSED] - Delayed 3 second(s)

2018-09-19 18:07:32 - [MESSAGE][PASSED] - Delayed 3 second(s)

2018-09-19 18:07:33 - [MESSAGE][PASSED] - Object: 'Object Repository/workOrder/woTypeAndGroup' is clicked on

2018-09-19 18:07:36 - [MESSAGE][PASSED] - Delayed 3 second(s)

2018-09-19 18:07:36 - [MESSAGE][PASSED] - Object: 'Object Repository/workOrder/groupAndType' is clicked on

2018-09-19 18:07:39 - [MESSAGE][PASSED] - Delayed 3 second(s)

2018-09-19 18:07:42 - [MESSAGE][PASSED] - Delayed 3 second(s)

2018-09-19 18:07:42 - [MESSAGE][PASSED] - Object: 'Object Repository/workOrder/woTypeAndGroup' is clicked on

2018-09-19 18:07:45 - [MESSAGE][PASSED] - Delayed 3 second(s)

2018-09-19 18:07:46 - [MESSAGE][PASSED] - Object: 'Object Repository/workOrder/groupAndType' is clicked on

2018-09-19 18:07:46 - [MESSAGE][PASSED] - Object 'Object Repository/workOrder/workOrderTabs' is clickable

2018-09-19 18:07:47 - [MESSAGE][PASSED] - Object: 'Object Repository/workOrder/workOrderTabs' is clicked on

2018-09-19 18:07:48 - [MESSAGE][PASSED] - Object 'Object Repository/maintenanceRecords/link_Inventory' is clickable

2018-09-19 18:07:48 - [MESSAGE][PASSED] - Object: 'Object Repository/maintenanceRecords/link_Inventory' is clicked on

2018-09-19 18:07:48 - [MESSAGE][PASSED] - Wait for page load successfully

2018-09-19 18:07:54 - [MESSAGE][PASSED] - Delayed 6 second(s)

2018-09-19 18:07:55 - [MESSAGE][PASSED] - Keys 'PRT-144' sent to object: 'Object Repository/workOrder/infoLink_Search'

2018-09-19 18:08:01 - [MESSAGE][PASSED] - Delayed 6 second(s)

2018-09-19 18:08:01 - [MESSAGE][PASSED] - Object: 'Object Repository/workOrder/taskAndAssetID' is clicked on

2018-09-19 18:08:01 - [MESSAGE][PASSED] - Object: 'Object Repository/maintenanceRecords/Link_Inv' is clicked on

2018-09-19 18:08:01 - [MESSAGE][PASSED] - Object 'Object Repository/workOrder/save' is clickable

2018-09-19 18:08:02 - [MESSAGE][PASSED] - Angular is ready.

2018-09-19 18:08:03 - [MESSAGE][PASSED] - Object: 'Object Repository/workOrder/save' is clicked on

2018-09-19 18:08:08 - [MESSAGE][PASSED] - Angular is ready.

2018-09-19 18:08:08 - [MESSAGE][PASSED] - Object: 'Object Repository/workOrder/calendar_OK' is clicked on

2018-09-19 18:08:13 - [MESSAGE][PASSED] - Delayed 5 second(s)

2018-09-19 18:08:13 - [MESSAGE][PASSED] - Object: 'Object Repository/workOrder/workOrderTabs' is clicked on

2018-09-19 18:08:13 - [MESSAGE][PASSED] - Text of object 'Object Repository/workOrder/WO_ID' is: 'WRQ-01003'

2018-09-19 18:08:13 - [MESSAGE][PASSED] - Object 'Object Repository/workOrder/WO_description' is present

2018-09-19 18:08:13 - [MESSAGE][PASSED] - maintenance_Records.MR_Creation_FormLayout.MRCreation is PASSED

2018-09-19 18:08:13 - [TEST_STEP][PASSED] - maintenance_Records.MR_ConverttoWO.MRtoWO: maintenance_Records.MR_ConverttoWO.MRtoWO is PASSED

2018-09-19 18:08:13 - [MESSAGE][PASSED] - Object 'Object Repository/maintenanceRecords/converttoWO' is clickable

2018-09-19 18:08:13 - [MESSAGE][PASSED] - Wait for page load successfully

2018-09-19 18:08:14 - [MESSAGE][PASSED] - Object: 'Object Repository/maintenanceRecords/converttoWO' is clicked on

2018-09-19 18:08:14 - [MESSAGE][PASSED] - Object 'Object Repository/maintenanceRecords/confirmYes' is present

2018-09-19 18:08:19 - [MESSAGE][PASSED] - Delayed 5 second(s)

2018-09-19 18:08:19 - [MESSAGE][PASSED] - Object: 'Object Repository/maintenanceRecords/confirmYes' is clicked on

2018-09-19 18:08:27 - [MESSAGE][PASSED] - Delayed 8 second(s)

2018-09-19 18:08:27 - [MESSAGE][PASSED] - Object: 'Object Repository/maintenanceRecords/confirmYes' is clicked on

2018-09-19 18:08:27 - [MESSAGE][PASSED] - Wait for page load successfully

2018-09-19 18:08:32 - [MESSAGE][PASSED] - Angular is ready.

2018-09-19 18:08:32 - [MESSAGE][PASSED] - Object 'Object Repository/workOrder/WO_description' is present

2018-09-19 18:08:32 - [MESSAGE][PASSED] - maintenance_Records.MR_ConverttoWO.MRtoWO is PASSED

2018-09-19 18:08:32 - [TEST_STEP][PASSED] - commonUtils.Common.logoutAndCloseBrowser: commonUtils.Common.logoutAndCloseBrowser is PASSED

2018-09-19 18:08:37 - [MESSAGE][PASSED] - Delayed 5 second(s)

2018-09-19 18:08:38 - [MESSAGE][PASSED] - Object: 'Object Repository/homePage/settings' is clicked on

2018-09-19 18:08:38 - [MESSAGE][PASSED] - Object: 'Object Repository/workOrder/WORecords' is clicked on

2018-09-19 18:08:38 - [MESSAGE][PASSED] - Object 'Object Repository/loginPage/username' is present

2018-09-19 18:08:39 - [MESSAGE][PASSED] - Browser is closed

2018-09-19 18:08:39 - [MESSAGE][PASSED] - commonUtils.Common.logoutAndCloseBrowser is PASSED]]></system-out>
         <system-err><![CDATA[]]></system-err>
      </testcase>
      <testcase name="Test Cases/SANT-TC-035_MR_To_WO_ListLayout" classname="Test Cases/SANT-TC-035_MR_To_WO_ListLayout" status="FAILED">
         <failure type="FAILED" message="Unable to click on object 'Object Repository/maintenanceRecords/covertToWKO' (Root cause: org.openqa.selenium.WebDriverException: unknown error: Element &lt;button type=&quot;button&quot; class=&quot;btn btn-default btn_popup ng-binding ng-scope&quot; title=&quot;...&quot; ng-click=&quot;convertToWKO(selectedRows)&quot; ng-if=&quot;SubModuleName=='WorkRequestRecords' &amp;amp;&amp;amp; WKOLayout.listviewlabels.ConvertButton &amp;amp;&amp;amp; $root.LoginDetails.UserType != 'Requestor' &amp;amp;&amp;amp; listviewdata.ListViewControlProperty.ShowConvertButton&quot;>Convert to Work Order&lt;/button> is not clickable at point (683, 81). Other element would receive the click: &lt;div class=&quot;dx-overlay-wrapper dx-dialog dx-popup-wrapper dx-dialog-wrapper dx-dialog-root dx-overlay-modal dx-overlay-shader&quot; data-bind=&quot;dxControlsDescendantBindings: true&quot; style=&quot;z-index: 1501; position: fixed; width: 100%; height: 100%; left: 0px; top: 0px; transform: translate(0px, 0px);&quot;>...&lt;/div>
  (Session info: chrome=69.0.3497.100)
  (Driver info: chromedriver=2.35.528161 (5b82f2d2aae0ca24b877009200ced9065a772e73),platform=Windows NT 10.0.16299 x86_64) (WARNING: The server did not provide any stacktrace information)
Command duration or timeout: 0 milliseconds
Build info: version: '3.7.1', revision: '8a0099a', time: '2017-11-06T21:07:36.161Z'
System info: host: 'DESKTOP-IC62SMV', ip: '192.168.4.18', os.name: 'Windows 10', os.arch: 'amd64', os.version: '10.0', java.version: '1.8.0_102'
Driver info: com.kms.katalon.selenium.driver.CChromeDriver
Capabilities {acceptInsecureCerts: false, acceptSslCerts: false, applicationCacheEnabled: false, browserConnectionEnabled: false, browserName: chrome, chrome: {chromedriverVersion: 2.35.528161 (5b82f2d2aae0ca..., userDataDir: C:\Users\Braseela\AppData\L...}, cssSelectorsEnabled: true, databaseEnabled: false, handlesAlerts: true, hasTouchScreen: false, javascriptEnabled: true, locationContextEnabled: true, mobileEmulationEnabled: false, nativeEvents: true, networkConnectionEnabled: false, pageLoadStrategy: normal, platform: XP, platformName: XP, rotatable: false, setWindowRect: true, takesHeapSnapshot: true, takesScreenshot: true, unexpectedAlertBehaviour: , unhandledPromptBehavior: , version: 69.0.3497.100, webStorageEnabled: true}
Session ID: 1a1cf24d1275dac513d43962c8f9ea74)"/>
         <system-out><![CDATA[2018-09-19 18:08:39 - [TEST_CASE][FAILED] - Test Cases/SANT-TC-035_MR_To_WO_ListLayout: Test Cases/SANT-TC-035_MR_To_WO_ListLayout FAILED because (of) Unable to click on object 'Object Repository/maintenanceRecords/covertToWKO' (Root cause: org.openqa.selenium.WebDriverException: unknown error: Element <button type="button" class="btn btn-default btn_popup ng-binding ng-scope" title="..." ng-click="convertToWKO(selectedRows)" ng-if="SubModuleName=='WorkRequestRecords' &amp;&amp; WKOLayout.listviewlabels.ConvertButton &amp;&amp; $root.LoginDetails.UserType != 'Requestor' &amp;&amp; listviewdata.ListViewControlProperty.ShowConvertButton">Convert to Work Order</button> is not clickable at point (683, 81). Other element would receive the click: <div class="dx-overlay-wrapper dx-dialog dx-popup-wrapper dx-dialog-wrapper dx-dialog-root dx-overlay-modal dx-overlay-shader" data-bind="dxControlsDescendantBindings: true" style="z-index: 1501; position: fixed; width: 100%; height: 100%; left: 0px; top: 0px; transform: translate(0px, 0px);">...</div>
  (Session info: chrome=69.0.3497.100)
  (Driver info: chromedriver=2.35.528161 (5b82f2d2aae0ca24b877009200ced9065a772e73),platform=Windows NT 10.0.16299 x86_64) (WARNING: The server did not provide any stacktrace information)
Command duration or timeout: 0 milliseconds
Build info: version: '3.7.1', revision: '8a0099a', time: '2017-11-06T21:07:36.161Z'
System info: host: 'DESKTOP-IC62SMV', ip: '192.168.4.18', os.name: 'Windows 10', os.arch: 'amd64', os.version: '10.0', java.version: '1.8.0_102'
Driver info: com.kms.katalon.selenium.driver.CChromeDriver
Capabilities {acceptInsecureCerts: false, acceptSslCerts: false, applicationCacheEnabled: false, browserConnectionEnabled: false, browserName: chrome, chrome: {chromedriverVersion: 2.35.528161 (5b82f2d2aae0ca..., userDataDir: C:\Users\Braseela\AppData\L...}, cssSelectorsEnabled: true, databaseEnabled: false, handlesAlerts: true, hasTouchScreen: false, javascriptEnabled: true, locationContextEnabled: true, mobileEmulationEnabled: false, nativeEvents: true, networkConnectionEnabled: false, pageLoadStrategy: normal, platform: XP, platformName: XP, rotatable: false, setWindowRect: true, takesHeapSnapshot: true, takesScreenshot: true, unexpectedAlertBehaviour: , unhandledPromptBehavior: , version: 69.0.3497.100, webStorageEnabled: true}
Session ID: 1a1cf24d1275dac513d43962c8f9ea74)

2018-09-19 18:08:39 - [TEST_STEP][PASSED] - Statement - woDescription = com.kms.katalon.core.testdata.TestDataFactory.findTestData(maintenanceRecords/MR).getValue(1, 1): Test data is internal data, reading internal data

2018-09-19 18:08:39 - [TEST_STEP][PASSED] - Statement - assetName = com.kms.katalon.core.testdata.TestDataFactory.findTestData(maintenanceRecords/MR).getValue(2, 1): Test data is internal data, reading internal data

2018-09-19 18:08:39 - [TEST_STEP][PASSED] - Statement - inventoryName = com.kms.katalon.core.testdata.TestDataFactory.findTestData(maintenanceRecords/MR).getValue(3, 1): Test data is internal data, reading internal data

2018-09-19 18:08:39 - [TEST_STEP][PASSED] - Statement - woDes = woDescription + java.lang.System.currentTimeMillis(): null

2018-09-19 18:08:39 - [TEST_STEP][PASSED] - maintenance_Records.MR_Creation_ListLayout.MR_Creation_List: maintenance_Records.MR_Creation_ListLayout.MR_Creation_List is PASSED

2018-09-19 18:08:41 - [MESSAGE][PASSED] - Browser is opened with url: ''

2018-09-19 18:08:42 - [MESSAGE][PASSED] - Current window maximized

2018-09-19 18:08:50 - [MESSAGE][PASSED] - Navigate to 'https://mpulse8.com/#/' successfully

2018-09-19 18:08:50 - [MESSAGE][PASSED] - Object 'Object Repository/loginPage/username' is clickable

2018-09-19 18:08:50 - [MESSAGE][PASSED] - Text 'abhi' is set on object 'Object Repository/loginPage/username'

2018-09-19 18:08:50 - [MESSAGE][PASSED] - Text '123456' is set on object 'Object Repository/loginPage/password'

2018-09-19 18:08:51 - [MESSAGE][PASSED] - Keys 'mpulse8_inapp' sent to object: 'Object Repository/loginPage/database_name'

2018-09-19 18:08:51 - [MESSAGE][PASSED] - Object: 'Object Repository/loginPage/Login_btn' is clicked on

2018-09-19 18:08:51 - [MESSAGE][PASSED] - Wait for page load successfully

2018-09-19 18:09:07 - [MESSAGE][PASSED] - Object: 'Object Repository/workOrder/workOrders' is clicked on

2018-09-19 18:09:08 - [MESSAGE][PASSED] - Object: 'Object Repository/workOrder/WORecords' is clicked on

2018-09-19 18:09:11 - [MESSAGE][PASSED] - Delayed 3 second(s)

2018-09-19 18:09:15 - [MESSAGE][FAILED] - Unable to click on object 'Object Repository/workOrder/cancel' (Root cause: org.openqa.selenium.ElementNotVisibleException: element not visible
  (Session info: chrome=69.0.3497.100)
  (Driver info: chromedriver=2.35.528161 (5b82f2d2aae0ca24b877009200ced9065a772e73),platform=Windows NT 10.0.16299 x86_64) (WARNING: The server did not provide any stacktrace information)
Command duration or timeout: 0 milliseconds
Build info: version: '3.7.1', revision: '8a0099a', time: '2017-11-06T21:07:36.161Z'
System info: host: 'DESKTOP-IC62SMV', ip: '192.168.4.18', os.name: 'Windows 10', os.arch: 'amd64', os.version: '10.0', java.version: '1.8.0_102'
Driver info: com.kms.katalon.selenium.driver.CChromeDriver
Capabilities {acceptInsecureCerts: false, acceptSslCerts: false, applicationCacheEnabled: false, browserConnectionEnabled: false, browserName: chrome, chrome: {chromedriverVersion: 2.35.528161 (5b82f2d2aae0ca..., userDataDir: C:\Users\Braseela\AppData\L...}, cssSelectorsEnabled: true, databaseEnabled: false, handlesAlerts: true, hasTouchScreen: false, javascriptEnabled: true, locationContextEnabled: true, mobileEmulationEnabled: false, nativeEvents: true, networkConnectionEnabled: false, pageLoadStrategy: normal, platform: XP, platformName: XP, rotatable: false, setWindowRect: true, takesHeapSnapshot: true, takesScreenshot: true, unexpectedAlertBehaviour: , unhandledPromptBehavior: , version: 69.0.3497.100, webStorageEnabled: true}
Session ID: 1a1cf24d1275dac513d43962c8f9ea74)
[[ATTACHMENT|D:\\Repo\\InApp-QA-Automation\\Mpulse_Automation\\Reports\\Test Suite For Demo\\20180919_175358\\1537360755008.png]]

2018-09-19 18:09:15 - [MESSAGE][PASSED] - Wait for page load successfully

2018-09-19 18:09:18 - [MESSAGE][PASSED] - Delayed 3 second(s)

2018-09-19 18:09:18 - [MESSAGE][PASSED] - Object 'Object Repository/workOrder/hideMenu' is present

2018-09-19 18:09:18 - [MESSAGE][FAILED] - Unable to click on object 'Object Repository/workOrder/hideMenu' (Root cause: org.openqa.selenium.ElementNotVisibleException: element not visible
  (Session info: chrome=69.0.3497.100)
  (Driver info: chromedriver=2.35.528161 (5b82f2d2aae0ca24b877009200ced9065a772e73),platform=Windows NT 10.0.16299 x86_64) (WARNING: The server did not provide any stacktrace information)
Command duration or timeout: 0 milliseconds
Build info: version: '3.7.1', revision: '8a0099a', time: '2017-11-06T21:07:36.161Z'
System info: host: 'DESKTOP-IC62SMV', ip: '192.168.4.18', os.name: 'Windows 10', os.arch: 'amd64', os.version: '10.0', java.version: '1.8.0_102'
Driver info: com.kms.katalon.selenium.driver.CChromeDriver
Capabilities {acceptInsecureCerts: false, acceptSslCerts: false, applicationCacheEnabled: false, browserConnectionEnabled: false, browserName: chrome, chrome: {chromedriverVersion: 2.35.528161 (5b82f2d2aae0ca..., userDataDir: C:\Users\Braseela\AppData\L...}, cssSelectorsEnabled: true, databaseEnabled: false, handlesAlerts: true, hasTouchScreen: false, javascriptEnabled: true, locationContextEnabled: true, mobileEmulationEnabled: false, nativeEvents: true, networkConnectionEnabled: false, pageLoadStrategy: normal, platform: XP, platformName: XP, rotatable: false, setWindowRect: true, takesHeapSnapshot: true, takesScreenshot: true, unexpectedAlertBehaviour: , unhandledPromptBehavior: , version: 69.0.3497.100, webStorageEnabled: true}
Session ID: 1a1cf24d1275dac513d43962c8f9ea74)
[[ATTACHMENT|D:\\Repo\\InApp-QA-Automation\\Mpulse_Automation\\Reports\\Test Suite For Demo\\20180919_175358\\1537360758418.png]]

2018-09-19 18:09:18 - [MESSAGE][PASSED] - Wait for page load successfully

2018-09-19 18:09:21 - [MESSAGE][PASSED] - Delayed 3 second(s)

2018-09-19 18:09:21 - [MESSAGE][PASSED] - Object 'Object Repository/workOrder/expandAndMinimize' is present

2018-09-19 18:09:26 - [MESSAGE][PASSED] - Delayed 5 second(s)

2018-09-19 18:09:27 - [MESSAGE][PASSED] - Object: 'Object Repository/workOrder/expandAndMinimize' is clicked on

2018-09-19 18:09:30 - [MESSAGE][PASSED] - Delayed 3 second(s)

2018-09-19 18:09:30 - [MESSAGE][PASSED] - Wait for page load successfully

2018-09-19 18:09:30 - [MESSAGE][PASSED] - Angular is ready.

2018-09-19 18:09:30 - [MESSAGE][PASSED] - Object 'Object Repository/workOrder/addNew_ListLayout' is clickable

2018-09-19 18:09:30 - [MESSAGE][PASSED] - Object: 'Object Repository/workOrder/addNew_ListLayout' is clicked on

2018-09-19 18:09:30 - [MESSAGE][PASSED] - Wait for page load successfully

2018-09-19 18:09:36 - [MESSAGE][PASSED] - Angular is ready.

2018-09-19 18:09:36 - [MESSAGE][PASSED] - Keys 'MR Sanity Test_1537360719500' sent to object: 'Object Repository/workOrder/wo_Description_List'

2018-09-19 18:09:36 - [MESSAGE][PASSED] - Object 'Object Repository/workOrder/Save_ListLayout' is clickable

2018-09-19 18:09:37 - [MESSAGE][PASSED] - Object: 'Object Repository/workOrder/Save_ListLayout' is clicked on

2018-09-19 18:09:37 - [MESSAGE][PASSED] - Wait for page load successfully

2018-09-19 18:09:40 - [MESSAGE][PASSED] - Angular is ready.

2018-09-19 18:09:40 - [MESSAGE][PASSED] - Object 'Object Repository/workOrder/calendar_OK' is clickable

2018-09-19 18:09:41 - [MESSAGE][PASSED] - Object: 'Object Repository/workOrder/calendar_OK' is clicked on

2018-09-19 18:09:41 - [MESSAGE][PASSED] - Angular is ready.

2018-09-19 18:09:41 - [MESSAGE][PASSED] - Object 'Object Repository/workOrder/created_WO_List' is present

2018-09-19 18:09:41 - [MESSAGE][PASSED] - maintenance_Records.MR_Creation_ListLayout.MR_Creation_List is PASSED

2018-09-19 18:09:41 - [TEST_STEP][FAILED] - maintenance_Records.MR_ConverttoWO_ListLayout.convertWKOFromListLayout: Unable to click on object 'Object Repository/maintenanceRecords/covertToWKO' (Root cause: org.openqa.selenium.WebDriverException: unknown error: Element <button type="button" class="btn btn-default btn_popup ng-binding ng-scope" title="..." ng-click="convertToWKO(selectedRows)" ng-if="SubModuleName=='WorkRequestRecords' &amp;&amp; WKOLayout.listviewlabels.ConvertButton &amp;&amp; $root.LoginDetails.UserType != 'Requestor' &amp;&amp; listviewdata.ListViewControlProperty.ShowConvertButton">Convert to Work Order</button> is not clickable at point (683, 81). Other element would receive the click: <div class="dx-overlay-wrapper dx-dialog dx-popup-wrapper dx-dialog-wrapper dx-dialog-root dx-overlay-modal dx-overlay-shader" data-bind="dxControlsDescendantBindings: true" style="z-index: 1501; position: fixed; width: 100%; height: 100%; left: 0px; top: 0px; transform: translate(0px, 0px);">...</div>
  (Session info: chrome=69.0.3497.100)
  (Driver info: chromedriver=2.35.528161 (5b82f2d2aae0ca24b877009200ced9065a772e73),platform=Windows NT 10.0.16299 x86_64) (WARNING: The server did not provide any stacktrace information)
Command duration or timeout: 0 milliseconds
Build info: version: '3.7.1', revision: '8a0099a', time: '2017-11-06T21:07:36.161Z'
System info: host: 'DESKTOP-IC62SMV', ip: '192.168.4.18', os.name: 'Windows 10', os.arch: 'amd64', os.version: '10.0', java.version: '1.8.0_102'
Driver info: com.kms.katalon.selenium.driver.CChromeDriver
Capabilities {acceptInsecureCerts: false, acceptSslCerts: false, applicationCacheEnabled: false, browserConnectionEnabled: false, browserName: chrome, chrome: {chromedriverVersion: 2.35.528161 (5b82f2d2aae0ca..., userDataDir: C:\Users\Braseela\AppData\L...}, cssSelectorsEnabled: true, databaseEnabled: false, handlesAlerts: true, hasTouchScreen: false, javascriptEnabled: true, locationContextEnabled: true, mobileEmulationEnabled: false, nativeEvents: true, networkConnectionEnabled: false, pageLoadStrategy: normal, platform: XP, platformName: XP, rotatable: false, setWindowRect: true, takesHeapSnapshot: true, takesScreenshot: true, unexpectedAlertBehaviour: , unhandledPromptBehavior: , version: 69.0.3497.100, webStorageEnabled: true}
Session ID: 1a1cf24d1275dac513d43962c8f9ea74)

2018-09-19 18:09:46 - [MESSAGE][PASSED] - Delayed 5 second(s)

2018-09-19 18:09:46 - [MESSAGE][PASSED] - Wait for page load successfully

2018-09-19 18:09:46 - [MESSAGE][FAILED] - Unable to click on object 'Object Repository/maintenanceRecords/covertToWKO' (Root cause: org.openqa.selenium.WebDriverException: unknown error: Element <button type="button" class="btn btn-default btn_popup ng-binding ng-scope" title="..." ng-click="convertToWKO(selectedRows)" ng-if="SubModuleName=='WorkRequestRecords' &amp;&amp; WKOLayout.listviewlabels.ConvertButton &amp;&amp; $root.LoginDetails.UserType != 'Requestor' &amp;&amp; listviewdata.ListViewControlProperty.ShowConvertButton">Convert to Work Order</button> is not clickable at point (683, 81). Other element would receive the click: <div class="dx-overlay-wrapper dx-dialog dx-popup-wrapper dx-dialog-wrapper dx-dialog-root dx-overlay-modal dx-overlay-shader" data-bind="dxControlsDescendantBindings: true" style="z-index: 1501; position: fixed; width: 100%; height: 100%; left: 0px; top: 0px; transform: translate(0px, 0px);">...</div>
  (Session info: chrome=69.0.3497.100)
  (Driver info: chromedriver=2.35.528161 (5b82f2d2aae0ca24b877009200ced9065a772e73),platform=Windows NT 10.0.16299 x86_64) (WARNING: The server did not provide any stacktrace information)
Command duration or timeout: 0 milliseconds
Build info: version: '3.7.1', revision: '8a0099a', time: '2017-11-06T21:07:36.161Z'
System info: host: 'DESKTOP-IC62SMV', ip: '192.168.4.18', os.name: 'Windows 10', os.arch: 'amd64', os.version: '10.0', java.version: '1.8.0_102'
Driver info: com.kms.katalon.selenium.driver.CChromeDriver
Capabilities {acceptInsecureCerts: false, acceptSslCerts: false, applicationCacheEnabled: false, browserConnectionEnabled: false, browserName: chrome, chrome: {chromedriverVersion: 2.35.528161 (5b82f2d2aae0ca..., userDataDir: C:\Users\Braseela\AppData\L...}, cssSelectorsEnabled: true, databaseEnabled: false, handlesAlerts: true, hasTouchScreen: false, javascriptEnabled: true, locationContextEnabled: true, mobileEmulationEnabled: false, nativeEvents: true, networkConnectionEnabled: false, pageLoadStrategy: normal, platform: XP, platformName: XP, rotatable: false, setWindowRect: true, takesHeapSnapshot: true, takesScreenshot: true, unexpectedAlertBehaviour: , unhandledPromptBehavior: , version: 69.0.3497.100, webStorageEnabled: true}
Session ID: 1a1cf24d1275dac513d43962c8f9ea74)
[[ATTACHMENT|D:\\Repo\\InApp-QA-Automation\\Mpulse_Automation\\Reports\\Test Suite For Demo\\20180919_175358\\1537360786475.png]]

2018-09-19 18:09:46 - [MESSAGE][FAILED] - Unable to click on object 'Object Repository/maintenanceRecords/covertToWKO' (Root cause: org.openqa.selenium.WebDriverException: unknown error: Element <button type="button" class="btn btn-default btn_popup ng-binding ng-scope" title="..." ng-click="convertToWKO(selectedRows)" ng-if="SubModuleName=='WorkRequestRecords' &amp;&amp; WKOLayout.listviewlabels.ConvertButton &amp;&amp; $root.LoginDetails.UserType != 'Requestor' &amp;&amp; listviewdata.ListViewControlProperty.ShowConvertButton">Convert to Work Order</button> is not clickable at point (683, 81). Other element would receive the click: <div class="dx-overlay-wrapper dx-dialog dx-popup-wrapper dx-dialog-wrapper dx-dialog-root dx-overlay-modal dx-overlay-shader" data-bind="dxControlsDescendantBindings: true" style="z-index: 1501; position: fixed; width: 100%; height: 100%; left: 0px; top: 0px; transform: translate(0px, 0px);">...</div>
  (Session info: chrome=69.0.3497.100)
  (Driver info: chromedriver=2.35.528161 (5b82f2d2aae0ca24b877009200ced9065a772e73),platform=Windows NT 10.0.16299 x86_64) (WARNING: The server did not provide any stacktrace information)
Command duration or timeout: 0 milliseconds
Build info: version: '3.7.1', revision: '8a0099a', time: '2017-11-06T21:07:36.161Z'
System info: host: 'DESKTOP-IC62SMV', ip: '192.168.4.18', os.name: 'Windows 10', os.arch: 'amd64', os.version: '10.0', java.version: '1.8.0_102'
Driver info: com.kms.katalon.selenium.driver.CChromeDriver
Capabilities {acceptInsecureCerts: false, acceptSslCerts: false, applicationCacheEnabled: false, browserConnectionEnabled: false, browserName: chrome, chrome: {chromedriverVersion: 2.35.528161 (5b82f2d2aae0ca..., userDataDir: C:\Users\Braseela\AppData\L...}, cssSelectorsEnabled: true, databaseEnabled: false, handlesAlerts: true, hasTouchScreen: false, javascriptEnabled: true, locationContextEnabled: true, mobileEmulationEnabled: false, nativeEvents: true, networkConnectionEnabled: false, pageLoadStrategy: normal, platform: XP, platformName: XP, rotatable: false, setWindowRect: true, takesHeapSnapshot: true, takesScreenshot: true, unexpectedAlertBehaviour: , unhandledPromptBehavior: , version: 69.0.3497.100, webStorageEnabled: true}
Session ID: 1a1cf24d1275dac513d43962c8f9ea74)]]></system-out>
         <system-err><![CDATA[2018-09-19 18:08:39 - [TEST_CASE][FAILED] - Test Cases/SANT-TC-035_MR_To_WO_ListLayout: Test Cases/SANT-TC-035_MR_To_WO_ListLayout FAILED because (of) Unable to click on object 'Object Repository/maintenanceRecords/covertToWKO' (Root cause: org.openqa.selenium.WebDriverException: unknown error: Element <button type="button" class="btn btn-default btn_popup ng-binding ng-scope" title="..." ng-click="convertToWKO(selectedRows)" ng-if="SubModuleName=='WorkRequestRecords' &amp;&amp; WKOLayout.listviewlabels.ConvertButton &amp;&amp; $root.LoginDetails.UserType != 'Requestor' &amp;&amp; listviewdata.ListViewControlProperty.ShowConvertButton">Convert to Work Order</button> is not clickable at point (683, 81). Other element would receive the click: <div class="dx-overlay-wrapper dx-dialog dx-popup-wrapper dx-dialog-wrapper dx-dialog-root dx-overlay-modal dx-overlay-shader" data-bind="dxControlsDescendantBindings: true" style="z-index: 1501; position: fixed; width: 100%; height: 100%; left: 0px; top: 0px; transform: translate(0px, 0px);">...</div>
  (Session info: chrome=69.0.3497.100)
  (Driver info: chromedriver=2.35.528161 (5b82f2d2aae0ca24b877009200ced9065a772e73),platform=Windows NT 10.0.16299 x86_64) (WARNING: The server did not provide any stacktrace information)
Command duration or timeout: 0 milliseconds
Build info: version: '3.7.1', revision: '8a0099a', time: '2017-11-06T21:07:36.161Z'
System info: host: 'DESKTOP-IC62SMV', ip: '192.168.4.18', os.name: 'Windows 10', os.arch: 'amd64', os.version: '10.0', java.version: '1.8.0_102'
Driver info: com.kms.katalon.selenium.driver.CChromeDriver
Capabilities {acceptInsecureCerts: false, acceptSslCerts: false, applicationCacheEnabled: false, browserConnectionEnabled: false, browserName: chrome, chrome: {chromedriverVersion: 2.35.528161 (5b82f2d2aae0ca..., userDataDir: C:\Users\Braseela\AppData\L...}, cssSelectorsEnabled: true, databaseEnabled: false, handlesAlerts: true, hasTouchScreen: false, javascriptEnabled: true, locationContextEnabled: true, mobileEmulationEnabled: false, nativeEvents: true, networkConnectionEnabled: false, pageLoadStrategy: normal, platform: XP, platformName: XP, rotatable: false, setWindowRect: true, takesHeapSnapshot: true, takesScreenshot: true, unexpectedAlertBehaviour: , unhandledPromptBehavior: , version: 69.0.3497.100, webStorageEnabled: true}
Session ID: 1a1cf24d1275dac513d43962c8f9ea74)]]></system-err>
      </testcase>
      <testcase name="Test Cases/SANT-TC-041_SMR_Floating Schedule" classname="Test Cases/SANT-TC-041_SMR_Floating Schedule" status="PASSED">
         <system-out><![CDATA[2018-09-19 18:09:46 - [TEST_CASE][PASSED] - Test Cases/SANT-TC-041_SMR_Floating Schedule: Test Cases/SANT-TC-041_SMR_Floating Schedule

2018-09-19 18:09:47 - [TEST_STEP][PASSED] - Statement - SMRDescription = com.kms.katalon.core.testdata.TestDataFactory.findTestData(SMR/SMR).getValue(1, 1): Test data is internal data, reading internal data

2018-09-19 18:09:47 - [TEST_STEP][PASSED] - Statement - taskName = com.kms.katalon.core.testdata.TestDataFactory.findTestData(SMR/SMR).getValue(2, 1): Test data is internal data, reading internal data

2018-09-19 18:09:47 - [TEST_STEP][PASSED] - Statement - assetName = com.kms.katalon.core.testdata.TestDataFactory.findTestData(SMR/SMR).getValue(3, 1): Test data is internal data, reading internal data

2018-09-19 18:09:47 - [TEST_STEP][PASSED] - Statement - inventoryName = com.kms.katalon.core.testdata.TestDataFactory.findTestData(SMR/SMR).getValue(4, 1): Test data is internal data, reading internal data

2018-09-19 18:09:47 - [TEST_STEP][PASSED] - Statement - SMRDes = SMRDescription + "_" + java.lang.System.currentTimeMillis(): null

2018-09-19 18:09:47 - [TEST_STEP][PASSED] - scheduled_Maintenance_Records.SMR_Creation.SMRCreationFloating: scheduled_Maintenance_Records.SMR_Creation.SMRCreationFloating is PASSED

2018-09-19 18:09:47 - [MESSAGE][WARNING] - A browser is already opened. Closing browser and opening a new one

2018-09-19 18:09:50 - [MESSAGE][PASSED] - Browser is opened with url: ''

2018-09-19 18:09:52 - [MESSAGE][PASSED] - Current window maximized

2018-09-19 18:09:59 - [MESSAGE][PASSED] - Navigate to 'https://mpulse8.com/#/' successfully

2018-09-19 18:09:59 - [MESSAGE][PASSED] - Object 'Object Repository/loginPage/username' is clickable

2018-09-19 18:09:59 - [MESSAGE][PASSED] - Text 'abhi' is set on object 'Object Repository/loginPage/username'

2018-09-19 18:09:59 - [MESSAGE][PASSED] - Text '123456' is set on object 'Object Repository/loginPage/password'

2018-09-19 18:10:00 - [MESSAGE][PASSED] - Keys 'mpulse8_inapp' sent to object: 'Object Repository/loginPage/database_name'

2018-09-19 18:10:00 - [MESSAGE][PASSED] - Object: 'Object Repository/loginPage/Login_btn' is clicked on

2018-09-19 18:10:00 - [MESSAGE][PASSED] - Wait for page load successfully

2018-09-19 18:10:05 - [MESSAGE][PASSED] - Delayed 5 second(s)

2018-09-19 18:10:16 - [MESSAGE][PASSED] - Object: 'Object Repository/SMR/Scheduled Maintenance' is clicked on

2018-09-19 18:10:17 - [MESSAGE][PASSED] - Object: 'Object Repository/workOrder/WORecords' is clicked on

2018-09-19 18:10:20 - [MESSAGE][PASSED] - Delayed 3 second(s)

2018-09-19 18:10:23 - [MESSAGE][FAILED] - Unable to click on object 'Object Repository/workOrder/cancel' (Root cause: org.openqa.selenium.ElementNotVisibleException: element not visible
  (Session info: chrome=69.0.3497.100)
  (Driver info: chromedriver=2.35.528161 (5b82f2d2aae0ca24b877009200ced9065a772e73),platform=Windows NT 10.0.16299 x86_64) (WARNING: The server did not provide any stacktrace information)
Command duration or timeout: 0 milliseconds
Build info: version: '3.7.1', revision: '8a0099a', time: '2017-11-06T21:07:36.161Z'
System info: host: 'DESKTOP-IC62SMV', ip: '192.168.4.18', os.name: 'Windows 10', os.arch: 'amd64', os.version: '10.0', java.version: '1.8.0_102'
Driver info: com.kms.katalon.selenium.driver.CChromeDriver
Capabilities {acceptInsecureCerts: false, acceptSslCerts: false, applicationCacheEnabled: false, browserConnectionEnabled: false, browserName: chrome, chrome: {chromedriverVersion: 2.35.528161 (5b82f2d2aae0ca..., userDataDir: C:\Users\Braseela\AppData\L...}, cssSelectorsEnabled: true, databaseEnabled: false, handlesAlerts: true, hasTouchScreen: false, javascriptEnabled: true, locationContextEnabled: true, mobileEmulationEnabled: false, nativeEvents: true, networkConnectionEnabled: false, pageLoadStrategy: normal, platform: XP, platformName: XP, rotatable: false, setWindowRect: true, takesHeapSnapshot: true, takesScreenshot: true, unexpectedAlertBehaviour: , unhandledPromptBehavior: , version: 69.0.3497.100, webStorageEnabled: true}
Session ID: 6d7f4c3d8f6ffecbf45355fda07f1a86)
[[ATTACHMENT|D:\\Repo\\InApp-QA-Automation\\Mpulse_Automation\\Reports\\Test Suite For Demo\\20180919_175358\\1537360823351.png]]

2018-09-19 18:10:23 - [MESSAGE][PASSED] - Wait for page load successfully

2018-09-19 18:10:26 - [MESSAGE][PASSED] - Delayed 3 second(s)

2018-09-19 18:10:29 - [MESSAGE][WARNING] - Web element with id: 'Object Repository/workOrder/expandAndMinimize' located by 'By.xpath: //a[@title='Show']' not found

2018-09-19 18:11:01 - [MESSAGE][FAILED] - Unable to click on object 'Object Repository/workOrder/expandAndMinimize' (Root cause: com.kms.katalon.core.webui.exception.WebElementNotFoundException: Web element with id: 'Object Repository/workOrder/expandAndMinimize' located by 'By.xpath: //a[@title='Show']' not found)
[[ATTACHMENT|D:\\Repo\\InApp-QA-Automation\\Mpulse_Automation\\Reports\\Test Suite For Demo\\20180919_175358\\1537360861451.png]]

2018-09-19 18:11:01 - [MESSAGE][PASSED] - Wait for page load successfully

2018-09-19 18:11:04 - [MESSAGE][PASSED] - Delayed 3 second(s)

2018-09-19 18:11:04 - [MESSAGE][PASSED] - Object 'Object Repository/workOrder/hideListLayout' is clickable

2018-09-19 18:11:05 - [MESSAGE][PASSED] - Object: 'Object Repository/workOrder/hideListLayout' is clicked on

2018-09-19 18:11:08 - [MESSAGE][PASSED] - Delayed 3 second(s)

2018-09-19 18:11:08 - [MESSAGE][PASSED] - Wait for page load successfully

2018-09-19 18:11:08 - [MESSAGE][PASSED] - Angular is ready.

2018-09-19 18:11:08 - [MESSAGE][PASSED] - Object 'Object Repository/workOrder/addAndEdit' is clickable

2018-09-19 18:11:08 - [MESSAGE][PASSED] - Object: 'Object Repository/workOrder/addAndEdit' is clicked on

2018-09-19 18:11:08 - [MESSAGE][PASSED] - Wait for page load successfully

2018-09-19 18:11:10 - [MESSAGE][PASSED] - Angular is ready.

2018-09-19 18:11:10 - [MESSAGE][PASSED] - Object: 'Object Repository/workOrder/workOrderTabs' is clicked on

2018-09-19 18:11:11 - [MESSAGE][PASSED] - Keys 'SMR Sanity Test__1537360787414' sent to object: 'Object Repository/SMR/description'

2018-09-19 18:11:11 - [MESSAGE][PASSED] - Wait for page load successfully

2018-09-19 18:11:11 - [MESSAGE][PASSED] - Object 'Object Repository/workOrder/link_Asset_Task_Inventory' is clickable

2018-09-19 18:11:11 - [MESSAGE][PASSED] - Object: 'Object Repository/workOrder/link_Asset_Task_Inventory' is clicked on

2018-09-19 18:11:17 - [MESSAGE][PASSED] - Delayed 6 second(s)

2018-09-19 18:11:18 - [MESSAGE][PASSED] - Keys 'PMI-023-ahk' sent to object: 'Object Repository/workOrder/infoLink_Search'

2018-09-19 18:11:24 - [MESSAGE][PASSED] - Delayed 6 second(s)

2018-09-19 18:11:24 - [MESSAGE][PASSED] - Object: 'Object Repository/workOrder/taskAndAssetID' is clicked on

2018-09-19 18:11:24 - [MESSAGE][PASSED] - Object: 'Object Repository/workOrder/replace' is clicked on

2018-09-19 18:11:24 - [MESSAGE][PASSED] - Wait for page load successfully

2018-09-19 18:11:25 - [MESSAGE][PASSED] - Angular is ready.

2018-09-19 18:11:26 - [MESSAGE][PASSED] - Object: 'Object Repository/workOrder/link_Asset_Task_Inventory' is clicked on

2018-09-19 18:11:32 - [MESSAGE][PASSED] - Delayed 6 second(s)

2018-09-19 18:11:32 - [MESSAGE][PASSED] - Keys 'EQU-194-2018' sent to object: 'Object Repository/workOrder/infoLink_Search'

2018-09-19 18:11:38 - [MESSAGE][PASSED] - Delayed 6 second(s)

2018-09-19 18:11:39 - [MESSAGE][PASSED] - Object: 'Object Repository/workOrder/taskAndAssetID' is clicked on

2018-09-19 18:11:39 - [MESSAGE][PASSED] - Object: 'Object Repository/workOrder/replace' is clicked on

2018-09-19 18:11:39 - [MESSAGE][PASSED] - Wait for page load successfully

2018-09-19 18:11:40 - [MESSAGE][PASSED] - Angular is ready.

2018-09-19 18:11:41 - [MESSAGE][PASSED] - Object: 'Object Repository/workOrder/link_Asset_Task_Inventory' is clicked on

2018-09-19 18:11:47 - [MESSAGE][PASSED] - Delayed 6 second(s)

2018-09-19 18:11:47 - [MESSAGE][PASSED] - Keys 'PRT-144' sent to object: 'Object Repository/workOrder/infoLink_Search'

2018-09-19 18:11:53 - [MESSAGE][PASSED] - Delayed 6 second(s)

2018-09-19 18:11:53 - [MESSAGE][PASSED] - Object: 'Object Repository/workOrder/inventoryID' is clicked on

2018-09-19 18:11:54 - [MESSAGE][PASSED] - Object: 'Object Repository/workOrder/replace' is clicked on

2018-09-19 18:11:54 - [MESSAGE][PASSED] - Wait for page load successfully

2018-09-19 18:11:55 - [MESSAGE][PASSED] - Angular is ready.

2018-09-19 18:11:58 - [MESSAGE][PASSED] - Delayed 3 second(s)

2018-09-19 18:11:59 - [MESSAGE][PASSED] - Object: 'Object Repository/workOrder/workOrderTabs' is clicked on

2018-09-19 18:12:02 - [MESSAGE][PASSED] - Delayed 3 second(s)

2018-09-19 18:12:02 - [MESSAGE][PASSED] - Object: 'Object Repository/workOrder/woTypeAndGroup' is clicked on

2018-09-19 18:12:05 - [MESSAGE][PASSED] - Delayed 3 second(s)

2018-09-19 18:12:06 - [MESSAGE][PASSED] - Object: 'Object Repository/workOrder/groupAndType' is clicked on

2018-09-19 18:12:09 - [MESSAGE][PASSED] - Delayed 3 second(s)

2018-09-19 18:12:09 - [MESSAGE][PASSED] - Object: 'Object Repository/workOrder/woTypeAndGroup' is clicked on

2018-09-19 18:12:12 - [MESSAGE][PASSED] - Delayed 3 second(s)

2018-09-19 18:12:12 - [MESSAGE][PASSED] - Object: 'Object Repository/workOrder/groupAndType' is clicked on

2018-09-19 18:12:15 - [MESSAGE][PASSED] - Delayed 3 second(s)

2018-09-19 18:12:16 - [MESSAGE][PASSED] - Object: 'Object Repository/workOrder/woTypeAndGroup' is clicked on

2018-09-19 18:12:19 - [MESSAGE][PASSED] - Delayed 3 second(s)

2018-09-19 18:12:19 - [MESSAGE][PASSED] - Object: 'Object Repository/workOrder/groupAndType' is clicked on

2018-09-19 18:12:19 - [MESSAGE][PASSED] - Object: 'Object Repository/SMR/floatcalendar' is clicked on

2018-09-19 18:12:22 - [MESSAGE][PASSED] - Delayed 3 second(s)

2018-09-19 18:12:23 - [MESSAGE][PASSED] - Object: 'Object Repository/workOrder/calendar_tom' is clicked on

2018-09-19 18:12:23 - [MESSAGE][PASSED] - Keys 'BACK_SPACE + ' sent to object: 'Object Repository/SMR/recurrance_pattern'

2018-09-19 18:12:23 - [MESSAGE][PASSED] - Keys '2' sent to object: 'Object Repository/SMR/recurrance_pattern'

2018-09-19 18:12:23 - [MESSAGE][PASSED] - Wait for page load successfully

2018-09-19 18:12:26 - [MESSAGE][PASSED] - Delayed 3 second(s)

2018-09-19 18:12:27 - [MESSAGE][PASSED] - Object: 'Object Repository/workOrder/workOrderTabs' is clicked on

2018-09-19 18:12:30 - [MESSAGE][PASSED] - Delayed 3 second(s)

2018-09-19 18:12:31 - [MESSAGE][PASSED] - Keys 'BACK_SPACE + ' sent to object: 'Object Repository/workOrder/estAndOtherCost'

2018-09-19 18:12:31 - [MESSAGE][PASSED] - Keys '15' sent to object: 'Object Repository/workOrder/estAndOtherCost'

2018-09-19 18:12:34 - [MESSAGE][PASSED] - Delayed 3 second(s)

2018-09-19 18:12:34 - [MESSAGE][PASSED] - Keys 'BACK_SPACE + ' sent to object: 'Object Repository/workOrder/estAndOtherCost'

2018-09-19 18:12:34 - [MESSAGE][PASSED] - Keys '15' sent to object: 'Object Repository/workOrder/estAndOtherCost'

2018-09-19 18:12:34 - [MESSAGE][PASSED] - Object: 'Object Repository/workOrder/save' is clicked on

2018-09-19 18:12:44 - [MESSAGE][PASSED] - Delayed 10 second(s)

2018-09-19 18:12:45 - [MESSAGE][PASSED] - Object: 'Object Repository/workOrder/workOrderTabs' is clicked on

2018-09-19 18:12:45 - [MESSAGE][PASSED] - Wait for page load successfully

2018-09-19 18:12:45 - [MESSAGE][PASSED] - Text of object 'Object Repository/workOrder/WO_ID' is: 'SMR-553'

2018-09-19 18:12:45 - [MESSAGE][PASSED] - Object 'Object Repository/workOrder/WO_description' is present

2018-09-19 18:12:45 - [MESSAGE][PASSED] - scheduled_Maintenance_Records.SMR_Creation.SMRCreationFloating is PASSED

2018-09-19 18:12:45 - [TEST_STEP][PASSED] - commonUtils.Common.logoutAndCloseBrowser: commonUtils.Common.logoutAndCloseBrowser is PASSED

2018-09-19 18:12:50 - [MESSAGE][PASSED] - Delayed 5 second(s)

2018-09-19 18:12:50 - [MESSAGE][PASSED] - Object: 'Object Repository/homePage/settings' is clicked on

2018-09-19 18:12:50 - [MESSAGE][PASSED] - Object: 'Object Repository/workOrder/WORecords' is clicked on

2018-09-19 18:12:50 - [MESSAGE][PASSED] - Object 'Object Repository/loginPage/username' is present

2018-09-19 18:12:51 - [MESSAGE][PASSED] - Browser is closed

2018-09-19 18:12:51 - [MESSAGE][PASSED] - commonUtils.Common.logoutAndCloseBrowser is PASSED]]></system-out>
         <system-err><![CDATA[]]></system-err>
      </testcase>
      <testcase name="Test Cases/SANT-TC-042_SMR_Fixed Schedule" classname="Test Cases/SANT-TC-042_SMR_Fixed Schedule" status="PASSED">
         <system-out><![CDATA[2018-09-19 18:12:51 - [TEST_CASE][PASSED] - Test Cases/SANT-TC-042_SMR_Fixed Schedule: Test Cases/SANT-TC-042_SMR_Fixed Schedule

2018-09-19 18:12:51 - [TEST_STEP][PASSED] - Statement - SMRDescription = com.kms.katalon.core.testdata.TestDataFactory.findTestData(SMR/SMR).getValue(1, 1): Test data is internal data, reading internal data

2018-09-19 18:12:51 - [TEST_STEP][PASSED] - Statement - taskName = com.kms.katalon.core.testdata.TestDataFactory.findTestData(SMR/SMR).getValue(2, 1): Test data is internal data, reading internal data

2018-09-19 18:12:51 - [TEST_STEP][PASSED] - Statement - assetName = com.kms.katalon.core.testdata.TestDataFactory.findTestData(SMR/SMR).getValue(3, 1): Test data is internal data, reading internal data

2018-09-19 18:12:52 - [TEST_STEP][PASSED] - Statement - inventoryName = com.kms.katalon.core.testdata.TestDataFactory.findTestData(SMR/SMR).getValue(4, 1): Test data is internal data, reading internal data

2018-09-19 18:12:52 - [TEST_STEP][PASSED] - Statement - SMRDes = SMRDescription + "_" + java.lang.System.currentTimeMillis(): null

2018-09-19 18:12:52 - [TEST_STEP][PASSED] - scheduled_Maintenance_Records.SMR_Creation.SMRCreationFixed: scheduled_Maintenance_Records.SMR_Creation.SMRCreationFixed is PASSED

2018-09-19 18:12:54 - [MESSAGE][PASSED] - Browser is opened with url: ''

2018-09-19 18:12:55 - [MESSAGE][PASSED] - Current window maximized

2018-09-19 18:13:03 - [MESSAGE][PASSED] - Navigate to 'https://mpulse8.com/#/' successfully

2018-09-19 18:13:03 - [MESSAGE][PASSED] - Object 'Object Repository/loginPage/username' is clickable

2018-09-19 18:13:03 - [MESSAGE][PASSED] - Text 'abhi' is set on object 'Object Repository/loginPage/username'

2018-09-19 18:13:03 - [MESSAGE][PASSED] - Text '123456' is set on object 'Object Repository/loginPage/password'

2018-09-19 18:13:04 - [MESSAGE][PASSED] - Keys 'mpulse8_inapp' sent to object: 'Object Repository/loginPage/database_name'

2018-09-19 18:13:04 - [MESSAGE][PASSED] - Object: 'Object Repository/loginPage/Login_btn' is clicked on

2018-09-19 18:13:04 - [MESSAGE][PASSED] - Wait for page load successfully

2018-09-19 18:13:09 - [MESSAGE][PASSED] - Delayed 5 second(s)

2018-09-19 18:13:20 - [MESSAGE][PASSED] - Object: 'Object Repository/SMR/Scheduled Maintenance' is clicked on

2018-09-19 18:13:20 - [MESSAGE][PASSED] - Object: 'Object Repository/workOrder/WORecords' is clicked on

2018-09-19 18:13:23 - [MESSAGE][PASSED] - Delayed 3 second(s)

2018-09-19 18:13:26 - [MESSAGE][FAILED] - Unable to click on object 'Object Repository/workOrder/cancel' (Root cause: org.openqa.selenium.ElementNotVisibleException: element not visible
  (Session info: chrome=69.0.3497.100)
  (Driver info: chromedriver=2.35.528161 (5b82f2d2aae0ca24b877009200ced9065a772e73),platform=Windows NT 10.0.16299 x86_64) (WARNING: The server did not provide any stacktrace information)
Command duration or timeout: 0 milliseconds
Build info: version: '3.7.1', revision: '8a0099a', time: '2017-11-06T21:07:36.161Z'
System info: host: 'DESKTOP-IC62SMV', ip: '192.168.4.18', os.name: 'Windows 10', os.arch: 'amd64', os.version: '10.0', java.version: '1.8.0_102'
Driver info: com.kms.katalon.selenium.driver.CChromeDriver
Capabilities {acceptInsecureCerts: false, acceptSslCerts: false, applicationCacheEnabled: false, browserConnectionEnabled: false, browserName: chrome, chrome: {chromedriverVersion: 2.35.528161 (5b82f2d2aae0ca..., userDataDir: C:\Users\Braseela\AppData\L...}, cssSelectorsEnabled: true, databaseEnabled: false, handlesAlerts: true, hasTouchScreen: false, javascriptEnabled: true, locationContextEnabled: true, mobileEmulationEnabled: false, nativeEvents: true, networkConnectionEnabled: false, pageLoadStrategy: normal, platform: XP, platformName: XP, rotatable: false, setWindowRect: true, takesHeapSnapshot: true, takesScreenshot: true, unexpectedAlertBehaviour: , unhandledPromptBehavior: , version: 69.0.3497.100, webStorageEnabled: true}
Session ID: f7f1ceb8efc2a014c1af66bccae35ef4)
[[ATTACHMENT|D:\\Repo\\InApp-QA-Automation\\Mpulse_Automation\\Reports\\Test Suite For Demo\\20180919_175358\\1537361006534.png]]

2018-09-19 18:13:26 - [MESSAGE][PASSED] - Wait for page load successfully

2018-09-19 18:13:29 - [MESSAGE][PASSED] - Delayed 3 second(s)

2018-09-19 18:13:33 - [MESSAGE][WARNING] - Web element with id: 'Object Repository/workOrder/expandAndMinimize' located by 'By.xpath: //a[@title='Show']' not found

2018-09-19 18:14:04 - [MESSAGE][FAILED] - Unable to click on object 'Object Repository/workOrder/expandAndMinimize' (Root cause: com.kms.katalon.core.webui.exception.WebElementNotFoundException: Web element with id: 'Object Repository/workOrder/expandAndMinimize' located by 'By.xpath: //a[@title='Show']' not found)
[[ATTACHMENT|D:\\Repo\\InApp-QA-Automation\\Mpulse_Automation\\Reports\\Test Suite For Demo\\20180919_175358\\1537361044152.png]]

2018-09-19 18:14:04 - [MESSAGE][PASSED] - Wait for page load successfully

2018-09-19 18:14:07 - [MESSAGE][PASSED] - Delayed 3 second(s)

2018-09-19 18:14:07 - [MESSAGE][PASSED] - Object 'Object Repository/workOrder/hideListLayout' is clickable

2018-09-19 18:14:07 - [MESSAGE][PASSED] - Object: 'Object Repository/workOrder/hideListLayout' is clicked on

2018-09-19 18:14:10 - [MESSAGE][PASSED] - Delayed 3 second(s)

2018-09-19 18:14:10 - [MESSAGE][PASSED] - Wait for page load successfully

2018-09-19 18:14:10 - [MESSAGE][PASSED] - Angular is ready.

2018-09-19 18:14:10 - [MESSAGE][PASSED] - Object 'Object Repository/workOrder/addAndEdit' is clickable

2018-09-19 18:14:11 - [MESSAGE][PASSED] - Object: 'Object Repository/workOrder/addAndEdit' is clicked on

2018-09-19 18:14:11 - [MESSAGE][PASSED] - Wait for page load successfully

2018-09-19 18:14:12 - [MESSAGE][PASSED] - Angular is ready.

2018-09-19 18:14:13 - [MESSAGE][PASSED] - Object: 'Object Repository/workOrder/workOrderTabs' is clicked on

2018-09-19 18:14:13 - [MESSAGE][PASSED] - Keys 'SMR Sanity Test__1537360972176' sent to object: 'Object Repository/SMR/description'

2018-09-19 18:14:13 - [MESSAGE][PASSED] - Wait for page load successfully

2018-09-19 18:14:13 - [MESSAGE][PASSED] - Object 'Object Repository/workOrder/link_Asset_Task_Inventory' is clickable

2018-09-19 18:14:14 - [MESSAGE][PASSED] - Object: 'Object Repository/workOrder/link_Asset_Task_Inventory' is clicked on

2018-09-19 18:14:20 - [MESSAGE][PASSED] - Delayed 6 second(s)

2018-09-19 18:14:20 - [MESSAGE][PASSED] - Keys 'PMI-023-ahk' sent to object: 'Object Repository/workOrder/infoLink_Search'

2018-09-19 18:14:26 - [MESSAGE][PASSED] - Delayed 6 second(s)

2018-09-19 18:14:27 - [MESSAGE][PASSED] - Object: 'Object Repository/workOrder/taskAndAssetID' is clicked on

2018-09-19 18:14:27 - [MESSAGE][PASSED] - Object: 'Object Repository/workOrder/replace' is clicked on

2018-09-19 18:14:27 - [MESSAGE][PASSED] - Wait for page load successfully

2018-09-19 18:14:28 - [MESSAGE][PASSED] - Angular is ready.

2018-09-19 18:14:28 - [MESSAGE][PASSED] - Object: 'Object Repository/workOrder/link_Asset_Task_Inventory' is clicked on

2018-09-19 18:14:34 - [MESSAGE][PASSED] - Delayed 6 second(s)

2018-09-19 18:14:35 - [MESSAGE][PASSED] - Keys 'EQU-194-2018' sent to object: 'Object Repository/workOrder/infoLink_Search'

2018-09-19 18:14:41 - [MESSAGE][PASSED] - Delayed 6 second(s)

2018-09-19 18:14:41 - [MESSAGE][PASSED] - Object: 'Object Repository/workOrder/taskAndAssetID' is clicked on

2018-09-19 18:14:41 - [MESSAGE][PASSED] - Object: 'Object Repository/workOrder/replace' is clicked on

2018-09-19 18:14:41 - [MESSAGE][PASSED] - Wait for page load successfully

2018-09-19 18:14:42 - [MESSAGE][PASSED] - Angular is ready.

2018-09-19 18:14:43 - [MESSAGE][PASSED] - Object: 'Object Repository/workOrder/link_Asset_Task_Inventory' is clicked on

2018-09-19 18:14:49 - [MESSAGE][PASSED] - Delayed 6 second(s)

2018-09-19 18:14:49 - [MESSAGE][PASSED] - Keys 'PRT-144' sent to object: 'Object Repository/workOrder/infoLink_Search'

2018-09-19 18:14:55 - [MESSAGE][PASSED] - Delayed 6 second(s)

2018-09-19 18:14:56 - [MESSAGE][PASSED] - Object: 'Object Repository/workOrder/inventoryID' is clicked on

2018-09-19 18:14:56 - [MESSAGE][PASSED] - Object: 'Object Repository/workOrder/replace' is clicked on

2018-09-19 18:14:56 - [MESSAGE][PASSED] - Wait for page load successfully

2018-09-19 18:14:58 - [MESSAGE][PASSED] - Angular is ready.

2018-09-19 18:14:59 - [MESSAGE][PASSED] - Object: 'Object Repository/workOrder/workOrderTabs' is clicked on

2018-09-19 18:15:02 - [MESSAGE][PASSED] - Delayed 3 second(s)

2018-09-19 18:15:02 - [MESSAGE][PASSED] - Object: 'Object Repository/workOrder/woTypeAndGroup' is clicked on

2018-09-19 18:15:05 - [MESSAGE][PASSED] - Delayed 3 second(s)

2018-09-19 18:15:05 - [MESSAGE][PASSED] - Object: 'Object Repository/workOrder/groupAndType' is clicked on

2018-09-19 18:15:08 - [MESSAGE][PASSED] - Delayed 3 second(s)

2018-09-19 18:15:09 - [MESSAGE][PASSED] - Object: 'Object Repository/workOrder/woTypeAndGroup' is clicked on

2018-09-19 18:15:12 - [MESSAGE][PASSED] - Delayed 3 second(s)

2018-09-19 18:15:12 - [MESSAGE][PASSED] - Object: 'Object Repository/workOrder/groupAndType' is clicked on

2018-09-19 18:15:15 - [MESSAGE][PASSED] - Delayed 3 second(s)

2018-09-19 18:15:15 - [MESSAGE][PASSED] - Object: 'Object Repository/workOrder/woTypeAndGroup' is clicked on

2018-09-19 18:15:18 - [MESSAGE][PASSED] - Delayed 3 second(s)

2018-09-19 18:15:19 - [MESSAGE][PASSED] - Object: 'Object Repository/workOrder/groupAndType' is clicked on

2018-09-19 18:15:19 - [MESSAGE][PASSED] - Object: 'Object Repository/SMR/radio_fixedschtype' is clicked on

2018-09-19 18:15:22 - [MESSAGE][PASSED] - Delayed 3 second(s)

2018-09-19 18:15:22 - [MESSAGE][PASSED] - Object: 'Object Repository/SMR/fixedcalendar' is clicked on

2018-09-19 18:15:25 - [MESSAGE][PASSED] - Delayed 3 second(s)

2018-09-19 18:15:26 - [MESSAGE][PASSED] - Object: 'Object Repository/workOrder/calendar_tom' is clicked on

2018-09-19 18:15:29 - [MESSAGE][PASSED] - Delayed 3 second(s)

2018-09-19 18:15:29 - [MESSAGE][PASSED] - Keys 'BACK_SPACE + ' sent to object: 'Object Repository/SMR/recurrance_pattern'

2018-09-19 18:15:29 - [MESSAGE][PASSED] - Keys '2' sent to object: 'Object Repository/SMR/recurrance_pattern'

2018-09-19 18:15:29 - [MESSAGE][PASSED] - Wait for page load successfully

2018-09-19 18:15:30 - [MESSAGE][PASSED] - Object: 'Object Repository/workOrder/workOrderTabs' is clicked on

2018-09-19 18:15:33 - [MESSAGE][PASSED] - Delayed 3 second(s)

2018-09-19 18:15:33 - [MESSAGE][PASSED] - Keys 'BACK_SPACE + ' sent to object: 'Object Repository/workOrder/estAndOtherCost'

2018-09-19 18:15:34 - [MESSAGE][PASSED] - Keys '15' sent to object: 'Object Repository/workOrder/estAndOtherCost'

2018-09-19 18:15:37 - [MESSAGE][PASSED] - Delayed 3 second(s)

2018-09-19 18:15:37 - [MESSAGE][PASSED] - Keys 'BACK_SPACE + ' sent to object: 'Object Repository/workOrder/estAndOtherCost'

2018-09-19 18:15:37 - [MESSAGE][PASSED] - Keys '15' sent to object: 'Object Repository/workOrder/estAndOtherCost'

2018-09-19 18:15:37 - [MESSAGE][PASSED] - Object: 'Object Repository/workOrder/save' is clicked on

2018-09-19 18:15:42 - [MESSAGE][PASSED] - Delayed 5 second(s)

2018-09-19 18:15:42 - [MESSAGE][PASSED] - Object: 'Object Repository/workOrder/workOrderTabs' is clicked on

2018-09-19 18:15:42 - [MESSAGE][PASSED] - Wait for page load successfully

2018-09-19 18:15:43 - [MESSAGE][PASSED] - Text of object 'Object Repository/workOrder/WO_ID' is: 'SMR-554'

2018-09-19 18:15:43 - [MESSAGE][PASSED] - Object 'Object Repository/workOrder/WO_description' is present

2018-09-19 18:15:43 - [MESSAGE][PASSED] - scheduled_Maintenance_Records.SMR_Creation.SMRCreationFixed is PASSED

2018-09-19 18:15:43 - [TEST_STEP][PASSED] - commonUtils.Common.logoutAndCloseBrowser: commonUtils.Common.logoutAndCloseBrowser is PASSED

2018-09-19 18:15:48 - [MESSAGE][PASSED] - Delayed 5 second(s)

2018-09-19 18:15:48 - [MESSAGE][PASSED] - Object: 'Object Repository/homePage/settings' is clicked on

2018-09-19 18:15:48 - [MESSAGE][PASSED] - Object: 'Object Repository/workOrder/WORecords' is clicked on

2018-09-19 18:15:48 - [MESSAGE][PASSED] - Object 'Object Repository/loginPage/username' is present

2018-09-19 18:15:49 - [MESSAGE][PASSED] - Browser is closed

2018-09-19 18:15:49 - [MESSAGE][PASSED] - commonUtils.Common.logoutAndCloseBrowser is PASSED]]></system-out>
         <system-err><![CDATA[]]></system-err>
      </testcase>
      <testcase name="Test Cases/SANT-TC-043_SMR_Meter Based Schedule" classname="Test Cases/SANT-TC-043_SMR_Meter Based Schedule" status="PASSED">
         <system-out><![CDATA[2018-09-19 18:15:49 - [TEST_CASE][PASSED] - Test Cases/SANT-TC-043_SMR_Meter Based Schedule: Test Cases/SANT-TC-043_SMR_Meter Based Schedule

2018-09-19 18:15:49 - [TEST_STEP][PASSED] - Statement - SMRDescription = com.kms.katalon.core.testdata.TestDataFactory.findTestData(SMR/SMR).getValue(1, 1): Test data is internal data, reading internal data

2018-09-19 18:15:49 - [TEST_STEP][PASSED] - Statement - taskName = com.kms.katalon.core.testdata.TestDataFactory.findTestData(SMR/SMR).getValue(2, 1): Test data is internal data, reading internal data

2018-09-19 18:15:49 - [TEST_STEP][PASSED] - Statement - assetName = com.kms.katalon.core.testdata.TestDataFactory.findTestData(SMR/SMR).getValue(3, 1): Test data is internal data, reading internal data

2018-09-19 18:15:49 - [TEST_STEP][PASSED] - Statement - inventoryName = com.kms.katalon.core.testdata.TestDataFactory.findTestData(SMR/SMR).getValue(4, 1): Test data is internal data, reading internal data

2018-09-19 18:15:49 - [TEST_STEP][PASSED] - Statement - SMRDes = SMRDescription + "_" + java.lang.System.currentTimeMillis(): null

2018-09-19 18:15:49 - [TEST_STEP][PASSED] - scheduled_Maintenance_Records.SMR_Creation.SMRCreationMeterBased: scheduled_Maintenance_Records.SMR_Creation.SMRCreationMeterBased is PASSED

2018-09-19 18:15:51 - [MESSAGE][PASSED] - Browser is opened with url: ''

2018-09-19 18:15:52 - [MESSAGE][PASSED] - Current window maximized

2018-09-19 18:16:00 - [MESSAGE][PASSED] - Navigate to 'https://mpulse8.com/#/' successfully

2018-09-19 18:16:00 - [MESSAGE][PASSED] - Object 'Object Repository/loginPage/username' is clickable

2018-09-19 18:16:00 - [MESSAGE][PASSED] - Text 'abhi' is set on object 'Object Repository/loginPage/username'

2018-09-19 18:16:01 - [MESSAGE][PASSED] - Text '123456' is set on object 'Object Repository/loginPage/password'

2018-09-19 18:16:01 - [MESSAGE][PASSED] - Keys 'mpulse8_inapp' sent to object: 'Object Repository/loginPage/database_name'

2018-09-19 18:16:01 - [MESSAGE][PASSED] - Object: 'Object Repository/loginPage/Login_btn' is clicked on

2018-09-19 18:16:01 - [MESSAGE][PASSED] - Wait for page load successfully

2018-09-19 18:16:06 - [MESSAGE][PASSED] - Delayed 5 second(s)

2018-09-19 18:16:17 - [MESSAGE][PASSED] - Object: 'Object Repository/SMR/Scheduled Maintenance' is clicked on

2018-09-19 18:16:17 - [MESSAGE][PASSED] - Object: 'Object Repository/workOrder/WORecords' is clicked on

2018-09-19 18:16:20 - [MESSAGE][PASSED] - Delayed 3 second(s)

2018-09-19 18:16:24 - [MESSAGE][FAILED] - Unable to click on object 'Object Repository/workOrder/cancel' (Root cause: org.openqa.selenium.ElementNotVisibleException: element not visible
  (Session info: chrome=69.0.3497.100)
  (Driver info: chromedriver=2.35.528161 (5b82f2d2aae0ca24b877009200ced9065a772e73),platform=Windows NT 10.0.16299 x86_64) (WARNING: The server did not provide any stacktrace information)
Command duration or timeout: 0 milliseconds
Build info: version: '3.7.1', revision: '8a0099a', time: '2017-11-06T21:07:36.161Z'
System info: host: 'DESKTOP-IC62SMV', ip: '192.168.4.18', os.name: 'Windows 10', os.arch: 'amd64', os.version: '10.0', java.version: '1.8.0_102'
Driver info: com.kms.katalon.selenium.driver.CChromeDriver
Capabilities {acceptInsecureCerts: false, acceptSslCerts: false, applicationCacheEnabled: false, browserConnectionEnabled: false, browserName: chrome, chrome: {chromedriverVersion: 2.35.528161 (5b82f2d2aae0ca..., userDataDir: C:\Users\Braseela\AppData\L...}, cssSelectorsEnabled: true, databaseEnabled: false, handlesAlerts: true, hasTouchScreen: false, javascriptEnabled: true, locationContextEnabled: true, mobileEmulationEnabled: false, nativeEvents: true, networkConnectionEnabled: false, pageLoadStrategy: normal, platform: XP, platformName: XP, rotatable: false, setWindowRect: true, takesHeapSnapshot: true, takesScreenshot: true, unexpectedAlertBehaviour: , unhandledPromptBehavior: , version: 69.0.3497.100, webStorageEnabled: true}
Session ID: aa25ad37b89e38dce24cb2358556bb62)
[[ATTACHMENT|D:\\Repo\\InApp-QA-Automation\\Mpulse_Automation\\Reports\\Test Suite For Demo\\20180919_175358\\1537361183658.png]]

2018-09-19 18:16:24 - [MESSAGE][PASSED] - Wait for page load successfully

2018-09-19 18:16:27 - [MESSAGE][PASSED] - Delayed 3 second(s)

2018-09-19 18:16:30 - [MESSAGE][WARNING] - Web element with id: 'Object Repository/workOrder/expandAndMinimize' located by 'By.xpath: //a[@title='Show']' not found

2018-09-19 18:17:01 - [MESSAGE][FAILED] - Unable to click on object 'Object Repository/workOrder/expandAndMinimize' (Root cause: com.kms.katalon.core.webui.exception.WebElementNotFoundException: Web element with id: 'Object Repository/workOrder/expandAndMinimize' located by 'By.xpath: //a[@title='Show']' not found)
[[ATTACHMENT|D:\\Repo\\InApp-QA-Automation\\Mpulse_Automation\\Reports\\Test Suite For Demo\\20180919_175358\\1537361221116.png]]

2018-09-19 18:17:01 - [MESSAGE][PASSED] - Wait for page load successfully

2018-09-19 18:17:04 - [MESSAGE][PASSED] - Delayed 3 second(s)

2018-09-19 18:17:04 - [MESSAGE][PASSED] - Object 'Object Repository/workOrder/hideListLayout' is clickable

2018-09-19 18:17:04 - [MESSAGE][PASSED] - Object: 'Object Repository/workOrder/hideListLayout' is clicked on

2018-09-19 18:17:07 - [MESSAGE][PASSED] - Delayed 3 second(s)

2018-09-19 18:17:07 - [MESSAGE][PASSED] - Wait for page load successfully

2018-09-19 18:17:07 - [MESSAGE][PASSED] - Angular is ready.

2018-09-19 18:17:07 - [MESSAGE][PASSED] - Object 'Object Repository/workOrder/addAndEdit' is clickable

2018-09-19 18:17:08 - [MESSAGE][PASSED] - Object: 'Object Repository/workOrder/addAndEdit' is clicked on

2018-09-19 18:17:08 - [MESSAGE][PASSED] - Wait for page load successfully

2018-09-19 18:17:09 - [MESSAGE][PASSED] - Angular is ready.

2018-09-19 18:17:09 - [MESSAGE][PASSED] - Object: 'Object Repository/workOrder/workOrderTabs' is clicked on

2018-09-19 18:17:10 - [MESSAGE][PASSED] - Keys 'SMR Sanity Test__1537361149469' sent to object: 'Object Repository/SMR/description'

2018-09-19 18:17:10 - [MESSAGE][PASSED] - Wait for page load successfully

2018-09-19 18:17:10 - [MESSAGE][PASSED] - Object 'Object Repository/workOrder/link_Asset_Task_Inventory' is clickable

2018-09-19 18:17:10 - [MESSAGE][PASSED] - Object: 'Object Repository/workOrder/link_Asset_Task_Inventory' is clicked on

2018-09-19 18:17:16 - [MESSAGE][PASSED] - Delayed 6 second(s)

2018-09-19 18:17:17 - [MESSAGE][PASSED] - Keys 'PMI-023-ahk' sent to object: 'Object Repository/workOrder/infoLink_Search'

2018-09-19 18:17:23 - [MESSAGE][PASSED] - Delayed 6 second(s)

2018-09-19 18:17:23 - [MESSAGE][PASSED] - Object: 'Object Repository/workOrder/taskAndAssetID' is clicked on

2018-09-19 18:17:23 - [MESSAGE][PASSED] - Object: 'Object Repository/workOrder/replace' is clicked on

2018-09-19 18:17:24 - [MESSAGE][PASSED] - Wait for page load successfully

2018-09-19 18:17:25 - [MESSAGE][PASSED] - Angular is ready.

2018-09-19 18:17:25 - [MESSAGE][PASSED] - Object: 'Object Repository/workOrder/link_Asset_Task_Inventory' is clicked on

2018-09-19 18:17:31 - [MESSAGE][PASSED] - Delayed 6 second(s)

2018-09-19 18:17:31 - [MESSAGE][PASSED] - Keys 'EQU-194-2018' sent to object: 'Object Repository/workOrder/infoLink_Search'

2018-09-19 18:17:37 - [MESSAGE][PASSED] - Delayed 6 second(s)

2018-09-19 18:17:38 - [MESSAGE][PASSED] - Object: 'Object Repository/workOrder/taskAndAssetID' is clicked on

2018-09-19 18:17:38 - [MESSAGE][PASSED] - Object: 'Object Repository/workOrder/replace' is clicked on

2018-09-19 18:17:38 - [MESSAGE][PASSED] - Wait for page load successfully

2018-09-19 18:17:39 - [MESSAGE][PASSED] - Angular is ready.

2018-09-19 18:17:40 - [MESSAGE][PASSED] - Object: 'Object Repository/workOrder/link_Asset_Task_Inventory' is clicked on

2018-09-19 18:17:46 - [MESSAGE][PASSED] - Delayed 6 second(s)

2018-09-19 18:17:46 - [MESSAGE][PASSED] - Keys 'PRT-144' sent to object: 'Object Repository/workOrder/infoLink_Search'

2018-09-19 18:17:52 - [MESSAGE][PASSED] - Delayed 6 second(s)

2018-09-19 18:17:52 - [MESSAGE][PASSED] - Object: 'Object Repository/workOrder/inventoryID' is clicked on

2018-09-19 18:17:53 - [MESSAGE][PASSED] - Object: 'Object Repository/workOrder/replace' is clicked on

2018-09-19 18:17:53 - [MESSAGE][PASSED] - Wait for page load successfully

2018-09-19 18:17:54 - [MESSAGE][PASSED] - Angular is ready.

2018-09-19 18:17:55 - [MESSAGE][PASSED] - Object: 'Object Repository/workOrder/workOrderTabs' is clicked on

2018-09-19 18:17:58 - [MESSAGE][PASSED] - Delayed 3 second(s)

2018-09-19 18:17:59 - [MESSAGE][PASSED] - Object: 'Object Repository/workOrder/woTypeAndGroup' is clicked on

2018-09-19 18:18:02 - [MESSAGE][PASSED] - Delayed 3 second(s)

2018-09-19 18:18:02 - [MESSAGE][PASSED] - Object: 'Object Repository/workOrder/groupAndType' is clicked on

2018-09-19 18:18:05 - [MESSAGE][PASSED] - Delayed 3 second(s)

2018-09-19 18:18:05 - [MESSAGE][PASSED] - Object: 'Object Repository/workOrder/woTypeAndGroup' is clicked on

2018-09-19 18:18:08 - [MESSAGE][PASSED] - Delayed 3 second(s)

2018-09-19 18:18:08 - [MESSAGE][PASSED] - Object: 'Object Repository/workOrder/groupAndType' is clicked on

2018-09-19 18:18:11 - [MESSAGE][PASSED] - Delayed 3 second(s)

2018-09-19 18:18:12 - [MESSAGE][PASSED] - Object: 'Object Repository/workOrder/woTypeAndGroup' is clicked on

2018-09-19 18:18:15 - [MESSAGE][PASSED] - Delayed 3 second(s)

2018-09-19 18:18:15 - [MESSAGE][PASSED] - Object: 'Object Repository/workOrder/groupAndType' is clicked on

2018-09-19 18:18:15 - [MESSAGE][PASSED] - Object: 'Object Repository/SMR/timebased' is clicked on

2018-09-19 18:18:15 - [MESSAGE][PASSED] - Object 'Object Repository/SMR/timebasedcheck' is clickable

2018-09-19 18:18:16 - [MESSAGE][PASSED] - Object: 'Object Repository/SMR/timebasedcheck' is clicked on

2018-09-19 18:18:19 - [MESSAGE][PASSED] - Delayed 3 second(s)

2018-09-19 18:18:19 - [MESSAGE][PASSED] - Object 'Object Repository/SMR/meterbased' is clickable

2018-09-19 18:18:19 - [MESSAGE][PASSED] - Object: 'Object Repository/SMR/meterbased' is clicked on

2018-09-19 18:18:19 - [MESSAGE][PASSED] - Object 'Object Repository/SMR/meterbasedcheck' is clickable

2018-09-19 18:18:19 - [MESSAGE][PASSED] - Object: 'Object Repository/SMR/meterbasedcheck' is clicked on

2018-09-19 18:18:22 - [MESSAGE][PASSED] - Delayed 3 second(s)

2018-09-19 18:18:23 - [MESSAGE][PASSED] - Object: 'Object Repository/SMR/assettotrigger' is clicked on

2018-09-19 18:18:26 - [MESSAGE][PASSED] - Delayed 3 second(s)

2018-09-19 18:18:26 - [MESSAGE][PASSED] - Object: 'Object Repository/SMR/assetselect' is clicked on

2018-09-19 18:18:26 - [MESSAGE][PASSED] - Angular is ready.

2018-09-19 18:18:29 - [MESSAGE][PASSED] - Delayed 3 second(s)

2018-09-19 18:18:29 - [MESSAGE][PASSED] - Object: 'Object Repository/SMR/assettotrigger' is clicked on

2018-09-19 18:18:32 - [MESSAGE][PASSED] - Delayed 3 second(s)

2018-09-19 18:18:33 - [MESSAGE][PASSED] - Object: 'Object Repository/SMR/meterselect' is clicked on

2018-09-19 18:18:33 - [MESSAGE][PASSED] - Angular is ready.

2018-09-19 18:18:36 - [MESSAGE][PASSED] - Delayed 3 second(s)

2018-09-19 18:18:37 - [MESSAGE][PASSED] - Keys 'BACK_SPACE + ' sent to object: 'Object Repository/SMR/unitsbtw'

2018-09-19 18:18:37 - [MESSAGE][PASSED] - Keys '15' sent to object: 'Object Repository/SMR/unitsbtw'

2018-09-19 18:18:37 - [MESSAGE][PASSED] - Angular is ready.

2018-09-19 18:18:38 - [MESSAGE][PASSED] - Object: 'Object Repository/workOrder/workOrderTabs' is clicked on

2018-09-19 18:18:41 - [MESSAGE][PASSED] - Delayed 3 second(s)

2018-09-19 18:18:41 - [MESSAGE][PASSED] - Keys 'BACK_SPACE + ' sent to object: 'Object Repository/workOrder/estAndOtherCost'

2018-09-19 18:18:42 - [MESSAGE][PASSED] - Keys '15' sent to object: 'Object Repository/workOrder/estAndOtherCost'

2018-09-19 18:18:45 - [MESSAGE][PASSED] - Delayed 3 second(s)

2018-09-19 18:18:45 - [MESSAGE][PASSED] - Keys 'BACK_SPACE + ' sent to object: 'Object Repository/workOrder/estAndOtherCost'

2018-09-19 18:18:45 - [MESSAGE][PASSED] - Keys '15' sent to object: 'Object Repository/workOrder/estAndOtherCost'

2018-09-19 18:18:45 - [MESSAGE][PASSED] - Object: 'Object Repository/workOrder/save' is clicked on

2018-09-19 18:19:15 - [MESSAGE][PASSED] - Delayed 30 second(s)

2018-09-19 18:19:15 - [MESSAGE][PASSED] - Object: 'Object Repository/workOrder/workOrderTabs' is clicked on

2018-09-19 18:19:15 - [MESSAGE][PASSED] - Wait for page load successfully

2018-09-19 18:19:15 - [MESSAGE][PASSED] - Text of object 'Object Repository/workOrder/WO_ID' is: 'SMR-555'

2018-09-19 18:19:16 - [MESSAGE][PASSED] - Object 'Object Repository/workOrder/WO_description' is present

2018-09-19 18:19:16 - [MESSAGE][PASSED] - scheduled_Maintenance_Records.SMR_Creation.SMRCreationMeterBased is PASSED

2018-09-19 18:19:16 - [TEST_STEP][PASSED] - commonUtils.Common.logoutAndCloseBrowser: commonUtils.Common.logoutAndCloseBrowser is PASSED

2018-09-19 18:19:21 - [MESSAGE][PASSED] - Delayed 5 second(s)

2018-09-19 18:19:21 - [MESSAGE][PASSED] - Object: 'Object Repository/homePage/settings' is clicked on

2018-09-19 18:19:21 - [MESSAGE][PASSED] - Object: 'Object Repository/workOrder/WORecords' is clicked on

2018-09-19 18:19:21 - [MESSAGE][PASSED] - Object 'Object Repository/loginPage/username' is present

2018-09-19 18:19:22 - [MESSAGE][PASSED] - Browser is closed

2018-09-19 18:19:22 - [MESSAGE][PASSED] - commonUtils.Common.logoutAndCloseBrowser is PASSED]]></system-out>
         <system-err><![CDATA[]]></system-err>
      </testcase>
      <testcase name="Test Cases/SANT-TC-044_Reports_Form view_Current Record_New WO" classname="Test Cases/SANT-TC-044_Reports_Form view_Current Record_New WO" status="PASSED">
         <system-out><![CDATA[2018-09-19 18:19:22 - [TEST_CASE][PASSED] - Test Cases/SANT-TC-044_Reports_Form view_Current Record_New WO: Test Cases/SANT-TC-044_Reports_Form view_Current Record_New WO

2018-09-19 18:19:22 - [TEST_STEP][PASSED] - Statement - woDescription = com.kms.katalon.core.testdata.TestDataFactory.findTestData(workOrder/workOrder).getValue(1, 1): Test data is internal data, reading internal data

2018-09-19 18:19:22 - [TEST_STEP][PASSED] - Statement - taskName = com.kms.katalon.core.testdata.TestDataFactory.findTestData(workOrder/workOrder).getValue(2, 1): Test data is internal data, reading internal data

2018-09-19 18:19:22 - [TEST_STEP][PASSED] - Statement - assetName = com.kms.katalon.core.testdata.TestDataFactory.findTestData(workOrder/workOrder).getValue(3, 1): Test data is internal data, reading internal data

2018-09-19 18:19:22 - [TEST_STEP][PASSED] - Statement - inventoryName = com.kms.katalon.core.testdata.TestDataFactory.findTestData(workOrder/workOrder).getValue(4, 1): Test data is internal data, reading internal data

2018-09-19 18:19:22 - [TEST_STEP][PASSED] - Statement - WODes = woDescription + "_" + java.lang.System.currentTimeMillis(): null

2018-09-19 18:19:22 - [TEST_STEP][PASSED] - work_Order.WO_Creation_FormLayout.workOrderCreation: work_Order.WO_Creation_FormLayout.workOrderCreation is PASSED

2018-09-19 18:19:24 - [MESSAGE][PASSED] - Browser is opened with url: ''

2018-09-19 18:19:25 - [MESSAGE][PASSED] - Current window maximized

2018-09-19 18:19:33 - [MESSAGE][PASSED] - Navigate to 'https://mpulse8.com/#/' successfully

2018-09-19 18:19:33 - [MESSAGE][PASSED] - Object 'Object Repository/loginPage/username' is clickable

2018-09-19 18:19:33 - [MESSAGE][PASSED] - Text 'abhi' is set on object 'Object Repository/loginPage/username'

2018-09-19 18:19:33 - [MESSAGE][PASSED] - Text '123456' is set on object 'Object Repository/loginPage/password'

2018-09-19 18:19:33 - [MESSAGE][PASSED] - Keys 'mpulse8_inapp' sent to object: 'Object Repository/loginPage/database_name'

2018-09-19 18:19:34 - [MESSAGE][PASSED] - Object: 'Object Repository/loginPage/Login_btn' is clicked on

2018-09-19 18:19:34 - [MESSAGE][PASSED] - Wait for page load successfully

2018-09-19 18:19:39 - [MESSAGE][PASSED] - Delayed 5 second(s)

2018-09-19 18:19:50 - [MESSAGE][PASSED] - Object: 'Object Repository/workOrder/workOrders' is clicked on

2018-09-19 18:19:50 - [MESSAGE][PASSED] - Object: 'Object Repository/workOrder/WORecords' is clicked on

2018-09-19 18:19:53 - [MESSAGE][PASSED] - Delayed 3 second(s)

2018-09-19 18:19:57 - [MESSAGE][FAILED] - Unable to click on object 'Object Repository/workOrder/cancel' (Root cause: org.openqa.selenium.ElementNotVisibleException: element not visible
  (Session info: chrome=69.0.3497.100)
  (Driver info: chromedriver=2.35.528161 (5b82f2d2aae0ca24b877009200ced9065a772e73),platform=Windows NT 10.0.16299 x86_64) (WARNING: The server did not provide any stacktrace information)
Command duration or timeout: 0 milliseconds
Build info: version: '3.7.1', revision: '8a0099a', time: '2017-11-06T21:07:36.161Z'
System info: host: 'DESKTOP-IC62SMV', ip: '192.168.4.18', os.name: 'Windows 10', os.arch: 'amd64', os.version: '10.0', java.version: '1.8.0_102'
Driver info: com.kms.katalon.selenium.driver.CChromeDriver
Capabilities {acceptInsecureCerts: false, acceptSslCerts: false, applicationCacheEnabled: false, browserConnectionEnabled: false, browserName: chrome, chrome: {chromedriverVersion: 2.35.528161 (5b82f2d2aae0ca..., userDataDir: C:\Users\Braseela\AppData\L...}, cssSelectorsEnabled: true, databaseEnabled: false, handlesAlerts: true, hasTouchScreen: false, javascriptEnabled: true, locationContextEnabled: true, mobileEmulationEnabled: false, nativeEvents: true, networkConnectionEnabled: false, pageLoadStrategy: normal, platform: XP, platformName: XP, rotatable: false, setWindowRect: true, takesHeapSnapshot: true, takesScreenshot: true, unexpectedAlertBehaviour: , unhandledPromptBehavior: , version: 69.0.3497.100, webStorageEnabled: true}
Session ID: d0bdfbeacea7092e9207c176c171af4c)
[[ATTACHMENT|D:\\Repo\\InApp-QA-Automation\\Mpulse_Automation\\Reports\\Test Suite For Demo\\20180919_175358\\1537361397346.png]]

2018-09-19 18:19:57 - [MESSAGE][PASSED] - Wait for page load successfully

2018-09-19 18:20:00 - [MESSAGE][PASSED] - Delayed 3 second(s)

2018-09-19 18:20:03 - [MESSAGE][WARNING] - Web element with id: 'Object Repository/workOrder/expandAndMinimize' located by 'By.xpath: //a[@title='Show']' not found

2018-09-19 18:20:35 - [MESSAGE][FAILED] - Unable to click on object 'Object Repository/workOrder/expandAndMinimize' (Root cause: com.kms.katalon.core.webui.exception.WebElementNotFoundException: Web element with id: 'Object Repository/workOrder/expandAndMinimize' located by 'By.xpath: //a[@title='Show']' not found)
[[ATTACHMENT|D:\\Repo\\InApp-QA-Automation\\Mpulse_Automation\\Reports\\Test Suite For Demo\\20180919_175358\\1537361434801.png]]

2018-09-19 18:20:35 - [MESSAGE][PASSED] - Wait for page load successfully

2018-09-19 18:20:38 - [MESSAGE][PASSED] - Delayed 3 second(s)

2018-09-19 18:20:38 - [MESSAGE][PASSED] - Object 'Object Repository/workOrder/hideListLayout' is clickable

2018-09-19 18:20:38 - [MESSAGE][PASSED] - Object: 'Object Repository/workOrder/hideListLayout' is clicked on

2018-09-19 18:20:41 - [MESSAGE][PASSED] - Delayed 3 second(s)

2018-09-19 18:20:41 - [MESSAGE][PASSED] - Wait for page load successfully

2018-09-19 18:20:41 - [MESSAGE][PASSED] - Angular is ready.

2018-09-19 18:20:41 - [MESSAGE][PASSED] - Object 'Object Repository/workOrder/addAndEdit' is clickable

2018-09-19 18:20:41 - [MESSAGE][PASSED] - Object: 'Object Repository/workOrder/addAndEdit' is clicked on

2018-09-19 18:20:41 - [MESSAGE][PASSED] - Wait for page load successfully

2018-09-19 18:20:43 - [MESSAGE][PASSED] - Angular is ready.

2018-09-19 18:20:43 - [MESSAGE][PASSED] - Object 'Object Repository/workOrder/workOrderTabs' is clickable

2018-09-19 18:20:43 - [MESSAGE][PASSED] - Object: 'Object Repository/workOrder/workOrderTabs' is clicked on

2018-09-19 18:20:43 - [MESSAGE][PASSED] - Wait for page load successfully

2018-09-19 18:20:44 - [MESSAGE][PASSED] - Keys 'WO Sanity Test__1537361362528' sent to object: 'Object Repository/workOrder/description'

2018-09-19 18:20:47 - [MESSAGE][PASSED] - Delayed 3 second(s)

2018-09-19 18:20:48 - [MESSAGE][PASSED] - Object: 'Object Repository/workOrder/woTypeAndGroup' is clicked on

2018-09-19 18:20:51 - [MESSAGE][PASSED] - Delayed 3 second(s)

2018-09-19 18:20:51 - [MESSAGE][PASSED] - Object: 'Object Repository/workOrder/groupAndType' is clicked on

2018-09-19 18:20:54 - [MESSAGE][PASSED] - Delayed 3 second(s)

2018-09-19 18:20:54 - [MESSAGE][PASSED] - Object: 'Object Repository/workOrder/woTypeAndGroup' is clicked on

2018-09-19 18:20:57 - [MESSAGE][PASSED] - Delayed 3 second(s)

2018-09-19 18:20:57 - [MESSAGE][PASSED] - Object: 'Object Repository/workOrder/groupAndType' is clicked on

2018-09-19 18:20:57 - [MESSAGE][PASSED] - Object 'Object Repository/workOrder/workOrderTabs' is clickable

2018-09-19 18:20:58 - [MESSAGE][PASSED] - Object: 'Object Repository/workOrder/workOrderTabs' is clicked on

2018-09-19 18:20:59 - [MESSAGE][PASSED] - Wait for page load successfully

2018-09-19 18:21:00 - [MESSAGE][PASSED] - Object 'Object Repository/workOrder/link_Asset_Task_Inventory' is clickable

2018-09-19 18:21:00 - [MESSAGE][PASSED] - Object: 'Object Repository/workOrder/link_Asset_Task_Inventory' is clicked on

2018-09-19 18:21:06 - [MESSAGE][PASSED] - Delayed 6 second(s)

2018-09-19 18:21:07 - [MESSAGE][PASSED] - Keys 'PMI-023-ahk' sent to object: 'Object Repository/workOrder/infoLink_Search'

2018-09-19 18:21:13 - [MESSAGE][PASSED] - Delayed 6 second(s)

2018-09-19 18:21:13 - [MESSAGE][PASSED] - Object: 'Object Repository/workOrder/taskAndAssetID' is clicked on

2018-09-19 18:21:13 - [MESSAGE][PASSED] - Wait for page load successfully

2018-09-19 18:21:13 - [MESSAGE][PASSED] - Object: 'Object Repository/workOrder/replace' is clicked on

2018-09-19 18:21:13 - [MESSAGE][PASSED] - Wait for page load successfully

2018-09-19 18:21:15 - [MESSAGE][PASSED] - Angular is ready.

2018-09-19 18:21:16 - [MESSAGE][PASSED] - Object: 'Object Repository/workOrder/link_Asset_Task_Inventory' is clicked on

2018-09-19 18:21:22 - [MESSAGE][PASSED] - Delayed 6 second(s)

2018-09-19 18:21:22 - [MESSAGE][PASSED] - Keys 'EQU-194-2018' sent to object: 'Object Repository/workOrder/infoLink_Search'

2018-09-19 18:21:28 - [MESSAGE][PASSED] - Delayed 6 second(s)

2018-09-19 18:21:28 - [MESSAGE][PASSED] - Object: 'Object Repository/workOrder/taskAndAssetID' is clicked on

2018-09-19 18:21:29 - [MESSAGE][PASSED] - Object: 'Object Repository/workOrder/replace' is clicked on

2018-09-19 18:21:30 - [MESSAGE][PASSED] - Angular is ready.

2018-09-19 18:21:31 - [MESSAGE][PASSED] - Object: 'Object Repository/workOrder/link_Asset_Task_Inventory' is clicked on

2018-09-19 18:21:36 - [MESSAGE][PASSED] - Delayed 5 second(s)

2018-09-19 18:21:42 - [MESSAGE][PASSED] - Delayed 6 second(s)

2018-09-19 18:21:42 - [MESSAGE][PASSED] - Keys 'PRT-144' sent to object: 'Object Repository/workOrder/infoLink_Search'

2018-09-19 18:21:48 - [MESSAGE][PASSED] - Delayed 6 second(s)

2018-09-19 18:21:48 - [MESSAGE][PASSED] - Object: 'Object Repository/workOrder/inventoryID' is clicked on

2018-09-19 18:21:49 - [MESSAGE][PASSED] - Object: 'Object Repository/workOrder/replace' is clicked on

2018-09-19 18:21:51 - [MESSAGE][PASSED] - Angular is ready.

2018-09-19 18:21:52 - [MESSAGE][PASSED] - Object: 'Object Repository/workOrder/workOrderTabs' is clicked on

2018-09-19 18:21:53 - [MESSAGE][PASSED] - Angular is ready.

2018-09-19 18:21:53 - [MESSAGE][PASSED] - Object: 'Object Repository/workOrder/workOrderTabs' is clicked on

2018-09-19 18:21:56 - [MESSAGE][PASSED] - Delayed 3 second(s)

2018-09-19 18:21:56 - [MESSAGE][PASSED] - Keys 'BACK_SPACE + ' sent to object: 'Object Repository/workOrder/estAndOtherCost'

2018-09-19 18:21:57 - [MESSAGE][PASSED] - Keys '15' sent to object: 'Object Repository/workOrder/estAndOtherCost'

2018-09-19 18:22:00 - [MESSAGE][PASSED] - Delayed 3 second(s)

2018-09-19 18:22:00 - [MESSAGE][PASSED] - Keys 'BACK_SPACE + ' sent to object: 'Object Repository/workOrder/estAndOtherCost'

2018-09-19 18:22:00 - [MESSAGE][PASSED] - Keys '15' sent to object: 'Object Repository/workOrder/estAndOtherCost'

2018-09-19 18:22:00 - [MESSAGE][PASSED] - Object: 'Object Repository/workOrder/save' is clicked on

2018-09-19 18:22:08 - [MESSAGE][PASSED] - Delayed 8 second(s)

2018-09-19 18:22:08 - [MESSAGE][PASSED] - Object: 'Object Repository/workOrder/workOrderTabs' is clicked on

2018-09-19 18:22:09 - [MESSAGE][PASSED] - Text of object 'Object Repository/workOrder/WO_ID' is: 'WKO-21194-19/09'

2018-09-19 18:22:09 - [MESSAGE][PASSED] - Object 'Object Repository/workOrder/WO_description' is present

2018-09-19 18:22:09 - [MESSAGE][PASSED] - work_Order.WO_Creation_FormLayout.workOrderCreation is PASSED

2018-09-19 18:22:09 - [TEST_STEP][PASSED] - reports.Form_View.formView_CurrentRecord_New: reports.Form_View.formView_CurrentRecord_New is PASSED

2018-09-19 18:22:09 - [MESSAGE][PASSED] - Object 'Object Repository/workOrder/WO_description' is present

2018-09-19 18:22:09 - [MESSAGE][PASSED] - Object: 'Object Repository/Reports/print_btn' is clicked on

2018-09-19 18:22:09 - [MESSAGE][PASSED] - Angular is ready.

2018-09-19 18:22:09 - [MESSAGE][PASSED] - Wait for page load successfully

2018-09-19 18:22:10 - [MESSAGE][PASSED] - Switched to window with index: '1'

2018-09-19 18:22:17 - [MESSAGE][PASSED] - Object 'Object Repository/Reports/settings_icon' is clickable

2018-09-19 18:22:22 - [MESSAGE][PASSED] - Object: 'Object Repository/Reports/settings_icon' is clicked on

2018-09-19 18:22:27 - [MESSAGE][PASSED] - Delayed 5 second(s)

2018-09-19 18:22:27 - [MESSAGE][PASSED] - Object: 'Object Repository/Reports/report_radio' is clicked on

2018-09-19 18:22:28 - [MESSAGE][PASSED] - Object: 'Object Repository/Reports/wo_form' is clicked on

2018-09-19 18:22:28 - [MESSAGE][PASSED] - Object: 'Object Repository/Reports/report_radio' is clicked on

2018-09-19 18:22:35 - [MESSAGE][PASSED] - Object: 'Object Repository/Reports/ok_btn' is clicked on

2018-09-19 18:22:35 - [MESSAGE][WARNING] - This page doesn't use Angular.

2018-09-19 18:22:35 - [MESSAGE][PASSED] - Wait for page load successfully

2018-09-19 18:22:39 - [MESSAGE][PASSED] - Delayed 4 second(s)

2018-09-19 18:22:40 - [MESSAGE][PASSED] - Object 'Object Repository/Reports/wo_name' is present

2018-09-19 18:22:40 - [MESSAGE][PASSED] - Window with index 1 is closed

2018-09-19 18:22:40 - [MESSAGE][PASSED] - Switched to window with index: '0'

2018-09-19 18:22:40 - [MESSAGE][PASSED] - reports.Form_View.formView_CurrentRecord_New is PASSED

2018-09-19 18:22:40 - [TEST_STEP][PASSED] - commonUtils.Common.logoutAndCloseBrowser: commonUtils.Common.logoutAndCloseBrowser is PASSED

2018-09-19 18:22:45 - [MESSAGE][PASSED] - Delayed 5 second(s)

2018-09-19 18:22:45 - [MESSAGE][PASSED] - Object: 'Object Repository/homePage/settings' is clicked on

2018-09-19 18:22:45 - [MESSAGE][PASSED] - Object: 'Object Repository/workOrder/WORecords' is clicked on

2018-09-19 18:22:45 - [MESSAGE][PASSED] - Object 'Object Repository/loginPage/username' is present

2018-09-19 18:22:46 - [MESSAGE][PASSED] - Browser is closed

2018-09-19 18:22:46 - [MESSAGE][PASSED] - commonUtils.Common.logoutAndCloseBrowser is PASSED]]></system-out>
         <system-err><![CDATA[]]></system-err>
      </testcase>
      <testcase name="Test Cases/SANT-TC-044_Reports_Form view_Current Record_Old WO" classname="Test Cases/SANT-TC-044_Reports_Form view_Current Record_Old WO" status="PASSED">
         <system-out><![CDATA[2018-09-19 18:22:46 - [TEST_CASE][PASSED] - Test Cases/SANT-TC-044_Reports_Form view_Current Record_Old WO: Test Cases/SANT-TC-044_Reports_Form view_Current Record_Old WO

2018-09-19 18:22:46 - [TEST_STEP][PASSED] - reports.Form_View.formView_CurrentRecord_Old: reports.Form_View.formView_CurrentRecord_Old is PASSED

2018-09-19 18:22:48 - [MESSAGE][PASSED] - Browser is opened with url: ''

2018-09-19 18:22:49 - [MESSAGE][PASSED] - Current window maximized

2018-09-19 18:22:57 - [MESSAGE][PASSED] - Navigate to 'https://mpulse8.com/#/' successfully

2018-09-19 18:22:57 - [MESSAGE][PASSED] - Object 'Object Repository/loginPage/username' is clickable

2018-09-19 18:22:57 - [MESSAGE][PASSED] - Text 'abhi' is set on object 'Object Repository/loginPage/username'

2018-09-19 18:22:58 - [MESSAGE][PASSED] - Text '123456' is set on object 'Object Repository/loginPage/password'

2018-09-19 18:22:58 - [MESSAGE][PASSED] - Keys 'mpulse8_inapp' sent to object: 'Object Repository/loginPage/database_name'

2018-09-19 18:22:58 - [MESSAGE][PASSED] - Object: 'Object Repository/loginPage/Login_btn' is clicked on

2018-09-19 18:22:58 - [MESSAGE][PASSED] - Wait for page load successfully

2018-09-19 18:23:03 - [MESSAGE][PASSED] - Delayed 5 second(s)

2018-09-19 18:23:15 - [MESSAGE][PASSED] - Object: 'Object Repository/workOrder/workOrders' is clicked on

2018-09-19 18:23:15 - [MESSAGE][PASSED] - Object: 'Object Repository/workOrder/WORecords' is clicked on

2018-09-19 18:23:21 - [MESSAGE][PASSED] - Text of object 'Object Repository/Reports/desc_wo' is: 'WO Sanity Test__1537361362528'

2018-09-19 18:23:21 - [MESSAGE][PASSED] - Object 'Object Repository/workOrder/WO_description' is present

2018-09-19 18:23:21 - [MESSAGE][PASSED] - Object 'Object Repository/Reports/print_btn' is present

2018-09-19 18:23:22 - [MESSAGE][PASSED] - Object: 'Object Repository/Reports/print_btn' is clicked on

2018-09-19 18:23:23 - [MESSAGE][PASSED] - Angular is ready.

2018-09-19 18:23:23 - [MESSAGE][PASSED] - Wait for page load successfully

2018-09-19 18:23:23 - [MESSAGE][PASSED] - Switched to window with index: '1'

2018-09-19 18:23:26 - [MESSAGE][PASSED] - Object 'Object Repository/Reports/settings_icon' is clickable

2018-09-19 18:23:32 - [MESSAGE][PASSED] - Object: 'Object Repository/Reports/settings_icon' is clicked on

2018-09-19 18:23:37 - [MESSAGE][PASSED] - Delayed 5 second(s)

2018-09-19 18:23:37 - [MESSAGE][PASSED] - Object: 'Object Repository/Reports/report_radio' is clicked on

2018-09-19 18:23:37 - [MESSAGE][PASSED] - Object: 'Object Repository/Reports/wo_form' is clicked on

2018-09-19 18:23:37 - [MESSAGE][PASSED] - Object: 'Object Repository/Reports/report_radio' is clicked on

2018-09-19 18:23:45 - [MESSAGE][PASSED] - Object: 'Object Repository/Reports/ok_btn' is clicked on

2018-09-19 18:23:45 - [MESSAGE][WARNING] - This page doesn't use Angular.

2018-09-19 18:23:45 - [MESSAGE][PASSED] - Wait for page load successfully

2018-09-19 18:23:50 - [MESSAGE][PASSED] - Delayed 5 second(s)

2018-09-19 18:23:50 - [MESSAGE][PASSED] - Object 'Object Repository/Reports/wo_name' is present

2018-09-19 18:23:50 - [MESSAGE][PASSED] - Window with index 1 is closed

2018-09-19 18:23:50 - [MESSAGE][PASSED] - Switched to window with index: '0'

2018-09-19 18:23:50 - [MESSAGE][PASSED] - reports.Form_View.formView_CurrentRecord_Old is PASSED

2018-09-19 18:23:50 - [TEST_STEP][PASSED] - commonUtils.Common.logoutAndCloseBrowser: commonUtils.Common.logoutAndCloseBrowser is PASSED

2018-09-19 18:23:55 - [MESSAGE][PASSED] - Delayed 5 second(s)

2018-09-19 18:23:56 - [MESSAGE][PASSED] - Object: 'Object Repository/homePage/settings' is clicked on

2018-09-19 18:23:56 - [MESSAGE][PASSED] - Object: 'Object Repository/workOrder/WORecords' is clicked on

2018-09-19 18:23:56 - [MESSAGE][PASSED] - Object 'Object Repository/loginPage/username' is present

2018-09-19 18:23:57 - [MESSAGE][PASSED] - Browser is closed

2018-09-19 18:23:57 - [MESSAGE][PASSED] - commonUtils.Common.logoutAndCloseBrowser is PASSED]]></system-out>
         <system-err><![CDATA[]]></system-err>
      </testcase>
      <testcase name="Test Cases/SANT-TC-054_List View_Column Filter" classname="Test Cases/SANT-TC-054_List View_Column Filter" status="PASSED">
         <system-out><![CDATA[2018-09-19 18:23:57 - [TEST_CASE][PASSED] - Test Cases/SANT-TC-054_List View_Column Filter: Test Cases/SANT-TC-054_List View_Column Filter

2018-09-19 18:23:57 - [TEST_STEP][PASSED] - search.List_View_Search.listViewSearch_Column: search.List_View_Search.listViewSearch_Column is PASSED

2018-09-19 18:23:59 - [MESSAGE][PASSED] - Browser is opened with url: ''

2018-09-19 18:24:00 - [MESSAGE][PASSED] - Current window maximized

2018-09-19 18:24:08 - [MESSAGE][PASSED] - Navigate to 'https://mpulse8.com/#/' successfully

2018-09-19 18:24:08 - [MESSAGE][PASSED] - Object 'Object Repository/loginPage/username' is clickable

2018-09-19 18:24:08 - [MESSAGE][PASSED] - Text 'abhi' is set on object 'Object Repository/loginPage/username'

2018-09-19 18:24:09 - [MESSAGE][PASSED] - Text '123456' is set on object 'Object Repository/loginPage/password'

2018-09-19 18:24:09 - [MESSAGE][PASSED] - Keys 'mpulse8_inapp' sent to object: 'Object Repository/loginPage/database_name'

2018-09-19 18:24:09 - [MESSAGE][PASSED] - Object: 'Object Repository/loginPage/Login_btn' is clicked on

2018-09-19 18:24:09 - [MESSAGE][PASSED] - Wait for page load successfully

2018-09-19 18:24:14 - [MESSAGE][PASSED] - Delayed 5 second(s)

2018-09-19 18:24:27 - [MESSAGE][PASSED] - Object: 'Object Repository/workOrder/workOrders' is clicked on

2018-09-19 18:24:27 - [MESSAGE][PASSED] - Object: 'Object Repository/workOrder/WORecords' is clicked on

2018-09-19 18:24:34 - [MESSAGE][PASSED] - Delayed 7 second(s)

2018-09-19 18:24:37 - [MESSAGE][PASSED] - Delayed 3 second(s)

2018-09-19 18:24:37 - [MESSAGE][FAILED] - Unable to click on object 'Object Repository/workOrder/cancel' (Root cause: org.openqa.selenium.ElementNotVisibleException: element not visible
  (Session info: chrome=69.0.3497.100)
  (Driver info: chromedriver=2.35.528161 (5b82f2d2aae0ca24b877009200ced9065a772e73),platform=Windows NT 10.0.16299 x86_64) (WARNING: The server did not provide any stacktrace information)
Command duration or timeout: 0 milliseconds
Build info: version: '3.7.1', revision: '8a0099a', time: '2017-11-06T21:07:36.161Z'
System info: host: 'DESKTOP-IC62SMV', ip: '192.168.4.18', os.name: 'Windows 10', os.arch: 'amd64', os.version: '10.0', java.version: '1.8.0_102'
Driver info: com.kms.katalon.selenium.driver.CChromeDriver
Capabilities {acceptInsecureCerts: false, acceptSslCerts: false, applicationCacheEnabled: false, browserConnectionEnabled: false, browserName: chrome, chrome: {chromedriverVersion: 2.35.528161 (5b82f2d2aae0ca..., userDataDir: C:\Users\Braseela\AppData\L...}, cssSelectorsEnabled: true, databaseEnabled: false, handlesAlerts: true, hasTouchScreen: false, javascriptEnabled: true, locationContextEnabled: true, mobileEmulationEnabled: false, nativeEvents: true, networkConnectionEnabled: false, pageLoadStrategy: normal, platform: XP, platformName: XP, rotatable: false, setWindowRect: true, takesHeapSnapshot: true, takesScreenshot: true, unexpectedAlertBehaviour: , unhandledPromptBehavior: , version: 69.0.3497.100, webStorageEnabled: true}
Session ID: 24573ec58a64cdeb3289e601cc4fc46f)
[[ATTACHMENT|D:\\Repo\\InApp-QA-Automation\\Mpulse_Automation\\Reports\\Test Suite For Demo\\20180919_175358\\1537361677371.png]]

2018-09-19 18:24:37 - [MESSAGE][PASSED] - Wait for page load successfully

2018-09-19 18:24:40 - [MESSAGE][PASSED] - Delayed 3 second(s)

2018-09-19 18:24:40 - [MESSAGE][PASSED] - Object 'Object Repository/workOrder/hideMenu' is present

2018-09-19 18:24:41 - [MESSAGE][FAILED] - Unable to click on object 'Object Repository/workOrder/hideMenu' (Root cause: org.openqa.selenium.ElementNotVisibleException: element not visible
  (Session info: chrome=69.0.3497.100)
  (Driver info: chromedriver=2.35.528161 (5b82f2d2aae0ca24b877009200ced9065a772e73),platform=Windows NT 10.0.16299 x86_64) (WARNING: The server did not provide any stacktrace information)
Command duration or timeout: 0 milliseconds
Build info: version: '3.7.1', revision: '8a0099a', time: '2017-11-06T21:07:36.161Z'
System info: host: 'DESKTOP-IC62SMV', ip: '192.168.4.18', os.name: 'Windows 10', os.arch: 'amd64', os.version: '10.0', java.version: '1.8.0_102'
Driver info: com.kms.katalon.selenium.driver.CChromeDriver
Capabilities {acceptInsecureCerts: false, acceptSslCerts: false, applicationCacheEnabled: false, browserConnectionEnabled: false, browserName: chrome, chrome: {chromedriverVersion: 2.35.528161 (5b82f2d2aae0ca..., userDataDir: C:\Users\Braseela\AppData\L...}, cssSelectorsEnabled: true, databaseEnabled: false, handlesAlerts: true, hasTouchScreen: false, javascriptEnabled: true, locationContextEnabled: true, mobileEmulationEnabled: false, nativeEvents: true, networkConnectionEnabled: false, pageLoadStrategy: normal, platform: XP, platformName: XP, rotatable: false, setWindowRect: true, takesHeapSnapshot: true, takesScreenshot: true, unexpectedAlertBehaviour: , unhandledPromptBehavior: , version: 69.0.3497.100, webStorageEnabled: true}
Session ID: 24573ec58a64cdeb3289e601cc4fc46f)
[[ATTACHMENT|D:\\Repo\\InApp-QA-Automation\\Mpulse_Automation\\Reports\\Test Suite For Demo\\20180919_175358\\1537361680947.png]]

2018-09-19 18:24:41 - [MESSAGE][PASSED] - Wait for page load successfully

2018-09-19 18:24:44 - [MESSAGE][PASSED] - Delayed 3 second(s)

2018-09-19 18:24:44 - [MESSAGE][PASSED] - Object 'Object Repository/workOrder/expandAndMinimize' is present

2018-09-19 18:24:49 - [MESSAGE][PASSED] - Delayed 5 second(s)

2018-09-19 18:24:49 - [MESSAGE][PASSED] - Object: 'Object Repository/workOrder/expandAndMinimize' is clicked on

2018-09-19 18:24:52 - [MESSAGE][PASSED] - Delayed 3 second(s)

2018-09-19 18:24:52 - [MESSAGE][PASSED] - Angular is ready.

2018-09-19 18:24:53 - [MESSAGE][PASSED] - Text of object 'Object Repository/workOrder/listsearch' is cleared

2018-09-19 18:24:53 - [MESSAGE][PASSED] - Angular is ready.

2018-09-19 18:24:58 - [MESSAGE][PASSED] - Delayed 5 second(s)

2018-09-19 18:24:58 - [MESSAGE][PASSED] - Object: 'Object Repository/workOrder/layoutlist' is clicked on

2018-09-19 18:25:03 - [MESSAGE][PASSED] - Delayed 5 second(s)

2018-09-19 18:25:04 - [MESSAGE][PASSED] - Angular is ready.

2018-09-19 18:25:04 - [MESSAGE][PASSED] - Scroll to object 'Object Repository/workOrder/sellay' successfully

2018-09-19 18:25:04 - [MESSAGE][PASSED] - Object: 'Object Repository/workOrder/sellay' is clicked on

2018-09-19 18:25:07 - [MESSAGE][PASSED] - Delayed 3 second(s)

2018-09-19 18:25:08 - [MESSAGE][PASSED] - Object: 'Object Repository/workOrder/filter_icon' is clicked on

2018-09-19 18:25:13 - [MESSAGE][PASSED] - Delayed 5 second(s)

2018-09-19 18:25:13 - [MESSAGE][PASSED] - Text of object 'Object Repository/workOrder/column_sel' is: 'WKO-01945'

2018-09-19 18:25:16 - [MESSAGE][PASSED] - Delayed 3 second(s)

2018-09-19 18:25:16 - [MESSAGE][PASSED] - Object: 'Object Repository/workOrder/column_sel' is clicked on

2018-09-19 18:25:19 - [MESSAGE][PASSED] - Delayed 3 second(s)

2018-09-19 18:25:19 - [MESSAGE][PASSED] - Object: 'Object Repository/workOrder/calendar_OK' is clicked on

2018-09-19 18:25:24 - [MESSAGE][PASSED] - Delayed 5 second(s)

2018-09-19 18:25:24 - [MESSAGE][PASSED] - Wait for page load successfully

2018-09-19 18:25:24 - [MESSAGE][PASSED] - Object 'Object Repository/workOrder/groupAndType' is present

2018-09-19 18:25:24 - [MESSAGE][PASSED] - search.List_View_Search.listViewSearch_Column is PASSED

2018-09-19 18:25:24 - [TEST_STEP][PASSED] - commonUtils.Common.logoutAndCloseBrowser: commonUtils.Common.logoutAndCloseBrowser is PASSED

2018-09-19 18:25:29 - [MESSAGE][PASSED] - Delayed 5 second(s)

2018-09-19 18:25:29 - [MESSAGE][PASSED] - Object: 'Object Repository/homePage/settings' is clicked on

2018-09-19 18:25:30 - [MESSAGE][PASSED] - Object: 'Object Repository/workOrder/WORecords' is clicked on

2018-09-19 18:25:30 - [MESSAGE][PASSED] - Object 'Object Repository/loginPage/username' is present

2018-09-19 18:25:30 - [MESSAGE][PASSED] - Browser is closed

2018-09-19 18:25:30 - [MESSAGE][PASSED] - commonUtils.Common.logoutAndCloseBrowser is PASSED]]></system-out>
         <system-err><![CDATA[]]></system-err>
      </testcase>
      <testcase name="Test Cases/SANT-TC-055_List View_Row Filter" classname="Test Cases/SANT-TC-055_List View_Row Filter" status="PASSED">
         <system-out><![CDATA[2018-09-19 18:25:30 - [TEST_CASE][PASSED] - Test Cases/SANT-TC-055_List View_Row Filter: Test Cases/SANT-TC-055_List View_Row Filter

2018-09-19 18:25:31 - [TEST_STEP][PASSED] - search.List_View_Search.listViewSearch_Row: search.List_View_Search.listViewSearch_Row is PASSED

2018-09-19 18:25:33 - [MESSAGE][PASSED] - Browser is opened with url: ''

2018-09-19 18:25:34 - [MESSAGE][PASSED] - Current window maximized

2018-09-19 18:25:42 - [MESSAGE][PASSED] - Navigate to 'https://mpulse8.com/#/' successfully

2018-09-19 18:25:42 - [MESSAGE][PASSED] - Object 'Object Repository/loginPage/username' is clickable

2018-09-19 18:25:42 - [MESSAGE][PASSED] - Text 'abhi' is set on object 'Object Repository/loginPage/username'

2018-09-19 18:25:42 - [MESSAGE][PASSED] - Text '123456' is set on object 'Object Repository/loginPage/password'

2018-09-19 18:25:42 - [MESSAGE][PASSED] - Keys 'mpulse8_inapp' sent to object: 'Object Repository/loginPage/database_name'

2018-09-19 18:25:42 - [MESSAGE][PASSED] - Object: 'Object Repository/loginPage/Login_btn' is clicked on

2018-09-19 18:25:42 - [MESSAGE][PASSED] - Wait for page load successfully

2018-09-19 18:25:47 - [MESSAGE][PASSED] - Delayed 5 second(s)

2018-09-19 18:26:00 - [MESSAGE][PASSED] - Object: 'Object Repository/workOrder/workOrders' is clicked on

2018-09-19 18:26:00 - [MESSAGE][PASSED] - Object: 'Object Repository/workOrder/WORecords' is clicked on

2018-09-19 18:26:03 - [MESSAGE][PASSED] - Delayed 3 second(s)

2018-09-19 18:26:06 - [MESSAGE][PASSED] - Delayed 3 second(s)

2018-09-19 18:26:07 - [MESSAGE][FAILED] - Unable to click on object 'Object Repository/workOrder/cancel' (Root cause: org.openqa.selenium.ElementNotVisibleException: element not visible
  (Session info: chrome=69.0.3497.100)
  (Driver info: chromedriver=2.35.528161 (5b82f2d2aae0ca24b877009200ced9065a772e73),platform=Windows NT 10.0.16299 x86_64) (WARNING: The server did not provide any stacktrace information)
Command duration or timeout: 0 milliseconds
Build info: version: '3.7.1', revision: '8a0099a', time: '2017-11-06T21:07:36.161Z'
System info: host: 'DESKTOP-IC62SMV', ip: '192.168.4.18', os.name: 'Windows 10', os.arch: 'amd64', os.version: '10.0', java.version: '1.8.0_102'
Driver info: com.kms.katalon.selenium.driver.CChromeDriver
Capabilities {acceptInsecureCerts: false, acceptSslCerts: false, applicationCacheEnabled: false, browserConnectionEnabled: false, browserName: chrome, chrome: {chromedriverVersion: 2.35.528161 (5b82f2d2aae0ca..., userDataDir: C:\Users\Braseela\AppData\L...}, cssSelectorsEnabled: true, databaseEnabled: false, handlesAlerts: true, hasTouchScreen: false, javascriptEnabled: true, locationContextEnabled: true, mobileEmulationEnabled: false, nativeEvents: true, networkConnectionEnabled: false, pageLoadStrategy: normal, platform: XP, platformName: XP, rotatable: false, setWindowRect: true, takesHeapSnapshot: true, takesScreenshot: true, unexpectedAlertBehaviour: , unhandledPromptBehavior: , version: 69.0.3497.100, webStorageEnabled: true}
Session ID: 58324d3c138a1993f623303fceeed3d2)
[[ATTACHMENT|D:\\Repo\\InApp-QA-Automation\\Mpulse_Automation\\Reports\\Test Suite For Demo\\20180919_175358\\1537361766928.png]]

2018-09-19 18:26:07 - [MESSAGE][PASSED] - Wait for page load successfully

2018-09-19 18:26:10 - [MESSAGE][PASSED] - Delayed 3 second(s)

2018-09-19 18:26:10 - [MESSAGE][PASSED] - Object 'Object Repository/workOrder/hideMenu' is present

2018-09-19 18:26:10 - [MESSAGE][FAILED] - Unable to click on object 'Object Repository/workOrder/hideMenu' (Root cause: org.openqa.selenium.ElementNotVisibleException: element not visible
  (Session info: chrome=69.0.3497.100)
  (Driver info: chromedriver=2.35.528161 (5b82f2d2aae0ca24b877009200ced9065a772e73),platform=Windows NT 10.0.16299 x86_64) (WARNING: The server did not provide any stacktrace information)
Command duration or timeout: 0 milliseconds
Build info: version: '3.7.1', revision: '8a0099a', time: '2017-11-06T21:07:36.161Z'
System info: host: 'DESKTOP-IC62SMV', ip: '192.168.4.18', os.name: 'Windows 10', os.arch: 'amd64', os.version: '10.0', java.version: '1.8.0_102'
Driver info: com.kms.katalon.selenium.driver.CChromeDriver
Capabilities {acceptInsecureCerts: false, acceptSslCerts: false, applicationCacheEnabled: false, browserConnectionEnabled: false, browserName: chrome, chrome: {chromedriverVersion: 2.35.528161 (5b82f2d2aae0ca..., userDataDir: C:\Users\Braseela\AppData\L...}, cssSelectorsEnabled: true, databaseEnabled: false, handlesAlerts: true, hasTouchScreen: false, javascriptEnabled: true, locationContextEnabled: true, mobileEmulationEnabled: false, nativeEvents: true, networkConnectionEnabled: false, pageLoadStrategy: normal, platform: XP, platformName: XP, rotatable: false, setWindowRect: true, takesHeapSnapshot: true, takesScreenshot: true, unexpectedAlertBehaviour: , unhandledPromptBehavior: , version: 69.0.3497.100, webStorageEnabled: true}
Session ID: 58324d3c138a1993f623303fceeed3d2)
[[ATTACHMENT|D:\\Repo\\InApp-QA-Automation\\Mpulse_Automation\\Reports\\Test Suite For Demo\\20180919_175358\\1537361770345.png]]

2018-09-19 18:26:10 - [MESSAGE][PASSED] - Wait for page load successfully

2018-09-19 18:26:13 - [MESSAGE][PASSED] - Delayed 3 second(s)

2018-09-19 18:26:13 - [MESSAGE][PASSED] - Object 'Object Repository/workOrder/expandAndMinimize' is present

2018-09-19 18:26:18 - [MESSAGE][PASSED] - Delayed 5 second(s)

2018-09-19 18:26:19 - [MESSAGE][PASSED] - Object: 'Object Repository/workOrder/expandAndMinimize' is clicked on

2018-09-19 18:26:22 - [MESSAGE][PASSED] - Delayed 3 second(s)

2018-09-19 18:26:22 - [MESSAGE][PASSED] - Angular is ready.

2018-09-19 18:26:27 - [MESSAGE][PASSED] - Delayed 5 second(s)

2018-09-19 18:26:27 - [MESSAGE][PASSED] - Object: 'Object Repository/workOrder/layoutlist' is clicked on

2018-09-19 18:26:32 - [MESSAGE][PASSED] - Delayed 5 second(s)

2018-09-19 18:26:33 - [MESSAGE][PASSED] - Angular is ready.

2018-09-19 18:26:33 - [MESSAGE][PASSED] - Scroll to object 'Object Repository/workOrder/sellay' successfully

2018-09-19 18:26:34 - [MESSAGE][PASSED] - Object: 'Object Repository/workOrder/sellay' is clicked on

2018-09-19 18:26:34 - [MESSAGE][PASSED] - Attribute 'title' of object 'Object Repository/workOrder/wo_fromlist' is: 'WKO-01945'

2018-09-19 18:26:37 - [MESSAGE][PASSED] - Delayed 3 second(s)

2018-09-19 18:26:37 - [MESSAGE][PASSED] - Text 'WKO-01945' is set on object 'Object Repository/workOrder/listsearch'

2018-09-19 18:26:42 - [MESSAGE][PASSED] - Delayed 5 second(s)

2018-09-19 18:26:42 - [MESSAGE][PASSED] - Object 'Object Repository/workOrder/groupAndType' is present

2018-09-19 18:26:42 - [MESSAGE][PASSED] - search.List_View_Search.listViewSearch_Row is PASSED

2018-09-19 18:26:42 - [TEST_STEP][PASSED] - commonUtils.Common.logoutAndCloseBrowser: commonUtils.Common.logoutAndCloseBrowser is PASSED

2018-09-19 18:26:47 - [MESSAGE][PASSED] - Delayed 5 second(s)

2018-09-19 18:26:48 - [MESSAGE][PASSED] - Object: 'Object Repository/homePage/settings' is clicked on

2018-09-19 18:26:48 - [MESSAGE][PASSED] - Object: 'Object Repository/workOrder/WORecords' is clicked on

2018-09-19 18:26:48 - [MESSAGE][PASSED] - Object 'Object Repository/loginPage/username' is present

2018-09-19 18:26:48 - [MESSAGE][PASSED] - Browser is closed

2018-09-19 18:26:48 - [MESSAGE][PASSED] - commonUtils.Common.logoutAndCloseBrowser is PASSED]]></system-out>
         <system-err><![CDATA[]]></system-err>
      </testcase>
      <testcase name="Test Cases/SANT-TC-058_List View_EditAndSave" classname="Test Cases/SANT-TC-058_List View_EditAndSave" status="PASSED">
         <system-out><![CDATA[2018-09-19 18:26:48 - [TEST_CASE][PASSED] - Test Cases/SANT-TC-058_List View_EditAndSave: Test Cases/SANT-TC-058_List View_EditAndSave

2018-09-19 18:26:49 - [TEST_STEP][PASSED] - Statement - woDescription = com.kms.katalon.core.testdata.TestDataFactory.findTestData(workOrder/workOrder).getValue(1, 1): Test data is internal data, reading internal data

2018-09-19 18:26:49 - [TEST_STEP][PASSED] - Statement - WO_name = woDescription + java.lang.System.currentTimeMillis(): null

2018-09-19 18:26:49 - [TEST_STEP][PASSED] - work_Order.WO_EditAndSave_ListLayout.editAndSave: work_Order.WO_EditAndSave_ListLayout.editAndSave is PASSED

2018-09-19 18:26:51 - [MESSAGE][PASSED] - Browser is opened with url: ''

2018-09-19 18:26:52 - [MESSAGE][PASSED] - Current window maximized

2018-09-19 18:27:00 - [MESSAGE][PASSED] - Navigate to 'https://mpulse8.com/#/' successfully

2018-09-19 18:27:00 - [MESSAGE][PASSED] - Object 'Object Repository/loginPage/username' is clickable

2018-09-19 18:27:00 - [MESSAGE][PASSED] - Text 'abhi' is set on object 'Object Repository/loginPage/username'

2018-09-19 18:27:00 - [MESSAGE][PASSED] - Text '123456' is set on object 'Object Repository/loginPage/password'

2018-09-19 18:27:00 - [MESSAGE][PASSED] - Keys 'mpulse8_inapp' sent to object: 'Object Repository/loginPage/database_name'

2018-09-19 18:27:00 - [MESSAGE][PASSED] - Object: 'Object Repository/loginPage/Login_btn' is clicked on

2018-09-19 18:27:00 - [MESSAGE][PASSED] - Wait for page load successfully

2018-09-19 18:27:05 - [MESSAGE][PASSED] - Delayed 5 second(s)

2018-09-19 18:27:17 - [MESSAGE][PASSED] - Object: 'Object Repository/workOrder/workOrders' is clicked on

2018-09-19 18:27:17 - [MESSAGE][PASSED] - Object: 'Object Repository/workOrder/WORecords' is clicked on

2018-09-19 18:27:17 - [MESSAGE][PASSED] - Wait for page load successfully

2018-09-19 18:27:20 - [MESSAGE][PASSED] - Delayed 3 second(s)

2018-09-19 18:27:24 - [MESSAGE][FAILED] - Unable to click on object 'Object Repository/workOrder/cancel' (Root cause: org.openqa.selenium.ElementNotVisibleException: element not visible
  (Session info: chrome=69.0.3497.100)
  (Driver info: chromedriver=2.35.528161 (5b82f2d2aae0ca24b877009200ced9065a772e73),platform=Windows NT 10.0.16299 x86_64) (WARNING: The server did not provide any stacktrace information)
Command duration or timeout: 0 milliseconds
Build info: version: '3.7.1', revision: '8a0099a', time: '2017-11-06T21:07:36.161Z'
System info: host: 'DESKTOP-IC62SMV', ip: '192.168.4.18', os.name: 'Windows 10', os.arch: 'amd64', os.version: '10.0', java.version: '1.8.0_102'
Driver info: com.kms.katalon.selenium.driver.CChromeDriver
Capabilities {acceptInsecureCerts: false, acceptSslCerts: false, applicationCacheEnabled: false, browserConnectionEnabled: false, browserName: chrome, chrome: {chromedriverVersion: 2.35.528161 (5b82f2d2aae0ca..., userDataDir: C:\Users\Braseela\AppData\L...}, cssSelectorsEnabled: true, databaseEnabled: false, handlesAlerts: true, hasTouchScreen: false, javascriptEnabled: true, locationContextEnabled: true, mobileEmulationEnabled: false, nativeEvents: true, networkConnectionEnabled: false, pageLoadStrategy: normal, platform: XP, platformName: XP, rotatable: false, setWindowRect: true, takesHeapSnapshot: true, takesScreenshot: true, unexpectedAlertBehaviour: , unhandledPromptBehavior: , version: 69.0.3497.100, webStorageEnabled: true}
Session ID: 25bfa0050387158455915bad4d0233fa)
[[ATTACHMENT|D:\\Repo\\InApp-QA-Automation\\Mpulse_Automation\\Reports\\Test Suite For Demo\\20180919_175358\\1537361844044.png]]

2018-09-19 18:27:24 - [MESSAGE][PASSED] - Wait for page load successfully

2018-09-19 18:27:27 - [MESSAGE][PASSED] - Delayed 3 second(s)

2018-09-19 18:27:27 - [MESSAGE][PASSED] - Object 'Object Repository/workOrder/hideMenu' is present

2018-09-19 18:27:27 - [MESSAGE][FAILED] - Unable to click on object 'Object Repository/workOrder/hideMenu' (Root cause: org.openqa.selenium.ElementNotVisibleException: element not visible
  (Session info: chrome=69.0.3497.100)
  (Driver info: chromedriver=2.35.528161 (5b82f2d2aae0ca24b877009200ced9065a772e73),platform=Windows NT 10.0.16299 x86_64) (WARNING: The server did not provide any stacktrace information)
Command duration or timeout: 0 milliseconds
Build info: version: '3.7.1', revision: '8a0099a', time: '2017-11-06T21:07:36.161Z'
System info: host: 'DESKTOP-IC62SMV', ip: '192.168.4.18', os.name: 'Windows 10', os.arch: 'amd64', os.version: '10.0', java.version: '1.8.0_102'
Driver info: com.kms.katalon.selenium.driver.CChromeDriver
Capabilities {acceptInsecureCerts: false, acceptSslCerts: false, applicationCacheEnabled: false, browserConnectionEnabled: false, browserName: chrome, chrome: {chromedriverVersion: 2.35.528161 (5b82f2d2aae0ca..., userDataDir: C:\Users\Braseela\AppData\L...}, cssSelectorsEnabled: true, databaseEnabled: false, handlesAlerts: true, hasTouchScreen: false, javascriptEnabled: true, locationContextEnabled: true, mobileEmulationEnabled: false, nativeEvents: true, networkConnectionEnabled: false, pageLoadStrategy: normal, platform: XP, platformName: XP, rotatable: false, setWindowRect: true, takesHeapSnapshot: true, takesScreenshot: true, unexpectedAlertBehaviour: , unhandledPromptBehavior: , version: 69.0.3497.100, webStorageEnabled: true}
Session ID: 25bfa0050387158455915bad4d0233fa)
[[ATTACHMENT|D:\\Repo\\InApp-QA-Automation\\Mpulse_Automation\\Reports\\Test Suite For Demo\\20180919_175358\\1537361847515.png]]

2018-09-19 18:27:27 - [MESSAGE][PASSED] - Wait for page load successfully

2018-09-19 18:27:30 - [MESSAGE][PASSED] - Delayed 3 second(s)

2018-09-19 18:27:30 - [MESSAGE][PASSED] - Object 'Object Repository/workOrder/expandAndMinimize' is present

2018-09-19 18:27:35 - [MESSAGE][PASSED] - Delayed 5 second(s)

2018-09-19 18:27:36 - [MESSAGE][PASSED] - Object: 'Object Repository/workOrder/expandAndMinimize' is clicked on

2018-09-19 18:27:39 - [MESSAGE][PASSED] - Delayed 3 second(s)

2018-09-19 18:27:39 - [MESSAGE][PASSED] - Angular is ready.

2018-09-19 18:27:44 - [MESSAGE][PASSED] - Delayed 5 second(s)

2018-09-19 18:27:44 - [MESSAGE][PASSED] - Object: 'Object Repository/workOrder/layoutlist' is clicked on

2018-09-19 18:27:49 - [MESSAGE][PASSED] - Delayed 5 second(s)

2018-09-19 18:27:50 - [MESSAGE][PASSED] - Angular is ready.

2018-09-19 18:27:50 - [MESSAGE][PASSED] - Scroll to object 'Object Repository/workOrder/sellay' successfully

2018-09-19 18:27:51 - [MESSAGE][PASSED] - Object: 'Object Repository/workOrder/sellay' is clicked on

2018-09-19 18:27:51 - [MESSAGE][PASSED] - Attribute 'title' of object 'Object Repository/workOrder/wo_fromlist' is: 'WKO-01945'

2018-09-19 18:27:56 - [MESSAGE][PASSED] - Delayed 5 second(s)

2018-09-19 18:27:56 - [MESSAGE][PASSED] - Object: 'Object Repository/workOrder/wo_fromlist' is clicked on

2018-09-19 18:28:01 - [MESSAGE][PASSED] - Delayed 5 second(s)

2018-09-19 18:28:01 - [MESSAGE][PASSED] - Object: 'Object Repository/workOrder/edit_list' is clicked on

2018-09-19 18:28:02 - [MESSAGE][PASSED] - Angular is ready.

2018-09-19 18:28:03 - [MESSAGE][PASSED] - Text 'WO Sanity Test_1537361809247' is set on object 'Object Repository/workOrder/edit_wo'

2018-09-19 18:28:03 - [MESSAGE][PASSED] - Angular is ready.

2018-09-19 18:28:04 - [MESSAGE][PASSED] - Object: 'Object Repository/workOrder/Save_ListLayout' is clicked on

2018-09-19 18:28:04 - [MESSAGE][PASSED] - Wait for page load successfully

2018-09-19 18:28:04 - [MESSAGE][PASSED] - Object 'Object Repository/workOrder/created_WO_List' is present

2018-09-19 18:28:04 - [MESSAGE][PASSED] - work_Order.WO_EditAndSave_ListLayout.editAndSave is PASSED

2018-09-19 18:28:04 - [TEST_STEP][PASSED] - commonUtils.Common.logoutAndCloseBrowser: commonUtils.Common.logoutAndCloseBrowser is PASSED

2018-09-19 18:28:09 - [MESSAGE][PASSED] - Delayed 5 second(s)

2018-09-19 18:28:09 - [MESSAGE][FAILED] - Unable to click on object 'Object Repository/homePage/settings' (Root cause: org.openqa.selenium.WebDriverException: unknown error: Element <span title="User Settings" class="user" ng-click="menuExpandClick($event); menuRedirect(menu.ActionURL, menu.ID, menu.Key, menu.SubModules, $event)" ng-style="{'background-image':'url(https://mpulse8.com//App_Themes/ICONS/default/iconUserSettings.svg)'}" style="background-image: url(&quot;https://mpulse8.com//App_Themes/ICONS/default/iconUserSettings.svg&quot;);"></span> is not clickable at point (25, 538). Other element would receive the click: <html lang="en" class="ng-scope">...</html>
  (Session info: chrome=69.0.3497.100)
  (Driver info: chromedriver=2.35.528161 (5b82f2d2aae0ca24b877009200ced9065a772e73),platform=Windows NT 10.0.16299 x86_64) (WARNING: The server did not provide any stacktrace information)
Command duration or timeout: 0 milliseconds
Build info: version: '3.7.1', revision: '8a0099a', time: '2017-11-06T21:07:36.161Z'
System info: host: 'DESKTOP-IC62SMV', ip: '192.168.4.18', os.name: 'Windows 10', os.arch: 'amd64', os.version: '10.0', java.version: '1.8.0_102'
Driver info: com.kms.katalon.selenium.driver.CChromeDriver
Capabilities {acceptInsecureCerts: false, acceptSslCerts: false, applicationCacheEnabled: false, browserConnectionEnabled: false, browserName: chrome, chrome: {chromedriverVersion: 2.35.528161 (5b82f2d2aae0ca..., userDataDir: C:\Users\Braseela\AppData\L...}, cssSelectorsEnabled: true, databaseEnabled: false, handlesAlerts: true, hasTouchScreen: false, javascriptEnabled: true, locationContextEnabled: true, mobileEmulationEnabled: false, nativeEvents: true, networkConnectionEnabled: false, pageLoadStrategy: normal, platform: XP, platformName: XP, rotatable: false, setWindowRect: true, takesHeapSnapshot: true, takesScreenshot: true, unexpectedAlertBehaviour: , unhandledPromptBehavior: , version: 69.0.3497.100, webStorageEnabled: true}
Session ID: 25bfa0050387158455915bad4d0233fa)
[[ATTACHMENT|D:\\Repo\\InApp-QA-Automation\\Mpulse_Automation\\Reports\\Test Suite For Demo\\20180919_175358\\1537361889408.png]]

2018-09-19 18:28:15 - [MESSAGE][PASSED] - Delayed 6 second(s)

2018-09-19 18:28:15 - [MESSAGE][PASSED] - Object 'Object Repository/homePage/settings' is present

2018-09-19 18:28:15 - [MESSAGE][PASSED] - Object: 'Object Repository/homePage/settings' is clicked on

2018-09-19 18:28:16 - [MESSAGE][PASSED] - Object: 'Object Repository/workOrder/WORecords' is clicked on

2018-09-19 18:28:16 - [MESSAGE][PASSED] - Object 'Object Repository/loginPage/username' is present

2018-09-19 18:28:16 - [MESSAGE][PASSED] - Browser is closed

2018-09-19 18:28:16 - [MESSAGE][PASSED] - commonUtils.Common.logoutAndCloseBrowser is PASSED]]></system-out>
         <system-err><![CDATA[]]></system-err>
      </testcase>
      <testcase name="Test Cases/SANT-TC-066,067_WO_Media_Upload and Verify" classname="Test Cases/SANT-TC-066,067_WO_Media_Upload and Verify" status="FAILED">
         <failure type="FAILED" message="Unable to click on object 'Object Repository/workOrder/expandAndMinimize' (Root cause: org.openqa.selenium.WebDriverException: unknown error: Element &lt;a class=&quot;icon_action collapse_icon margin_L10&quot; title=&quot;Minimize&quot; ng-click=&quot;listViewViewStatus('Normal', true)&quot;>&lt;/a> is not clickable at point (60, 88). Other element would receive the click: &lt;html lang=&quot;en&quot; class=&quot;ng-scope&quot;>...&lt;/html>
  (Session info: chrome=69.0.3497.100)
  (Driver info: chromedriver=2.35.528161 (5b82f2d2aae0ca24b877009200ced9065a772e73),platform=Windows NT 10.0.16299 x86_64) (WARNING: The server did not provide any stacktrace information)
Command duration or timeout: 0 milliseconds
Build info: version: '3.7.1', revision: '8a0099a', time: '2017-11-06T21:07:36.161Z'
System info: host: 'DESKTOP-IC62SMV', ip: '192.168.4.18', os.name: 'Windows 10', os.arch: 'amd64', os.version: '10.0', java.version: '1.8.0_102'
Driver info: com.kms.katalon.selenium.driver.CChromeDriver
Capabilities {acceptInsecureCerts: false, acceptSslCerts: false, applicationCacheEnabled: false, browserConnectionEnabled: false, browserName: chrome, chrome: {chromedriverVersion: 2.35.528161 (5b82f2d2aae0ca..., userDataDir: C:\Users\Braseela\AppData\L...}, cssSelectorsEnabled: true, databaseEnabled: false, handlesAlerts: true, hasTouchScreen: false, javascriptEnabled: true, locationContextEnabled: true, mobileEmulationEnabled: false, nativeEvents: true, networkConnectionEnabled: false, pageLoadStrategy: normal, platform: XP, platformName: XP, rotatable: false, setWindowRect: true, takesHeapSnapshot: true, takesScreenshot: true, unexpectedAlertBehaviour: , unhandledPromptBehavior: , version: 69.0.3497.100, webStorageEnabled: true}
Session ID: b2bb3c011b7e21f1fbbe324e928b472a)"/>
         <system-out><![CDATA[2018-09-19 18:28:16 - [TEST_CASE][FAILED] - Test Cases/SANT-TC-066,067_WO_Media_Upload and Verify: Test Cases/SANT-TC-066,067_WO_Media_Upload and Verify FAILED because (of) Unable to click on object 'Object Repository/workOrder/expandAndMinimize' (Root cause: org.openqa.selenium.WebDriverException: unknown error: Element <a class="icon_action collapse_icon margin_L10" title="Minimize" ng-click="listViewViewStatus('Normal', true)"></a> is not clickable at point (60, 88). Other element would receive the click: <html lang="en" class="ng-scope">...</html>
  (Session info: chrome=69.0.3497.100)
  (Driver info: chromedriver=2.35.528161 (5b82f2d2aae0ca24b877009200ced9065a772e73),platform=Windows NT 10.0.16299 x86_64) (WARNING: The server did not provide any stacktrace information)
Command duration or timeout: 0 milliseconds
Build info: version: '3.7.1', revision: '8a0099a', time: '2017-11-06T21:07:36.161Z'
System info: host: 'DESKTOP-IC62SMV', ip: '192.168.4.18', os.name: 'Windows 10', os.arch: 'amd64', os.version: '10.0', java.version: '1.8.0_102'
Driver info: com.kms.katalon.selenium.driver.CChromeDriver
Capabilities {acceptInsecureCerts: false, acceptSslCerts: false, applicationCacheEnabled: false, browserConnectionEnabled: false, browserName: chrome, chrome: {chromedriverVersion: 2.35.528161 (5b82f2d2aae0ca..., userDataDir: C:\Users\Braseela\AppData\L...}, cssSelectorsEnabled: true, databaseEnabled: false, handlesAlerts: true, hasTouchScreen: false, javascriptEnabled: true, locationContextEnabled: true, mobileEmulationEnabled: false, nativeEvents: true, networkConnectionEnabled: false, pageLoadStrategy: normal, platform: XP, platformName: XP, rotatable: false, setWindowRect: true, takesHeapSnapshot: true, takesScreenshot: true, unexpectedAlertBehaviour: , unhandledPromptBehavior: , version: 69.0.3497.100, webStorageEnabled: true}
Session ID: b2bb3c011b7e21f1fbbe324e928b472a)

2018-09-19 18:28:17 - [TEST_STEP][PASSED] - Statement - woDescription = com.kms.katalon.core.testdata.TestDataFactory.findTestData(workOrder/workOrder).getValue(1, 1): Test data is internal data, reading internal data

2018-09-19 18:28:17 - [TEST_STEP][PASSED] - Statement - media = com.kms.katalon.core.testdata.TestDataFactory.findTestData(workOrder/workOrder).getValue(5, 1): Test data is internal data, reading internal data

2018-09-19 18:28:17 - [TEST_STEP][PASSED] - Statement - mediaName = media + java.lang.System.currentTimeMillis(): null

2018-09-19 18:28:17 - [TEST_STEP][FAILED] - media.uploadMediatoWO.uploadMedia: Unable to click on object 'Object Repository/workOrder/expandAndMinimize' (Root cause: org.openqa.selenium.WebDriverException: unknown error: Element <a class="icon_action collapse_icon margin_L10" title="Minimize" ng-click="listViewViewStatus('Normal', true)"></a> is not clickable at point (60, 88). Other element would receive the click: <html lang="en" class="ng-scope">...</html>
  (Session info: chrome=69.0.3497.100)
  (Driver info: chromedriver=2.35.528161 (5b82f2d2aae0ca24b877009200ced9065a772e73),platform=Windows NT 10.0.16299 x86_64) (WARNING: The server did not provide any stacktrace information)
Command duration or timeout: 0 milliseconds
Build info: version: '3.7.1', revision: '8a0099a', time: '2017-11-06T21:07:36.161Z'
System info: host: 'DESKTOP-IC62SMV', ip: '192.168.4.18', os.name: 'Windows 10', os.arch: 'amd64', os.version: '10.0', java.version: '1.8.0_102'
Driver info: com.kms.katalon.selenium.driver.CChromeDriver
Capabilities {acceptInsecureCerts: false, acceptSslCerts: false, applicationCacheEnabled: false, browserConnectionEnabled: false, browserName: chrome, chrome: {chromedriverVersion: 2.35.528161 (5b82f2d2aae0ca..., userDataDir: C:\Users\Braseela\AppData\L...}, cssSelectorsEnabled: true, databaseEnabled: false, handlesAlerts: true, hasTouchScreen: false, javascriptEnabled: true, locationContextEnabled: true, mobileEmulationEnabled: false, nativeEvents: true, networkConnectionEnabled: false, pageLoadStrategy: normal, platform: XP, platformName: XP, rotatable: false, setWindowRect: true, takesHeapSnapshot: true, takesScreenshot: true, unexpectedAlertBehaviour: , unhandledPromptBehavior: , version: 69.0.3497.100, webStorageEnabled: true}
Session ID: b2bb3c011b7e21f1fbbe324e928b472a)

2018-09-19 18:28:19 - [MESSAGE][PASSED] - Browser is opened with url: ''

2018-09-19 18:28:20 - [MESSAGE][PASSED] - Current window maximized

2018-09-19 18:28:27 - [MESSAGE][PASSED] - Navigate to 'https://mpulse8.com/#/' successfully

2018-09-19 18:28:27 - [MESSAGE][PASSED] - Object 'Object Repository/loginPage/username' is clickable

2018-09-19 18:28:27 - [MESSAGE][PASSED] - Text 'abhi' is set on object 'Object Repository/loginPage/username'

2018-09-19 18:28:28 - [MESSAGE][PASSED] - Text '123456' is set on object 'Object Repository/loginPage/password'

2018-09-19 18:28:28 - [MESSAGE][PASSED] - Keys 'mpulse8_inapp' sent to object: 'Object Repository/loginPage/database_name'

2018-09-19 18:28:28 - [MESSAGE][PASSED] - Object: 'Object Repository/loginPage/Login_btn' is clicked on

2018-09-19 18:28:28 - [MESSAGE][PASSED] - Wait for page load successfully

2018-09-19 18:28:33 - [MESSAGE][PASSED] - Delayed 5 second(s)

2018-09-19 18:28:41 - [MESSAGE][PASSED] - Object: 'Object Repository/workOrder/workOrders' is clicked on

2018-09-19 18:28:41 - [MESSAGE][PASSED] - Object: 'Object Repository/workOrder/WORecords' is clicked on

2018-09-19 18:28:41 - [MESSAGE][PASSED] - Wait for page load successfully

2018-09-19 18:28:44 - [MESSAGE][PASSED] - Delayed 3 second(s)

2018-09-19 18:28:48 - [MESSAGE][FAILED] - Unable to click on object 'Object Repository/workOrder/cancel' (Root cause: org.openqa.selenium.ElementNotVisibleException: element not visible
  (Session info: chrome=69.0.3497.100)
  (Driver info: chromedriver=2.35.528161 (5b82f2d2aae0ca24b877009200ced9065a772e73),platform=Windows NT 10.0.16299 x86_64) (WARNING: The server did not provide any stacktrace information)
Command duration or timeout: 0 milliseconds
Build info: version: '3.7.1', revision: '8a0099a', time: '2017-11-06T21:07:36.161Z'
System info: host: 'DESKTOP-IC62SMV', ip: '192.168.4.18', os.name: 'Windows 10', os.arch: 'amd64', os.version: '10.0', java.version: '1.8.0_102'
Driver info: com.kms.katalon.selenium.driver.CChromeDriver
Capabilities {acceptInsecureCerts: false, acceptSslCerts: false, applicationCacheEnabled: false, browserConnectionEnabled: false, browserName: chrome, chrome: {chromedriverVersion: 2.35.528161 (5b82f2d2aae0ca..., userDataDir: C:\Users\Braseela\AppData\L...}, cssSelectorsEnabled: true, databaseEnabled: false, handlesAlerts: true, hasTouchScreen: false, javascriptEnabled: true, locationContextEnabled: true, mobileEmulationEnabled: false, nativeEvents: true, networkConnectionEnabled: false, pageLoadStrategy: normal, platform: XP, platformName: XP, rotatable: false, setWindowRect: true, takesHeapSnapshot: true, takesScreenshot: true, unexpectedAlertBehaviour: , unhandledPromptBehavior: , version: 69.0.3497.100, webStorageEnabled: true}
Session ID: b2bb3c011b7e21f1fbbe324e928b472a)
[[ATTACHMENT|D:\\Repo\\InApp-QA-Automation\\Mpulse_Automation\\Reports\\Test Suite For Demo\\20180919_175358\\1537361927736.png]]

2018-09-19 18:28:48 - [MESSAGE][PASSED] - Wait for page load successfully

2018-09-19 18:28:51 - [MESSAGE][PASSED] - Delayed 3 second(s)

2018-09-19 18:28:51 - [MESSAGE][PASSED] - Object 'Object Repository/workOrder/hideMenu' is present

2018-09-19 18:28:51 - [MESSAGE][FAILED] - Unable to click on object 'Object Repository/workOrder/hideMenu' (Root cause: org.openqa.selenium.ElementNotVisibleException: element not visible
  (Session info: chrome=69.0.3497.100)
  (Driver info: chromedriver=2.35.528161 (5b82f2d2aae0ca24b877009200ced9065a772e73),platform=Windows NT 10.0.16299 x86_64) (WARNING: The server did not provide any stacktrace information)
Command duration or timeout: 0 milliseconds
Build info: version: '3.7.1', revision: '8a0099a', time: '2017-11-06T21:07:36.161Z'
System info: host: 'DESKTOP-IC62SMV', ip: '192.168.4.18', os.name: 'Windows 10', os.arch: 'amd64', os.version: '10.0', java.version: '1.8.0_102'
Driver info: com.kms.katalon.selenium.driver.CChromeDriver
Capabilities {acceptInsecureCerts: false, acceptSslCerts: false, applicationCacheEnabled: false, browserConnectionEnabled: false, browserName: chrome, chrome: {chromedriverVersion: 2.35.528161 (5b82f2d2aae0ca..., userDataDir: C:\Users\Braseela\AppData\L...}, cssSelectorsEnabled: true, databaseEnabled: false, handlesAlerts: true, hasTouchScreen: false, javascriptEnabled: true, locationContextEnabled: true, mobileEmulationEnabled: false, nativeEvents: true, networkConnectionEnabled: false, pageLoadStrategy: normal, platform: XP, platformName: XP, rotatable: false, setWindowRect: true, takesHeapSnapshot: true, takesScreenshot: true, unexpectedAlertBehaviour: , unhandledPromptBehavior: , version: 69.0.3497.100, webStorageEnabled: true}
Session ID: b2bb3c011b7e21f1fbbe324e928b472a)
[[ATTACHMENT|D:\\Repo\\InApp-QA-Automation\\Mpulse_Automation\\Reports\\Test Suite For Demo\\20180919_175358\\1537361931152.png]]

2018-09-19 18:28:51 - [MESSAGE][PASSED] - Wait for page load successfully

2018-09-19 18:28:54 - [MESSAGE][PASSED] - Delayed 3 second(s)

2018-09-19 18:28:54 - [MESSAGE][PASSED] - Object 'Object Repository/workOrder/expandAndMinimize' is present

2018-09-19 18:28:59 - [MESSAGE][PASSED] - Delayed 5 second(s)

2018-09-19 18:28:59 - [MESSAGE][PASSED] - Object: 'Object Repository/workOrder/expandAndMinimize' is clicked on

2018-09-19 18:29:02 - [MESSAGE][PASSED] - Delayed 3 second(s)

2018-09-19 18:29:02 - [MESSAGE][PASSED] - Wait for page load successfully

2018-09-19 18:29:03 - [MESSAGE][PASSED] - Object: 'Object Repository/workOrder/wolayout' is clicked on

2018-09-19 18:29:04 - [MESSAGE][PASSED] - Angular is ready.

2018-09-19 18:29:05 - [MESSAGE][PASSED] - Scroll to object 'Object Repository/SMR/scrollcontainer' successfully

2018-09-19 18:29:05 - [MESSAGE][PASSED] - Object: 'Object Repository/SMR/scrollcontainer' is clicked on

2018-09-19 18:29:07 - [MESSAGE][PASSED] - Angular is ready.

2018-09-19 18:29:08 - [MESSAGE][FAILED] - Unable to click on object 'Object Repository/workOrder/expandAndMinimize' (Root cause: org.openqa.selenium.WebDriverException: unknown error: Element <a class="icon_action collapse_icon margin_L10" title="Minimize" ng-click="listViewViewStatus('Normal', true)"></a> is not clickable at point (60, 88). Other element would receive the click: <html lang="en" class="ng-scope">...</html>
  (Session info: chrome=69.0.3497.100)
  (Driver info: chromedriver=2.35.528161 (5b82f2d2aae0ca24b877009200ced9065a772e73),platform=Windows NT 10.0.16299 x86_64) (WARNING: The server did not provide any stacktrace information)
Command duration or timeout: 0 milliseconds
Build info: version: '3.7.1', revision: '8a0099a', time: '2017-11-06T21:07:36.161Z'
System info: host: 'DESKTOP-IC62SMV', ip: '192.168.4.18', os.name: 'Windows 10', os.arch: 'amd64', os.version: '10.0', java.version: '1.8.0_102'
Driver info: com.kms.katalon.selenium.driver.CChromeDriver
Capabilities {acceptInsecureCerts: false, acceptSslCerts: false, applicationCacheEnabled: false, browserConnectionEnabled: false, browserName: chrome, chrome: {chromedriverVersion: 2.35.528161 (5b82f2d2aae0ca..., userDataDir: C:\Users\Braseela\AppData\L...}, cssSelectorsEnabled: true, databaseEnabled: false, handlesAlerts: true, hasTouchScreen: false, javascriptEnabled: true, locationContextEnabled: true, mobileEmulationEnabled: false, nativeEvents: true, networkConnectionEnabled: false, pageLoadStrategy: normal, platform: XP, platformName: XP, rotatable: false, setWindowRect: true, takesHeapSnapshot: true, takesScreenshot: true, unexpectedAlertBehaviour: , unhandledPromptBehavior: , version: 69.0.3497.100, webStorageEnabled: true}
Session ID: b2bb3c011b7e21f1fbbe324e928b472a)
[[ATTACHMENT|D:\\Repo\\InApp-QA-Automation\\Mpulse_Automation\\Reports\\Test Suite For Demo\\20180919_175358\\1537361947713.png]]

2018-09-19 18:29:08 - [MESSAGE][FAILED] - Unable to click on object 'Object Repository/workOrder/expandAndMinimize' (Root cause: org.openqa.selenium.WebDriverException: unknown error: Element <a class="icon_action collapse_icon margin_L10" title="Minimize" ng-click="listViewViewStatus('Normal', true)"></a> is not clickable at point (60, 88). Other element would receive the click: <html lang="en" class="ng-scope">...</html>
  (Session info: chrome=69.0.3497.100)
  (Driver info: chromedriver=2.35.528161 (5b82f2d2aae0ca24b877009200ced9065a772e73),platform=Windows NT 10.0.16299 x86_64) (WARNING: The server did not provide any stacktrace information)
Command duration or timeout: 0 milliseconds
Build info: version: '3.7.1', revision: '8a0099a', time: '2017-11-06T21:07:36.161Z'
System info: host: 'DESKTOP-IC62SMV', ip: '192.168.4.18', os.name: 'Windows 10', os.arch: 'amd64', os.version: '10.0', java.version: '1.8.0_102'
Driver info: com.kms.katalon.selenium.driver.CChromeDriver
Capabilities {acceptInsecureCerts: false, acceptSslCerts: false, applicationCacheEnabled: false, browserConnectionEnabled: false, browserName: chrome, chrome: {chromedriverVersion: 2.35.528161 (5b82f2d2aae0ca..., userDataDir: C:\Users\Braseela\AppData\L...}, cssSelectorsEnabled: true, databaseEnabled: false, handlesAlerts: true, hasTouchScreen: false, javascriptEnabled: true, locationContextEnabled: true, mobileEmulationEnabled: false, nativeEvents: true, networkConnectionEnabled: false, pageLoadStrategy: normal, platform: XP, platformName: XP, rotatable: false, setWindowRect: true, takesHeapSnapshot: true, takesScreenshot: true, unexpectedAlertBehaviour: , unhandledPromptBehavior: , version: 69.0.3497.100, webStorageEnabled: true}
Session ID: b2bb3c011b7e21f1fbbe324e928b472a)]]></system-out>
         <system-err><![CDATA[2018-09-19 18:28:16 - [TEST_CASE][FAILED] - Test Cases/SANT-TC-066,067_WO_Media_Upload and Verify: Test Cases/SANT-TC-066,067_WO_Media_Upload and Verify FAILED because (of) Unable to click on object 'Object Repository/workOrder/expandAndMinimize' (Root cause: org.openqa.selenium.WebDriverException: unknown error: Element <a class="icon_action collapse_icon margin_L10" title="Minimize" ng-click="listViewViewStatus('Normal', true)"></a> is not clickable at point (60, 88). Other element would receive the click: <html lang="en" class="ng-scope">...</html>
  (Session info: chrome=69.0.3497.100)
  (Driver info: chromedriver=2.35.528161 (5b82f2d2aae0ca24b877009200ced9065a772e73),platform=Windows NT 10.0.16299 x86_64) (WARNING: The server did not provide any stacktrace information)
Command duration or timeout: 0 milliseconds
Build info: version: '3.7.1', revision: '8a0099a', time: '2017-11-06T21:07:36.161Z'
System info: host: 'DESKTOP-IC62SMV', ip: '192.168.4.18', os.name: 'Windows 10', os.arch: 'amd64', os.version: '10.0', java.version: '1.8.0_102'
Driver info: com.kms.katalon.selenium.driver.CChromeDriver
Capabilities {acceptInsecureCerts: false, acceptSslCerts: false, applicationCacheEnabled: false, browserConnectionEnabled: false, browserName: chrome, chrome: {chromedriverVersion: 2.35.528161 (5b82f2d2aae0ca..., userDataDir: C:\Users\Braseela\AppData\L...}, cssSelectorsEnabled: true, databaseEnabled: false, handlesAlerts: true, hasTouchScreen: false, javascriptEnabled: true, locationContextEnabled: true, mobileEmulationEnabled: false, nativeEvents: true, networkConnectionEnabled: false, pageLoadStrategy: normal, platform: XP, platformName: XP, rotatable: false, setWindowRect: true, takesHeapSnapshot: true, takesScreenshot: true, unexpectedAlertBehaviour: , unhandledPromptBehavior: , version: 69.0.3497.100, webStorageEnabled: true}
Session ID: b2bb3c011b7e21f1fbbe324e928b472a)]]></system-err>
      </testcase>
      <system-out><![CDATA[2018-09-19 17:54:00 - [TEST_SUITE][FAILED] - Test Suite For Demo: Test Cases/SANT-TC-035_MR_To_WO_ListLayout FAILED because (of) Unable to click on object 'Object Repository/maintenanceRecords/covertToWKO' (Root cause: org.openqa.selenium.WebDriverException: unknown error: Element <button type="button" class="btn btn-default btn_popup ng-binding ng-scope" title="..." ng-click="convertToWKO(selectedRows)" ng-if="SubModuleName=='WorkRequestRecords' &amp;&amp; WKOLayout.listviewlabels.ConvertButton &amp;&amp; $root.LoginDetails.UserType != 'Requestor' &amp;&amp; listviewdata.ListViewControlProperty.ShowConvertButton">Convert to Work Order</button> is not clickable at point (683, 81). Other element would receive the click: <div class="dx-overlay-wrapper dx-dialog dx-popup-wrapper dx-dialog-wrapper dx-dialog-root dx-overlay-modal dx-overlay-shader" data-bind="dxControlsDescendantBindings: true" style="z-index: 1501; position: fixed; width: 100%; height: 100%; left: 0px; top: 0px; transform: translate(0px, 0px);">...</div>
  (Session info: chrome=69.0.3497.100)
  (Driver info: chromedriver=2.35.528161 (5b82f2d2aae0ca24b877009200ced9065a772e73),platform=Windows NT 10.0.16299 x86_64) (WARNING: The server did not provide any stacktrace information)
Command duration or timeout: 0 milliseconds
Build info: version: '3.7.1', revision: '8a0099a', time: '2017-11-06T21:07:36.161Z'
System info: host: 'DESKTOP-IC62SMV', ip: '192.168.4.18', os.name: 'Windows 10', os.arch: 'amd64', os.version: '10.0', java.version: '1.8.0_102'
Driver info: com.kms.katalon.selenium.driver.CChromeDriver
Capabilities {acceptInsecureCerts: false, acceptSslCerts: false, applicationCacheEnabled: false, browserConnectionEnabled: false, browserName: chrome, chrome: {chromedriverVersion: 2.35.528161 (5b82f2d2aae0ca..., userDataDir: C:\Users\Braseela\AppData\L...}, cssSelectorsEnabled: true, databaseEnabled: false, handlesAlerts: true, hasTouchScreen: false, javascriptEnabled: true, locationContextEnabled: true, mobileEmulationEnabled: false, nativeEvents: true, networkConnectionEnabled: false, pageLoadStrategy: normal, platform: XP, platformName: XP, rotatable: false, setWindowRect: true, takesHeapSnapshot: true, takesScreenshot: true, unexpectedAlertBehaviour: , unhandledPromptBehavior: , version: 69.0.3497.100, webStorageEnabled: true}
Session ID: 1a1cf24d1275dac513d43962c8f9ea74)]]></system-out>
      <system-err><![CDATA[2018-09-19 17:54:00 - [TEST_SUITE][FAILED] - Test Suite For Demo: Test Cases/SANT-TC-035_MR_To_WO_ListLayout FAILED because (of) Unable to click on object 'Object Repository/maintenanceRecords/covertToWKO' (Root cause: org.openqa.selenium.WebDriverException: unknown error: Element <button type="button" class="btn btn-default btn_popup ng-binding ng-scope" title="..." ng-click="convertToWKO(selectedRows)" ng-if="SubModuleName=='WorkRequestRecords' &amp;&amp; WKOLayout.listviewlabels.ConvertButton &amp;&amp; $root.LoginDetails.UserType != 'Requestor' &amp;&amp; listviewdata.ListViewControlProperty.ShowConvertButton">Convert to Work Order</button> is not clickable at point (683, 81). Other element would receive the click: <div class="dx-overlay-wrapper dx-dialog dx-popup-wrapper dx-dialog-wrapper dx-dialog-root dx-overlay-modal dx-overlay-shader" data-bind="dxControlsDescendantBindings: true" style="z-index: 1501; position: fixed; width: 100%; height: 100%; left: 0px; top: 0px; transform: translate(0px, 0px);">...</div>
  (Session info: chrome=69.0.3497.100)
  (Driver info: chromedriver=2.35.528161 (5b82f2d2aae0ca24b877009200ced9065a772e73),platform=Windows NT 10.0.16299 x86_64) (WARNING: The server did not provide any stacktrace information)
Command duration or timeout: 0 milliseconds
Build info: version: '3.7.1', revision: '8a0099a', time: '2017-11-06T21:07:36.161Z'
System info: host: 'DESKTOP-IC62SMV', ip: '192.168.4.18', os.name: 'Windows 10', os.arch: 'amd64', os.version: '10.0', java.version: '1.8.0_102'
Driver info: com.kms.katalon.selenium.driver.CChromeDriver
Capabilities {acceptInsecureCerts: false, acceptSslCerts: false, applicationCacheEnabled: false, browserConnectionEnabled: false, browserName: chrome, chrome: {chromedriverVersion: 2.35.528161 (5b82f2d2aae0ca..., userDataDir: C:\Users\Braseela\AppData\L...}, cssSelectorsEnabled: true, databaseEnabled: false, handlesAlerts: true, hasTouchScreen: false, javascriptEnabled: true, locationContextEnabled: true, mobileEmulationEnabled: false, nativeEvents: true, networkConnectionEnabled: false, pageLoadStrategy: normal, platform: XP, platformName: XP, rotatable: false, setWindowRect: true, takesHeapSnapshot: true, takesScreenshot: true, unexpectedAlertBehaviour: , unhandledPromptBehavior: , version: 69.0.3497.100, webStorageEnabled: true}
Session ID: 1a1cf24d1275dac513d43962c8f9ea74)]]></system-err>
   </testsuite>
</testsuites>
