<?xml version="1.0" encoding="UTF-8"?>
<testsuites name="Test Suite For Demo" time="2223" tests="13" failures="2" errors="0">
   <testsuite name="Test Suite For Demo" tests="13" failures="2" errors="0" time="2223" timestamp="2018-09-20 12:22:57" hostname="Braseela - DESKTOP-IC62SMV" id="Test Suites/Test Suite For Demo">
      <properties>
         <property name="deviceName" value=""/>
         <property name="devicePlatform" value=""/>
         <property name="logFolder" value="D:\\Repo\\InApp-QA-Automation\\Mpulse_Automation\\Reports\\Test Suite For Demo\\20180920_122254"/>
         <property name="logFiles" value="D:\\Repo\\InApp-QA-Automation\\Mpulse_Automation\\Reports\\Test Suite For Demo\\20180920_122254\\execution0.log"/>
         <property name="attachments" value="D:\\Repo\\InApp-QA-Automation\\Mpulse_Automation\\Reports\\Test Suite For Demo\\20180920_122254\\1537426493208.png, D:\\Repo\\InApp-QA-Automation\\Mpulse_Automation\\Reports\\Test Suite For Demo\\20180920_122254\\1537426530958.png, D:\\Repo\\InApp-QA-Automation\\Mpulse_Automation\\Reports\\Test Suite For Demo\\20180920_122254\\1537426534440.png, D:\\Repo\\InApp-QA-Automation\\Mpulse_Automation\\Reports\\Test Suite For Demo\\20180920_122254\\1537426722675.png, D:\\Repo\\InApp-QA-Automation\\Mpulse_Automation\\Reports\\Test Suite For Demo\\20180920_122254\\1537426760259.png, D:\\Repo\\InApp-QA-Automation\\Mpulse_Automation\\Reports\\Test Suite For Demo\\20180920_122254\\1537426924746.png, D:\\Repo\\InApp-QA-Automation\\Mpulse_Automation\\Reports\\Test Suite For Demo\\20180920_122254\\1537426962276.png, D:\\Repo\\InApp-QA-Automation\\Mpulse_Automation\\Reports\\Test Suite For Demo\\20180920_122254\\1537427129703.png, D:\\Repo\\InApp-QA-Automation\\Mpulse_Automation\\Reports\\Test Suite For Demo\\20180920_122254\\1537427133169.png, D:\\Repo\\InApp-QA-Automation\\Mpulse_Automation\\Reports\\Test Suite For Demo\\20180920_122254\\1537427223484.png, D:\\Repo\\InApp-QA-Automation\\Mpulse_Automation\\Reports\\Test Suite For Demo\\20180920_122254\\1537427275461.png, D:\\Repo\\InApp-QA-Automation\\Mpulse_Automation\\Reports\\Test Suite For Demo\\20180920_122254\\1537427316256.png, D:\\Repo\\InApp-QA-Automation\\Mpulse_Automation\\Reports\\Test Suite For Demo\\20180920_122254\\1537427319704.png, D:\\Repo\\InApp-QA-Automation\\Mpulse_Automation\\Reports\\Test Suite For Demo\\20180920_122254\\1537427398015.png, D:\\Repo\\InApp-QA-Automation\\Mpulse_Automation\\Reports\\Test Suite For Demo\\20180920_122254\\1537427435499.png, D:\\Repo\\InApp-QA-Automation\\Mpulse_Automation\\Reports\\Test Suite For Demo\\20180920_122254\\1537427597074.png, D:\\Repo\\InApp-QA-Automation\\Mpulse_Automation\\Reports\\Test Suite For Demo\\20180920_122254\\1537427606434.png, D:\\Repo\\InApp-QA-Automation\\Mpulse_Automation\\Reports\\Test Suite For Demo\\20180920_122254\\1537427643907.png, D:\\Repo\\InApp-QA-Automation\\Mpulse_Automation\\Reports\\Test Suite For Demo\\20180920_122254\\1537427744556.png, D:\\Repo\\InApp-QA-Automation\\Mpulse_Automation\\Reports\\Test Suite For Demo\\20180920_122254\\1537427782974.png, D:\\Repo\\InApp-QA-Automation\\Mpulse_Automation\\Reports\\Test Suite For Demo\\20180920_122254\\1537427820476.png, D:\\Repo\\InApp-QA-Automation\\Mpulse_Automation\\Reports\\Test Suite For Demo\\20180920_122254\\1537428003622.png, D:\\Repo\\InApp-QA-Automation\\Mpulse_Automation\\Reports\\Test Suite For Demo\\20180920_122254\\1537428041063.png, D:\\Repo\\InApp-QA-Automation\\Mpulse_Automation\\Reports\\Test Suite For Demo\\20180920_122254\\1537428296271.png, D:\\Repo\\InApp-QA-Automation\\Mpulse_Automation\\Reports\\Test Suite For Demo\\20180920_122254\\1537428299991.png, D:\\Repo\\InApp-QA-Automation\\Mpulse_Automation\\Reports\\Test Suite For Demo\\20180920_122254\\1537428386716.png, D:\\Repo\\InApp-QA-Automation\\Mpulse_Automation\\Reports\\Test Suite For Demo\\20180920_122254\\1537428390156.png, D:\\Repo\\InApp-QA-Automation\\Mpulse_Automation\\Reports\\Test Suite For Demo\\20180920_122254\\1537428466474.png, D:\\Repo\\InApp-QA-Automation\\Mpulse_Automation\\Reports\\Test Suite For Demo\\20180920_122254\\1537428469995.png, D:\\Repo\\InApp-QA-Automation\\Mpulse_Automation\\Reports\\Test Suite For Demo\\20180920_122254\\1537428551487.png, D:\\Repo\\InApp-QA-Automation\\Mpulse_Automation\\Reports\\Test Suite For Demo\\20180920_122254\\1537428554916.png"/>
         <property name="hostName" value="Braseela - DESKTOP-IC62SMV"/>
         <property name="os" value="Windows 10 64bit"/>
         <property name="katalonVersion" value="5.4.1.1"/>
         <property name="browser" value="Chrome 69.0.3497.100"/>
         <property name="hostAddress" value="192.168.4.18"/>
         <property name="sessionId" value="e207464aceb9d6a6c58b3389c6c8d91f"/>
         <property name="seleniumVersion" value="3.7.1"/>
         <property name="proxyInformation" value="ProxyInformation{proxyOption=NO_PROXY, proxyServerType=HTTP, password=, proxyServerAddress=, proxyServerPort=0}"/>
         <property name="platform" value="Windows 10"/>
      </properties>
      <testcase name="Test Cases/SANT-TC-028_WO_Close_FormLayout" classname="Test Cases/SANT-TC-028_WO_Close_FormLayout" status="PASSED">
         <system-out><![CDATA[2018-09-20 12:22:57 - [TEST_CASE][PASSED] - Test Cases/SANT-TC-028_WO_Close_FormLayout: Test Cases/SANT-TC-028_WO_Close_FormLayout

2018-09-20 12:22:58 - [TEST_STEP][PASSED] - Statement - woDescription = com.kms.katalon.core.testdata.TestDataFactory.findTestData(workOrder/workOrder).getValue(1, 1): Test data is internal data, reading internal data

2018-09-20 12:22:58 - [TEST_STEP][PASSED] - Statement - taskName = com.kms.katalon.core.testdata.TestDataFactory.findTestData(workOrder/workOrder).getValue(2, 1): Test data is internal data, reading internal data

2018-09-20 12:22:58 - [TEST_STEP][PASSED] - Statement - assetName = com.kms.katalon.core.testdata.TestDataFactory.findTestData(workOrder/workOrder).getValue(3, 1): Test data is internal data, reading internal data

2018-09-20 12:22:58 - [TEST_STEP][PASSED] - Statement - inventoryName = com.kms.katalon.core.testdata.TestDataFactory.findTestData(workOrder/workOrder).getValue(4, 1): Test data is internal data, reading internal data

2018-09-20 12:22:58 - [TEST_STEP][PASSED] - Statement - woDes = woDescription + java.lang.System.currentTimeMillis(): null

2018-09-20 12:22:58 - [TEST_STEP][PASSED] - work_Order.WO_Creation_FormLayout.workOrderCreation: work_Order.WO_Creation_FormLayout.workOrderCreation is PASSED

2018-09-20 12:23:03 - [MESSAGE][PASSED] - Browser is opened with url: ''

2018-09-20 12:23:04 - [MESSAGE][PASSED] - Current window maximized

2018-09-20 12:24:15 - [MESSAGE][PASSED] - Navigate to 'https://mpulse8.com/#/' successfully

2018-09-20 12:24:15 - [MESSAGE][PASSED] - Object 'Object Repository/loginPage/username' is clickable

2018-09-20 12:24:15 - [MESSAGE][PASSED] - Text 'abhi' is set on object 'Object Repository/loginPage/username'

2018-09-20 12:24:16 - [MESSAGE][PASSED] - Text '123456' is set on object 'Object Repository/loginPage/password'

2018-09-20 12:24:16 - [MESSAGE][PASSED] - Keys 'mpulse8_inapp' sent to object: 'Object Repository/loginPage/database_name'

2018-09-20 12:24:16 - [MESSAGE][PASSED] - Object: 'Object Repository/loginPage/Login_btn' is clicked on

2018-09-20 12:24:16 - [MESSAGE][PASSED] - Wait for page load successfully

2018-09-20 12:24:21 - [MESSAGE][PASSED] - Delayed 5 second(s)

2018-09-20 12:24:45 - [MESSAGE][PASSED] - Object: 'Object Repository/workOrder/workOrders' is clicked on

2018-09-20 12:24:45 - [MESSAGE][PASSED] - Object: 'Object Repository/workOrder/WORecords' is clicked on

2018-09-20 12:24:48 - [MESSAGE][PASSED] - Delayed 3 second(s)

2018-09-20 12:24:53 - [MESSAGE][FAILED] - Unable to click on object 'Object Repository/workOrder/cancel' (Root cause: org.openqa.selenium.ElementNotVisibleException: element not visible
  (Session info: chrome=69.0.3497.100)
  (Driver info: chromedriver=2.35.528161 (5b82f2d2aae0ca24b877009200ced9065a772e73),platform=Windows NT 10.0.16299 x86_64) (WARNING: The server did not provide any stacktrace information)
Command duration or timeout: 0 milliseconds
Build info: version: '3.7.1', revision: '8a0099a', time: '2017-11-06T21:07:36.161Z'
System info: host: 'DESKTOP-IC62SMV', ip: '192.168.4.18', os.name: 'Windows 10', os.arch: 'amd64', os.version: '10.0', java.version: '1.8.0_102'
Driver info: com.kms.katalon.selenium.driver.CChromeDriver
Capabilities {acceptInsecureCerts: false, acceptSslCerts: false, applicationCacheEnabled: false, browserConnectionEnabled: false, browserName: chrome, chrome: {chromedriverVersion: 2.35.528161 (5b82f2d2aae0ca..., userDataDir: C:\Users\Braseela\AppData\L...}, cssSelectorsEnabled: true, databaseEnabled: false, handlesAlerts: true, hasTouchScreen: false, javascriptEnabled: true, locationContextEnabled: true, mobileEmulationEnabled: false, nativeEvents: true, networkConnectionEnabled: false, pageLoadStrategy: normal, platform: XP, platformName: XP, rotatable: false, setWindowRect: true, takesHeapSnapshot: true, takesScreenshot: true, unexpectedAlertBehaviour: , unhandledPromptBehavior: , version: 69.0.3497.100, webStorageEnabled: true}
Session ID: 25898f610c1a0b6ac32cb34e652d8c6c)
[[ATTACHMENT|D:\\Repo\\InApp-QA-Automation\\Mpulse_Automation\\Reports\\Test Suite For Demo\\20180920_122254\\1537426493208.png]]

2018-09-20 12:24:53 - [MESSAGE][PASSED] - Wait for page load successfully

2018-09-20 12:24:56 - [MESSAGE][PASSED] - Delayed 3 second(s)

2018-09-20 12:24:59 - [MESSAGE][WARNING] - Web element with id: 'Object Repository/workOrder/expandAndMinimize' located by 'By.xpath: //a[@title='Show']' not found

2018-09-20 12:25:31 - [MESSAGE][FAILED] - Unable to click on object 'Object Repository/workOrder/expandAndMinimize' (Root cause: com.kms.katalon.core.webui.exception.WebElementNotFoundException: Web element with id: 'Object Repository/workOrder/expandAndMinimize' located by 'By.xpath: //a[@title='Show']' not found)
[[ATTACHMENT|D:\\Repo\\InApp-QA-Automation\\Mpulse_Automation\\Reports\\Test Suite For Demo\\20180920_122254\\1537426530958.png]]

2018-09-20 12:25:31 - [MESSAGE][PASSED] - Wait for page load successfully

2018-09-20 12:25:34 - [MESSAGE][PASSED] - Delayed 3 second(s)

2018-09-20 12:25:34 - [MESSAGE][PASSED] - Object 'Object Repository/workOrder/hideListLayout' is clickable

2018-09-20 12:25:34 - [MESSAGE][FAILED] - Unable to click on object 'Object Repository/workOrder/hideListLayout' (Root cause: org.openqa.selenium.ElementNotVisibleException: element not visible
  (Session info: chrome=69.0.3497.100)
  (Driver info: chromedriver=2.35.528161 (5b82f2d2aae0ca24b877009200ced9065a772e73),platform=Windows NT 10.0.16299 x86_64) (WARNING: The server did not provide any stacktrace information)
Command duration or timeout: 0 milliseconds
Build info: version: '3.7.1', revision: '8a0099a', time: '2017-11-06T21:07:36.161Z'
System info: host: 'DESKTOP-IC62SMV', ip: '192.168.4.18', os.name: 'Windows 10', os.arch: 'amd64', os.version: '10.0', java.version: '1.8.0_102'
Driver info: com.kms.katalon.selenium.driver.CChromeDriver
Capabilities {acceptInsecureCerts: false, acceptSslCerts: false, applicationCacheEnabled: false, browserConnectionEnabled: false, browserName: chrome, chrome: {chromedriverVersion: 2.35.528161 (5b82f2d2aae0ca..., userDataDir: C:\Users\Braseela\AppData\L...}, cssSelectorsEnabled: true, databaseEnabled: false, handlesAlerts: true, hasTouchScreen: false, javascriptEnabled: true, locationContextEnabled: true, mobileEmulationEnabled: false, nativeEvents: true, networkConnectionEnabled: false, pageLoadStrategy: normal, platform: XP, platformName: XP, rotatable: false, setWindowRect: true, takesHeapSnapshot: true, takesScreenshot: true, unexpectedAlertBehaviour: , unhandledPromptBehavior: , version: 69.0.3497.100, webStorageEnabled: true}
Session ID: 25898f610c1a0b6ac32cb34e652d8c6c)
[[ATTACHMENT|D:\\Repo\\InApp-QA-Automation\\Mpulse_Automation\\Reports\\Test Suite For Demo\\20180920_122254\\1537426534440.png]]

2018-09-20 12:25:37 - [MESSAGE][PASSED] - Delayed 3 second(s)

2018-09-20 12:25:37 - [MESSAGE][PASSED] - Object: 'Object Repository/workOrder/hideMenu' is clicked on

2018-09-20 12:25:40 - [MESSAGE][PASSED] - Delayed 3 second(s)

2018-09-20 12:25:42 - [MESSAGE][PASSED] - Object: 'Object Repository/workOrder/expandAndMinimize' is clicked on

2018-09-20 12:25:45 - [MESSAGE][PASSED] - Delayed 3 second(s)

2018-09-20 12:25:45 - [MESSAGE][PASSED] - Object: 'Object Repository/workOrder/hideListLayout' is clicked on

2018-09-20 12:25:45 - [MESSAGE][PASSED] - Wait for page load successfully

2018-09-20 12:25:45 - [MESSAGE][PASSED] - Angular is ready.

2018-09-20 12:25:45 - [MESSAGE][PASSED] - Object 'Object Repository/workOrder/addAndEdit' is clickable

2018-09-20 12:25:46 - [MESSAGE][PASSED] - Object: 'Object Repository/workOrder/addAndEdit' is clicked on

2018-09-20 12:25:46 - [MESSAGE][PASSED] - Wait for page load successfully

2018-09-20 12:25:46 - [MESSAGE][PASSED] - Angular is ready.

2018-09-20 12:25:46 - [MESSAGE][PASSED] - Object 'Object Repository/workOrder/workOrderTabs' is clickable

2018-09-20 12:25:47 - [MESSAGE][PASSED] - Object: 'Object Repository/workOrder/workOrderTabs' is clicked on

2018-09-20 12:25:47 - [MESSAGE][PASSED] - Wait for page load successfully

2018-09-20 12:25:47 - [MESSAGE][PASSED] - Keys 'WO Sanity Test_1537426378792' sent to object: 'Object Repository/workOrder/description'

2018-09-20 12:25:50 - [MESSAGE][PASSED] - Delayed 3 second(s)

2018-09-20 12:25:51 - [MESSAGE][PASSED] - Object: 'Object Repository/workOrder/woTypeAndGroup' is clicked on

2018-09-20 12:25:54 - [MESSAGE][PASSED] - Delayed 3 second(s)

2018-09-20 12:25:54 - [MESSAGE][PASSED] - Object: 'Object Repository/workOrder/groupAndType' is clicked on

2018-09-20 12:25:57 - [MESSAGE][PASSED] - Delayed 3 second(s)

2018-09-20 12:25:57 - [MESSAGE][PASSED] - Object: 'Object Repository/workOrder/woTypeAndGroup' is clicked on

2018-09-20 12:26:00 - [MESSAGE][PASSED] - Delayed 3 second(s)

2018-09-20 12:26:01 - [MESSAGE][PASSED] - Object: 'Object Repository/workOrder/groupAndType' is clicked on

2018-09-20 12:26:01 - [MESSAGE][PASSED] - Object 'Object Repository/workOrder/workOrderTabs' is clickable

2018-09-20 12:26:04 - [MESSAGE][PASSED] - Object: 'Object Repository/workOrder/workOrderTabs' is clicked on

2018-09-20 12:26:04 - [MESSAGE][PASSED] - Wait for page load successfully

2018-09-20 12:26:04 - [MESSAGE][PASSED] - Object 'Object Repository/workOrder/link_Asset_Task_Inventory' is clickable

2018-09-20 12:26:05 - [MESSAGE][PASSED] - Object: 'Object Repository/workOrder/link_Asset_Task_Inventory' is clicked on

2018-09-20 12:26:11 - [MESSAGE][PASSED] - Delayed 6 second(s)

2018-09-20 12:26:12 - [MESSAGE][PASSED] - Keys 'PMI-023-ahk' sent to object: 'Object Repository/workOrder/infoLink_Search'

2018-09-20 12:26:18 - [MESSAGE][PASSED] - Delayed 6 second(s)

2018-09-20 12:26:18 - [MESSAGE][PASSED] - Object: 'Object Repository/workOrder/taskAndAssetID' is clicked on

2018-09-20 12:26:18 - [MESSAGE][PASSED] - Wait for page load successfully

2018-09-20 12:26:19 - [MESSAGE][PASSED] - Object: 'Object Repository/workOrder/replace' is clicked on

2018-09-20 12:26:19 - [MESSAGE][PASSED] - Wait for page load successfully

2018-09-20 12:26:22 - [MESSAGE][PASSED] - Angular is ready.

2018-09-20 12:26:23 - [MESSAGE][PASSED] - Object: 'Object Repository/workOrder/link_Asset_Task_Inventory' is clicked on

2018-09-20 12:26:29 - [MESSAGE][PASSED] - Delayed 6 second(s)

2018-09-20 12:26:30 - [MESSAGE][PASSED] - Keys 'EQU-194-2018' sent to object: 'Object Repository/workOrder/infoLink_Search'

2018-09-20 12:26:36 - [MESSAGE][PASSED] - Delayed 6 second(s)

2018-09-20 12:26:36 - [MESSAGE][PASSED] - Object: 'Object Repository/workOrder/taskAndAssetID' is clicked on

2018-09-20 12:26:36 - [MESSAGE][PASSED] - Object: 'Object Repository/workOrder/replace' is clicked on

2018-09-20 12:26:38 - [MESSAGE][PASSED] - Angular is ready.

2018-09-20 12:26:39 - [MESSAGE][PASSED] - Object: 'Object Repository/workOrder/link_Asset_Task_Inventory' is clicked on

2018-09-20 12:26:44 - [MESSAGE][PASSED] - Delayed 5 second(s)

2018-09-20 12:26:50 - [MESSAGE][PASSED] - Delayed 6 second(s)

2018-09-20 12:26:51 - [MESSAGE][PASSED] - Keys 'PRT-144' sent to object: 'Object Repository/workOrder/infoLink_Search'

2018-09-20 12:26:57 - [MESSAGE][PASSED] - Delayed 6 second(s)

2018-09-20 12:26:57 - [MESSAGE][PASSED] - Object: 'Object Repository/workOrder/inventoryID' is clicked on

2018-09-20 12:26:58 - [MESSAGE][PASSED] - Object: 'Object Repository/workOrder/replace' is clicked on

2018-09-20 12:27:00 - [MESSAGE][PASSED] - Angular is ready.

2018-09-20 12:27:02 - [MESSAGE][PASSED] - Object: 'Object Repository/workOrder/workOrderTabs' is clicked on

2018-09-20 12:27:03 - [MESSAGE][PASSED] - Angular is ready.

2018-09-20 12:27:04 - [MESSAGE][PASSED] - Object: 'Object Repository/workOrder/workOrderTabs' is clicked on

2018-09-20 12:27:07 - [MESSAGE][PASSED] - Delayed 3 second(s)

2018-09-20 12:27:07 - [MESSAGE][PASSED] - Keys 'BACK_SPACE + ' sent to object: 'Object Repository/workOrder/estAndOtherCost'

2018-09-20 12:27:07 - [MESSAGE][PASSED] - Keys '15' sent to object: 'Object Repository/workOrder/estAndOtherCost'

2018-09-20 12:27:10 - [MESSAGE][PASSED] - Delayed 3 second(s)

2018-09-20 12:27:10 - [MESSAGE][PASSED] - Keys 'BACK_SPACE + ' sent to object: 'Object Repository/workOrder/estAndOtherCost'

2018-09-20 12:27:11 - [MESSAGE][PASSED] - Keys '15' sent to object: 'Object Repository/workOrder/estAndOtherCost'

2018-09-20 12:27:11 - [MESSAGE][PASSED] - Object: 'Object Repository/workOrder/save' is clicked on

2018-09-20 12:27:21 - [MESSAGE][PASSED] - Delayed 10 second(s)

2018-09-20 12:27:21 - [MESSAGE][PASSED] - Object: 'Object Repository/workOrder/workOrderTabs' is clicked on

2018-09-20 12:27:21 - [MESSAGE][PASSED] - Text of object 'Object Repository/workOrder/WO_ID' is: 'WKO-21279-20/09'

2018-09-20 12:27:22 - [MESSAGE][PASSED] - Object 'Object Repository/workOrder/WO_description' is present

2018-09-20 12:27:22 - [MESSAGE][PASSED] - work_Order.WO_Creation_FormLayout.workOrderCreation is PASSED

2018-09-20 12:27:22 - [TEST_STEP][PASSED] - work_Order.WO_Close_FormLayout.closeWorkOrderFormLayout: work_Order.WO_Close_FormLayout.closeWorkOrderFormLayout is PASSED

2018-09-20 12:27:22 - [MESSAGE][PASSED] - Wait for page load successfully

2018-09-20 12:27:22 - [MESSAGE][PASSED] - Object 'Object Repository/workOrder/addAndEdit' is clickable

2018-09-20 12:27:22 - [MESSAGE][PASSED] - Object: 'Object Repository/workOrder/addAndEdit' is clicked on

2018-09-20 12:27:23 - [MESSAGE][PASSED] - Angular is ready.

2018-09-20 12:27:24 - [MESSAGE][PASSED] - Object: 'Object Repository/workOrder/radiobtn' is clicked on

2018-09-20 12:27:24 - [MESSAGE][PASSED] - Alert accepted

2018-09-20 12:27:24 - [MESSAGE][PASSED] - Object 'Object Repository/workOrder/save' is present

2018-09-20 12:27:24 - [MESSAGE][PASSED] - Object: 'Object Repository/workOrder/save' is clicked on

2018-09-20 12:27:24 - [MESSAGE][PASSED] - Object 'Object Repository/workOrder/calendar_icon' is clickable

2018-09-20 12:27:27 - [MESSAGE][PASSED] - Delayed 3 second(s)

2018-09-20 12:27:28 - [MESSAGE][PASSED] - Object: 'Object Repository/workOrder/calendar_icon' is clicked on

2018-09-20 12:27:28 - [MESSAGE][PASSED] - Object: 'Object Repository/workOrder/calendar_tom' is clicked on

2018-09-20 12:27:28 - [MESSAGE][PASSED] - Object 'Object Repository/workOrder/Required_OK' is present

2018-09-20 12:27:28 - [MESSAGE][PASSED] - Object: 'Object Repository/workOrder/Required_OK' is clicked on

2018-09-20 12:27:40 - [MESSAGE][PASSED] - Delayed 12 second(s)

2018-09-20 12:27:40 - [MESSAGE][PASSED] - Object 'Object Repository/workOrder/workOrder Status' is present

2018-09-20 12:27:45 - [MESSAGE][PASSED] - Delayed 5 second(s)

2018-09-20 12:27:45 - [MESSAGE][PASSED] - work_Order.WO_Close_FormLayout.closeWorkOrderFormLayout is PASSED

2018-09-20 12:27:45 - [TEST_STEP][PASSED] - commonUtils.Common.logoutAndCloseBrowser: commonUtils.Common.logoutAndCloseBrowser is PASSED

2018-09-20 12:27:50 - [MESSAGE][PASSED] - Delayed 5 second(s)

2018-09-20 12:27:51 - [MESSAGE][PASSED] - Object: 'Object Repository/homePage/settings' is clicked on

2018-09-20 12:27:51 - [MESSAGE][PASSED] - Object: 'Object Repository/workOrder/WORecords' is clicked on

2018-09-20 12:27:51 - [MESSAGE][PASSED] - Object 'Object Repository/loginPage/username' is present

2018-09-20 12:27:52 - [MESSAGE][PASSED] - Browser is closed

2018-09-20 12:27:52 - [MESSAGE][PASSED] - commonUtils.Common.logoutAndCloseBrowser is PASSED]]></system-out>
         <system-err><![CDATA[]]></system-err>
      </testcase>
      <testcase name="Test Cases/SANT-TC-029_WO_Cancel_FormLayout" classname="Test Cases/SANT-TC-029_WO_Cancel_FormLayout" status="PASSED">
         <system-out><![CDATA[2018-09-20 12:27:52 - [TEST_CASE][PASSED] - Test Cases/SANT-TC-029_WO_Cancel_FormLayout: Test Cases/SANT-TC-029_WO_Cancel_FormLayout

2018-09-20 12:27:52 - [TEST_STEP][PASSED] - Statement - woDescription = com.kms.katalon.core.testdata.TestDataFactory.findTestData(workOrder/workOrder).getValue(1, 1): Test data is internal data, reading internal data

2018-09-20 12:27:52 - [TEST_STEP][PASSED] - Statement - taskName = com.kms.katalon.core.testdata.TestDataFactory.findTestData(workOrder/workOrder).getValue(2, 1): Test data is internal data, reading internal data

2018-09-20 12:27:52 - [TEST_STEP][PASSED] - Statement - assetName = com.kms.katalon.core.testdata.TestDataFactory.findTestData(workOrder/workOrder).getValue(3, 1): Test data is internal data, reading internal data

2018-09-20 12:27:52 - [TEST_STEP][PASSED] - Statement - inventoryName = com.kms.katalon.core.testdata.TestDataFactory.findTestData(workOrder/workOrder).getValue(4, 1): Test data is internal data, reading internal data

2018-09-20 12:27:52 - [TEST_STEP][PASSED] - Statement - woDes = woDescription + java.lang.System.currentTimeMillis(): null

2018-09-20 12:27:52 - [TEST_STEP][PASSED] - work_Order.WO_Creation_FormLayout.workOrderCreation: work_Order.WO_Creation_FormLayout.workOrderCreation is PASSED

2018-09-20 12:27:55 - [MESSAGE][PASSED] - Browser is opened with url: ''

2018-09-20 12:27:57 - [MESSAGE][PASSED] - Current window maximized

2018-09-20 12:28:05 - [MESSAGE][PASSED] - Navigate to 'https://mpulse8.com/#/' successfully

2018-09-20 12:28:05 - [MESSAGE][PASSED] - Object 'Object Repository/loginPage/username' is clickable

2018-09-20 12:28:05 - [MESSAGE][PASSED] - Text 'abhi' is set on object 'Object Repository/loginPage/username'

2018-09-20 12:28:05 - [MESSAGE][PASSED] - Text '123456' is set on object 'Object Repository/loginPage/password'

2018-09-20 12:28:06 - [MESSAGE][PASSED] - Keys 'mpulse8_inapp' sent to object: 'Object Repository/loginPage/database_name'

2018-09-20 12:28:11 - [MESSAGE][PASSED] - Object: 'Object Repository/loginPage/Login_btn' is clicked on

2018-09-20 12:28:11 - [MESSAGE][PASSED] - Wait for page load successfully

2018-09-20 12:28:16 - [MESSAGE][PASSED] - Delayed 5 second(s)

2018-09-20 12:28:29 - [MESSAGE][PASSED] - Object: 'Object Repository/workOrder/workOrders' is clicked on

2018-09-20 12:28:34 - [MESSAGE][PASSED] - Object: 'Object Repository/workOrder/WORecords' is clicked on

2018-09-20 12:28:37 - [MESSAGE][PASSED] - Delayed 3 second(s)

2018-09-20 12:28:43 - [MESSAGE][FAILED] - Unable to click on object 'Object Repository/workOrder/cancel' (Root cause: org.openqa.selenium.ElementNotVisibleException: element not visible
  (Session info: chrome=69.0.3497.100)
  (Driver info: chromedriver=2.35.528161 (5b82f2d2aae0ca24b877009200ced9065a772e73),platform=Windows NT 10.0.16299 x86_64) (WARNING: The server did not provide any stacktrace information)
Command duration or timeout: 0 milliseconds
Build info: version: '3.7.1', revision: '8a0099a', time: '2017-11-06T21:07:36.161Z'
System info: host: 'DESKTOP-IC62SMV', ip: '192.168.4.18', os.name: 'Windows 10', os.arch: 'amd64', os.version: '10.0', java.version: '1.8.0_102'
Driver info: com.kms.katalon.selenium.driver.CChromeDriver
Capabilities {acceptInsecureCerts: false, acceptSslCerts: false, applicationCacheEnabled: false, browserConnectionEnabled: false, browserName: chrome, chrome: {chromedriverVersion: 2.35.528161 (5b82f2d2aae0ca..., userDataDir: C:\Users\Braseela\AppData\L...}, cssSelectorsEnabled: true, databaseEnabled: false, handlesAlerts: true, hasTouchScreen: false, javascriptEnabled: true, locationContextEnabled: true, mobileEmulationEnabled: false, nativeEvents: true, networkConnectionEnabled: false, pageLoadStrategy: normal, platform: XP, platformName: XP, rotatable: false, setWindowRect: true, takesHeapSnapshot: true, takesScreenshot: true, unexpectedAlertBehaviour: , unhandledPromptBehavior: , version: 69.0.3497.100, webStorageEnabled: true}
Session ID: 99f48220ffd9b860a8bb8867c822f436)
[[ATTACHMENT|D:\\Repo\\InApp-QA-Automation\\Mpulse_Automation\\Reports\\Test Suite For Demo\\20180920_122254\\1537426722675.png]]

2018-09-20 12:28:43 - [MESSAGE][PASSED] - Wait for page load successfully

2018-09-20 12:28:46 - [MESSAGE][PASSED] - Delayed 3 second(s)

2018-09-20 12:28:49 - [MESSAGE][WARNING] - Web element with id: 'Object Repository/workOrder/expandAndMinimize' located by 'By.xpath: //a[@title='Show']' not found

2018-09-20 12:29:20 - [MESSAGE][FAILED] - Unable to click on object 'Object Repository/workOrder/expandAndMinimize' (Root cause: com.kms.katalon.core.webui.exception.WebElementNotFoundException: Web element with id: 'Object Repository/workOrder/expandAndMinimize' located by 'By.xpath: //a[@title='Show']' not found)
[[ATTACHMENT|D:\\Repo\\InApp-QA-Automation\\Mpulse_Automation\\Reports\\Test Suite For Demo\\20180920_122254\\1537426760259.png]]

2018-09-20 12:29:20 - [MESSAGE][PASSED] - Wait for page load successfully

2018-09-20 12:29:23 - [MESSAGE][PASSED] - Delayed 3 second(s)

2018-09-20 12:29:23 - [MESSAGE][PASSED] - Object 'Object Repository/workOrder/hideListLayout' is clickable

2018-09-20 12:29:23 - [MESSAGE][PASSED] - Object: 'Object Repository/workOrder/hideListLayout' is clicked on

2018-09-20 12:29:26 - [MESSAGE][PASSED] - Delayed 3 second(s)

2018-09-20 12:29:26 - [MESSAGE][PASSED] - Wait for page load successfully

2018-09-20 12:29:26 - [MESSAGE][PASSED] - Angular is ready.

2018-09-20 12:29:26 - [MESSAGE][PASSED] - Object 'Object Repository/workOrder/addAndEdit' is clickable

2018-09-20 12:29:27 - [MESSAGE][PASSED] - Object: 'Object Repository/workOrder/addAndEdit' is clicked on

2018-09-20 12:29:27 - [MESSAGE][PASSED] - Wait for page load successfully

2018-09-20 12:29:28 - [MESSAGE][PASSED] - Angular is ready.

2018-09-20 12:29:28 - [MESSAGE][PASSED] - Object 'Object Repository/workOrder/workOrderTabs' is clickable

2018-09-20 12:29:28 - [MESSAGE][PASSED] - Object: 'Object Repository/workOrder/workOrderTabs' is clicked on

2018-09-20 12:29:28 - [MESSAGE][PASSED] - Wait for page load successfully

2018-09-20 12:29:29 - [MESSAGE][PASSED] - Keys 'WO Sanity Test_1537426672709' sent to object: 'Object Repository/workOrder/description'

2018-09-20 12:29:32 - [MESSAGE][PASSED] - Delayed 3 second(s)

2018-09-20 12:29:32 - [MESSAGE][PASSED] - Object: 'Object Repository/workOrder/woTypeAndGroup' is clicked on

2018-09-20 12:29:35 - [MESSAGE][PASSED] - Delayed 3 second(s)

2018-09-20 12:29:36 - [MESSAGE][PASSED] - Object: 'Object Repository/workOrder/groupAndType' is clicked on

2018-09-20 12:29:39 - [MESSAGE][PASSED] - Delayed 3 second(s)

2018-09-20 12:29:39 - [MESSAGE][PASSED] - Object: 'Object Repository/workOrder/woTypeAndGroup' is clicked on

2018-09-20 12:29:42 - [MESSAGE][PASSED] - Delayed 3 second(s)

2018-09-20 12:29:42 - [MESSAGE][PASSED] - Object: 'Object Repository/workOrder/groupAndType' is clicked on

2018-09-20 12:29:43 - [MESSAGE][PASSED] - Object 'Object Repository/workOrder/workOrderTabs' is clickable

2018-09-20 12:29:44 - [MESSAGE][PASSED] - Object: 'Object Repository/workOrder/workOrderTabs' is clicked on

2018-09-20 12:29:45 - [MESSAGE][PASSED] - Wait for page load successfully

2018-09-20 12:29:45 - [MESSAGE][PASSED] - Object 'Object Repository/workOrder/link_Asset_Task_Inventory' is clickable

2018-09-20 12:29:45 - [MESSAGE][PASSED] - Object: 'Object Repository/workOrder/link_Asset_Task_Inventory' is clicked on

2018-09-20 12:29:51 - [MESSAGE][PASSED] - Delayed 6 second(s)

2018-09-20 12:29:52 - [MESSAGE][PASSED] - Keys 'PMI-023-ahk' sent to object: 'Object Repository/workOrder/infoLink_Search'

2018-09-20 12:29:58 - [MESSAGE][PASSED] - Delayed 6 second(s)

2018-09-20 12:29:58 - [MESSAGE][PASSED] - Object: 'Object Repository/workOrder/taskAndAssetID' is clicked on

2018-09-20 12:29:58 - [MESSAGE][PASSED] - Wait for page load successfully

2018-09-20 12:29:58 - [MESSAGE][PASSED] - Object: 'Object Repository/workOrder/replace' is clicked on

2018-09-20 12:29:59 - [MESSAGE][PASSED] - Wait for page load successfully

2018-09-20 12:30:00 - [MESSAGE][PASSED] - Angular is ready.

2018-09-20 12:30:01 - [MESSAGE][PASSED] - Object: 'Object Repository/workOrder/link_Asset_Task_Inventory' is clicked on

2018-09-20 12:30:07 - [MESSAGE][PASSED] - Delayed 6 second(s)

2018-09-20 12:30:07 - [MESSAGE][PASSED] - Keys 'EQU-194-2018' sent to object: 'Object Repository/workOrder/infoLink_Search'

2018-09-20 12:30:13 - [MESSAGE][PASSED] - Delayed 6 second(s)

2018-09-20 12:30:14 - [MESSAGE][PASSED] - Object: 'Object Repository/workOrder/taskAndAssetID' is clicked on

2018-09-20 12:30:14 - [MESSAGE][PASSED] - Object: 'Object Repository/workOrder/replace' is clicked on

2018-09-20 12:30:15 - [MESSAGE][PASSED] - Angular is ready.

2018-09-20 12:30:16 - [MESSAGE][PASSED] - Object: 'Object Repository/workOrder/link_Asset_Task_Inventory' is clicked on

2018-09-20 12:30:21 - [MESSAGE][PASSED] - Delayed 5 second(s)

2018-09-20 12:30:27 - [MESSAGE][PASSED] - Delayed 6 second(s)

2018-09-20 12:30:27 - [MESSAGE][PASSED] - Keys 'PRT-144' sent to object: 'Object Repository/workOrder/infoLink_Search'

2018-09-20 12:30:33 - [MESSAGE][PASSED] - Delayed 6 second(s)

2018-09-20 12:30:34 - [MESSAGE][PASSED] - Object: 'Object Repository/workOrder/inventoryID' is clicked on

2018-09-20 12:30:34 - [MESSAGE][PASSED] - Object: 'Object Repository/workOrder/replace' is clicked on

2018-09-20 12:30:37 - [MESSAGE][PASSED] - Angular is ready.

2018-09-20 12:30:38 - [MESSAGE][PASSED] - Object: 'Object Repository/workOrder/workOrderTabs' is clicked on

2018-09-20 12:30:39 - [MESSAGE][PASSED] - Angular is ready.

2018-09-20 12:30:39 - [MESSAGE][PASSED] - Object: 'Object Repository/workOrder/workOrderTabs' is clicked on

2018-09-20 12:30:42 - [MESSAGE][PASSED] - Delayed 3 second(s)

2018-09-20 12:30:42 - [MESSAGE][PASSED] - Keys 'BACK_SPACE + ' sent to object: 'Object Repository/workOrder/estAndOtherCost'

2018-09-20 12:30:43 - [MESSAGE][PASSED] - Keys '15' sent to object: 'Object Repository/workOrder/estAndOtherCost'

2018-09-20 12:30:46 - [MESSAGE][PASSED] - Delayed 3 second(s)

2018-09-20 12:30:46 - [MESSAGE][PASSED] - Keys 'BACK_SPACE + ' sent to object: 'Object Repository/workOrder/estAndOtherCost'

2018-09-20 12:30:46 - [MESSAGE][PASSED] - Keys '15' sent to object: 'Object Repository/workOrder/estAndOtherCost'

2018-09-20 12:30:46 - [MESSAGE][PASSED] - Object: 'Object Repository/workOrder/save' is clicked on

2018-09-20 12:30:56 - [MESSAGE][PASSED] - Delayed 10 second(s)

2018-09-20 12:30:57 - [MESSAGE][PASSED] - Object: 'Object Repository/workOrder/workOrderTabs' is clicked on

2018-09-20 12:30:57 - [MESSAGE][PASSED] - Text of object 'Object Repository/workOrder/WO_ID' is: 'WKO-21281-20/09'

2018-09-20 12:30:57 - [MESSAGE][PASSED] - Object 'Object Repository/workOrder/WO_description' is present

2018-09-20 12:30:57 - [MESSAGE][PASSED] - work_Order.WO_Creation_FormLayout.workOrderCreation is PASSED

2018-09-20 12:30:57 - [TEST_STEP][PASSED] - work_Order.WO_Cancel_FromLayout.cancelWorkOrderFormLayout: work_Order.WO_Cancel_FromLayout.cancelWorkOrderFormLayout is PASSED

2018-09-20 12:30:57 - [MESSAGE][PASSED] - Wait for page load successfully

2018-09-20 12:30:57 - [MESSAGE][PASSED] - Object 'Object Repository/workOrder/addAndEdit' is clickable

2018-09-20 12:30:57 - [MESSAGE][PASSED] - Object: 'Object Repository/workOrder/addAndEdit' is clicked on

2018-09-20 12:30:59 - [MESSAGE][PASSED] - Angular is ready.

2018-09-20 12:30:59 - [MESSAGE][PASSED] - Object: 'Object Repository/workOrder/radiobtn' is clicked on

2018-09-20 12:30:59 - [MESSAGE][PASSED] - Alert accepted

2018-09-20 12:30:59 - [MESSAGE][PASSED] - Object 'Object Repository/workOrder/infoLink_Search' is present

2018-09-20 12:31:00 - [MESSAGE][PASSED] - Text 'Sanity Testing' is set on object 'Object Repository/workOrder/infoLink_Search'

2018-09-20 12:31:01 - [MESSAGE][PASSED] - Object: 'Object Repository/workOrder/Reason_Save' is clicked on

2018-09-20 12:31:01 - [MESSAGE][PASSED] - Angular is ready.

2018-09-20 12:31:04 - [MESSAGE][PASSED] - Delayed 3 second(s)

2018-09-20 12:31:04 - [MESSAGE][PASSED] - Object: 'Object Repository/workOrder/calendar_icon' is clicked on

2018-09-20 12:31:05 - [MESSAGE][PASSED] - Object: 'Object Repository/workOrder/calendar_tom' is clicked on

2018-09-20 12:31:05 - [MESSAGE][PASSED] - Object 'Object Repository/workOrder/Required_OK' is present

2018-09-20 12:31:05 - [MESSAGE][PASSED] - Object: 'Object Repository/workOrder/Required_OK' is clicked on

2018-09-20 12:31:15 - [MESSAGE][PASSED] - Delayed 10 second(s)

2018-09-20 12:31:15 - [MESSAGE][PASSED] - Wait for page load successfully

2018-09-20 12:31:15 - [MESSAGE][PASSED] - Object 'Object Repository/workOrder/workOrder Status' is present

2018-09-20 12:31:20 - [MESSAGE][PASSED] - Delayed 5 second(s)

2018-09-20 12:31:20 - [MESSAGE][PASSED] - work_Order.WO_Cancel_FromLayout.cancelWorkOrderFormLayout is PASSED

2018-09-20 12:31:20 - [TEST_STEP][PASSED] - commonUtils.Common.logoutAndCloseBrowser: commonUtils.Common.logoutAndCloseBrowser is PASSED

2018-09-20 12:31:25 - [MESSAGE][PASSED] - Delayed 5 second(s)

2018-09-20 12:31:25 - [MESSAGE][PASSED] - Object: 'Object Repository/homePage/settings' is clicked on

2018-09-20 12:31:25 - [MESSAGE][PASSED] - Object: 'Object Repository/workOrder/WORecords' is clicked on

2018-09-20 12:31:26 - [MESSAGE][PASSED] - Object 'Object Repository/loginPage/username' is present

2018-09-20 12:31:26 - [MESSAGE][PASSED] - Browser is closed

2018-09-20 12:31:26 - [MESSAGE][PASSED] - commonUtils.Common.logoutAndCloseBrowser is PASSED]]></system-out>
         <system-err><![CDATA[]]></system-err>
      </testcase>
      <testcase name="Test Cases/SANT-TC-030_WO_Hold_FormLayout" classname="Test Cases/SANT-TC-030_WO_Hold_FormLayout" status="PASSED">
         <system-out><![CDATA[2018-09-20 12:31:26 - [TEST_CASE][PASSED] - Test Cases/SANT-TC-030_WO_Hold_FormLayout: Test Cases/SANT-TC-030_WO_Hold_FormLayout

2018-09-20 12:31:27 - [TEST_STEP][PASSED] - Statement - woDescription = com.kms.katalon.core.testdata.TestDataFactory.findTestData(workOrder/workOrder).getValue(1, 1): Test data is internal data, reading internal data

2018-09-20 12:31:27 - [TEST_STEP][PASSED] - Statement - taskName = com.kms.katalon.core.testdata.TestDataFactory.findTestData(workOrder/workOrder).getValue(2, 1): Test data is internal data, reading internal data

2018-09-20 12:31:27 - [TEST_STEP][PASSED] - Statement - assetName = com.kms.katalon.core.testdata.TestDataFactory.findTestData(workOrder/workOrder).getValue(3, 1): Test data is internal data, reading internal data

2018-09-20 12:31:27 - [TEST_STEP][PASSED] - Statement - inventoryName = com.kms.katalon.core.testdata.TestDataFactory.findTestData(workOrder/workOrder).getValue(4, 1): Test data is internal data, reading internal data

2018-09-20 12:31:27 - [TEST_STEP][PASSED] - Statement - woDes = woDescription + java.lang.System.currentTimeMillis(): null

2018-09-20 12:31:27 - [TEST_STEP][PASSED] - work_Order.WO_Creation_FormLayout.workOrderCreation: work_Order.WO_Creation_FormLayout.workOrderCreation is PASSED

2018-09-20 12:31:30 - [MESSAGE][PASSED] - Browser is opened with url: ''

2018-09-20 12:31:32 - [MESSAGE][PASSED] - Current window maximized

2018-09-20 12:31:39 - [MESSAGE][PASSED] - Navigate to 'https://mpulse8.com/#/' successfully

2018-09-20 12:31:39 - [MESSAGE][PASSED] - Object 'Object Repository/loginPage/username' is clickable

2018-09-20 12:31:39 - [MESSAGE][PASSED] - Text 'abhi' is set on object 'Object Repository/loginPage/username'

2018-09-20 12:31:39 - [MESSAGE][PASSED] - Text '123456' is set on object 'Object Repository/loginPage/password'

2018-09-20 12:31:40 - [MESSAGE][PASSED] - Keys 'mpulse8_inapp' sent to object: 'Object Repository/loginPage/database_name'

2018-09-20 12:31:40 - [MESSAGE][PASSED] - Object: 'Object Repository/loginPage/Login_btn' is clicked on

2018-09-20 12:31:40 - [MESSAGE][PASSED] - Wait for page load successfully

2018-09-20 12:31:45 - [MESSAGE][PASSED] - Delayed 5 second(s)

2018-09-20 12:31:57 - [MESSAGE][PASSED] - Object: 'Object Repository/workOrder/workOrders' is clicked on

2018-09-20 12:31:57 - [MESSAGE][PASSED] - Object: 'Object Repository/workOrder/WORecords' is clicked on

2018-09-20 12:32:00 - [MESSAGE][PASSED] - Delayed 3 second(s)

2018-09-20 12:32:05 - [MESSAGE][FAILED] - Unable to click on object 'Object Repository/workOrder/cancel' (Root cause: org.openqa.selenium.ElementNotVisibleException: element not visible
  (Session info: chrome=69.0.3497.100)
  (Driver info: chromedriver=2.35.528161 (5b82f2d2aae0ca24b877009200ced9065a772e73),platform=Windows NT 10.0.16299 x86_64) (WARNING: The server did not provide any stacktrace information)
Command duration or timeout: 0 milliseconds
Build info: version: '3.7.1', revision: '8a0099a', time: '2017-11-06T21:07:36.161Z'
System info: host: 'DESKTOP-IC62SMV', ip: '192.168.4.18', os.name: 'Windows 10', os.arch: 'amd64', os.version: '10.0', java.version: '1.8.0_102'
Driver info: com.kms.katalon.selenium.driver.CChromeDriver
Capabilities {acceptInsecureCerts: false, acceptSslCerts: false, applicationCacheEnabled: false, browserConnectionEnabled: false, browserName: chrome, chrome: {chromedriverVersion: 2.35.528161 (5b82f2d2aae0ca..., userDataDir: C:\Users\Braseela\AppData\L...}, cssSelectorsEnabled: true, databaseEnabled: false, handlesAlerts: true, hasTouchScreen: false, javascriptEnabled: true, locationContextEnabled: true, mobileEmulationEnabled: false, nativeEvents: true, networkConnectionEnabled: false, pageLoadStrategy: normal, platform: XP, platformName: XP, rotatable: false, setWindowRect: true, takesHeapSnapshot: true, takesScreenshot: true, unexpectedAlertBehaviour: , unhandledPromptBehavior: , version: 69.0.3497.100, webStorageEnabled: true}
Session ID: 167b243dab1b4c03c43c7d7a06d69fbd)
[[ATTACHMENT|D:\\Repo\\InApp-QA-Automation\\Mpulse_Automation\\Reports\\Test Suite For Demo\\20180920_122254\\1537426924746.png]]

2018-09-20 12:32:05 - [MESSAGE][PASSED] - Wait for page load successfully

2018-09-20 12:32:08 - [MESSAGE][PASSED] - Delayed 3 second(s)

2018-09-20 12:32:11 - [MESSAGE][WARNING] - Web element with id: 'Object Repository/workOrder/expandAndMinimize' located by 'By.xpath: //a[@title='Show']' not found

2018-09-20 12:32:42 - [MESSAGE][FAILED] - Unable to click on object 'Object Repository/workOrder/expandAndMinimize' (Root cause: com.kms.katalon.core.webui.exception.WebElementNotFoundException: Web element with id: 'Object Repository/workOrder/expandAndMinimize' located by 'By.xpath: //a[@title='Show']' not found)
[[ATTACHMENT|D:\\Repo\\InApp-QA-Automation\\Mpulse_Automation\\Reports\\Test Suite For Demo\\20180920_122254\\1537426962276.png]]

2018-09-20 12:32:42 - [MESSAGE][PASSED] - Wait for page load successfully

2018-09-20 12:32:45 - [MESSAGE][PASSED] - Delayed 3 second(s)

2018-09-20 12:32:45 - [MESSAGE][PASSED] - Object 'Object Repository/workOrder/hideListLayout' is clickable

2018-09-20 12:32:45 - [MESSAGE][PASSED] - Object: 'Object Repository/workOrder/hideListLayout' is clicked on

2018-09-20 12:32:48 - [MESSAGE][PASSED] - Delayed 3 second(s)

2018-09-20 12:32:48 - [MESSAGE][PASSED] - Wait for page load successfully

2018-09-20 12:32:49 - [MESSAGE][PASSED] - Angular is ready.

2018-09-20 12:32:49 - [MESSAGE][PASSED] - Object 'Object Repository/workOrder/addAndEdit' is clickable

2018-09-20 12:32:49 - [MESSAGE][PASSED] - Object: 'Object Repository/workOrder/addAndEdit' is clicked on

2018-09-20 12:32:49 - [MESSAGE][PASSED] - Wait for page load successfully

2018-09-20 12:32:50 - [MESSAGE][PASSED] - Angular is ready.

2018-09-20 12:32:50 - [MESSAGE][PASSED] - Object 'Object Repository/workOrder/workOrderTabs' is clickable

2018-09-20 12:32:50 - [MESSAGE][PASSED] - Object: 'Object Repository/workOrder/workOrderTabs' is clicked on

2018-09-20 12:32:50 - [MESSAGE][PASSED] - Wait for page load successfully

2018-09-20 12:32:51 - [MESSAGE][PASSED] - Keys 'WO Sanity Test_1537426887200' sent to object: 'Object Repository/workOrder/description'

2018-09-20 12:32:54 - [MESSAGE][PASSED] - Delayed 3 second(s)

2018-09-20 12:32:54 - [MESSAGE][PASSED] - Object: 'Object Repository/workOrder/woTypeAndGroup' is clicked on

2018-09-20 12:32:57 - [MESSAGE][PASSED] - Delayed 3 second(s)

2018-09-20 12:32:57 - [MESSAGE][PASSED] - Object: 'Object Repository/workOrder/groupAndType' is clicked on

2018-09-20 12:33:00 - [MESSAGE][PASSED] - Delayed 3 second(s)

2018-09-20 12:33:01 - [MESSAGE][PASSED] - Object: 'Object Repository/workOrder/woTypeAndGroup' is clicked on

2018-09-20 12:33:04 - [MESSAGE][PASSED] - Delayed 3 second(s)

2018-09-20 12:33:04 - [MESSAGE][PASSED] - Object: 'Object Repository/workOrder/groupAndType' is clicked on

2018-09-20 12:33:04 - [MESSAGE][PASSED] - Object 'Object Repository/workOrder/workOrderTabs' is clickable

2018-09-20 12:33:06 - [MESSAGE][PASSED] - Object: 'Object Repository/workOrder/workOrderTabs' is clicked on

2018-09-20 12:33:06 - [MESSAGE][PASSED] - Wait for page load successfully

2018-09-20 12:33:07 - [MESSAGE][PASSED] - Object 'Object Repository/workOrder/link_Asset_Task_Inventory' is clickable

2018-09-20 12:33:07 - [MESSAGE][PASSED] - Object: 'Object Repository/workOrder/link_Asset_Task_Inventory' is clicked on

2018-09-20 12:33:13 - [MESSAGE][PASSED] - Delayed 6 second(s)

2018-09-20 12:33:14 - [MESSAGE][PASSED] - Keys 'PMI-023-ahk' sent to object: 'Object Repository/workOrder/infoLink_Search'

2018-09-20 12:33:20 - [MESSAGE][PASSED] - Delayed 6 second(s)

2018-09-20 12:33:20 - [MESSAGE][PASSED] - Object: 'Object Repository/workOrder/taskAndAssetID' is clicked on

2018-09-20 12:33:20 - [MESSAGE][PASSED] - Wait for page load successfully

2018-09-20 12:33:20 - [MESSAGE][PASSED] - Object: 'Object Repository/workOrder/replace' is clicked on

2018-09-20 12:33:20 - [MESSAGE][PASSED] - Wait for page load successfully

2018-09-20 12:33:22 - [MESSAGE][PASSED] - Angular is ready.

2018-09-20 12:33:23 - [MESSAGE][PASSED] - Object: 'Object Repository/workOrder/link_Asset_Task_Inventory' is clicked on

2018-09-20 12:33:29 - [MESSAGE][PASSED] - Delayed 6 second(s)

2018-09-20 12:33:29 - [MESSAGE][PASSED] - Keys 'EQU-194-2018' sent to object: 'Object Repository/workOrder/infoLink_Search'

2018-09-20 12:33:35 - [MESSAGE][PASSED] - Delayed 6 second(s)

2018-09-20 12:33:36 - [MESSAGE][PASSED] - Object: 'Object Repository/workOrder/taskAndAssetID' is clicked on

2018-09-20 12:33:36 - [MESSAGE][PASSED] - Object: 'Object Repository/workOrder/replace' is clicked on

2018-09-20 12:33:38 - [MESSAGE][PASSED] - Angular is ready.

2018-09-20 12:33:39 - [MESSAGE][PASSED] - Object: 'Object Repository/workOrder/link_Asset_Task_Inventory' is clicked on

2018-09-20 12:33:44 - [MESSAGE][PASSED] - Delayed 5 second(s)

2018-09-20 12:33:50 - [MESSAGE][PASSED] - Delayed 6 second(s)

2018-09-20 12:33:50 - [MESSAGE][PASSED] - Keys 'PRT-144' sent to object: 'Object Repository/workOrder/infoLink_Search'

2018-09-20 12:33:56 - [MESSAGE][PASSED] - Delayed 6 second(s)

2018-09-20 12:33:57 - [MESSAGE][PASSED] - Object: 'Object Repository/workOrder/inventoryID' is clicked on

2018-09-20 12:33:57 - [MESSAGE][PASSED] - Object: 'Object Repository/workOrder/replace' is clicked on

2018-09-20 12:33:59 - [MESSAGE][PASSED] - Angular is ready.

2018-09-20 12:34:01 - [MESSAGE][PASSED] - Object: 'Object Repository/workOrder/workOrderTabs' is clicked on

2018-09-20 12:34:02 - [MESSAGE][PASSED] - Angular is ready.

2018-09-20 12:34:02 - [MESSAGE][PASSED] - Object: 'Object Repository/workOrder/workOrderTabs' is clicked on

2018-09-20 12:34:05 - [MESSAGE][PASSED] - Delayed 3 second(s)

2018-09-20 12:34:05 - [MESSAGE][PASSED] - Keys 'BACK_SPACE + ' sent to object: 'Object Repository/workOrder/estAndOtherCost'

2018-09-20 12:34:05 - [MESSAGE][PASSED] - Keys '15' sent to object: 'Object Repository/workOrder/estAndOtherCost'

2018-09-20 12:34:08 - [MESSAGE][PASSED] - Delayed 3 second(s)

2018-09-20 12:34:09 - [MESSAGE][PASSED] - Keys 'BACK_SPACE + ' sent to object: 'Object Repository/workOrder/estAndOtherCost'

2018-09-20 12:34:09 - [MESSAGE][PASSED] - Keys '15' sent to object: 'Object Repository/workOrder/estAndOtherCost'

2018-09-20 12:34:09 - [MESSAGE][PASSED] - Object: 'Object Repository/workOrder/save' is clicked on

2018-09-20 12:34:19 - [MESSAGE][PASSED] - Delayed 10 second(s)

2018-09-20 12:34:19 - [MESSAGE][PASSED] - Object: 'Object Repository/workOrder/workOrderTabs' is clicked on

2018-09-20 12:34:19 - [MESSAGE][PASSED] - Text of object 'Object Repository/workOrder/WO_ID' is: 'WKO-21282-20/09'

2018-09-20 12:34:20 - [MESSAGE][PASSED] - Object 'Object Repository/workOrder/WO_description' is present

2018-09-20 12:34:20 - [MESSAGE][PASSED] - work_Order.WO_Creation_FormLayout.workOrderCreation is PASSED

2018-09-20 12:34:20 - [TEST_STEP][PASSED] - work_Order.WO_Hold_FormLayout.holdWorkOrderFormLayout: work_Order.WO_Hold_FormLayout.holdWorkOrderFormLayout is PASSED

2018-09-20 12:34:20 - [MESSAGE][PASSED] - Wait for page load successfully

2018-09-20 12:34:20 - [MESSAGE][PASSED] - Object 'Object Repository/workOrder/addAndEdit' is clickable

2018-09-20 12:34:20 - [MESSAGE][PASSED] - Object: 'Object Repository/workOrder/addAndEdit' is clicked on

2018-09-20 12:34:21 - [MESSAGE][PASSED] - Angular is ready.

2018-09-20 12:34:21 - [MESSAGE][PASSED] - Object: 'Object Repository/workOrder/radiobtn' is clicked on

2018-09-20 12:34:24 - [MESSAGE][PASSED] - Delayed 3 second(s)

2018-09-20 12:34:27 - [MESSAGE][PASSED] - Delayed 3 second(s)

2018-09-20 12:34:28 - [MESSAGE][PASSED] - Object: 'Object Repository/workOrder/HoldReason' is clicked on

2018-09-20 12:34:31 - [MESSAGE][PASSED] - Delayed 3 second(s)

2018-09-20 12:34:31 - [MESSAGE][PASSED] - Object: 'Object Repository/workOrder/groupAndType' is clicked on

2018-09-20 12:34:34 - [MESSAGE][PASSED] - Delayed 3 second(s)

2018-09-20 12:34:34 - [MESSAGE][PASSED] - Object: 'Object Repository/workOrder/holduntil_calendar' is clicked on

2018-09-20 12:34:35 - [MESSAGE][PASSED] - Object: 'Object Repository/workOrder/calendar_tom' is clicked on

2018-09-20 12:34:35 - [MESSAGE][PASSED] - Object: 'Object Repository/workOrder/Reason_Save' is clicked on

2018-09-20 12:34:35 - [MESSAGE][PASSED] - Wait for page load successfully

2018-09-20 12:34:35 - [MESSAGE][PASSED] - Object 'Object Repository/workOrder/workOrder Status' is present

2018-09-20 12:34:40 - [MESSAGE][PASSED] - Delayed 5 second(s)

2018-09-20 12:34:40 - [MESSAGE][PASSED] - work_Order.WO_Hold_FormLayout.holdWorkOrderFormLayout is PASSED

2018-09-20 12:34:40 - [TEST_STEP][PASSED] - commonUtils.Common.logoutAndCloseBrowser: commonUtils.Common.logoutAndCloseBrowser is PASSED

2018-09-20 12:34:45 - [MESSAGE][PASSED] - Delayed 5 second(s)

2018-09-20 12:34:45 - [MESSAGE][PASSED] - Object: 'Object Repository/homePage/settings' is clicked on

2018-09-20 12:34:45 - [MESSAGE][PASSED] - Object: 'Object Repository/workOrder/WORecords' is clicked on

2018-09-20 12:34:45 - [MESSAGE][PASSED] - Object 'Object Repository/loginPage/username' is present

2018-09-20 12:34:46 - [MESSAGE][PASSED] - Browser is closed

2018-09-20 12:34:46 - [MESSAGE][PASSED] - commonUtils.Common.logoutAndCloseBrowser is PASSED]]></system-out>
         <system-err><![CDATA[]]></system-err>
      </testcase>
      <testcase name="Test Cases/SANT-TC-032_WO_Close_ListLayout" classname="Test Cases/SANT-TC-032_WO_Close_ListLayout" status="PASSED">
         <system-out><![CDATA[2018-09-20 12:34:46 - [TEST_CASE][PASSED] - Test Cases/SANT-TC-032_WO_Close_ListLayout: Test Cases/SANT-TC-032_WO_Close_ListLayout

2018-09-20 12:34:47 - [TEST_STEP][PASSED] - Statement - woDescription = com.kms.katalon.core.testdata.TestDataFactory.findTestData(workOrder/workOrder).getValue(1, 1): Test data is internal data, reading internal data

2018-09-20 12:34:47 - [TEST_STEP][PASSED] - Statement - WO_name = woDescription + java.lang.System.currentTimeMillis(): null

2018-09-20 12:34:47 - [TEST_STEP][PASSED] - work_Order.WO_Creation_ListLayout.workOrderCreationList: work_Order.WO_Creation_ListLayout.workOrderCreationList is PASSED

2018-09-20 12:34:50 - [MESSAGE][PASSED] - Browser is opened with url: ''

2018-09-20 12:34:51 - [MESSAGE][PASSED] - Current window maximized

2018-09-20 12:34:59 - [MESSAGE][PASSED] - Navigate to 'https://mpulse8.com/#/' successfully

2018-09-20 12:34:59 - [MESSAGE][PASSED] - Object 'Object Repository/loginPage/username' is clickable

2018-09-20 12:35:00 - [MESSAGE][PASSED] - Text 'abhi' is set on object 'Object Repository/loginPage/username'

2018-09-20 12:35:00 - [MESSAGE][PASSED] - Text '123456' is set on object 'Object Repository/loginPage/password'

2018-09-20 12:35:00 - [MESSAGE][PASSED] - Keys 'mpulse8_inapp' sent to object: 'Object Repository/loginPage/database_name'

2018-09-20 12:35:00 - [MESSAGE][PASSED] - Object: 'Object Repository/loginPage/Login_btn' is clicked on

2018-09-20 12:35:00 - [MESSAGE][PASSED] - Wait for page load successfully

2018-09-20 12:35:05 - [MESSAGE][PASSED] - Delayed 5 second(s)

2018-09-20 12:35:17 - [MESSAGE][PASSED] - Object: 'Object Repository/workOrder/workOrders' is clicked on

2018-09-20 12:35:17 - [MESSAGE][PASSED] - Object: 'Object Repository/workOrder/WORecords' is clicked on

2018-09-20 12:35:17 - [MESSAGE][PASSED] - Wait for page load successfully

2018-09-20 12:35:26 - [MESSAGE][PASSED] - Angular is ready.

2018-09-20 12:35:29 - [MESSAGE][PASSED] - Delayed 3 second(s)

2018-09-20 12:35:30 - [MESSAGE][FAILED] - Unable to click on object 'Object Repository/workOrder/cancel' (Root cause: org.openqa.selenium.ElementNotVisibleException: element not visible
  (Session info: chrome=69.0.3497.100)
  (Driver info: chromedriver=2.35.528161 (5b82f2d2aae0ca24b877009200ced9065a772e73),platform=Windows NT 10.0.16299 x86_64) (WARNING: The server did not provide any stacktrace information)
Command duration or timeout: 0 milliseconds
Build info: version: '3.7.1', revision: '8a0099a', time: '2017-11-06T21:07:36.161Z'
System info: host: 'DESKTOP-IC62SMV', ip: '192.168.4.18', os.name: 'Windows 10', os.arch: 'amd64', os.version: '10.0', java.version: '1.8.0_102'
Driver info: com.kms.katalon.selenium.driver.CChromeDriver
Capabilities {acceptInsecureCerts: false, acceptSslCerts: false, applicationCacheEnabled: false, browserConnectionEnabled: false, browserName: chrome, chrome: {chromedriverVersion: 2.35.528161 (5b82f2d2aae0ca..., userDataDir: C:\Users\Braseela\AppData\L...}, cssSelectorsEnabled: true, databaseEnabled: false, handlesAlerts: true, hasTouchScreen: false, javascriptEnabled: true, locationContextEnabled: true, mobileEmulationEnabled: false, nativeEvents: true, networkConnectionEnabled: false, pageLoadStrategy: normal, platform: XP, platformName: XP, rotatable: false, setWindowRect: true, takesHeapSnapshot: true, takesScreenshot: true, unexpectedAlertBehaviour: , unhandledPromptBehavior: , version: 69.0.3497.100, webStorageEnabled: true}
Session ID: d15c286ecfa81121e3d7c4e02ed64580)
[[ATTACHMENT|D:\\Repo\\InApp-QA-Automation\\Mpulse_Automation\\Reports\\Test Suite For Demo\\20180920_122254\\1537427129703.png]]

2018-09-20 12:35:30 - [MESSAGE][PASSED] - Wait for page load successfully

2018-09-20 12:35:33 - [MESSAGE][PASSED] - Delayed 3 second(s)

2018-09-20 12:35:33 - [MESSAGE][PASSED] - Object 'Object Repository/workOrder/hideMenu' is present

2018-09-20 12:35:33 - [MESSAGE][FAILED] - Unable to click on object 'Object Repository/workOrder/hideMenu' (Root cause: org.openqa.selenium.ElementNotVisibleException: element not visible
  (Session info: chrome=69.0.3497.100)
  (Driver info: chromedriver=2.35.528161 (5b82f2d2aae0ca24b877009200ced9065a772e73),platform=Windows NT 10.0.16299 x86_64) (WARNING: The server did not provide any stacktrace information)
Command duration or timeout: 0 milliseconds
Build info: version: '3.7.1', revision: '8a0099a', time: '2017-11-06T21:07:36.161Z'
System info: host: 'DESKTOP-IC62SMV', ip: '192.168.4.18', os.name: 'Windows 10', os.arch: 'amd64', os.version: '10.0', java.version: '1.8.0_102'
Driver info: com.kms.katalon.selenium.driver.CChromeDriver
Capabilities {acceptInsecureCerts: false, acceptSslCerts: false, applicationCacheEnabled: false, browserConnectionEnabled: false, browserName: chrome, chrome: {chromedriverVersion: 2.35.528161 (5b82f2d2aae0ca..., userDataDir: C:\Users\Braseela\AppData\L...}, cssSelectorsEnabled: true, databaseEnabled: false, handlesAlerts: true, hasTouchScreen: false, javascriptEnabled: true, locationContextEnabled: true, mobileEmulationEnabled: false, nativeEvents: true, networkConnectionEnabled: false, pageLoadStrategy: normal, platform: XP, platformName: XP, rotatable: false, setWindowRect: true, takesHeapSnapshot: true, takesScreenshot: true, unexpectedAlertBehaviour: , unhandledPromptBehavior: , version: 69.0.3497.100, webStorageEnabled: true}
Session ID: d15c286ecfa81121e3d7c4e02ed64580)
[[ATTACHMENT|D:\\Repo\\InApp-QA-Automation\\Mpulse_Automation\\Reports\\Test Suite For Demo\\20180920_122254\\1537427133169.png]]

2018-09-20 12:35:33 - [MESSAGE][PASSED] - Wait for page load successfully

2018-09-20 12:35:36 - [MESSAGE][PASSED] - Delayed 3 second(s)

2018-09-20 12:35:36 - [MESSAGE][PASSED] - Object 'Object Repository/workOrder/expandAndMinimize' is present

2018-09-20 12:35:41 - [MESSAGE][PASSED] - Delayed 5 second(s)

2018-09-20 12:35:42 - [MESSAGE][PASSED] - Object: 'Object Repository/workOrder/expandAndMinimize' is clicked on

2018-09-20 12:35:45 - [MESSAGE][PASSED] - Delayed 3 second(s)

2018-09-20 12:35:45 - [MESSAGE][PASSED] - Wait for page load successfully

2018-09-20 12:35:45 - [MESSAGE][PASSED] - Angular is ready.

2018-09-20 12:35:45 - [MESSAGE][PASSED] - Object 'Object Repository/workOrder/addNew_ListLayout' is clickable

2018-09-20 12:35:45 - [MESSAGE][PASSED] - Object: 'Object Repository/workOrder/addNew_ListLayout' is clicked on

2018-09-20 12:35:45 - [MESSAGE][PASSED] - Wait for page load successfully

2018-09-20 12:35:50 - [MESSAGE][PASSED] - Angular is ready.

2018-09-20 12:35:51 - [MESSAGE][PASSED] - Keys 'WO Sanity Test_1537427087270' sent to object: 'Object Repository/workOrder/wo_Description_List'

2018-09-20 12:35:51 - [MESSAGE][PASSED] - Object 'Object Repository/workOrder/Save_ListLayout' is clickable

2018-09-20 12:35:52 - [MESSAGE][PASSED] - Object: 'Object Repository/workOrder/Save_ListLayout' is clicked on

2018-09-20 12:35:52 - [MESSAGE][PASSED] - Wait for page load successfully

2018-09-20 12:35:52 - [MESSAGE][PASSED] - Object 'Object Repository/workOrder/created_WO_List' is present

2018-09-20 12:35:52 - [MESSAGE][PASSED] - work_Order.WO_Creation_ListLayout.workOrderCreationList is PASSED

2018-09-20 12:35:52 - [TEST_STEP][PASSED] - work_Order.WO_Close_ListLayout.closeWorkOrderListLayout: work_Order.WO_Close_ListLayout.closeWorkOrderListLayout is PASSED

2018-09-20 12:35:52 - [MESSAGE][PASSED] - Wait for page load successfully

2018-09-20 12:35:52 - [MESSAGE][PASSED] - Object 'Object Repository/workOrder/CloseWO' is clickable

2018-09-20 12:35:55 - [MESSAGE][PASSED] - Delayed 3 second(s)

2018-09-20 12:35:56 - [MESSAGE][PASSED] - Object: 'Object Repository/workOrder/CloseWO' is clicked on

2018-09-20 12:35:59 - [MESSAGE][PASSED] - Delayed 3 second(s)

2018-09-20 12:35:59 - [MESSAGE][PASSED] - Object: 'Object Repository/workOrder/List_Close_Yes' is clicked on

2018-09-20 12:35:59 - [MESSAGE][PASSED] - Object 'Object Repository/workOrder/calendar_icon' is clickable

2018-09-20 12:36:02 - [MESSAGE][PASSED] - Delayed 3 second(s)

2018-09-20 12:36:02 - [MESSAGE][PASSED] - Object: 'Object Repository/workOrder/calendar_icon' is clicked on

2018-09-20 12:36:03 - [MESSAGE][PASSED] - Object: 'Object Repository/workOrder/calendar_tom' is clicked on

2018-09-20 12:36:03 - [MESSAGE][PASSED] - Object 'Object Repository/workOrder/Required_OK' is present

2018-09-20 12:36:03 - [MESSAGE][PASSED] - Object: 'Object Repository/workOrder/Required_OK' is clicked on

2018-09-20 12:36:03 - [MESSAGE][PASSED] - Wait for page load successfully

2018-09-20 12:36:08 - [MESSAGE][PASSED] - Angular is ready.

2018-09-20 12:36:09 - [MESSAGE][PASSED] - Object: 'Object Repository/workOrder/expandAndMinimize' is clicked on

2018-09-20 12:36:09 - [MESSAGE][PASSED] - Wait for page load successfully

2018-09-20 12:36:10 - [MESSAGE][PASSED] - Angular is ready.

2018-09-20 12:36:10 - [MESSAGE][PASSED] - Object 'Object Repository/workOrder/workOrder Status' is present

2018-09-20 12:36:15 - [MESSAGE][PASSED] - Delayed 5 second(s)

2018-09-20 12:36:15 - [MESSAGE][PASSED] - work_Order.WO_Close_ListLayout.closeWorkOrderListLayout is PASSED

2018-09-20 12:36:15 - [TEST_STEP][PASSED] - commonUtils.Common.logoutAndCloseBrowser: commonUtils.Common.logoutAndCloseBrowser is PASSED

2018-09-20 12:36:20 - [MESSAGE][PASSED] - Delayed 5 second(s)

2018-09-20 12:36:20 - [MESSAGE][PASSED] - Object: 'Object Repository/homePage/settings' is clicked on

2018-09-20 12:36:21 - [MESSAGE][PASSED] - Object: 'Object Repository/workOrder/WORecords' is clicked on

2018-09-20 12:36:21 - [MESSAGE][PASSED] - Object 'Object Repository/loginPage/username' is present

2018-09-20 12:36:22 - [MESSAGE][PASSED] - Browser is closed

2018-09-20 12:36:22 - [MESSAGE][PASSED] - commonUtils.Common.logoutAndCloseBrowser is PASSED]]></system-out>
         <system-err><![CDATA[]]></system-err>
      </testcase>
      <testcase name="Test Cases/SANT-TC-035_MR_To_WO_FormLayout" classname="Test Cases/SANT-TC-035_MR_To_WO_FormLayout" status="FAILED">
         <failure type="FAILED" message="Unable to click on object 'Object Repository/workOrder/workOrders' (Root cause: com.kms.katalon.core.webui.exception.WebElementNotFoundException: Web element with id: 'Object Repository/workOrder/workOrders' located by 'By.xpath: //span[@title='Work Orders' or @class='work']' not found)"/>
         <system-out><![CDATA[2018-09-20 12:36:22 - [TEST_CASE][FAILED] - Test Cases/SANT-TC-035_MR_To_WO_FormLayout: Test Cases/SANT-TC-035_MR_To_WO_FormLayout FAILED because (of) Unable to click on object 'Object Repository/workOrder/workOrders' (Root cause: com.kms.katalon.core.webui.exception.WebElementNotFoundException: Web element with id: 'Object Repository/workOrder/workOrders' located by 'By.xpath: //span[@title='Work Orders' or @class='work']' not found)

2018-09-20 12:36:22 - [TEST_STEP][PASSED] - Statement - woDescription = com.kms.katalon.core.testdata.TestDataFactory.findTestData(maintenanceRecords/MR).getValue(1, 1): Test data is internal data, reading internal data

2018-09-20 12:36:22 - [TEST_STEP][PASSED] - Statement - assetName = com.kms.katalon.core.testdata.TestDataFactory.findTestData(maintenanceRecords/MR).getValue(2, 1): Test data is internal data, reading internal data

2018-09-20 12:36:22 - [TEST_STEP][PASSED] - Statement - inventoryName = com.kms.katalon.core.testdata.TestDataFactory.findTestData(maintenanceRecords/MR).getValue(3, 1): Test data is internal data, reading internal data

2018-09-20 12:36:22 - [TEST_STEP][PASSED] - Statement - woDes = woDescription + "_" + java.lang.System.currentTimeMillis(): null

2018-09-20 12:36:22 - [TEST_STEP][FAILED] - maintenance_Records.MR_Creation_FormLayout.MRCreation: Unable to click on object 'Object Repository/workOrder/workOrders' (Root cause: com.kms.katalon.core.webui.exception.WebElementNotFoundException: Web element with id: 'Object Repository/workOrder/workOrders' located by 'By.xpath: //span[@title='Work Orders' or @class='work']' not found)

2018-09-20 12:36:25 - [MESSAGE][PASSED] - Browser is opened with url: ''

2018-09-20 12:36:27 - [MESSAGE][PASSED] - Current window maximized

2018-09-20 12:36:31 - [MESSAGE][PASSED] - Navigate to 'https://mpulse8.com/#/' successfully

2018-09-20 12:36:31 - [MESSAGE][PASSED] - Object 'Object Repository/loginPage/username' is clickable

2018-09-20 12:36:31 - [MESSAGE][PASSED] - Text 'abhi' is set on object 'Object Repository/loginPage/username'

2018-09-20 12:36:32 - [MESSAGE][PASSED] - Text '123456' is set on object 'Object Repository/loginPage/password'

2018-09-20 12:36:32 - [MESSAGE][PASSED] - Keys 'mpulse8_inapp' sent to object: 'Object Repository/loginPage/database_name'

2018-09-20 12:36:32 - [MESSAGE][PASSED] - Object: 'Object Repository/loginPage/Login_btn' is clicked on

2018-09-20 12:36:32 - [MESSAGE][PASSED] - Wait for page load successfully

2018-09-20 12:37:03 - [MESSAGE][FAILED] - Unable to click on object 'Object Repository/workOrder/workOrders' (Root cause: com.kms.katalon.core.webui.exception.WebElementNotFoundException: Web element with id: 'Object Repository/workOrder/workOrders' located by 'By.xpath: //span[@title='Work Orders' or @class='work']' not found)
[[ATTACHMENT|D:\\Repo\\InApp-QA-Automation\\Mpulse_Automation\\Reports\\Test Suite For Demo\\20180920_122254\\1537427223484.png]]

2018-09-20 12:37:03 - [MESSAGE][PASSED] - Wait for page load successfully

2018-09-20 12:37:24 - [MESSAGE][WARNING] - Object 'Object Repository/workOrder/workOrders' is not present after 20 second(s)

2018-09-20 12:37:55 - [MESSAGE][FAILED] - Unable to click on object 'Object Repository/workOrder/workOrders' (Root cause: com.kms.katalon.core.webui.exception.WebElementNotFoundException: Web element with id: 'Object Repository/workOrder/workOrders' located by 'By.xpath: //span[@title='Work Orders' or @class='work']' not found)
[[ATTACHMENT|D:\\Repo\\InApp-QA-Automation\\Mpulse_Automation\\Reports\\Test Suite For Demo\\20180920_122254\\1537427275461.png]]

2018-09-20 12:37:55 - [MESSAGE][FAILED] - Unable to click on object 'Object Repository/workOrder/workOrders' (Root cause: com.kms.katalon.core.webui.exception.WebElementNotFoundException: Web element with id: 'Object Repository/workOrder/workOrders' located by 'By.xpath: //span[@title='Work Orders' or @class='work']' not found)]]></system-out>
         <system-err><![CDATA[2018-09-20 12:36:22 - [TEST_CASE][FAILED] - Test Cases/SANT-TC-035_MR_To_WO_FormLayout: Test Cases/SANT-TC-035_MR_To_WO_FormLayout FAILED because (of) Unable to click on object 'Object Repository/workOrder/workOrders' (Root cause: com.kms.katalon.core.webui.exception.WebElementNotFoundException: Web element with id: 'Object Repository/workOrder/workOrders' located by 'By.xpath: //span[@title='Work Orders' or @class='work']' not found)]]></system-err>
      </testcase>
      <testcase name="Test Cases/SANT-TC-035_MR_To_WO_ListLayout" classname="Test Cases/SANT-TC-035_MR_To_WO_ListLayout" status="PASSED">
         <system-out><![CDATA[2018-09-20 12:37:55 - [TEST_CASE][PASSED] - Test Cases/SANT-TC-035_MR_To_WO_ListLayout: Test Cases/SANT-TC-035_MR_To_WO_ListLayout

2018-09-20 12:37:56 - [TEST_STEP][PASSED] - Statement - woDescription = com.kms.katalon.core.testdata.TestDataFactory.findTestData(maintenanceRecords/MR).getValue(1, 1): Test data is internal data, reading internal data

2018-09-20 12:37:56 - [TEST_STEP][PASSED] - Statement - assetName = com.kms.katalon.core.testdata.TestDataFactory.findTestData(maintenanceRecords/MR).getValue(2, 1): Test data is internal data, reading internal data

2018-09-20 12:37:56 - [TEST_STEP][PASSED] - Statement - inventoryName = com.kms.katalon.core.testdata.TestDataFactory.findTestData(maintenanceRecords/MR).getValue(3, 1): Test data is internal data, reading internal data

2018-09-20 12:37:56 - [TEST_STEP][PASSED] - Statement - woDes = woDescription + java.lang.System.currentTimeMillis(): null

2018-09-20 12:37:56 - [TEST_STEP][PASSED] - maintenance_Records.MR_Creation_ListLayout.MR_Creation_List: maintenance_Records.MR_Creation_ListLayout.MR_Creation_List is PASSED

2018-09-20 12:37:56 - [MESSAGE][WARNING] - A browser is already opened. Closing browser and opening a new one

2018-09-20 12:38:01 - [MESSAGE][PASSED] - Browser is opened with url: ''

2018-09-20 12:38:02 - [MESSAGE][PASSED] - Current window maximized

2018-09-20 12:38:10 - [MESSAGE][PASSED] - Navigate to 'https://mpulse8.com/#/' successfully

2018-09-20 12:38:10 - [MESSAGE][PASSED] - Object 'Object Repository/loginPage/username' is clickable

2018-09-20 12:38:11 - [MESSAGE][PASSED] - Text 'abhi' is set on object 'Object Repository/loginPage/username'

2018-09-20 12:38:11 - [MESSAGE][PASSED] - Text '123456' is set on object 'Object Repository/loginPage/password'

2018-09-20 12:38:11 - [MESSAGE][PASSED] - Keys 'mpulse8_inapp' sent to object: 'Object Repository/loginPage/database_name'

2018-09-20 12:38:11 - [MESSAGE][PASSED] - Object: 'Object Repository/loginPage/Login_btn' is clicked on

2018-09-20 12:38:11 - [MESSAGE][PASSED] - Wait for page load successfully

2018-09-20 12:38:28 - [MESSAGE][PASSED] - Object: 'Object Repository/workOrder/workOrders' is clicked on

2018-09-20 12:38:29 - [MESSAGE][PASSED] - Object: 'Object Repository/workOrder/WORecords' is clicked on

2018-09-20 12:38:32 - [MESSAGE][PASSED] - Delayed 3 second(s)

2018-09-20 12:38:36 - [MESSAGE][FAILED] - Unable to click on object 'Object Repository/workOrder/cancel' (Root cause: org.openqa.selenium.ElementNotVisibleException: element not visible
  (Session info: chrome=69.0.3497.100)
  (Driver info: chromedriver=2.35.528161 (5b82f2d2aae0ca24b877009200ced9065a772e73),platform=Windows NT 10.0.16299 x86_64) (WARNING: The server did not provide any stacktrace information)
Command duration or timeout: 0 milliseconds
Build info: version: '3.7.1', revision: '8a0099a', time: '2017-11-06T21:07:36.161Z'
System info: host: 'DESKTOP-IC62SMV', ip: '192.168.4.18', os.name: 'Windows 10', os.arch: 'amd64', os.version: '10.0', java.version: '1.8.0_102'
Driver info: com.kms.katalon.selenium.driver.CChromeDriver
Capabilities {acceptInsecureCerts: false, acceptSslCerts: false, applicationCacheEnabled: false, browserConnectionEnabled: false, browserName: chrome, chrome: {chromedriverVersion: 2.35.528161 (5b82f2d2aae0ca..., userDataDir: C:\Users\Braseela\AppData\L...}, cssSelectorsEnabled: true, databaseEnabled: false, handlesAlerts: true, hasTouchScreen: false, javascriptEnabled: true, locationContextEnabled: true, mobileEmulationEnabled: false, nativeEvents: true, networkConnectionEnabled: false, pageLoadStrategy: normal, platform: XP, platformName: XP, rotatable: false, setWindowRect: true, takesHeapSnapshot: true, takesScreenshot: true, unexpectedAlertBehaviour: , unhandledPromptBehavior: , version: 69.0.3497.100, webStorageEnabled: true}
Session ID: be79bdffde96813747fc549285fa4d37)
[[ATTACHMENT|D:\\Repo\\InApp-QA-Automation\\Mpulse_Automation\\Reports\\Test Suite For Demo\\20180920_122254\\1537427316256.png]]

2018-09-20 12:38:36 - [MESSAGE][PASSED] - Wait for page load successfully

2018-09-20 12:38:39 - [MESSAGE][PASSED] - Delayed 3 second(s)

2018-09-20 12:38:39 - [MESSAGE][PASSED] - Object 'Object Repository/workOrder/hideMenu' is present

2018-09-20 12:38:40 - [MESSAGE][FAILED] - Unable to click on object 'Object Repository/workOrder/hideMenu' (Root cause: org.openqa.selenium.ElementNotVisibleException: element not visible
  (Session info: chrome=69.0.3497.100)
  (Driver info: chromedriver=2.35.528161 (5b82f2d2aae0ca24b877009200ced9065a772e73),platform=Windows NT 10.0.16299 x86_64) (WARNING: The server did not provide any stacktrace information)
Command duration or timeout: 0 milliseconds
Build info: version: '3.7.1', revision: '8a0099a', time: '2017-11-06T21:07:36.161Z'
System info: host: 'DESKTOP-IC62SMV', ip: '192.168.4.18', os.name: 'Windows 10', os.arch: 'amd64', os.version: '10.0', java.version: '1.8.0_102'
Driver info: com.kms.katalon.selenium.driver.CChromeDriver
Capabilities {acceptInsecureCerts: false, acceptSslCerts: false, applicationCacheEnabled: false, browserConnectionEnabled: false, browserName: chrome, chrome: {chromedriverVersion: 2.35.528161 (5b82f2d2aae0ca..., userDataDir: C:\Users\Braseela\AppData\L...}, cssSelectorsEnabled: true, databaseEnabled: false, handlesAlerts: true, hasTouchScreen: false, javascriptEnabled: true, locationContextEnabled: true, mobileEmulationEnabled: false, nativeEvents: true, networkConnectionEnabled: false, pageLoadStrategy: normal, platform: XP, platformName: XP, rotatable: false, setWindowRect: true, takesHeapSnapshot: true, takesScreenshot: true, unexpectedAlertBehaviour: , unhandledPromptBehavior: , version: 69.0.3497.100, webStorageEnabled: true}
Session ID: be79bdffde96813747fc549285fa4d37)
[[ATTACHMENT|D:\\Repo\\InApp-QA-Automation\\Mpulse_Automation\\Reports\\Test Suite For Demo\\20180920_122254\\1537427319704.png]]

2018-09-20 12:38:40 - [MESSAGE][PASSED] - Wait for page load successfully

2018-09-20 12:38:43 - [MESSAGE][PASSED] - Delayed 3 second(s)

2018-09-20 12:38:43 - [MESSAGE][PASSED] - Object 'Object Repository/workOrder/expandAndMinimize' is present

2018-09-20 12:38:48 - [MESSAGE][PASSED] - Delayed 5 second(s)

2018-09-20 12:38:48 - [MESSAGE][PASSED] - Object: 'Object Repository/workOrder/expandAndMinimize' is clicked on

2018-09-20 12:38:51 - [MESSAGE][PASSED] - Delayed 3 second(s)

2018-09-20 12:38:51 - [MESSAGE][PASSED] - Wait for page load successfully

2018-09-20 12:38:51 - [MESSAGE][PASSED] - Angular is ready.

2018-09-20 12:38:51 - [MESSAGE][PASSED] - Object 'Object Repository/workOrder/addNew_ListLayout' is clickable

2018-09-20 12:38:51 - [MESSAGE][PASSED] - Object: 'Object Repository/workOrder/addNew_ListLayout' is clicked on

2018-09-20 12:38:51 - [MESSAGE][PASSED] - Wait for page load successfully

2018-09-20 12:38:54 - [MESSAGE][PASSED] - Angular is ready.

2018-09-20 12:38:55 - [MESSAGE][PASSED] - Keys 'MR Sanity Test_1537427276154' sent to object: 'Object Repository/workOrder/wo_Description_List'

2018-09-20 12:38:55 - [MESSAGE][PASSED] - Object 'Object Repository/workOrder/Save_ListLayout' is clickable

2018-09-20 12:38:56 - [MESSAGE][PASSED] - Object: 'Object Repository/workOrder/Save_ListLayout' is clicked on

2018-09-20 12:38:56 - [MESSAGE][PASSED] - Wait for page load successfully

2018-09-20 12:39:01 - [MESSAGE][PASSED] - Angular is ready.

2018-09-20 12:39:01 - [MESSAGE][PASSED] - Object 'Object Repository/workOrder/calendar_OK' is clickable

2018-09-20 12:39:01 - [MESSAGE][PASSED] - Object: 'Object Repository/workOrder/calendar_OK' is clicked on

2018-09-20 12:39:01 - [MESSAGE][PASSED] - Angular is ready.

2018-09-20 12:39:01 - [MESSAGE][PASSED] - Object 'Object Repository/workOrder/created_WO_List' is present

2018-09-20 12:39:01 - [MESSAGE][PASSED] - maintenance_Records.MR_Creation_ListLayout.MR_Creation_List is PASSED

2018-09-20 12:39:01 - [TEST_STEP][PASSED] - maintenance_Records.MR_ConverttoWO_ListLayout.convertWKOFromListLayout: maintenance_Records.MR_ConverttoWO_ListLayout.convertWKOFromListLayout is PASSED

2018-09-20 12:39:01 - [MESSAGE][PASSED] - Wait for page load successfully

2018-09-20 12:39:06 - [MESSAGE][PASSED] - Delayed 5 second(s)

2018-09-20 12:39:06 - [MESSAGE][PASSED] - Object: 'Object Repository/maintenanceRecords/covertToWKO' is clicked on

2018-09-20 12:39:09 - [MESSAGE][PASSED] - Delayed 3 second(s)

2018-09-20 12:39:09 - [MESSAGE][PASSED] - Object: 'Object Repository/maintenanceRecords/ConfirmYes' is clicked on

2018-09-20 12:39:14 - [MESSAGE][PASSED] - Delayed 5 second(s)

2018-09-20 12:39:15 - [MESSAGE][PASSED] - Object: 'Object Repository/maintenanceRecords/ConfirmYes' is clicked on

2018-09-20 12:39:15 - [MESSAGE][PASSED] - Wait for page load successfully

2018-09-20 12:39:15 - [MESSAGE][PASSED] - Object 'Object Repository/workOrder/created_WO_List' is present

2018-09-20 12:39:15 - [MESSAGE][PASSED] - maintenance_Records.MR_ConverttoWO_ListLayout.convertWKOFromListLayout is PASSED

2018-09-20 12:39:15 - [TEST_STEP][PASSED] - commonUtils.Common.logoutAndCloseBrowser: commonUtils.Common.logoutAndCloseBrowser is PASSED

2018-09-20 12:39:20 - [MESSAGE][PASSED] - Delayed 5 second(s)

2018-09-20 12:39:20 - [MESSAGE][PASSED] - Object: 'Object Repository/homePage/settings' is clicked on

2018-09-20 12:39:20 - [MESSAGE][PASSED] - Object: 'Object Repository/workOrder/WORecords' is clicked on

2018-09-20 12:39:20 - [MESSAGE][PASSED] - Object 'Object Repository/loginPage/username' is present

2018-09-20 12:39:21 - [MESSAGE][PASSED] - Browser is closed

2018-09-20 12:39:21 - [MESSAGE][PASSED] - commonUtils.Common.logoutAndCloseBrowser is PASSED]]></system-out>
         <system-err><![CDATA[]]></system-err>
      </testcase>
      <testcase name="Test Cases/SANT-TC-041_SMR_Floating Schedule" classname="Test Cases/SANT-TC-041_SMR_Floating Schedule" status="PASSED">
         <system-out><![CDATA[2018-09-20 12:39:21 - [TEST_CASE][PASSED] - Test Cases/SANT-TC-041_SMR_Floating Schedule: Test Cases/SANT-TC-041_SMR_Floating Schedule

2018-09-20 12:39:21 - [TEST_STEP][PASSED] - Statement - SMRDescription = com.kms.katalon.core.testdata.TestDataFactory.findTestData(SMR/SMR).getValue(1, 1): Test data is internal data, reading internal data

2018-09-20 12:39:21 - [TEST_STEP][PASSED] - Statement - taskName = com.kms.katalon.core.testdata.TestDataFactory.findTestData(SMR/SMR).getValue(2, 1): Test data is internal data, reading internal data

2018-09-20 12:39:21 - [TEST_STEP][PASSED] - Statement - assetName = com.kms.katalon.core.testdata.TestDataFactory.findTestData(SMR/SMR).getValue(3, 1): Test data is internal data, reading internal data

2018-09-20 12:39:21 - [TEST_STEP][PASSED] - Statement - inventoryName = com.kms.katalon.core.testdata.TestDataFactory.findTestData(SMR/SMR).getValue(4, 1): Test data is internal data, reading internal data

2018-09-20 12:39:21 - [TEST_STEP][PASSED] - Statement - SMRDes = SMRDescription + "_" + java.lang.System.currentTimeMillis(): null

2018-09-20 12:39:21 - [TEST_STEP][PASSED] - scheduled_Maintenance_Records.SMR_Creation.SMRCreationFloating: scheduled_Maintenance_Records.SMR_Creation.SMRCreationFloating is PASSED

2018-09-20 12:39:24 - [MESSAGE][PASSED] - Browser is opened with url: ''

2018-09-20 12:39:26 - [MESSAGE][PASSED] - Current window maximized

2018-09-20 12:39:34 - [MESSAGE][PASSED] - Navigate to 'https://mpulse8.com/#/' successfully

2018-09-20 12:39:34 - [MESSAGE][PASSED] - Object 'Object Repository/loginPage/username' is clickable

2018-09-20 12:39:34 - [MESSAGE][PASSED] - Text 'abhi' is set on object 'Object Repository/loginPage/username'

2018-09-20 12:39:34 - [MESSAGE][PASSED] - Text '123456' is set on object 'Object Repository/loginPage/password'

2018-09-20 12:39:34 - [MESSAGE][PASSED] - Keys 'mpulse8_inapp' sent to object: 'Object Repository/loginPage/database_name'

2018-09-20 12:39:35 - [MESSAGE][PASSED] - Object: 'Object Repository/loginPage/Login_btn' is clicked on

2018-09-20 12:39:35 - [MESSAGE][PASSED] - Wait for page load successfully

2018-09-20 12:39:40 - [MESSAGE][PASSED] - Delayed 5 second(s)

2018-09-20 12:39:52 - [MESSAGE][PASSED] - Object: 'Object Repository/SMR/Scheduled Maintenance' is clicked on

2018-09-20 12:39:52 - [MESSAGE][PASSED] - Object: 'Object Repository/workOrder/WORecords' is clicked on

2018-09-20 12:39:55 - [MESSAGE][PASSED] - Delayed 3 second(s)

2018-09-20 12:39:58 - [MESSAGE][FAILED] - Unable to click on object 'Object Repository/workOrder/cancel' (Root cause: org.openqa.selenium.ElementNotVisibleException: element not visible
  (Session info: chrome=69.0.3497.100)
  (Driver info: chromedriver=2.35.528161 (5b82f2d2aae0ca24b877009200ced9065a772e73),platform=Windows NT 10.0.16299 x86_64) (WARNING: The server did not provide any stacktrace information)
Command duration or timeout: 0 milliseconds
Build info: version: '3.7.1', revision: '8a0099a', time: '2017-11-06T21:07:36.161Z'
System info: host: 'DESKTOP-IC62SMV', ip: '192.168.4.18', os.name: 'Windows 10', os.arch: 'amd64', os.version: '10.0', java.version: '1.8.0_102'
Driver info: com.kms.katalon.selenium.driver.CChromeDriver
Capabilities {acceptInsecureCerts: false, acceptSslCerts: false, applicationCacheEnabled: false, browserConnectionEnabled: false, browserName: chrome, chrome: {chromedriverVersion: 2.35.528161 (5b82f2d2aae0ca..., userDataDir: C:\Users\Braseela\AppData\L...}, cssSelectorsEnabled: true, databaseEnabled: false, handlesAlerts: true, hasTouchScreen: false, javascriptEnabled: true, locationContextEnabled: true, mobileEmulationEnabled: false, nativeEvents: true, networkConnectionEnabled: false, pageLoadStrategy: normal, platform: XP, platformName: XP, rotatable: false, setWindowRect: true, takesHeapSnapshot: true, takesScreenshot: true, unexpectedAlertBehaviour: , unhandledPromptBehavior: , version: 69.0.3497.100, webStorageEnabled: true}
Session ID: 24df27a3f2de0c9f090beb9d42aee482)
[[ATTACHMENT|D:\\Repo\\InApp-QA-Automation\\Mpulse_Automation\\Reports\\Test Suite For Demo\\20180920_122254\\1537427398015.png]]

2018-09-20 12:39:58 - [MESSAGE][PASSED] - Wait for page load successfully

2018-09-20 12:40:01 - [MESSAGE][PASSED] - Delayed 3 second(s)

2018-09-20 12:40:04 - [MESSAGE][WARNING] - Web element with id: 'Object Repository/workOrder/expandAndMinimize' located by 'By.xpath: //a[@title='Show']' not found

2018-09-20 12:40:35 - [MESSAGE][FAILED] - Unable to click on object 'Object Repository/workOrder/expandAndMinimize' (Root cause: com.kms.katalon.core.webui.exception.WebElementNotFoundException: Web element with id: 'Object Repository/workOrder/expandAndMinimize' located by 'By.xpath: //a[@title='Show']' not found)
[[ATTACHMENT|D:\\Repo\\InApp-QA-Automation\\Mpulse_Automation\\Reports\\Test Suite For Demo\\20180920_122254\\1537427435499.png]]

2018-09-20 12:40:35 - [MESSAGE][PASSED] - Wait for page load successfully

2018-09-20 12:40:38 - [MESSAGE][PASSED] - Delayed 3 second(s)

2018-09-20 12:40:38 - [MESSAGE][PASSED] - Object 'Object Repository/workOrder/hideListLayout' is clickable

2018-09-20 12:40:39 - [MESSAGE][PASSED] - Object: 'Object Repository/workOrder/hideListLayout' is clicked on

2018-09-20 12:40:42 - [MESSAGE][PASSED] - Delayed 3 second(s)

2018-09-20 12:40:42 - [MESSAGE][PASSED] - Wait for page load successfully

2018-09-20 12:40:42 - [MESSAGE][PASSED] - Angular is ready.

2018-09-20 12:40:42 - [MESSAGE][PASSED] - Object 'Object Repository/workOrder/addAndEdit' is clickable

2018-09-20 12:40:42 - [MESSAGE][PASSED] - Object: 'Object Repository/workOrder/addAndEdit' is clicked on

2018-09-20 12:40:42 - [MESSAGE][PASSED] - Wait for page load successfully

2018-09-20 12:40:43 - [MESSAGE][PASSED] - Angular is ready.

2018-09-20 12:40:44 - [MESSAGE][PASSED] - Object: 'Object Repository/workOrder/workOrderTabs' is clicked on

2018-09-20 12:40:45 - [MESSAGE][PASSED] - Keys 'SMR Sanity Test__1537427361818' sent to object: 'Object Repository/SMR/description'

2018-09-20 12:40:45 - [MESSAGE][PASSED] - Wait for page load successfully

2018-09-20 12:40:45 - [MESSAGE][PASSED] - Object 'Object Repository/workOrder/link_Asset_Task_Inventory' is clickable

2018-09-20 12:40:46 - [MESSAGE][PASSED] - Object: 'Object Repository/workOrder/link_Asset_Task_Inventory' is clicked on

2018-09-20 12:40:52 - [MESSAGE][PASSED] - Delayed 6 second(s)

2018-09-20 12:40:52 - [MESSAGE][PASSED] - Keys 'PMI-023-ahk' sent to object: 'Object Repository/workOrder/infoLink_Search'

2018-09-20 12:40:58 - [MESSAGE][PASSED] - Delayed 6 second(s)

2018-09-20 12:40:58 - [MESSAGE][PASSED] - Object: 'Object Repository/workOrder/taskAndAssetID' is clicked on

2018-09-20 12:40:58 - [MESSAGE][PASSED] - Object: 'Object Repository/workOrder/replace' is clicked on

2018-09-20 12:40:58 - [MESSAGE][PASSED] - Wait for page load successfully

2018-09-20 12:41:01 - [MESSAGE][PASSED] - Angular is ready.

2018-09-20 12:41:01 - [MESSAGE][PASSED] - Object: 'Object Repository/workOrder/link_Asset_Task_Inventory' is clicked on

2018-09-20 12:41:07 - [MESSAGE][PASSED] - Delayed 6 second(s)

2018-09-20 12:41:07 - [MESSAGE][PASSED] - Keys 'EQU-194-2018' sent to object: 'Object Repository/workOrder/infoLink_Search'

2018-09-20 12:41:13 - [MESSAGE][PASSED] - Delayed 6 second(s)

2018-09-20 12:41:14 - [MESSAGE][PASSED] - Object: 'Object Repository/workOrder/taskAndAssetID' is clicked on

2018-09-20 12:41:14 - [MESSAGE][PASSED] - Object: 'Object Repository/workOrder/replace' is clicked on

2018-09-20 12:41:14 - [MESSAGE][PASSED] - Wait for page load successfully

2018-09-20 12:41:15 - [MESSAGE][PASSED] - Angular is ready.

2018-09-20 12:41:16 - [MESSAGE][PASSED] - Object: 'Object Repository/workOrder/link_Asset_Task_Inventory' is clicked on

2018-09-20 12:41:22 - [MESSAGE][PASSED] - Delayed 6 second(s)

2018-09-20 12:41:22 - [MESSAGE][PASSED] - Keys 'PRT-144' sent to object: 'Object Repository/workOrder/infoLink_Search'

2018-09-20 12:41:28 - [MESSAGE][PASSED] - Delayed 6 second(s)

2018-09-20 12:41:29 - [MESSAGE][PASSED] - Object: 'Object Repository/workOrder/inventoryID' is clicked on

2018-09-20 12:41:29 - [MESSAGE][PASSED] - Object: 'Object Repository/workOrder/replace' is clicked on

2018-09-20 12:41:29 - [MESSAGE][PASSED] - Wait for page load successfully

2018-09-20 12:41:32 - [MESSAGE][PASSED] - Angular is ready.

2018-09-20 12:41:35 - [MESSAGE][PASSED] - Delayed 3 second(s)

2018-09-20 12:41:36 - [MESSAGE][PASSED] - Object: 'Object Repository/workOrder/workOrderTabs' is clicked on

2018-09-20 12:41:39 - [MESSAGE][PASSED] - Delayed 3 second(s)

2018-09-20 12:41:39 - [MESSAGE][PASSED] - Object: 'Object Repository/workOrder/woTypeAndGroup' is clicked on

2018-09-20 12:41:42 - [MESSAGE][PASSED] - Delayed 3 second(s)

2018-09-20 12:41:43 - [MESSAGE][PASSED] - Object: 'Object Repository/workOrder/groupAndType' is clicked on

2018-09-20 12:41:46 - [MESSAGE][PASSED] - Delayed 3 second(s)

2018-09-20 12:41:46 - [MESSAGE][PASSED] - Object: 'Object Repository/workOrder/woTypeAndGroup' is clicked on

2018-09-20 12:41:49 - [MESSAGE][PASSED] - Delayed 3 second(s)

2018-09-20 12:41:49 - [MESSAGE][PASSED] - Object: 'Object Repository/workOrder/groupAndType' is clicked on

2018-09-20 12:41:52 - [MESSAGE][PASSED] - Delayed 3 second(s)

2018-09-20 12:41:53 - [MESSAGE][PASSED] - Object: 'Object Repository/workOrder/woTypeAndGroup' is clicked on

2018-09-20 12:41:56 - [MESSAGE][PASSED] - Delayed 3 second(s)

2018-09-20 12:41:56 - [MESSAGE][PASSED] - Object: 'Object Repository/workOrder/groupAndType' is clicked on

2018-09-20 12:41:56 - [MESSAGE][PASSED] - Object: 'Object Repository/SMR/floatcalendar' is clicked on

2018-09-20 12:41:59 - [MESSAGE][PASSED] - Delayed 3 second(s)

2018-09-20 12:42:00 - [MESSAGE][PASSED] - Object: 'Object Repository/workOrder/calendar_tom' is clicked on

2018-09-20 12:42:00 - [MESSAGE][PASSED] - Keys 'BACK_SPACE + ' sent to object: 'Object Repository/SMR/recurrance_pattern'

2018-09-20 12:42:00 - [MESSAGE][PASSED] - Keys '2' sent to object: 'Object Repository/SMR/recurrance_pattern'

2018-09-20 12:42:00 - [MESSAGE][PASSED] - Wait for page load successfully

2018-09-20 12:42:03 - [MESSAGE][PASSED] - Delayed 3 second(s)

2018-09-20 12:42:04 - [MESSAGE][PASSED] - Object: 'Object Repository/workOrder/workOrderTabs' is clicked on

2018-09-20 12:42:07 - [MESSAGE][PASSED] - Delayed 3 second(s)

2018-09-20 12:42:07 - [MESSAGE][PASSED] - Keys 'BACK_SPACE + ' sent to object: 'Object Repository/workOrder/estAndOtherCost'

2018-09-20 12:42:08 - [MESSAGE][PASSED] - Keys '15' sent to object: 'Object Repository/workOrder/estAndOtherCost'

2018-09-20 12:42:11 - [MESSAGE][PASSED] - Delayed 3 second(s)

2018-09-20 12:42:11 - [MESSAGE][PASSED] - Keys 'BACK_SPACE + ' sent to object: 'Object Repository/workOrder/estAndOtherCost'

2018-09-20 12:42:11 - [MESSAGE][PASSED] - Keys '15' sent to object: 'Object Repository/workOrder/estAndOtherCost'

2018-09-20 12:42:11 - [MESSAGE][PASSED] - Object: 'Object Repository/workOrder/save' is clicked on

2018-09-20 12:42:21 - [MESSAGE][PASSED] - Delayed 10 second(s)

2018-09-20 12:42:22 - [MESSAGE][PASSED] - Object: 'Object Repository/workOrder/workOrderTabs' is clicked on

2018-09-20 12:42:22 - [MESSAGE][PASSED] - Wait for page load successfully

2018-09-20 12:42:22 - [MESSAGE][PASSED] - Text of object 'Object Repository/workOrder/WO_ID' is: 'SMR-572'

2018-09-20 12:42:22 - [MESSAGE][PASSED] - Object 'Object Repository/workOrder/WO_description' is present

2018-09-20 12:42:22 - [MESSAGE][PASSED] - scheduled_Maintenance_Records.SMR_Creation.SMRCreationFloating is PASSED

2018-09-20 12:42:22 - [TEST_STEP][PASSED] - commonUtils.Common.logoutAndCloseBrowser: commonUtils.Common.logoutAndCloseBrowser is PASSED

2018-09-20 12:42:27 - [MESSAGE][PASSED] - Delayed 5 second(s)

2018-09-20 12:42:27 - [MESSAGE][PASSED] - Object: 'Object Repository/homePage/settings' is clicked on

2018-09-20 12:42:27 - [MESSAGE][PASSED] - Object: 'Object Repository/workOrder/WORecords' is clicked on

2018-09-20 12:42:27 - [MESSAGE][PASSED] - Object 'Object Repository/loginPage/username' is present

2018-09-20 12:42:28 - [MESSAGE][PASSED] - Browser is closed

2018-09-20 12:42:28 - [MESSAGE][PASSED] - commonUtils.Common.logoutAndCloseBrowser is PASSED]]></system-out>
         <system-err><![CDATA[]]></system-err>
      </testcase>
      <testcase name="Test Cases/SANT-TC-042_SMR_Fixed Schedule" classname="Test Cases/SANT-TC-042_SMR_Fixed Schedule" status="FAILED">
         <failure type="FAILED" message="Unable to click on object 'Object Repository/workOrder/workOrderTabs' (Root cause: org.openqa.selenium.WebDriverException: unknown error: Element &lt;div data-options=&quot;dxTemplate: {name : 'title'  }&quot; title=&quot;&quot; ng-show=&quot;item.Text&quot; class=&quot;dx-template-wrapper ng-binding ng-scope dx-item-content dx-tab-content&quot;>...&lt;/div> is not clickable at point (150, 136). Other element would receive the click: &lt;html lang=&quot;en&quot; class=&quot;ng-scope&quot;>...&lt;/html>
  (Session info: chrome=69.0.3497.100)
  (Driver info: chromedriver=2.35.528161 (5b82f2d2aae0ca24b877009200ced9065a772e73),platform=Windows NT 10.0.16299 x86_64) (WARNING: The server did not provide any stacktrace information)
Command duration or timeout: 0 milliseconds
Build info: version: '3.7.1', revision: '8a0099a', time: '2017-11-06T21:07:36.161Z'
System info: host: 'DESKTOP-IC62SMV', ip: '192.168.4.18', os.name: 'Windows 10', os.arch: 'amd64', os.version: '10.0', java.version: '1.8.0_102'
Driver info: com.kms.katalon.selenium.driver.CChromeDriver
Capabilities {acceptInsecureCerts: false, acceptSslCerts: false, applicationCacheEnabled: false, browserConnectionEnabled: false, browserName: chrome, chrome: {chromedriverVersion: 2.35.528161 (5b82f2d2aae0ca..., userDataDir: C:\Users\Braseela\AppData\L...}, cssSelectorsEnabled: true, databaseEnabled: false, handlesAlerts: true, hasTouchScreen: false, javascriptEnabled: true, locationContextEnabled: true, mobileEmulationEnabled: false, nativeEvents: true, networkConnectionEnabled: false, pageLoadStrategy: normal, platform: XP, platformName: XP, rotatable: false, setWindowRect: true, takesHeapSnapshot: true, takesScreenshot: true, unexpectedAlertBehaviour: , unhandledPromptBehavior: , version: 69.0.3497.100, webStorageEnabled: true}
Session ID: 3e28030a8bd48e0f5d0a28e0c4d12a03)"/>
         <system-out><![CDATA[2018-09-20 12:42:28 - [TEST_CASE][FAILED] - Test Cases/SANT-TC-042_SMR_Fixed Schedule: Test Cases/SANT-TC-042_SMR_Fixed Schedule FAILED because (of) Unable to click on object 'Object Repository/workOrder/workOrderTabs' (Root cause: org.openqa.selenium.WebDriverException: unknown error: Element <div data-options="dxTemplate: {name : 'title'  }" title="" ng-show="item.Text" class="dx-template-wrapper ng-binding ng-scope dx-item-content dx-tab-content">...</div> is not clickable at point (150, 136). Other element would receive the click: <html lang="en" class="ng-scope">...</html>
  (Session info: chrome=69.0.3497.100)
  (Driver info: chromedriver=2.35.528161 (5b82f2d2aae0ca24b877009200ced9065a772e73),platform=Windows NT 10.0.16299 x86_64) (WARNING: The server did not provide any stacktrace information)
Command duration or timeout: 0 milliseconds
Build info: version: '3.7.1', revision: '8a0099a', time: '2017-11-06T21:07:36.161Z'
System info: host: 'DESKTOP-IC62SMV', ip: '192.168.4.18', os.name: 'Windows 10', os.arch: 'amd64', os.version: '10.0', java.version: '1.8.0_102'
Driver info: com.kms.katalon.selenium.driver.CChromeDriver
Capabilities {acceptInsecureCerts: false, acceptSslCerts: false, applicationCacheEnabled: false, browserConnectionEnabled: false, browserName: chrome, chrome: {chromedriverVersion: 2.35.528161 (5b82f2d2aae0ca..., userDataDir: C:\Users\Braseela\AppData\L...}, cssSelectorsEnabled: true, databaseEnabled: false, handlesAlerts: true, hasTouchScreen: false, javascriptEnabled: true, locationContextEnabled: true, mobileEmulationEnabled: false, nativeEvents: true, networkConnectionEnabled: false, pageLoadStrategy: normal, platform: XP, platformName: XP, rotatable: false, setWindowRect: true, takesHeapSnapshot: true, takesScreenshot: true, unexpectedAlertBehaviour: , unhandledPromptBehavior: , version: 69.0.3497.100, webStorageEnabled: true}
Session ID: 3e28030a8bd48e0f5d0a28e0c4d12a03)

2018-09-20 12:42:28 - [TEST_STEP][PASSED] - Statement - SMRDescription = com.kms.katalon.core.testdata.TestDataFactory.findTestData(SMR/SMR).getValue(1, 1): Test data is internal data, reading internal data

2018-09-20 12:42:28 - [TEST_STEP][PASSED] - Statement - taskName = com.kms.katalon.core.testdata.TestDataFactory.findTestData(SMR/SMR).getValue(2, 1): Test data is internal data, reading internal data

2018-09-20 12:42:29 - [TEST_STEP][PASSED] - Statement - assetName = com.kms.katalon.core.testdata.TestDataFactory.findTestData(SMR/SMR).getValue(3, 1): Test data is internal data, reading internal data

2018-09-20 12:42:29 - [TEST_STEP][PASSED] - Statement - inventoryName = com.kms.katalon.core.testdata.TestDataFactory.findTestData(SMR/SMR).getValue(4, 1): Test data is internal data, reading internal data

2018-09-20 12:42:29 - [TEST_STEP][PASSED] - Statement - SMRDes = SMRDescription + "_" + java.lang.System.currentTimeMillis(): null

2018-09-20 12:42:29 - [TEST_STEP][FAILED] - scheduled_Maintenance_Records.SMR_Creation.SMRCreationFixed: Unable to click on object 'Object Repository/workOrder/workOrderTabs' (Root cause: org.openqa.selenium.WebDriverException: unknown error: Element <div data-options="dxTemplate: {name : 'title'  }" title="" ng-show="item.Text" class="dx-template-wrapper ng-binding ng-scope dx-item-content dx-tab-content">...</div> is not clickable at point (150, 136). Other element would receive the click: <html lang="en" class="ng-scope">...</html>
  (Session info: chrome=69.0.3497.100)
  (Driver info: chromedriver=2.35.528161 (5b82f2d2aae0ca24b877009200ced9065a772e73),platform=Windows NT 10.0.16299 x86_64) (WARNING: The server did not provide any stacktrace information)
Command duration or timeout: 0 milliseconds
Build info: version: '3.7.1', revision: '8a0099a', time: '2017-11-06T21:07:36.161Z'
System info: host: 'DESKTOP-IC62SMV', ip: '192.168.4.18', os.name: 'Windows 10', os.arch: 'amd64', os.version: '10.0', java.version: '1.8.0_102'
Driver info: com.kms.katalon.selenium.driver.CChromeDriver
Capabilities {acceptInsecureCerts: false, acceptSslCerts: false, applicationCacheEnabled: false, browserConnectionEnabled: false, browserName: chrome, chrome: {chromedriverVersion: 2.35.528161 (5b82f2d2aae0ca..., userDataDir: C:\Users\Braseela\AppData\L...}, cssSelectorsEnabled: true, databaseEnabled: false, handlesAlerts: true, hasTouchScreen: false, javascriptEnabled: true, locationContextEnabled: true, mobileEmulationEnabled: false, nativeEvents: true, networkConnectionEnabled: false, pageLoadStrategy: normal, platform: XP, platformName: XP, rotatable: false, setWindowRect: true, takesHeapSnapshot: true, takesScreenshot: true, unexpectedAlertBehaviour: , unhandledPromptBehavior: , version: 69.0.3497.100, webStorageEnabled: true}
Session ID: 3e28030a8bd48e0f5d0a28e0c4d12a03)

2018-09-20 12:42:31 - [MESSAGE][PASSED] - Browser is opened with url: ''

2018-09-20 12:42:32 - [MESSAGE][PASSED] - Current window maximized

2018-09-20 12:42:40 - [MESSAGE][PASSED] - Navigate to 'https://mpulse8.com/#/' successfully

2018-09-20 12:42:40 - [MESSAGE][PASSED] - Object 'Object Repository/loginPage/username' is clickable

2018-09-20 12:42:40 - [MESSAGE][PASSED] - Text 'abhi' is set on object 'Object Repository/loginPage/username'

2018-09-20 12:42:40 - [MESSAGE][PASSED] - Text '123456' is set on object 'Object Repository/loginPage/password'

2018-09-20 12:42:41 - [MESSAGE][PASSED] - Keys 'mpulse8_inapp' sent to object: 'Object Repository/loginPage/database_name'

2018-09-20 12:42:41 - [MESSAGE][PASSED] - Object: 'Object Repository/loginPage/Login_btn' is clicked on

2018-09-20 12:42:41 - [MESSAGE][PASSED] - Wait for page load successfully

2018-09-20 12:42:46 - [MESSAGE][PASSED] - Delayed 5 second(s)

2018-09-20 12:43:17 - [MESSAGE][FAILED] - Unable to click on object 'Object Repository/SMR/Scheduled Maintenance' (Root cause: com.kms.katalon.core.webui.exception.WebElementNotFoundException: Web element with id: 'Object Repository/SMR/Scheduled Maintenance' located by 'By.xpath: //span[@title='Scheduled Maintenance' or @class='schedule']' not found)
[[ATTACHMENT|D:\\Repo\\InApp-QA-Automation\\Mpulse_Automation\\Reports\\Test Suite For Demo\\20180920_122254\\1537427597074.png]]

2018-09-20 12:43:19 - [MESSAGE][PASSED] - Object 'Object Repository/SMR/Scheduled Maintenance' is present

2018-09-20 12:43:19 - [MESSAGE][PASSED] - Object: 'Object Repository/SMR/Scheduled Maintenance' is clicked on

2018-09-20 12:43:19 - [MESSAGE][PASSED] - Object: 'Object Repository/workOrder/WORecords' is clicked on

2018-09-20 12:43:22 - [MESSAGE][PASSED] - Delayed 3 second(s)

2018-09-20 12:43:26 - [MESSAGE][FAILED] - Unable to click on object 'Object Repository/workOrder/cancel' (Root cause: org.openqa.selenium.ElementNotVisibleException: element not visible
  (Session info: chrome=69.0.3497.100)
  (Driver info: chromedriver=2.35.528161 (5b82f2d2aae0ca24b877009200ced9065a772e73),platform=Windows NT 10.0.16299 x86_64) (WARNING: The server did not provide any stacktrace information)
Command duration or timeout: 0 milliseconds
Build info: version: '3.7.1', revision: '8a0099a', time: '2017-11-06T21:07:36.161Z'
System info: host: 'DESKTOP-IC62SMV', ip: '192.168.4.18', os.name: 'Windows 10', os.arch: 'amd64', os.version: '10.0', java.version: '1.8.0_102'
Driver info: com.kms.katalon.selenium.driver.CChromeDriver
Capabilities {acceptInsecureCerts: false, acceptSslCerts: false, applicationCacheEnabled: false, browserConnectionEnabled: false, browserName: chrome, chrome: {chromedriverVersion: 2.35.528161 (5b82f2d2aae0ca..., userDataDir: C:\Users\Braseela\AppData\L...}, cssSelectorsEnabled: true, databaseEnabled: false, handlesAlerts: true, hasTouchScreen: false, javascriptEnabled: true, locationContextEnabled: true, mobileEmulationEnabled: false, nativeEvents: true, networkConnectionEnabled: false, pageLoadStrategy: normal, platform: XP, platformName: XP, rotatable: false, setWindowRect: true, takesHeapSnapshot: true, takesScreenshot: true, unexpectedAlertBehaviour: , unhandledPromptBehavior: , version: 69.0.3497.100, webStorageEnabled: true}
Session ID: 3e28030a8bd48e0f5d0a28e0c4d12a03)
[[ATTACHMENT|D:\\Repo\\InApp-QA-Automation\\Mpulse_Automation\\Reports\\Test Suite For Demo\\20180920_122254\\1537427606434.png]]

2018-09-20 12:43:26 - [MESSAGE][PASSED] - Wait for page load successfully

2018-09-20 12:43:29 - [MESSAGE][PASSED] - Delayed 3 second(s)

2018-09-20 12:43:32 - [MESSAGE][WARNING] - Web element with id: 'Object Repository/workOrder/expandAndMinimize' located by 'By.xpath: //a[@title='Show']' not found

2018-09-20 12:44:04 - [MESSAGE][FAILED] - Unable to click on object 'Object Repository/workOrder/expandAndMinimize' (Root cause: com.kms.katalon.core.webui.exception.WebElementNotFoundException: Web element with id: 'Object Repository/workOrder/expandAndMinimize' located by 'By.xpath: //a[@title='Show']' not found)
[[ATTACHMENT|D:\\Repo\\InApp-QA-Automation\\Mpulse_Automation\\Reports\\Test Suite For Demo\\20180920_122254\\1537427643907.png]]

2018-09-20 12:44:04 - [MESSAGE][PASSED] - Wait for page load successfully

2018-09-20 12:44:07 - [MESSAGE][PASSED] - Delayed 3 second(s)

2018-09-20 12:44:07 - [MESSAGE][PASSED] - Object 'Object Repository/workOrder/hideListLayout' is clickable

2018-09-20 12:44:07 - [MESSAGE][PASSED] - Object: 'Object Repository/workOrder/hideListLayout' is clicked on

2018-09-20 12:44:10 - [MESSAGE][PASSED] - Delayed 3 second(s)

2018-09-20 12:44:10 - [MESSAGE][PASSED] - Wait for page load successfully

2018-09-20 12:44:10 - [MESSAGE][PASSED] - Angular is ready.

2018-09-20 12:44:10 - [MESSAGE][PASSED] - Object 'Object Repository/workOrder/addAndEdit' is clickable

2018-09-20 12:44:10 - [MESSAGE][PASSED] - Object: 'Object Repository/workOrder/addAndEdit' is clicked on

2018-09-20 12:44:10 - [MESSAGE][PASSED] - Wait for page load successfully

2018-09-20 12:44:12 - [MESSAGE][PASSED] - Angular is ready.

2018-09-20 12:44:12 - [MESSAGE][PASSED] - Object: 'Object Repository/workOrder/workOrderTabs' is clicked on

2018-09-20 12:44:13 - [MESSAGE][PASSED] - Keys 'SMR Sanity Test__1537427549127' sent to object: 'Object Repository/SMR/description'

2018-09-20 12:44:13 - [MESSAGE][PASSED] - Wait for page load successfully

2018-09-20 12:44:13 - [MESSAGE][PASSED] - Object 'Object Repository/workOrder/link_Asset_Task_Inventory' is clickable

2018-09-20 12:44:14 - [MESSAGE][PASSED] - Object: 'Object Repository/workOrder/link_Asset_Task_Inventory' is clicked on

2018-09-20 12:44:20 - [MESSAGE][PASSED] - Delayed 6 second(s)

2018-09-20 12:44:20 - [MESSAGE][PASSED] - Keys 'PMI-023-ahk' sent to object: 'Object Repository/workOrder/infoLink_Search'

2018-09-20 12:44:26 - [MESSAGE][PASSED] - Delayed 6 second(s)

2018-09-20 12:44:26 - [MESSAGE][PASSED] - Object: 'Object Repository/workOrder/taskAndAssetID' is clicked on

2018-09-20 12:44:27 - [MESSAGE][PASSED] - Object: 'Object Repository/workOrder/replace' is clicked on

2018-09-20 12:44:27 - [MESSAGE][PASSED] - Wait for page load successfully

2018-09-20 12:44:29 - [MESSAGE][PASSED] - Angular is ready.

2018-09-20 12:44:29 - [MESSAGE][PASSED] - Object: 'Object Repository/workOrder/link_Asset_Task_Inventory' is clicked on

2018-09-20 12:44:35 - [MESSAGE][PASSED] - Delayed 6 second(s)

2018-09-20 12:44:36 - [MESSAGE][PASSED] - Keys 'EQU-194-2018' sent to object: 'Object Repository/workOrder/infoLink_Search'

2018-09-20 12:44:42 - [MESSAGE][PASSED] - Delayed 6 second(s)

2018-09-20 12:44:42 - [MESSAGE][PASSED] - Object: 'Object Repository/workOrder/taskAndAssetID' is clicked on

2018-09-20 12:44:42 - [MESSAGE][PASSED] - Object: 'Object Repository/workOrder/replace' is clicked on

2018-09-20 12:44:42 - [MESSAGE][PASSED] - Wait for page load successfully

2018-09-20 12:44:44 - [MESSAGE][PASSED] - Angular is ready.

2018-09-20 12:44:44 - [MESSAGE][PASSED] - Object: 'Object Repository/workOrder/link_Asset_Task_Inventory' is clicked on

2018-09-20 12:44:50 - [MESSAGE][PASSED] - Delayed 6 second(s)

2018-09-20 12:44:50 - [MESSAGE][PASSED] - Keys 'PRT-144' sent to object: 'Object Repository/workOrder/infoLink_Search'

2018-09-20 12:44:56 - [MESSAGE][PASSED] - Delayed 6 second(s)

2018-09-20 12:44:57 - [MESSAGE][PASSED] - Object: 'Object Repository/workOrder/inventoryID' is clicked on

2018-09-20 12:44:57 - [MESSAGE][PASSED] - Object: 'Object Repository/workOrder/replace' is clicked on

2018-09-20 12:44:57 - [MESSAGE][PASSED] - Wait for page load successfully

2018-09-20 12:44:59 - [MESSAGE][PASSED] - Angular is ready.

2018-09-20 12:45:00 - [MESSAGE][PASSED] - Object: 'Object Repository/workOrder/workOrderTabs' is clicked on

2018-09-20 12:45:03 - [MESSAGE][PASSED] - Delayed 3 second(s)

2018-09-20 12:45:04 - [MESSAGE][PASSED] - Object: 'Object Repository/workOrder/woTypeAndGroup' is clicked on

2018-09-20 12:45:07 - [MESSAGE][PASSED] - Delayed 3 second(s)

2018-09-20 12:45:07 - [MESSAGE][PASSED] - Object: 'Object Repository/workOrder/groupAndType' is clicked on

2018-09-20 12:45:10 - [MESSAGE][PASSED] - Delayed 3 second(s)

2018-09-20 12:45:10 - [MESSAGE][PASSED] - Object: 'Object Repository/workOrder/woTypeAndGroup' is clicked on

2018-09-20 12:45:13 - [MESSAGE][PASSED] - Delayed 3 second(s)

2018-09-20 12:45:14 - [MESSAGE][PASSED] - Object: 'Object Repository/workOrder/groupAndType' is clicked on

2018-09-20 12:45:17 - [MESSAGE][PASSED] - Delayed 3 second(s)

2018-09-20 12:45:17 - [MESSAGE][PASSED] - Object: 'Object Repository/workOrder/woTypeAndGroup' is clicked on

2018-09-20 12:45:20 - [MESSAGE][PASSED] - Delayed 3 second(s)

2018-09-20 12:45:20 - [MESSAGE][PASSED] - Object: 'Object Repository/workOrder/groupAndType' is clicked on

2018-09-20 12:45:21 - [MESSAGE][PASSED] - Object: 'Object Repository/SMR/radio_fixedschtype' is clicked on

2018-09-20 12:45:24 - [MESSAGE][PASSED] - Delayed 3 second(s)

2018-09-20 12:45:24 - [MESSAGE][PASSED] - Object: 'Object Repository/SMR/fixedcalendar' is clicked on

2018-09-20 12:45:27 - [MESSAGE][PASSED] - Delayed 3 second(s)

2018-09-20 12:45:27 - [MESSAGE][PASSED] - Object: 'Object Repository/workOrder/calendar_tom' is clicked on

2018-09-20 12:45:30 - [MESSAGE][PASSED] - Delayed 3 second(s)

2018-09-20 12:45:30 - [MESSAGE][PASSED] - Keys 'BACK_SPACE + ' sent to object: 'Object Repository/SMR/recurrance_pattern'

2018-09-20 12:45:31 - [MESSAGE][PASSED] - Keys '2' sent to object: 'Object Repository/SMR/recurrance_pattern'

2018-09-20 12:45:31 - [MESSAGE][PASSED] - Wait for page load successfully

2018-09-20 12:45:32 - [MESSAGE][PASSED] - Object: 'Object Repository/workOrder/workOrderTabs' is clicked on

2018-09-20 12:45:35 - [MESSAGE][PASSED] - Delayed 3 second(s)

2018-09-20 12:45:35 - [MESSAGE][PASSED] - Keys 'BACK_SPACE + ' sent to object: 'Object Repository/workOrder/estAndOtherCost'

2018-09-20 12:45:35 - [MESSAGE][PASSED] - Keys '15' sent to object: 'Object Repository/workOrder/estAndOtherCost'

2018-09-20 12:45:38 - [MESSAGE][PASSED] - Delayed 3 second(s)

2018-09-20 12:45:39 - [MESSAGE][PASSED] - Keys 'BACK_SPACE + ' sent to object: 'Object Repository/workOrder/estAndOtherCost'

2018-09-20 12:45:39 - [MESSAGE][PASSED] - Keys '15' sent to object: 'Object Repository/workOrder/estAndOtherCost'

2018-09-20 12:45:39 - [MESSAGE][PASSED] - Object: 'Object Repository/workOrder/save' is clicked on

2018-09-20 12:45:44 - [MESSAGE][PASSED] - Delayed 5 second(s)

2018-09-20 12:45:44 - [MESSAGE][FAILED] - Unable to click on object 'Object Repository/workOrder/workOrderTabs' (Root cause: org.openqa.selenium.WebDriverException: unknown error: Element <div data-options="dxTemplate: {name : 'title'  }" title="" ng-show="item.Text" class="dx-template-wrapper ng-binding ng-scope dx-item-content dx-tab-content">...</div> is not clickable at point (150, 136). Other element would receive the click: <html lang="en" class="ng-scope">...</html>
  (Session info: chrome=69.0.3497.100)
  (Driver info: chromedriver=2.35.528161 (5b82f2d2aae0ca24b877009200ced9065a772e73),platform=Windows NT 10.0.16299 x86_64) (WARNING: The server did not provide any stacktrace information)
Command duration or timeout: 0 milliseconds
Build info: version: '3.7.1', revision: '8a0099a', time: '2017-11-06T21:07:36.161Z'
System info: host: 'DESKTOP-IC62SMV', ip: '192.168.4.18', os.name: 'Windows 10', os.arch: 'amd64', os.version: '10.0', java.version: '1.8.0_102'
Driver info: com.kms.katalon.selenium.driver.CChromeDriver
Capabilities {acceptInsecureCerts: false, acceptSslCerts: false, applicationCacheEnabled: false, browserConnectionEnabled: false, browserName: chrome, chrome: {chromedriverVersion: 2.35.528161 (5b82f2d2aae0ca..., userDataDir: C:\Users\Braseela\AppData\L...}, cssSelectorsEnabled: true, databaseEnabled: false, handlesAlerts: true, hasTouchScreen: false, javascriptEnabled: true, locationContextEnabled: true, mobileEmulationEnabled: false, nativeEvents: true, networkConnectionEnabled: false, pageLoadStrategy: normal, platform: XP, platformName: XP, rotatable: false, setWindowRect: true, takesHeapSnapshot: true, takesScreenshot: true, unexpectedAlertBehaviour: , unhandledPromptBehavior: , version: 69.0.3497.100, webStorageEnabled: true}
Session ID: 3e28030a8bd48e0f5d0a28e0c4d12a03)
[[ATTACHMENT|D:\\Repo\\InApp-QA-Automation\\Mpulse_Automation\\Reports\\Test Suite For Demo\\20180920_122254\\1537427744556.png]]

2018-09-20 12:45:44 - [MESSAGE][FAILED] - Unable to click on object 'Object Repository/workOrder/workOrderTabs' (Root cause: org.openqa.selenium.WebDriverException: unknown error: Element <div data-options="dxTemplate: {name : 'title'  }" title="" ng-show="item.Text" class="dx-template-wrapper ng-binding ng-scope dx-item-content dx-tab-content">...</div> is not clickable at point (150, 136). Other element would receive the click: <html lang="en" class="ng-scope">...</html>
  (Session info: chrome=69.0.3497.100)
  (Driver info: chromedriver=2.35.528161 (5b82f2d2aae0ca24b877009200ced9065a772e73),platform=Windows NT 10.0.16299 x86_64) (WARNING: The server did not provide any stacktrace information)
Command duration or timeout: 0 milliseconds
Build info: version: '3.7.1', revision: '8a0099a', time: '2017-11-06T21:07:36.161Z'
System info: host: 'DESKTOP-IC62SMV', ip: '192.168.4.18', os.name: 'Windows 10', os.arch: 'amd64', os.version: '10.0', java.version: '1.8.0_102'
Driver info: com.kms.katalon.selenium.driver.CChromeDriver
Capabilities {acceptInsecureCerts: false, acceptSslCerts: false, applicationCacheEnabled: false, browserConnectionEnabled: false, browserName: chrome, chrome: {chromedriverVersion: 2.35.528161 (5b82f2d2aae0ca..., userDataDir: C:\Users\Braseela\AppData\L...}, cssSelectorsEnabled: true, databaseEnabled: false, handlesAlerts: true, hasTouchScreen: false, javascriptEnabled: true, locationContextEnabled: true, mobileEmulationEnabled: false, nativeEvents: true, networkConnectionEnabled: false, pageLoadStrategy: normal, platform: XP, platformName: XP, rotatable: false, setWindowRect: true, takesHeapSnapshot: true, takesScreenshot: true, unexpectedAlertBehaviour: , unhandledPromptBehavior: , version: 69.0.3497.100, webStorageEnabled: true}
Session ID: 3e28030a8bd48e0f5d0a28e0c4d12a03)]]></system-out>
         <system-err><![CDATA[2018-09-20 12:42:28 - [TEST_CASE][FAILED] - Test Cases/SANT-TC-042_SMR_Fixed Schedule: Test Cases/SANT-TC-042_SMR_Fixed Schedule FAILED because (of) Unable to click on object 'Object Repository/workOrder/workOrderTabs' (Root cause: org.openqa.selenium.WebDriverException: unknown error: Element <div data-options="dxTemplate: {name : 'title'  }" title="" ng-show="item.Text" class="dx-template-wrapper ng-binding ng-scope dx-item-content dx-tab-content">...</div> is not clickable at point (150, 136). Other element would receive the click: <html lang="en" class="ng-scope">...</html>
  (Session info: chrome=69.0.3497.100)
  (Driver info: chromedriver=2.35.528161 (5b82f2d2aae0ca24b877009200ced9065a772e73),platform=Windows NT 10.0.16299 x86_64) (WARNING: The server did not provide any stacktrace information)
Command duration or timeout: 0 milliseconds
Build info: version: '3.7.1', revision: '8a0099a', time: '2017-11-06T21:07:36.161Z'
System info: host: 'DESKTOP-IC62SMV', ip: '192.168.4.18', os.name: 'Windows 10', os.arch: 'amd64', os.version: '10.0', java.version: '1.8.0_102'
Driver info: com.kms.katalon.selenium.driver.CChromeDriver
Capabilities {acceptInsecureCerts: false, acceptSslCerts: false, applicationCacheEnabled: false, browserConnectionEnabled: false, browserName: chrome, chrome: {chromedriverVersion: 2.35.528161 (5b82f2d2aae0ca..., userDataDir: C:\Users\Braseela\AppData\L...}, cssSelectorsEnabled: true, databaseEnabled: false, handlesAlerts: true, hasTouchScreen: false, javascriptEnabled: true, locationContextEnabled: true, mobileEmulationEnabled: false, nativeEvents: true, networkConnectionEnabled: false, pageLoadStrategy: normal, platform: XP, platformName: XP, rotatable: false, setWindowRect: true, takesHeapSnapshot: true, takesScreenshot: true, unexpectedAlertBehaviour: , unhandledPromptBehavior: , version: 69.0.3497.100, webStorageEnabled: true}
Session ID: 3e28030a8bd48e0f5d0a28e0c4d12a03)]]></system-err>
      </testcase>
      <testcase name="Test Cases/SANT-TC-043_SMR_Meter Based Schedule" classname="Test Cases/SANT-TC-043_SMR_Meter Based Schedule" status="PASSED">
         <system-out><![CDATA[2018-09-20 12:45:44 - [TEST_CASE][PASSED] - Test Cases/SANT-TC-043_SMR_Meter Based Schedule: Test Cases/SANT-TC-043_SMR_Meter Based Schedule

2018-09-20 12:45:45 - [TEST_STEP][PASSED] - Statement - SMRDescription = com.kms.katalon.core.testdata.TestDataFactory.findTestData(SMR/SMR).getValue(1, 1): Test data is internal data, reading internal data

2018-09-20 12:45:45 - [TEST_STEP][PASSED] - Statement - taskName = com.kms.katalon.core.testdata.TestDataFactory.findTestData(SMR/SMR).getValue(2, 1): Test data is internal data, reading internal data

2018-09-20 12:45:45 - [TEST_STEP][PASSED] - Statement - assetName = com.kms.katalon.core.testdata.TestDataFactory.findTestData(SMR/SMR).getValue(3, 1): Test data is internal data, reading internal data

2018-09-20 12:45:45 - [TEST_STEP][PASSED] - Statement - inventoryName = com.kms.katalon.core.testdata.TestDataFactory.findTestData(SMR/SMR).getValue(4, 1): Test data is internal data, reading internal data

2018-09-20 12:45:45 - [TEST_STEP][PASSED] - Statement - SMRDes = SMRDescription + "_" + java.lang.System.currentTimeMillis(): null

2018-09-20 12:45:45 - [TEST_STEP][PASSED] - scheduled_Maintenance_Records.SMR_Creation.SMRCreationMeterBased: scheduled_Maintenance_Records.SMR_Creation.SMRCreationMeterBased is PASSED

2018-09-20 12:45:45 - [MESSAGE][WARNING] - A browser is already opened. Closing browser and opening a new one

2018-09-20 12:45:48 - [MESSAGE][PASSED] - Browser is opened with url: ''

2018-09-20 12:45:49 - [MESSAGE][PASSED] - Current window maximized

2018-09-20 12:45:57 - [MESSAGE][PASSED] - Navigate to 'https://mpulse8.com/#/' successfully

2018-09-20 12:45:57 - [MESSAGE][PASSED] - Object 'Object Repository/loginPage/username' is clickable

2018-09-20 12:45:57 - [MESSAGE][PASSED] - Text 'abhi' is set on object 'Object Repository/loginPage/username'

2018-09-20 12:45:58 - [MESSAGE][PASSED] - Text '123456' is set on object 'Object Repository/loginPage/password'

2018-09-20 12:45:58 - [MESSAGE][PASSED] - Keys 'mpulse8_inapp' sent to object: 'Object Repository/loginPage/database_name'

2018-09-20 12:45:58 - [MESSAGE][PASSED] - Object: 'Object Repository/loginPage/Login_btn' is clicked on

2018-09-20 12:45:58 - [MESSAGE][PASSED] - Wait for page load successfully

2018-09-20 12:46:03 - [MESSAGE][PASSED] - Delayed 5 second(s)

2018-09-20 12:46:16 - [MESSAGE][PASSED] - Object: 'Object Repository/SMR/Scheduled Maintenance' is clicked on

2018-09-20 12:46:16 - [MESSAGE][PASSED] - Object: 'Object Repository/workOrder/WORecords' is clicked on

2018-09-20 12:46:19 - [MESSAGE][PASSED] - Delayed 3 second(s)

2018-09-20 12:46:23 - [MESSAGE][FAILED] - Unable to click on object 'Object Repository/workOrder/cancel' (Root cause: org.openqa.selenium.ElementNotVisibleException: element not visible
  (Session info: chrome=69.0.3497.100)
  (Driver info: chromedriver=2.35.528161 (5b82f2d2aae0ca24b877009200ced9065a772e73),platform=Windows NT 10.0.16299 x86_64) (WARNING: The server did not provide any stacktrace information)
Command duration or timeout: 0 milliseconds
Build info: version: '3.7.1', revision: '8a0099a', time: '2017-11-06T21:07:36.161Z'
System info: host: 'DESKTOP-IC62SMV', ip: '192.168.4.18', os.name: 'Windows 10', os.arch: 'amd64', os.version: '10.0', java.version: '1.8.0_102'
Driver info: com.kms.katalon.selenium.driver.CChromeDriver
Capabilities {acceptInsecureCerts: false, acceptSslCerts: false, applicationCacheEnabled: false, browserConnectionEnabled: false, browserName: chrome, chrome: {chromedriverVersion: 2.35.528161 (5b82f2d2aae0ca..., userDataDir: C:\Users\Braseela\AppData\L...}, cssSelectorsEnabled: true, databaseEnabled: false, handlesAlerts: true, hasTouchScreen: false, javascriptEnabled: true, locationContextEnabled: true, mobileEmulationEnabled: false, nativeEvents: true, networkConnectionEnabled: false, pageLoadStrategy: normal, platform: XP, platformName: XP, rotatable: false, setWindowRect: true, takesHeapSnapshot: true, takesScreenshot: true, unexpectedAlertBehaviour: , unhandledPromptBehavior: , version: 69.0.3497.100, webStorageEnabled: true}
Session ID: 57f06e27603b7234139291be292c554e)
[[ATTACHMENT|D:\\Repo\\InApp-QA-Automation\\Mpulse_Automation\\Reports\\Test Suite For Demo\\20180920_122254\\1537427782974.png]]

2018-09-20 12:46:23 - [MESSAGE][PASSED] - Wait for page load successfully

2018-09-20 12:46:26 - [MESSAGE][PASSED] - Delayed 3 second(s)

2018-09-20 12:46:29 - [MESSAGE][WARNING] - Web element with id: 'Object Repository/workOrder/expandAndMinimize' located by 'By.xpath: //a[@title='Show']' not found

2018-09-20 12:47:00 - [MESSAGE][FAILED] - Unable to click on object 'Object Repository/workOrder/expandAndMinimize' (Root cause: com.kms.katalon.core.webui.exception.WebElementNotFoundException: Web element with id: 'Object Repository/workOrder/expandAndMinimize' located by 'By.xpath: //a[@title='Show']' not found)
[[ATTACHMENT|D:\\Repo\\InApp-QA-Automation\\Mpulse_Automation\\Reports\\Test Suite For Demo\\20180920_122254\\1537427820476.png]]

2018-09-20 12:47:00 - [MESSAGE][PASSED] - Wait for page load successfully

2018-09-20 12:47:03 - [MESSAGE][PASSED] - Delayed 3 second(s)

2018-09-20 12:47:03 - [MESSAGE][PASSED] - Object 'Object Repository/workOrder/hideListLayout' is clickable

2018-09-20 12:47:04 - [MESSAGE][PASSED] - Object: 'Object Repository/workOrder/hideListLayout' is clicked on

2018-09-20 12:47:07 - [MESSAGE][PASSED] - Delayed 3 second(s)

2018-09-20 12:47:07 - [MESSAGE][PASSED] - Wait for page load successfully

2018-09-20 12:47:07 - [MESSAGE][PASSED] - Angular is ready.

2018-09-20 12:47:07 - [MESSAGE][PASSED] - Object 'Object Repository/workOrder/addAndEdit' is clickable

2018-09-20 12:47:07 - [MESSAGE][PASSED] - Object: 'Object Repository/workOrder/addAndEdit' is clicked on

2018-09-20 12:47:07 - [MESSAGE][PASSED] - Wait for page load successfully

2018-09-20 12:47:09 - [MESSAGE][PASSED] - Angular is ready.

2018-09-20 12:47:09 - [MESSAGE][PASSED] - Object: 'Object Repository/workOrder/workOrderTabs' is clicked on

2018-09-20 12:47:10 - [MESSAGE][PASSED] - Keys 'SMR Sanity Test__1537427745128' sent to object: 'Object Repository/SMR/description'

2018-09-20 12:47:10 - [MESSAGE][PASSED] - Wait for page load successfully

2018-09-20 12:47:10 - [MESSAGE][PASSED] - Object 'Object Repository/workOrder/link_Asset_Task_Inventory' is clickable

2018-09-20 12:47:10 - [MESSAGE][PASSED] - Object: 'Object Repository/workOrder/link_Asset_Task_Inventory' is clicked on

2018-09-20 12:47:16 - [MESSAGE][PASSED] - Delayed 6 second(s)

2018-09-20 12:47:17 - [MESSAGE][PASSED] - Keys 'PMI-023-ahk' sent to object: 'Object Repository/workOrder/infoLink_Search'

2018-09-20 12:47:23 - [MESSAGE][PASSED] - Delayed 6 second(s)

2018-09-20 12:47:23 - [MESSAGE][PASSED] - Object: 'Object Repository/workOrder/taskAndAssetID' is clicked on

2018-09-20 12:47:23 - [MESSAGE][PASSED] - Object: 'Object Repository/workOrder/replace' is clicked on

2018-09-20 12:47:23 - [MESSAGE][PASSED] - Wait for page load successfully

2018-09-20 12:47:26 - [MESSAGE][PASSED] - Angular is ready.

2018-09-20 12:47:26 - [MESSAGE][PASSED] - Object: 'Object Repository/workOrder/link_Asset_Task_Inventory' is clicked on

2018-09-20 12:47:32 - [MESSAGE][PASSED] - Delayed 6 second(s)

2018-09-20 12:47:33 - [MESSAGE][PASSED] - Keys 'EQU-194-2018' sent to object: 'Object Repository/workOrder/infoLink_Search'

2018-09-20 12:47:39 - [MESSAGE][PASSED] - Delayed 6 second(s)

2018-09-20 12:47:39 - [MESSAGE][PASSED] - Object: 'Object Repository/workOrder/taskAndAssetID' is clicked on

2018-09-20 12:47:39 - [MESSAGE][PASSED] - Object: 'Object Repository/workOrder/replace' is clicked on

2018-09-20 12:47:39 - [MESSAGE][PASSED] - Wait for page load successfully

2018-09-20 12:47:40 - [MESSAGE][PASSED] - Angular is ready.

2018-09-20 12:47:41 - [MESSAGE][PASSED] - Object: 'Object Repository/workOrder/link_Asset_Task_Inventory' is clicked on

2018-09-20 12:47:47 - [MESSAGE][PASSED] - Delayed 6 second(s)

2018-09-20 12:47:47 - [MESSAGE][PASSED] - Keys 'PRT-144' sent to object: 'Object Repository/workOrder/infoLink_Search'

2018-09-20 12:47:53 - [MESSAGE][PASSED] - Delayed 6 second(s)

2018-09-20 12:47:54 - [MESSAGE][PASSED] - Object: 'Object Repository/workOrder/inventoryID' is clicked on

2018-09-20 12:47:54 - [MESSAGE][PASSED] - Object: 'Object Repository/workOrder/replace' is clicked on

2018-09-20 12:47:54 - [MESSAGE][PASSED] - Wait for page load successfully

2018-09-20 12:47:56 - [MESSAGE][PASSED] - Angular is ready.

2018-09-20 12:47:57 - [MESSAGE][PASSED] - Object: 'Object Repository/workOrder/workOrderTabs' is clicked on

2018-09-20 12:48:00 - [MESSAGE][PASSED] - Delayed 3 second(s)

2018-09-20 12:48:01 - [MESSAGE][PASSED] - Object: 'Object Repository/workOrder/woTypeAndGroup' is clicked on

2018-09-20 12:48:04 - [MESSAGE][PASSED] - Delayed 3 second(s)

2018-09-20 12:48:04 - [MESSAGE][PASSED] - Object: 'Object Repository/workOrder/groupAndType' is clicked on

2018-09-20 12:48:07 - [MESSAGE][PASSED] - Delayed 3 second(s)

2018-09-20 12:48:07 - [MESSAGE][PASSED] - Object: 'Object Repository/workOrder/woTypeAndGroup' is clicked on

2018-09-20 12:48:10 - [MESSAGE][PASSED] - Delayed 3 second(s)

2018-09-20 12:48:11 - [MESSAGE][PASSED] - Object: 'Object Repository/workOrder/groupAndType' is clicked on

2018-09-20 12:48:14 - [MESSAGE][PASSED] - Delayed 3 second(s)

2018-09-20 12:48:14 - [MESSAGE][PASSED] - Object: 'Object Repository/workOrder/woTypeAndGroup' is clicked on

2018-09-20 12:48:17 - [MESSAGE][PASSED] - Delayed 3 second(s)

2018-09-20 12:48:17 - [MESSAGE][PASSED] - Object: 'Object Repository/workOrder/groupAndType' is clicked on

2018-09-20 12:48:18 - [MESSAGE][PASSED] - Object: 'Object Repository/SMR/timebased' is clicked on

2018-09-20 12:48:18 - [MESSAGE][PASSED] - Object 'Object Repository/SMR/timebasedcheck' is clickable

2018-09-20 12:48:18 - [MESSAGE][PASSED] - Object: 'Object Repository/SMR/timebasedcheck' is clicked on

2018-09-20 12:48:21 - [MESSAGE][PASSED] - Delayed 3 second(s)

2018-09-20 12:48:21 - [MESSAGE][PASSED] - Object 'Object Repository/SMR/meterbased' is clickable

2018-09-20 12:48:21 - [MESSAGE][PASSED] - Object: 'Object Repository/SMR/meterbased' is clicked on

2018-09-20 12:48:21 - [MESSAGE][PASSED] - Object 'Object Repository/SMR/meterbasedcheck' is clickable

2018-09-20 12:48:21 - [MESSAGE][PASSED] - Object: 'Object Repository/SMR/meterbasedcheck' is clicked on

2018-09-20 12:48:24 - [MESSAGE][PASSED] - Delayed 3 second(s)

2018-09-20 12:48:25 - [MESSAGE][PASSED] - Object: 'Object Repository/SMR/assettotrigger' is clicked on

2018-09-20 12:48:28 - [MESSAGE][PASSED] - Delayed 3 second(s)

2018-09-20 12:48:28 - [MESSAGE][PASSED] - Object: 'Object Repository/SMR/assetselect' is clicked on

2018-09-20 12:48:28 - [MESSAGE][PASSED] - Angular is ready.

2018-09-20 12:48:31 - [MESSAGE][PASSED] - Delayed 3 second(s)

2018-09-20 12:48:32 - [MESSAGE][PASSED] - Object: 'Object Repository/SMR/assettotrigger' is clicked on

2018-09-20 12:48:35 - [MESSAGE][PASSED] - Delayed 3 second(s)

2018-09-20 12:48:35 - [MESSAGE][PASSED] - Object: 'Object Repository/SMR/meterselect' is clicked on

2018-09-20 12:48:37 - [MESSAGE][PASSED] - Angular is ready.

2018-09-20 12:48:40 - [MESSAGE][PASSED] - Delayed 3 second(s)

2018-09-20 12:48:40 - [MESSAGE][PASSED] - Keys 'BACK_SPACE + ' sent to object: 'Object Repository/SMR/unitsbtw'

2018-09-20 12:48:41 - [MESSAGE][PASSED] - Keys '15' sent to object: 'Object Repository/SMR/unitsbtw'

2018-09-20 12:48:41 - [MESSAGE][PASSED] - Angular is ready.

2018-09-20 12:48:42 - [MESSAGE][PASSED] - Object: 'Object Repository/workOrder/workOrderTabs' is clicked on

2018-09-20 12:48:45 - [MESSAGE][PASSED] - Delayed 3 second(s)

2018-09-20 12:48:46 - [MESSAGE][PASSED] - Keys 'BACK_SPACE + ' sent to object: 'Object Repository/workOrder/estAndOtherCost'

2018-09-20 12:48:46 - [MESSAGE][PASSED] - Keys '15' sent to object: 'Object Repository/workOrder/estAndOtherCost'

2018-09-20 12:48:49 - [MESSAGE][PASSED] - Delayed 3 second(s)

2018-09-20 12:48:49 - [MESSAGE][PASSED] - Keys 'BACK_SPACE + ' sent to object: 'Object Repository/workOrder/estAndOtherCost'

2018-09-20 12:48:49 - [MESSAGE][PASSED] - Keys '15' sent to object: 'Object Repository/workOrder/estAndOtherCost'

2018-09-20 12:48:49 - [MESSAGE][PASSED] - Object: 'Object Repository/workOrder/save' is clicked on

2018-09-20 12:49:19 - [MESSAGE][PASSED] - Delayed 30 second(s)

2018-09-20 12:49:20 - [MESSAGE][PASSED] - Object: 'Object Repository/workOrder/workOrderTabs' is clicked on

2018-09-20 12:49:20 - [MESSAGE][PASSED] - Wait for page load successfully

2018-09-20 12:49:20 - [MESSAGE][PASSED] - Text of object 'Object Repository/workOrder/WO_ID' is: 'SMR-574'

2018-09-20 12:49:20 - [MESSAGE][PASSED] - Object 'Object Repository/workOrder/WO_description' is present

2018-09-20 12:49:20 - [MESSAGE][PASSED] - scheduled_Maintenance_Records.SMR_Creation.SMRCreationMeterBased is PASSED

2018-09-20 12:49:20 - [TEST_STEP][PASSED] - commonUtils.Common.logoutAndCloseBrowser: commonUtils.Common.logoutAndCloseBrowser is PASSED

2018-09-20 12:49:25 - [MESSAGE][PASSED] - Delayed 5 second(s)

2018-09-20 12:49:25 - [MESSAGE][PASSED] - Object: 'Object Repository/homePage/settings' is clicked on

2018-09-20 12:49:25 - [MESSAGE][PASSED] - Object: 'Object Repository/workOrder/WORecords' is clicked on

2018-09-20 12:49:25 - [MESSAGE][PASSED] - Object 'Object Repository/loginPage/username' is present

2018-09-20 12:49:26 - [MESSAGE][PASSED] - Browser is closed

2018-09-20 12:49:26 - [MESSAGE][PASSED] - commonUtils.Common.logoutAndCloseBrowser is PASSED]]></system-out>
         <system-err><![CDATA[]]></system-err>
      </testcase>
      <testcase name="Test Cases/SANT-TC-044_Reports_Form view_Current Record_New WO" classname="Test Cases/SANT-TC-044_Reports_Form view_Current Record_New WO" status="PASSED">
         <system-out><![CDATA[2018-09-20 12:49:26 - [TEST_CASE][PASSED] - Test Cases/SANT-TC-044_Reports_Form view_Current Record_New WO: Test Cases/SANT-TC-044_Reports_Form view_Current Record_New WO

2018-09-20 12:49:26 - [TEST_STEP][PASSED] - Statement - woDescription = com.kms.katalon.core.testdata.TestDataFactory.findTestData(workOrder/workOrder).getValue(1, 1): Test data is internal data, reading internal data

2018-09-20 12:49:26 - [TEST_STEP][PASSED] - Statement - taskName = com.kms.katalon.core.testdata.TestDataFactory.findTestData(workOrder/workOrder).getValue(2, 1): Test data is internal data, reading internal data

2018-09-20 12:49:26 - [TEST_STEP][PASSED] - Statement - assetName = com.kms.katalon.core.testdata.TestDataFactory.findTestData(workOrder/workOrder).getValue(3, 1): Test data is internal data, reading internal data

2018-09-20 12:49:26 - [TEST_STEP][PASSED] - Statement - inventoryName = com.kms.katalon.core.testdata.TestDataFactory.findTestData(workOrder/workOrder).getValue(4, 1): Test data is internal data, reading internal data

2018-09-20 12:49:26 - [TEST_STEP][PASSED] - Statement - WODes = woDescription + "_" + java.lang.System.currentTimeMillis(): null

2018-09-20 12:49:26 - [TEST_STEP][PASSED] - work_Order.WO_Creation_FormLayout.workOrderCreation: work_Order.WO_Creation_FormLayout.workOrderCreation is PASSED

2018-09-20 12:49:29 - [MESSAGE][PASSED] - Browser is opened with url: ''

2018-09-20 12:49:30 - [MESSAGE][PASSED] - Current window maximized

2018-09-20 12:49:38 - [MESSAGE][PASSED] - Navigate to 'https://mpulse8.com/#/' successfully

2018-09-20 12:49:38 - [MESSAGE][PASSED] - Object 'Object Repository/loginPage/username' is clickable

2018-09-20 12:49:39 - [MESSAGE][PASSED] - Text 'abhi' is set on object 'Object Repository/loginPage/username'

2018-09-20 12:49:39 - [MESSAGE][PASSED] - Text '123456' is set on object 'Object Repository/loginPage/password'

2018-09-20 12:49:39 - [MESSAGE][PASSED] - Keys 'mpulse8_inapp' sent to object: 'Object Repository/loginPage/database_name'

2018-09-20 12:49:39 - [MESSAGE][PASSED] - Object: 'Object Repository/loginPage/Login_btn' is clicked on

2018-09-20 12:49:39 - [MESSAGE][PASSED] - Wait for page load successfully

2018-09-20 12:49:44 - [MESSAGE][PASSED] - Delayed 5 second(s)

2018-09-20 12:49:56 - [MESSAGE][PASSED] - Object: 'Object Repository/workOrder/workOrders' is clicked on

2018-09-20 12:49:56 - [MESSAGE][PASSED] - Object: 'Object Repository/workOrder/WORecords' is clicked on

2018-09-20 12:49:59 - [MESSAGE][PASSED] - Delayed 3 second(s)

2018-09-20 12:50:03 - [MESSAGE][FAILED] - Unable to click on object 'Object Repository/workOrder/cancel' (Root cause: org.openqa.selenium.ElementNotVisibleException: element not visible
  (Session info: chrome=69.0.3497.100)
  (Driver info: chromedriver=2.35.528161 (5b82f2d2aae0ca24b877009200ced9065a772e73),platform=Windows NT 10.0.16299 x86_64) (WARNING: The server did not provide any stacktrace information)
Command duration or timeout: 0 milliseconds
Build info: version: '3.7.1', revision: '8a0099a', time: '2017-11-06T21:07:36.161Z'
System info: host: 'DESKTOP-IC62SMV', ip: '192.168.4.18', os.name: 'Windows 10', os.arch: 'amd64', os.version: '10.0', java.version: '1.8.0_102'
Driver info: com.kms.katalon.selenium.driver.CChromeDriver
Capabilities {acceptInsecureCerts: false, acceptSslCerts: false, applicationCacheEnabled: false, browserConnectionEnabled: false, browserName: chrome, chrome: {chromedriverVersion: 2.35.528161 (5b82f2d2aae0ca..., userDataDir: C:\Users\Braseela\AppData\L...}, cssSelectorsEnabled: true, databaseEnabled: false, handlesAlerts: true, hasTouchScreen: false, javascriptEnabled: true, locationContextEnabled: true, mobileEmulationEnabled: false, nativeEvents: true, networkConnectionEnabled: false, pageLoadStrategy: normal, platform: XP, platformName: XP, rotatable: false, setWindowRect: true, takesHeapSnapshot: true, takesScreenshot: true, unexpectedAlertBehaviour: , unhandledPromptBehavior: , version: 69.0.3497.100, webStorageEnabled: true}
Session ID: 460733ec56b87d20a7671c7c1a1df66a)
[[ATTACHMENT|D:\\Repo\\InApp-QA-Automation\\Mpulse_Automation\\Reports\\Test Suite For Demo\\20180920_122254\\1537428003622.png]]

2018-09-20 12:50:03 - [MESSAGE][PASSED] - Wait for page load successfully

2018-09-20 12:50:06 - [MESSAGE][PASSED] - Delayed 3 second(s)

2018-09-20 12:50:10 - [MESSAGE][WARNING] - Web element with id: 'Object Repository/workOrder/expandAndMinimize' located by 'By.xpath: //a[@title='Show']' not found

2018-09-20 12:50:41 - [MESSAGE][FAILED] - Unable to click on object 'Object Repository/workOrder/expandAndMinimize' (Root cause: com.kms.katalon.core.webui.exception.WebElementNotFoundException: Web element with id: 'Object Repository/workOrder/expandAndMinimize' located by 'By.xpath: //a[@title='Show']' not found)
[[ATTACHMENT|D:\\Repo\\InApp-QA-Automation\\Mpulse_Automation\\Reports\\Test Suite For Demo\\20180920_122254\\1537428041063.png]]

2018-09-20 12:50:41 - [MESSAGE][PASSED] - Wait for page load successfully

2018-09-20 12:50:44 - [MESSAGE][PASSED] - Delayed 3 second(s)

2018-09-20 12:50:44 - [MESSAGE][PASSED] - Object 'Object Repository/workOrder/hideListLayout' is clickable

2018-09-20 12:50:44 - [MESSAGE][PASSED] - Object: 'Object Repository/workOrder/hideListLayout' is clicked on

2018-09-20 12:50:47 - [MESSAGE][PASSED] - Delayed 3 second(s)

2018-09-20 12:50:47 - [MESSAGE][PASSED] - Wait for page load successfully

2018-09-20 12:50:47 - [MESSAGE][PASSED] - Angular is ready.

2018-09-20 12:50:47 - [MESSAGE][PASSED] - Object 'Object Repository/workOrder/addAndEdit' is clickable

2018-09-20 12:50:48 - [MESSAGE][PASSED] - Object: 'Object Repository/workOrder/addAndEdit' is clicked on

2018-09-20 12:50:48 - [MESSAGE][PASSED] - Wait for page load successfully

2018-09-20 12:50:50 - [MESSAGE][PASSED] - Angular is ready.

2018-09-20 12:50:50 - [MESSAGE][PASSED] - Object 'Object Repository/workOrder/workOrderTabs' is clickable

2018-09-20 12:50:51 - [MESSAGE][PASSED] - Object: 'Object Repository/workOrder/workOrderTabs' is clicked on

2018-09-20 12:50:51 - [MESSAGE][PASSED] - Wait for page load successfully

2018-09-20 12:50:52 - [MESSAGE][PASSED] - Keys 'WO Sanity Test__1537427966770' sent to object: 'Object Repository/workOrder/description'

2018-09-20 12:50:55 - [MESSAGE][PASSED] - Delayed 3 second(s)

2018-09-20 12:50:55 - [MESSAGE][PASSED] - Object: 'Object Repository/workOrder/woTypeAndGroup' is clicked on

2018-09-20 12:50:58 - [MESSAGE][PASSED] - Delayed 3 second(s)

2018-09-20 12:50:58 - [MESSAGE][PASSED] - Object: 'Object Repository/workOrder/groupAndType' is clicked on

2018-09-20 12:51:01 - [MESSAGE][PASSED] - Delayed 3 second(s)

2018-09-20 12:51:02 - [MESSAGE][PASSED] - Object: 'Object Repository/workOrder/woTypeAndGroup' is clicked on

2018-09-20 12:51:05 - [MESSAGE][PASSED] - Delayed 3 second(s)

2018-09-20 12:51:05 - [MESSAGE][PASSED] - Object: 'Object Repository/workOrder/groupAndType' is clicked on

2018-09-20 12:51:05 - [MESSAGE][PASSED] - Object 'Object Repository/workOrder/workOrderTabs' is clickable

2018-09-20 12:51:06 - [MESSAGE][PASSED] - Object: 'Object Repository/workOrder/workOrderTabs' is clicked on

2018-09-20 12:51:08 - [MESSAGE][PASSED] - Wait for page load successfully

2018-09-20 12:51:08 - [MESSAGE][PASSED] - Object 'Object Repository/workOrder/link_Asset_Task_Inventory' is clickable

2018-09-20 12:51:08 - [MESSAGE][PASSED] - Object: 'Object Repository/workOrder/link_Asset_Task_Inventory' is clicked on

2018-09-20 12:51:14 - [MESSAGE][PASSED] - Delayed 6 second(s)

2018-09-20 12:51:15 - [MESSAGE][PASSED] - Keys 'PMI-023-ahk' sent to object: 'Object Repository/workOrder/infoLink_Search'

2018-09-20 12:51:21 - [MESSAGE][PASSED] - Delayed 6 second(s)

2018-09-20 12:51:21 - [MESSAGE][PASSED] - Object: 'Object Repository/workOrder/taskAndAssetID' is clicked on

2018-09-20 12:51:21 - [MESSAGE][PASSED] - Wait for page load successfully

2018-09-20 12:51:21 - [MESSAGE][PASSED] - Object: 'Object Repository/workOrder/replace' is clicked on

2018-09-20 12:51:21 - [MESSAGE][PASSED] - Wait for page load successfully

2018-09-20 12:51:23 - [MESSAGE][PASSED] - Angular is ready.

2018-09-20 12:51:24 - [MESSAGE][PASSED] - Object: 'Object Repository/workOrder/link_Asset_Task_Inventory' is clicked on

2018-09-20 12:51:30 - [MESSAGE][PASSED] - Delayed 6 second(s)

2018-09-20 12:51:30 - [MESSAGE][PASSED] - Keys 'EQU-194-2018' sent to object: 'Object Repository/workOrder/infoLink_Search'

2018-09-20 12:51:36 - [MESSAGE][PASSED] - Delayed 6 second(s)

2018-09-20 12:51:37 - [MESSAGE][PASSED] - Object: 'Object Repository/workOrder/taskAndAssetID' is clicked on

2018-09-20 12:51:37 - [MESSAGE][PASSED] - Object: 'Object Repository/workOrder/replace' is clicked on

2018-09-20 12:51:39 - [MESSAGE][PASSED] - Angular is ready.

2018-09-20 12:51:40 - [MESSAGE][PASSED] - Object: 'Object Repository/workOrder/link_Asset_Task_Inventory' is clicked on

2018-09-20 12:51:45 - [MESSAGE][PASSED] - Delayed 5 second(s)

2018-09-20 12:51:51 - [MESSAGE][PASSED] - Delayed 6 second(s)

2018-09-20 12:51:51 - [MESSAGE][PASSED] - Keys 'PRT-144' sent to object: 'Object Repository/workOrder/infoLink_Search'

2018-09-20 12:51:57 - [MESSAGE][PASSED] - Delayed 6 second(s)

2018-09-20 12:51:58 - [MESSAGE][PASSED] - Object: 'Object Repository/workOrder/inventoryID' is clicked on

2018-09-20 12:51:58 - [MESSAGE][PASSED] - Object: 'Object Repository/workOrder/replace' is clicked on

2018-09-20 12:52:00 - [MESSAGE][PASSED] - Angular is ready.

2018-09-20 12:52:01 - [MESSAGE][PASSED] - Object: 'Object Repository/workOrder/workOrderTabs' is clicked on

2018-09-20 12:52:02 - [MESSAGE][PASSED] - Angular is ready.

2018-09-20 12:52:02 - [MESSAGE][PASSED] - Object: 'Object Repository/workOrder/workOrderTabs' is clicked on

2018-09-20 12:52:05 - [MESSAGE][PASSED] - Delayed 3 second(s)

2018-09-20 12:52:06 - [MESSAGE][PASSED] - Keys 'BACK_SPACE + ' sent to object: 'Object Repository/workOrder/estAndOtherCost'

2018-09-20 12:52:06 - [MESSAGE][PASSED] - Keys '15' sent to object: 'Object Repository/workOrder/estAndOtherCost'

2018-09-20 12:52:09 - [MESSAGE][PASSED] - Delayed 3 second(s)

2018-09-20 12:52:09 - [MESSAGE][PASSED] - Keys 'BACK_SPACE + ' sent to object: 'Object Repository/workOrder/estAndOtherCost'

2018-09-20 12:52:09 - [MESSAGE][PASSED] - Keys '15' sent to object: 'Object Repository/workOrder/estAndOtherCost'

2018-09-20 12:52:09 - [MESSAGE][PASSED] - Object: 'Object Repository/workOrder/save' is clicked on

2018-09-20 12:52:19 - [MESSAGE][PASSED] - Delayed 10 second(s)

2018-09-20 12:52:20 - [MESSAGE][PASSED] - Object: 'Object Repository/workOrder/workOrderTabs' is clicked on

2018-09-20 12:52:20 - [MESSAGE][PASSED] - Text of object 'Object Repository/workOrder/WO_ID' is: 'WKO-21285-20/09'

2018-09-20 12:52:20 - [MESSAGE][PASSED] - Object 'Object Repository/workOrder/WO_description' is present

2018-09-20 12:52:20 - [MESSAGE][PASSED] - work_Order.WO_Creation_FormLayout.workOrderCreation is PASSED

2018-09-20 12:52:20 - [TEST_STEP][PASSED] - reports.Form_View.formView_CurrentRecord_New: reports.Form_View.formView_CurrentRecord_New is PASSED

2018-09-20 12:52:20 - [MESSAGE][PASSED] - Object 'Object Repository/workOrder/WO_description' is present

2018-09-20 12:52:20 - [MESSAGE][PASSED] - Object: 'Object Repository/Reports/print_btn' is clicked on

2018-09-20 12:52:21 - [MESSAGE][PASSED] - Angular is ready.

2018-09-20 12:52:21 - [MESSAGE][PASSED] - Wait for page load successfully

2018-09-20 12:52:21 - [MESSAGE][PASSED] - Switched to window with index: '1'

2018-09-20 12:52:30 - [MESSAGE][PASSED] - Object 'Object Repository/Reports/settings_icon' is clickable

2018-09-20 12:52:35 - [MESSAGE][PASSED] - Object: 'Object Repository/Reports/settings_icon' is clicked on

2018-09-20 12:52:40 - [MESSAGE][PASSED] - Delayed 5 second(s)

2018-09-20 12:52:40 - [MESSAGE][PASSED] - Object: 'Object Repository/Reports/report_radio' is clicked on

2018-09-20 12:52:41 - [MESSAGE][PASSED] - Object: 'Object Repository/Reports/wo_form' is clicked on

2018-09-20 12:52:41 - [MESSAGE][PASSED] - Object: 'Object Repository/Reports/report_radio' is clicked on

2018-09-20 12:52:48 - [MESSAGE][PASSED] - Object: 'Object Repository/Reports/ok_btn' is clicked on

2018-09-20 12:52:48 - [MESSAGE][WARNING] - This page doesn't use Angular.

2018-09-20 12:52:48 - [MESSAGE][PASSED] - Wait for page load successfully

2018-09-20 12:52:52 - [MESSAGE][PASSED] - Delayed 4 second(s)

2018-09-20 12:52:52 - [MESSAGE][PASSED] - Object 'Object Repository/Reports/wo_name' is present

2018-09-20 12:52:53 - [MESSAGE][PASSED] - Window with index 1 is closed

2018-09-20 12:52:53 - [MESSAGE][PASSED] - Switched to window with index: '0'

2018-09-20 12:52:53 - [MESSAGE][PASSED] - reports.Form_View.formView_CurrentRecord_New is PASSED

2018-09-20 12:52:53 - [TEST_STEP][PASSED] - commonUtils.Common.logoutAndCloseBrowser: commonUtils.Common.logoutAndCloseBrowser is PASSED

2018-09-20 12:52:58 - [MESSAGE][PASSED] - Delayed 5 second(s)

2018-09-20 12:52:58 - [MESSAGE][PASSED] - Object: 'Object Repository/homePage/settings' is clicked on

2018-09-20 12:52:58 - [MESSAGE][PASSED] - Object: 'Object Repository/workOrder/WORecords' is clicked on

2018-09-20 12:52:58 - [MESSAGE][PASSED] - Object 'Object Repository/loginPage/username' is present

2018-09-20 12:52:59 - [MESSAGE][PASSED] - Browser is closed

2018-09-20 12:52:59 - [MESSAGE][PASSED] - commonUtils.Common.logoutAndCloseBrowser is PASSED]]></system-out>
         <system-err><![CDATA[]]></system-err>
      </testcase>
      <testcase name="Test Cases/SANT-TC-044_Reports_Form view_Current Record_Old WO" classname="Test Cases/SANT-TC-044_Reports_Form view_Current Record_Old WO" status="PASSED">
         <system-out><![CDATA[2018-09-20 12:52:59 - [TEST_CASE][PASSED] - Test Cases/SANT-TC-044_Reports_Form view_Current Record_Old WO: Test Cases/SANT-TC-044_Reports_Form view_Current Record_Old WO

2018-09-20 12:52:59 - [TEST_STEP][PASSED] - reports.Form_View.formView_CurrentRecord_Old: reports.Form_View.formView_CurrentRecord_Old is PASSED

2018-09-20 12:53:03 - [MESSAGE][PASSED] - Browser is opened with url: ''

2018-09-20 12:53:04 - [MESSAGE][PASSED] - Current window maximized

2018-09-20 12:53:12 - [MESSAGE][PASSED] - Navigate to 'https://mpulse8.com/#/' successfully

2018-09-20 12:53:12 - [MESSAGE][PASSED] - Object 'Object Repository/loginPage/username' is clickable

2018-09-20 12:53:12 - [MESSAGE][PASSED] - Text 'abhi' is set on object 'Object Repository/loginPage/username'

2018-09-20 12:53:12 - [MESSAGE][PASSED] - Text '123456' is set on object 'Object Repository/loginPage/password'

2018-09-20 12:53:13 - [MESSAGE][PASSED] - Keys 'mpulse8_inapp' sent to object: 'Object Repository/loginPage/database_name'

2018-09-20 12:53:13 - [MESSAGE][PASSED] - Object: 'Object Repository/loginPage/Login_btn' is clicked on

2018-09-20 12:53:13 - [MESSAGE][PASSED] - Wait for page load successfully

2018-09-20 12:53:18 - [MESSAGE][PASSED] - Delayed 5 second(s)

2018-09-20 12:53:30 - [MESSAGE][PASSED] - Object: 'Object Repository/workOrder/workOrders' is clicked on

2018-09-20 12:53:30 - [MESSAGE][PASSED] - Object: 'Object Repository/workOrder/WORecords' is clicked on

2018-09-20 12:53:37 - [MESSAGE][PASSED] - Text of object 'Object Repository/Reports/desc_wo' is: 'WO Sanity Test__1537427966770'

2018-09-20 12:53:37 - [MESSAGE][PASSED] - Object 'Object Repository/workOrder/WO_description' is present

2018-09-20 12:53:37 - [MESSAGE][PASSED] - Object 'Object Repository/Reports/print_btn' is present

2018-09-20 12:53:37 - [MESSAGE][PASSED] - Object: 'Object Repository/Reports/print_btn' is clicked on

2018-09-20 12:53:38 - [MESSAGE][PASSED] - Angular is ready.

2018-09-20 12:53:39 - [MESSAGE][PASSED] - Wait for page load successfully

2018-09-20 12:53:39 - [MESSAGE][PASSED] - Switched to window with index: '1'

2018-09-20 12:53:46 - [MESSAGE][PASSED] - Object 'Object Repository/Reports/settings_icon' is clickable

2018-09-20 12:53:51 - [MESSAGE][PASSED] - Object: 'Object Repository/Reports/settings_icon' is clicked on

2018-09-20 12:53:56 - [MESSAGE][PASSED] - Delayed 5 second(s)

2018-09-20 12:53:56 - [MESSAGE][PASSED] - Object: 'Object Repository/Reports/report_radio' is clicked on

2018-09-20 12:53:56 - [MESSAGE][PASSED] - Object: 'Object Repository/Reports/wo_form' is clicked on

2018-09-20 12:53:56 - [MESSAGE][PASSED] - Object: 'Object Repository/Reports/report_radio' is clicked on

2018-09-20 12:54:04 - [MESSAGE][PASSED] - Object: 'Object Repository/Reports/ok_btn' is clicked on

2018-09-20 12:54:04 - [MESSAGE][WARNING] - This page doesn't use Angular.

2018-09-20 12:54:04 - [MESSAGE][PASSED] - Wait for page load successfully

2018-09-20 12:54:09 - [MESSAGE][PASSED] - Delayed 5 second(s)

2018-09-20 12:54:09 - [MESSAGE][PASSED] - Object 'Object Repository/Reports/wo_name' is present

2018-09-20 12:54:10 - [MESSAGE][PASSED] - Window with index 1 is closed

2018-09-20 12:54:10 - [MESSAGE][PASSED] - Switched to window with index: '0'

2018-09-20 12:54:10 - [MESSAGE][PASSED] - reports.Form_View.formView_CurrentRecord_Old is PASSED

2018-09-20 12:54:10 - [TEST_STEP][PASSED] - commonUtils.Common.logoutAndCloseBrowser: commonUtils.Common.logoutAndCloseBrowser is PASSED

2018-09-20 12:54:15 - [MESSAGE][PASSED] - Delayed 5 second(s)

2018-09-20 12:54:15 - [MESSAGE][PASSED] - Object: 'Object Repository/homePage/settings' is clicked on

2018-09-20 12:54:15 - [MESSAGE][PASSED] - Object: 'Object Repository/workOrder/WORecords' is clicked on

2018-09-20 12:54:15 - [MESSAGE][PASSED] - Object 'Object Repository/loginPage/username' is present

2018-09-20 12:54:16 - [MESSAGE][PASSED] - Browser is closed

2018-09-20 12:54:16 - [MESSAGE][PASSED] - commonUtils.Common.logoutAndCloseBrowser is PASSED]]></system-out>
         <system-err><![CDATA[]]></system-err>
      </testcase>
      <testcase name="Test Cases/SANT-TC-054_List View_Column Filter" classname="Test Cases/SANT-TC-054_List View_Column Filter" status="PASSED">
         <system-out><![CDATA[2018-09-20 12:54:16 - [TEST_CASE][PASSED] - Test Cases/SANT-TC-054_List View_Column Filter: Test Cases/SANT-TC-054_List View_Column Filter

2018-09-20 12:54:16 - [TEST_STEP][PASSED] - search.List_View_Search.listViewSearch_Column: search.List_View_Search.listViewSearch_Column is PASSED

2018-09-20 12:54:18 - [MESSAGE][PASSED] - Browser is opened with url: ''

2018-09-20 12:54:20 - [MESSAGE][PASSED] - Current window maximized

2018-09-20 12:54:27 - [MESSAGE][PASSED] - Navigate to 'https://mpulse8.com/#/' successfully

2018-09-20 12:54:28 - [MESSAGE][PASSED] - Object 'Object Repository/loginPage/username' is clickable

2018-09-20 12:54:28 - [MESSAGE][PASSED] - Text 'abhi' is set on object 'Object Repository/loginPage/username'

2018-09-20 12:54:28 - [MESSAGE][PASSED] - Text '123456' is set on object 'Object Repository/loginPage/password'

2018-09-20 12:54:28 - [MESSAGE][PASSED] - Keys 'mpulse8_inapp' sent to object: 'Object Repository/loginPage/database_name'

2018-09-20 12:54:28 - [MESSAGE][PASSED] - Object: 'Object Repository/loginPage/Login_btn' is clicked on

2018-09-20 12:54:29 - [MESSAGE][PASSED] - Wait for page load successfully

2018-09-20 12:54:34 - [MESSAGE][PASSED] - Delayed 5 second(s)

2018-09-20 12:54:45 - [MESSAGE][PASSED] - Object: 'Object Repository/workOrder/workOrders' is clicked on

2018-09-20 12:54:46 - [MESSAGE][PASSED] - Object: 'Object Repository/workOrder/WORecords' is clicked on

2018-09-20 12:54:53 - [MESSAGE][PASSED] - Delayed 7 second(s)

2018-09-20 12:54:56 - [MESSAGE][PASSED] - Delayed 3 second(s)

2018-09-20 12:54:56 - [MESSAGE][FAILED] - Unable to click on object 'Object Repository/workOrder/cancel' (Root cause: org.openqa.selenium.ElementNotVisibleException: element not visible
  (Session info: chrome=69.0.3497.100)
  (Driver info: chromedriver=2.35.528161 (5b82f2d2aae0ca24b877009200ced9065a772e73),platform=Windows NT 10.0.16299 x86_64) (WARNING: The server did not provide any stacktrace information)
Command duration or timeout: 0 milliseconds
Build info: version: '3.7.1', revision: '8a0099a', time: '2017-11-06T21:07:36.161Z'
System info: host: 'DESKTOP-IC62SMV', ip: '192.168.4.18', os.name: 'Windows 10', os.arch: 'amd64', os.version: '10.0', java.version: '1.8.0_102'
Driver info: com.kms.katalon.selenium.driver.CChromeDriver
Capabilities {acceptInsecureCerts: false, acceptSslCerts: false, applicationCacheEnabled: false, browserConnectionEnabled: false, browserName: chrome, chrome: {chromedriverVersion: 2.35.528161 (5b82f2d2aae0ca..., userDataDir: C:\Users\Braseela\AppData\L...}, cssSelectorsEnabled: true, databaseEnabled: false, handlesAlerts: true, hasTouchScreen: false, javascriptEnabled: true, locationContextEnabled: true, mobileEmulationEnabled: false, nativeEvents: true, networkConnectionEnabled: false, pageLoadStrategy: normal, platform: XP, platformName: XP, rotatable: false, setWindowRect: true, takesHeapSnapshot: true, takesScreenshot: true, unexpectedAlertBehaviour: , unhandledPromptBehavior: , version: 69.0.3497.100, webStorageEnabled: true}
Session ID: a36b2f889480ac851217245f997a3714)
[[ATTACHMENT|D:\\Repo\\InApp-QA-Automation\\Mpulse_Automation\\Reports\\Test Suite For Demo\\20180920_122254\\1537428296271.png]]

2018-09-20 12:54:56 - [MESSAGE][PASSED] - Wait for page load successfully

2018-09-20 12:54:59 - [MESSAGE][PASSED] - Delayed 3 second(s)

2018-09-20 12:54:59 - [MESSAGE][PASSED] - Object 'Object Repository/workOrder/hideMenu' is present

2018-09-20 12:55:00 - [MESSAGE][FAILED] - Unable to click on object 'Object Repository/workOrder/hideMenu' (Root cause: org.openqa.selenium.ElementNotVisibleException: element not visible
  (Session info: chrome=69.0.3497.100)
  (Driver info: chromedriver=2.35.528161 (5b82f2d2aae0ca24b877009200ced9065a772e73),platform=Windows NT 10.0.16299 x86_64) (WARNING: The server did not provide any stacktrace information)
Command duration or timeout: 0 milliseconds
Build info: version: '3.7.1', revision: '8a0099a', time: '2017-11-06T21:07:36.161Z'
System info: host: 'DESKTOP-IC62SMV', ip: '192.168.4.18', os.name: 'Windows 10', os.arch: 'amd64', os.version: '10.0', java.version: '1.8.0_102'
Driver info: com.kms.katalon.selenium.driver.CChromeDriver
Capabilities {acceptInsecureCerts: false, acceptSslCerts: false, applicationCacheEnabled: false, browserConnectionEnabled: false, browserName: chrome, chrome: {chromedriverVersion: 2.35.528161 (5b82f2d2aae0ca..., userDataDir: C:\Users\Braseela\AppData\L...}, cssSelectorsEnabled: true, databaseEnabled: false, handlesAlerts: true, hasTouchScreen: false, javascriptEnabled: true, locationContextEnabled: true, mobileEmulationEnabled: false, nativeEvents: true, networkConnectionEnabled: false, pageLoadStrategy: normal, platform: XP, platformName: XP, rotatable: false, setWindowRect: true, takesHeapSnapshot: true, takesScreenshot: true, unexpectedAlertBehaviour: , unhandledPromptBehavior: , version: 69.0.3497.100, webStorageEnabled: true}
Session ID: a36b2f889480ac851217245f997a3714)
[[ATTACHMENT|D:\\Repo\\InApp-QA-Automation\\Mpulse_Automation\\Reports\\Test Suite For Demo\\20180920_122254\\1537428299991.png]]

2018-09-20 12:55:00 - [MESSAGE][PASSED] - Wait for page load successfully

2018-09-20 12:55:03 - [MESSAGE][PASSED] - Delayed 3 second(s)

2018-09-20 12:55:03 - [MESSAGE][PASSED] - Object 'Object Repository/workOrder/expandAndMinimize' is present

2018-09-20 12:55:08 - [MESSAGE][PASSED] - Delayed 5 second(s)

2018-09-20 12:55:09 - [MESSAGE][PASSED] - Object: 'Object Repository/workOrder/expandAndMinimize' is clicked on

2018-09-20 12:55:12 - [MESSAGE][PASSED] - Delayed 3 second(s)

2018-09-20 12:55:12 - [MESSAGE][PASSED] - Angular is ready.

2018-09-20 12:55:12 - [MESSAGE][PASSED] - Text of object 'Object Repository/workOrder/listsearch' is cleared

2018-09-20 12:55:12 - [MESSAGE][PASSED] - Angular is ready.

2018-09-20 12:55:17 - [MESSAGE][PASSED] - Delayed 5 second(s)

2018-09-20 12:55:17 - [MESSAGE][PASSED] - Object: 'Object Repository/workOrder/layoutlist' is clicked on

2018-09-20 12:55:22 - [MESSAGE][PASSED] - Delayed 5 second(s)

2018-09-20 12:55:23 - [MESSAGE][PASSED] - Angular is ready.

2018-09-20 12:55:23 - [MESSAGE][PASSED] - Scroll to object 'Object Repository/workOrder/sellay' successfully

2018-09-20 12:55:24 - [MESSAGE][PASSED] - Object: 'Object Repository/workOrder/sellay' is clicked on

2018-09-20 12:55:27 - [MESSAGE][PASSED] - Delayed 3 second(s)

2018-09-20 12:55:27 - [MESSAGE][PASSED] - Object: 'Object Repository/workOrder/filter_icon' is clicked on

2018-09-20 12:55:32 - [MESSAGE][PASSED] - Delayed 5 second(s)

2018-09-20 12:55:32 - [MESSAGE][PASSED] - Text of object 'Object Repository/workOrder/column_sel' is: 'WKO-01949'

2018-09-20 12:55:35 - [MESSAGE][PASSED] - Delayed 3 second(s)

2018-09-20 12:55:35 - [MESSAGE][PASSED] - Object: 'Object Repository/workOrder/column_sel' is clicked on

2018-09-20 12:55:38 - [MESSAGE][PASSED] - Delayed 3 second(s)

2018-09-20 12:55:39 - [MESSAGE][PASSED] - Object: 'Object Repository/workOrder/calendar_OK' is clicked on

2018-09-20 12:55:44 - [MESSAGE][PASSED] - Delayed 5 second(s)

2018-09-20 12:55:44 - [MESSAGE][PASSED] - Wait for page load successfully

2018-09-20 12:55:44 - [MESSAGE][PASSED] - Object 'Object Repository/workOrder/groupAndType' is present

2018-09-20 12:55:44 - [MESSAGE][PASSED] - search.List_View_Search.listViewSearch_Column is PASSED

2018-09-20 12:55:44 - [TEST_STEP][PASSED] - commonUtils.Common.logoutAndCloseBrowser: commonUtils.Common.logoutAndCloseBrowser is PASSED

2018-09-20 12:55:49 - [MESSAGE][PASSED] - Delayed 5 second(s)

2018-09-20 12:55:49 - [MESSAGE][PASSED] - Object: 'Object Repository/homePage/settings' is clicked on

2018-09-20 12:55:49 - [MESSAGE][PASSED] - Object: 'Object Repository/workOrder/WORecords' is clicked on

2018-09-20 12:55:49 - [MESSAGE][PASSED] - Object 'Object Repository/loginPage/username' is present

2018-09-20 12:55:50 - [MESSAGE][PASSED] - Browser is closed

2018-09-20 12:55:50 - [MESSAGE][PASSED] - commonUtils.Common.logoutAndCloseBrowser is PASSED]]></system-out>
         <system-err><![CDATA[]]></system-err>
      </testcase>
      <testcase name="Test Cases/SANT-TC-055_List View_Row Filter" classname="Test Cases/SANT-TC-055_List View_Row Filter" status="PASSED">
         <system-out><![CDATA[2018-09-20 12:55:50 - [TEST_CASE][PASSED] - Test Cases/SANT-TC-055_List View_Row Filter: Test Cases/SANT-TC-055_List View_Row Filter

2018-09-20 12:55:50 - [TEST_STEP][PASSED] - search.List_View_Search.listViewSearch_Row: search.List_View_Search.listViewSearch_Row is PASSED

2018-09-20 12:55:53 - [MESSAGE][PASSED] - Browser is opened with url: ''

2018-09-20 12:55:54 - [MESSAGE][PASSED] - Current window maximized

2018-09-20 12:56:02 - [MESSAGE][PASSED] - Navigate to 'https://mpulse8.com/#/' successfully

2018-09-20 12:56:02 - [MESSAGE][PASSED] - Object 'Object Repository/loginPage/username' is clickable

2018-09-20 12:56:02 - [MESSAGE][PASSED] - Text 'abhi' is set on object 'Object Repository/loginPage/username'

2018-09-20 12:56:02 - [MESSAGE][PASSED] - Text '123456' is set on object 'Object Repository/loginPage/password'

2018-09-20 12:56:02 - [MESSAGE][PASSED] - Keys 'mpulse8_inapp' sent to object: 'Object Repository/loginPage/database_name'

2018-09-20 12:56:02 - [MESSAGE][PASSED] - Object: 'Object Repository/loginPage/Login_btn' is clicked on

2018-09-20 12:56:02 - [MESSAGE][PASSED] - Wait for page load successfully

2018-09-20 12:56:07 - [MESSAGE][PASSED] - Delayed 5 second(s)

2018-09-20 12:56:19 - [MESSAGE][PASSED] - Object: 'Object Repository/workOrder/workOrders' is clicked on

2018-09-20 12:56:20 - [MESSAGE][PASSED] - Object: 'Object Repository/workOrder/WORecords' is clicked on

2018-09-20 12:56:23 - [MESSAGE][PASSED] - Delayed 3 second(s)

2018-09-20 12:56:26 - [MESSAGE][PASSED] - Delayed 3 second(s)

2018-09-20 12:56:27 - [MESSAGE][FAILED] - Unable to click on object 'Object Repository/workOrder/cancel' (Root cause: org.openqa.selenium.ElementNotVisibleException: element not visible
  (Session info: chrome=69.0.3497.100)
  (Driver info: chromedriver=2.35.528161 (5b82f2d2aae0ca24b877009200ced9065a772e73),platform=Windows NT 10.0.16299 x86_64) (WARNING: The server did not provide any stacktrace information)
Command duration or timeout: 0 milliseconds
Build info: version: '3.7.1', revision: '8a0099a', time: '2017-11-06T21:07:36.161Z'
System info: host: 'DESKTOP-IC62SMV', ip: '192.168.4.18', os.name: 'Windows 10', os.arch: 'amd64', os.version: '10.0', java.version: '1.8.0_102'
Driver info: com.kms.katalon.selenium.driver.CChromeDriver
Capabilities {acceptInsecureCerts: false, acceptSslCerts: false, applicationCacheEnabled: false, browserConnectionEnabled: false, browserName: chrome, chrome: {chromedriverVersion: 2.35.528161 (5b82f2d2aae0ca..., userDataDir: C:\Users\Braseela\AppData\L...}, cssSelectorsEnabled: true, databaseEnabled: false, handlesAlerts: true, hasTouchScreen: false, javascriptEnabled: true, locationContextEnabled: true, mobileEmulationEnabled: false, nativeEvents: true, networkConnectionEnabled: false, pageLoadStrategy: normal, platform: XP, platformName: XP, rotatable: false, setWindowRect: true, takesHeapSnapshot: true, takesScreenshot: true, unexpectedAlertBehaviour: , unhandledPromptBehavior: , version: 69.0.3497.100, webStorageEnabled: true}
Session ID: af59480da1a965caa13b5cee6a15fdd9)
[[ATTACHMENT|D:\\Repo\\InApp-QA-Automation\\Mpulse_Automation\\Reports\\Test Suite For Demo\\20180920_122254\\1537428386716.png]]

2018-09-20 12:56:27 - [MESSAGE][PASSED] - Wait for page load successfully

2018-09-20 12:56:30 - [MESSAGE][PASSED] - Delayed 3 second(s)

2018-09-20 12:56:30 - [MESSAGE][PASSED] - Object 'Object Repository/workOrder/hideMenu' is present

2018-09-20 12:56:30 - [MESSAGE][FAILED] - Unable to click on object 'Object Repository/workOrder/hideMenu' (Root cause: org.openqa.selenium.ElementNotVisibleException: element not visible
  (Session info: chrome=69.0.3497.100)
  (Driver info: chromedriver=2.35.528161 (5b82f2d2aae0ca24b877009200ced9065a772e73),platform=Windows NT 10.0.16299 x86_64) (WARNING: The server did not provide any stacktrace information)
Command duration or timeout: 0 milliseconds
Build info: version: '3.7.1', revision: '8a0099a', time: '2017-11-06T21:07:36.161Z'
System info: host: 'DESKTOP-IC62SMV', ip: '192.168.4.18', os.name: 'Windows 10', os.arch: 'amd64', os.version: '10.0', java.version: '1.8.0_102'
Driver info: com.kms.katalon.selenium.driver.CChromeDriver
Capabilities {acceptInsecureCerts: false, acceptSslCerts: false, applicationCacheEnabled: false, browserConnectionEnabled: false, browserName: chrome, chrome: {chromedriverVersion: 2.35.528161 (5b82f2d2aae0ca..., userDataDir: C:\Users\Braseela\AppData\L...}, cssSelectorsEnabled: true, databaseEnabled: false, handlesAlerts: true, hasTouchScreen: false, javascriptEnabled: true, locationContextEnabled: true, mobileEmulationEnabled: false, nativeEvents: true, networkConnectionEnabled: false, pageLoadStrategy: normal, platform: XP, platformName: XP, rotatable: false, setWindowRect: true, takesHeapSnapshot: true, takesScreenshot: true, unexpectedAlertBehaviour: , unhandledPromptBehavior: , version: 69.0.3497.100, webStorageEnabled: true}
Session ID: af59480da1a965caa13b5cee6a15fdd9)
[[ATTACHMENT|D:\\Repo\\InApp-QA-Automation\\Mpulse_Automation\\Reports\\Test Suite For Demo\\20180920_122254\\1537428390156.png]]

2018-09-20 12:56:30 - [MESSAGE][PASSED] - Wait for page load successfully

2018-09-20 12:56:33 - [MESSAGE][PASSED] - Delayed 3 second(s)

2018-09-20 12:56:33 - [MESSAGE][PASSED] - Object 'Object Repository/workOrder/expandAndMinimize' is present

2018-09-20 12:56:38 - [MESSAGE][PASSED] - Delayed 5 second(s)

2018-09-20 12:56:39 - [MESSAGE][PASSED] - Object: 'Object Repository/workOrder/expandAndMinimize' is clicked on

2018-09-20 12:56:42 - [MESSAGE][PASSED] - Delayed 3 second(s)

2018-09-20 12:56:42 - [MESSAGE][PASSED] - Angular is ready.

2018-09-20 12:56:47 - [MESSAGE][PASSED] - Delayed 5 second(s)

2018-09-20 12:56:47 - [MESSAGE][PASSED] - Object: 'Object Repository/workOrder/layoutlist' is clicked on

2018-09-20 12:56:52 - [MESSAGE][PASSED] - Delayed 5 second(s)

2018-09-20 12:56:53 - [MESSAGE][PASSED] - Angular is ready.

2018-09-20 12:56:53 - [MESSAGE][PASSED] - Scroll to object 'Object Repository/workOrder/sellay' successfully

2018-09-20 12:56:53 - [MESSAGE][PASSED] - Object: 'Object Repository/workOrder/sellay' is clicked on

2018-09-20 12:56:53 - [MESSAGE][PASSED] - Attribute 'title' of object 'Object Repository/workOrder/wo_fromlist' is: 'WKO-01949'

2018-09-20 12:56:56 - [MESSAGE][PASSED] - Delayed 3 second(s)

2018-09-20 12:56:57 - [MESSAGE][PASSED] - Text 'WKO-01949' is set on object 'Object Repository/workOrder/listsearch'

2018-09-20 12:57:02 - [MESSAGE][PASSED] - Delayed 5 second(s)

2018-09-20 12:57:02 - [MESSAGE][PASSED] - Object 'Object Repository/workOrder/groupAndType' is present

2018-09-20 12:57:02 - [MESSAGE][PASSED] - search.List_View_Search.listViewSearch_Row is PASSED

2018-09-20 12:57:02 - [TEST_STEP][PASSED] - commonUtils.Common.logoutAndCloseBrowser: commonUtils.Common.logoutAndCloseBrowser is PASSED

2018-09-20 12:57:07 - [MESSAGE][PASSED] - Delayed 5 second(s)

2018-09-20 12:57:07 - [MESSAGE][PASSED] - Object: 'Object Repository/homePage/settings' is clicked on

2018-09-20 12:57:07 - [MESSAGE][PASSED] - Object: 'Object Repository/workOrder/WORecords' is clicked on

2018-09-20 12:57:07 - [MESSAGE][PASSED] - Object 'Object Repository/loginPage/username' is present

2018-09-20 12:57:08 - [MESSAGE][PASSED] - Browser is closed

2018-09-20 12:57:08 - [MESSAGE][PASSED] - commonUtils.Common.logoutAndCloseBrowser is PASSED]]></system-out>
         <system-err><![CDATA[]]></system-err>
      </testcase>
      <testcase name="Test Cases/SANT-TC-058_List View_EditAndSave" classname="Test Cases/SANT-TC-058_List View_EditAndSave" status="PASSED">
         <system-out><![CDATA[2018-09-20 12:57:08 - [TEST_CASE][PASSED] - Test Cases/SANT-TC-058_List View_EditAndSave: Test Cases/SANT-TC-058_List View_EditAndSave

2018-09-20 12:57:08 - [TEST_STEP][PASSED] - Statement - woDescription = com.kms.katalon.core.testdata.TestDataFactory.findTestData(workOrder/workOrder).getValue(1, 1): Test data is internal data, reading internal data

2018-09-20 12:57:08 - [TEST_STEP][PASSED] - Statement - WO_name = woDescription + java.lang.System.currentTimeMillis(): null

2018-09-20 12:57:08 - [TEST_STEP][PASSED] - work_Order.WO_EditAndSave_ListLayout.editAndSave: work_Order.WO_EditAndSave_ListLayout.editAndSave is PASSED

2018-09-20 12:57:12 - [MESSAGE][PASSED] - Browser is opened with url: ''

2018-09-20 12:57:13 - [MESSAGE][PASSED] - Current window maximized

2018-09-20 12:57:21 - [MESSAGE][PASSED] - Navigate to 'https://mpulse8.com/#/' successfully

2018-09-20 12:57:21 - [MESSAGE][PASSED] - Object 'Object Repository/loginPage/username' is clickable

2018-09-20 12:57:21 - [MESSAGE][PASSED] - Text 'abhi' is set on object 'Object Repository/loginPage/username'

2018-09-20 12:57:21 - [MESSAGE][PASSED] - Text '123456' is set on object 'Object Repository/loginPage/password'

2018-09-20 12:57:22 - [MESSAGE][PASSED] - Keys 'mpulse8_inapp' sent to object: 'Object Repository/loginPage/database_name'

2018-09-20 12:57:22 - [MESSAGE][PASSED] - Object: 'Object Repository/loginPage/Login_btn' is clicked on

2018-09-20 12:57:22 - [MESSAGE][PASSED] - Wait for page load successfully

2018-09-20 12:57:27 - [MESSAGE][PASSED] - Delayed 5 second(s)

2018-09-20 12:57:39 - [MESSAGE][PASSED] - Object: 'Object Repository/workOrder/workOrders' is clicked on

2018-09-20 12:57:39 - [MESSAGE][PASSED] - Object: 'Object Repository/workOrder/WORecords' is clicked on

2018-09-20 12:57:39 - [MESSAGE][PASSED] - Wait for page load successfully

2018-09-20 12:57:42 - [MESSAGE][PASSED] - Delayed 3 second(s)

2018-09-20 12:57:46 - [MESSAGE][FAILED] - Unable to click on object 'Object Repository/workOrder/cancel' (Root cause: org.openqa.selenium.ElementNotVisibleException: element not visible
  (Session info: chrome=69.0.3497.100)
  (Driver info: chromedriver=2.35.528161 (5b82f2d2aae0ca24b877009200ced9065a772e73),platform=Windows NT 10.0.16299 x86_64) (WARNING: The server did not provide any stacktrace information)
Command duration or timeout: 0 milliseconds
Build info: version: '3.7.1', revision: '8a0099a', time: '2017-11-06T21:07:36.161Z'
System info: host: 'DESKTOP-IC62SMV', ip: '192.168.4.18', os.name: 'Windows 10', os.arch: 'amd64', os.version: '10.0', java.version: '1.8.0_102'
Driver info: com.kms.katalon.selenium.driver.CChromeDriver
Capabilities {acceptInsecureCerts: false, acceptSslCerts: false, applicationCacheEnabled: false, browserConnectionEnabled: false, browserName: chrome, chrome: {chromedriverVersion: 2.35.528161 (5b82f2d2aae0ca..., userDataDir: C:\Users\Braseela\AppData\L...}, cssSelectorsEnabled: true, databaseEnabled: false, handlesAlerts: true, hasTouchScreen: false, javascriptEnabled: true, locationContextEnabled: true, mobileEmulationEnabled: false, nativeEvents: true, networkConnectionEnabled: false, pageLoadStrategy: normal, platform: XP, platformName: XP, rotatable: false, setWindowRect: true, takesHeapSnapshot: true, takesScreenshot: true, unexpectedAlertBehaviour: , unhandledPromptBehavior: , version: 69.0.3497.100, webStorageEnabled: true}
Session ID: 239e6365796b948c03f79bb6a73c30fa)
[[ATTACHMENT|D:\\Repo\\InApp-QA-Automation\\Mpulse_Automation\\Reports\\Test Suite For Demo\\20180920_122254\\1537428466474.png]]

2018-09-20 12:57:46 - [MESSAGE][PASSED] - Wait for page load successfully

2018-09-20 12:57:49 - [MESSAGE][PASSED] - Delayed 3 second(s)

2018-09-20 12:57:49 - [MESSAGE][PASSED] - Object 'Object Repository/workOrder/hideMenu' is present

2018-09-20 12:57:50 - [MESSAGE][FAILED] - Unable to click on object 'Object Repository/workOrder/hideMenu' (Root cause: org.openqa.selenium.ElementNotVisibleException: element not visible
  (Session info: chrome=69.0.3497.100)
  (Driver info: chromedriver=2.35.528161 (5b82f2d2aae0ca24b877009200ced9065a772e73),platform=Windows NT 10.0.16299 x86_64) (WARNING: The server did not provide any stacktrace information)
Command duration or timeout: 0 milliseconds
Build info: version: '3.7.1', revision: '8a0099a', time: '2017-11-06T21:07:36.161Z'
System info: host: 'DESKTOP-IC62SMV', ip: '192.168.4.18', os.name: 'Windows 10', os.arch: 'amd64', os.version: '10.0', java.version: '1.8.0_102'
Driver info: com.kms.katalon.selenium.driver.CChromeDriver
Capabilities {acceptInsecureCerts: false, acceptSslCerts: false, applicationCacheEnabled: false, browserConnectionEnabled: false, browserName: chrome, chrome: {chromedriverVersion: 2.35.528161 (5b82f2d2aae0ca..., userDataDir: C:\Users\Braseela\AppData\L...}, cssSelectorsEnabled: true, databaseEnabled: false, handlesAlerts: true, hasTouchScreen: false, javascriptEnabled: true, locationContextEnabled: true, mobileEmulationEnabled: false, nativeEvents: true, networkConnectionEnabled: false, pageLoadStrategy: normal, platform: XP, platformName: XP, rotatable: false, setWindowRect: true, takesHeapSnapshot: true, takesScreenshot: true, unexpectedAlertBehaviour: , unhandledPromptBehavior: , version: 69.0.3497.100, webStorageEnabled: true}
Session ID: 239e6365796b948c03f79bb6a73c30fa)
[[ATTACHMENT|D:\\Repo\\InApp-QA-Automation\\Mpulse_Automation\\Reports\\Test Suite For Demo\\20180920_122254\\1537428469995.png]]

2018-09-20 12:57:50 - [MESSAGE][PASSED] - Wait for page load successfully

2018-09-20 12:57:53 - [MESSAGE][PASSED] - Delayed 3 second(s)

2018-09-20 12:57:53 - [MESSAGE][PASSED] - Object 'Object Repository/workOrder/expandAndMinimize' is present

2018-09-20 12:57:58 - [MESSAGE][PASSED] - Delayed 5 second(s)

2018-09-20 12:57:59 - [MESSAGE][PASSED] - Object: 'Object Repository/workOrder/expandAndMinimize' is clicked on

2018-09-20 12:58:02 - [MESSAGE][PASSED] - Delayed 3 second(s)

2018-09-20 12:58:02 - [MESSAGE][PASSED] - Angular is ready.

2018-09-20 12:58:07 - [MESSAGE][PASSED] - Delayed 5 second(s)

2018-09-20 12:58:07 - [MESSAGE][PASSED] - Object: 'Object Repository/workOrder/layoutlist' is clicked on

2018-09-20 12:58:12 - [MESSAGE][PASSED] - Delayed 5 second(s)

2018-09-20 12:58:13 - [MESSAGE][PASSED] - Angular is ready.

2018-09-20 12:58:13 - [MESSAGE][PASSED] - Scroll to object 'Object Repository/workOrder/sellay' successfully

2018-09-20 12:58:13 - [MESSAGE][PASSED] - Object: 'Object Repository/workOrder/sellay' is clicked on

2018-09-20 12:58:14 - [MESSAGE][PASSED] - Attribute 'title' of object 'Object Repository/workOrder/wo_fromlist' is: 'WKO-01949'

2018-09-20 12:58:19 - [MESSAGE][PASSED] - Delayed 5 second(s)

2018-09-20 12:58:19 - [MESSAGE][PASSED] - Object: 'Object Repository/workOrder/wo_fromlist' is clicked on

2018-09-20 12:58:24 - [MESSAGE][PASSED] - Delayed 5 second(s)

2018-09-20 12:58:24 - [MESSAGE][PASSED] - Object: 'Object Repository/workOrder/edit_list' is clicked on

2018-09-20 12:58:25 - [MESSAGE][PASSED] - Angular is ready.

2018-09-20 12:58:26 - [MESSAGE][PASSED] - Text 'WO Sanity Test_1537428428968' is set on object 'Object Repository/workOrder/edit_wo'

2018-09-20 12:58:27 - [MESSAGE][PASSED] - Angular is ready.

2018-09-20 12:58:27 - [MESSAGE][PASSED] - Object: 'Object Repository/workOrder/Save_ListLayout' is clicked on

2018-09-20 12:58:27 - [MESSAGE][PASSED] - Wait for page load successfully

2018-09-20 12:58:27 - [MESSAGE][PASSED] - Object 'Object Repository/workOrder/created_WO_List' is present

2018-09-20 12:58:27 - [MESSAGE][PASSED] - work_Order.WO_EditAndSave_ListLayout.editAndSave is PASSED

2018-09-20 12:58:27 - [TEST_STEP][PASSED] - commonUtils.Common.logoutAndCloseBrowser: commonUtils.Common.logoutAndCloseBrowser is PASSED

2018-09-20 12:58:32 - [MESSAGE][PASSED] - Delayed 5 second(s)

2018-09-20 12:58:33 - [MESSAGE][PASSED] - Object: 'Object Repository/homePage/settings' is clicked on

2018-09-20 12:58:33 - [MESSAGE][PASSED] - Object: 'Object Repository/workOrder/WORecords' is clicked on

2018-09-20 12:58:33 - [MESSAGE][PASSED] - Object 'Object Repository/loginPage/username' is present

2018-09-20 12:58:34 - [MESSAGE][PASSED] - Browser is closed

2018-09-20 12:58:34 - [MESSAGE][PASSED] - commonUtils.Common.logoutAndCloseBrowser is PASSED]]></system-out>
         <system-err><![CDATA[]]></system-err>
      </testcase>
      <testcase name="Test Cases/SANT-TC-066,067_WO_Media_Upload and Verify" classname="Test Cases/SANT-TC-066,067_WO_Media_Upload and Verify" status="PASSED">
         <system-out><![CDATA[2018-09-20 12:58:34 - [TEST_CASE][PASSED] - Test Cases/SANT-TC-066,067_WO_Media_Upload and Verify: Test Cases/SANT-TC-066,067_WO_Media_Upload and Verify

2018-09-20 12:58:34 - [TEST_STEP][PASSED] - Statement - woDescription = com.kms.katalon.core.testdata.TestDataFactory.findTestData(workOrder/workOrder).getValue(1, 1): Test data is internal data, reading internal data

2018-09-20 12:58:34 - [TEST_STEP][PASSED] - Statement - media = com.kms.katalon.core.testdata.TestDataFactory.findTestData(workOrder/workOrder).getValue(5, 1): Test data is internal data, reading internal data

2018-09-20 12:58:34 - [TEST_STEP][PASSED] - Statement - mediaName = media + java.lang.System.currentTimeMillis(): null

2018-09-20 12:58:34 - [TEST_STEP][PASSED] - media.uploadMediatoWO.uploadMedia: media.uploadMediatoWO.uploadMedia is PASSED

2018-09-20 12:58:37 - [MESSAGE][PASSED] - Browser is opened with url: ''

2018-09-20 12:58:38 - [MESSAGE][PASSED] - Current window maximized

2018-09-20 12:58:46 - [MESSAGE][PASSED] - Navigate to 'https://mpulse8.com/#/' successfully

2018-09-20 12:58:46 - [MESSAGE][PASSED] - Object 'Object Repository/loginPage/username' is clickable

2018-09-20 12:58:47 - [MESSAGE][PASSED] - Text 'abhi' is set on object 'Object Repository/loginPage/username'

2018-09-20 12:58:47 - [MESSAGE][PASSED] - Text '123456' is set on object 'Object Repository/loginPage/password'

2018-09-20 12:58:47 - [MESSAGE][PASSED] - Keys 'mpulse8_inapp' sent to object: 'Object Repository/loginPage/database_name'

2018-09-20 12:58:47 - [MESSAGE][PASSED] - Object: 'Object Repository/loginPage/Login_btn' is clicked on

2018-09-20 12:58:47 - [MESSAGE][PASSED] - Wait for page load successfully

2018-09-20 12:58:52 - [MESSAGE][PASSED] - Delayed 5 second(s)

2018-09-20 12:59:04 - [MESSAGE][PASSED] - Object: 'Object Repository/workOrder/workOrders' is clicked on

2018-09-20 12:59:04 - [MESSAGE][PASSED] - Object: 'Object Repository/workOrder/WORecords' is clicked on

2018-09-20 12:59:04 - [MESSAGE][PASSED] - Wait for page load successfully

2018-09-20 12:59:07 - [MESSAGE][PASSED] - Delayed 3 second(s)

2018-09-20 12:59:11 - [MESSAGE][FAILED] - Unable to click on object 'Object Repository/workOrder/cancel' (Root cause: org.openqa.selenium.ElementNotVisibleException: element not visible
  (Session info: chrome=69.0.3497.100)
  (Driver info: chromedriver=2.35.528161 (5b82f2d2aae0ca24b877009200ced9065a772e73),platform=Windows NT 10.0.16299 x86_64) (WARNING: The server did not provide any stacktrace information)
Command duration or timeout: 0 milliseconds
Build info: version: '3.7.1', revision: '8a0099a', time: '2017-11-06T21:07:36.161Z'
System info: host: 'DESKTOP-IC62SMV', ip: '192.168.4.18', os.name: 'Windows 10', os.arch: 'amd64', os.version: '10.0', java.version: '1.8.0_102'
Driver info: com.kms.katalon.selenium.driver.CChromeDriver
Capabilities {acceptInsecureCerts: false, acceptSslCerts: false, applicationCacheEnabled: false, browserConnectionEnabled: false, browserName: chrome, chrome: {chromedriverVersion: 2.35.528161 (5b82f2d2aae0ca..., userDataDir: C:\Users\Braseela\AppData\L...}, cssSelectorsEnabled: true, databaseEnabled: false, handlesAlerts: true, hasTouchScreen: false, javascriptEnabled: true, locationContextEnabled: true, mobileEmulationEnabled: false, nativeEvents: true, networkConnectionEnabled: false, pageLoadStrategy: normal, platform: XP, platformName: XP, rotatable: false, setWindowRect: true, takesHeapSnapshot: true, takesScreenshot: true, unexpectedAlertBehaviour: , unhandledPromptBehavior: , version: 69.0.3497.100, webStorageEnabled: true}
Session ID: e207464aceb9d6a6c58b3389c6c8d91f)
[[ATTACHMENT|D:\\Repo\\InApp-QA-Automation\\Mpulse_Automation\\Reports\\Test Suite For Demo\\20180920_122254\\1537428551487.png]]

2018-09-20 12:59:11 - [MESSAGE][PASSED] - Wait for page load successfully

2018-09-20 12:59:14 - [MESSAGE][PASSED] - Delayed 3 second(s)

2018-09-20 12:59:14 - [MESSAGE][PASSED] - Object 'Object Repository/workOrder/hideMenu' is present

2018-09-20 12:59:15 - [MESSAGE][FAILED] - Unable to click on object 'Object Repository/workOrder/hideMenu' (Root cause: org.openqa.selenium.ElementNotVisibleException: element not visible
  (Session info: chrome=69.0.3497.100)
  (Driver info: chromedriver=2.35.528161 (5b82f2d2aae0ca24b877009200ced9065a772e73),platform=Windows NT 10.0.16299 x86_64) (WARNING: The server did not provide any stacktrace information)
Command duration or timeout: 0 milliseconds
Build info: version: '3.7.1', revision: '8a0099a', time: '2017-11-06T21:07:36.161Z'
System info: host: 'DESKTOP-IC62SMV', ip: '192.168.4.18', os.name: 'Windows 10', os.arch: 'amd64', os.version: '10.0', java.version: '1.8.0_102'
Driver info: com.kms.katalon.selenium.driver.CChromeDriver
Capabilities {acceptInsecureCerts: false, acceptSslCerts: false, applicationCacheEnabled: false, browserConnectionEnabled: false, browserName: chrome, chrome: {chromedriverVersion: 2.35.528161 (5b82f2d2aae0ca..., userDataDir: C:\Users\Braseela\AppData\L...}, cssSelectorsEnabled: true, databaseEnabled: false, handlesAlerts: true, hasTouchScreen: false, javascriptEnabled: true, locationContextEnabled: true, mobileEmulationEnabled: false, nativeEvents: true, networkConnectionEnabled: false, pageLoadStrategy: normal, platform: XP, platformName: XP, rotatable: false, setWindowRect: true, takesHeapSnapshot: true, takesScreenshot: true, unexpectedAlertBehaviour: , unhandledPromptBehavior: , version: 69.0.3497.100, webStorageEnabled: true}
Session ID: e207464aceb9d6a6c58b3389c6c8d91f)
[[ATTACHMENT|D:\\Repo\\InApp-QA-Automation\\Mpulse_Automation\\Reports\\Test Suite For Demo\\20180920_122254\\1537428554916.png]]

2018-09-20 12:59:15 - [MESSAGE][PASSED] - Wait for page load successfully

2018-09-20 12:59:18 - [MESSAGE][PASSED] - Delayed 3 second(s)

2018-09-20 12:59:18 - [MESSAGE][PASSED] - Object 'Object Repository/workOrder/expandAndMinimize' is present

2018-09-20 12:59:23 - [MESSAGE][PASSED] - Delayed 5 second(s)

2018-09-20 12:59:23 - [MESSAGE][PASSED] - Object: 'Object Repository/workOrder/expandAndMinimize' is clicked on

2018-09-20 12:59:26 - [MESSAGE][PASSED] - Delayed 3 second(s)

2018-09-20 12:59:26 - [MESSAGE][PASSED] - Wait for page load successfully

2018-09-20 12:59:27 - [MESSAGE][PASSED] - Object: 'Object Repository/workOrder/wolayout' is clicked on

2018-09-20 12:59:28 - [MESSAGE][PASSED] - Angular is ready.

2018-09-20 12:59:28 - [MESSAGE][PASSED] - Scroll to object 'Object Repository/SMR/scrollcontainer' successfully

2018-09-20 12:59:28 - [MESSAGE][PASSED] - Object: 'Object Repository/SMR/scrollcontainer' is clicked on

2018-09-20 12:59:31 - [MESSAGE][PASSED] - Angular is ready.

2018-09-20 12:59:34 - [MESSAGE][PASSED] - Delayed 3 second(s)

2018-09-20 12:59:35 - [MESSAGE][PASSED] - Object: 'Object Repository/workOrder/expandAndMinimize' is clicked on

2018-09-20 12:59:35 - [MESSAGE][PASSED] - Wait for page load successfully

2018-09-20 12:59:36 - [MESSAGE][PASSED] - Angular is ready.

2018-09-20 12:59:37 - [MESSAGE][PASSED] - Object: 'Object Repository/workOrder/workOrderTabs' is clicked on

2018-09-20 12:59:37 - [MESSAGE][PASSED] - Object 'Object Repository/workOrder/link_Asset_Task_Inventory' is clickable

2018-09-20 12:59:37 - [MESSAGE][PASSED] - Wait for page load successfully

2018-09-20 12:59:37 - [MESSAGE][PASSED] - Object: 'Object Repository/workOrder/link_Asset_Task_Inventory' is clicked on

2018-09-20 12:59:38 - [MESSAGE][PASSED] - Wait for page load successfully

2018-09-20 12:59:38 - [MESSAGE][PASSED] - File 'C:\Users\Braseela\\Documents\\sample.pdf' sent to object: 'Object Repository/SMR/choosefile'

2018-09-20 12:59:38 - [MESSAGE][PASSED] - Angular is ready.

2018-09-20 12:59:38 - [MESSAGE][PASSED] - Wait for page load successfully

2018-09-20 12:59:38 - [MESSAGE][PASSED] - Object 'Object Repository/workOrder/media_desc' is present

2018-09-20 12:59:38 - [MESSAGE][PASSED] - Text of object 'Object Repository/workOrder/media_desc' is cleared

2018-09-20 12:59:40 - [MESSAGE][PASSED] - Text 'Test Sanity Media1537428514577' is set on object 'Object Repository/workOrder/media_desc'

2018-09-20 12:59:40 - [MESSAGE][PASSED] - Object: 'Object Repository/SMR/upload' is clicked on

2018-09-20 12:59:41 - [MESSAGE][PASSED] - Object 'Object Repository/workOrder/media_verify' is present

2018-09-20 12:59:42 - [MESSAGE][PASSED] - Object 'Object Repository/workOrder/media_verify' is present

2018-09-20 12:59:42 - [MESSAGE][PASSED] - Object 'Object Repository/workOrder/media_verify' is clickable

2018-09-20 12:59:42 - [MESSAGE][PASSED] - Object: 'Object Repository/workOrder/media_verify' is clicked on

2018-09-20 12:59:42 - [MESSAGE][PASSED] - Object: 'Object Repository/workOrder/media_lens' is clicked on

2018-09-20 12:59:43 - [MESSAGE][PASSED] - Angular is ready.

2018-09-20 12:59:53 - [MESSAGE][PASSED] - Delayed 10 second(s)

2018-09-20 12:59:53 - [MESSAGE][PASSED] - Object 'Object Repository/workOrder/media_container' is present

2018-09-20 12:59:53 - [MESSAGE][PASSED] - Object: 'Object Repository/workOrder/mediaclose' is clicked on

2018-09-20 12:59:53 - [MESSAGE][PASSED] - Angular is ready.

2018-09-20 12:59:53 - [MESSAGE][PASSED] - media.uploadMediatoWO.uploadMedia is PASSED

2018-09-20 12:59:53 - [TEST_STEP][PASSED] - commonUtils.Common.logoutAndCloseBrowser: commonUtils.Common.logoutAndCloseBrowser is PASSED

2018-09-20 12:59:58 - [MESSAGE][PASSED] - Delayed 5 second(s)

2018-09-20 12:59:59 - [MESSAGE][PASSED] - Object: 'Object Repository/homePage/settings' is clicked on

2018-09-20 12:59:59 - [MESSAGE][PASSED] - Object: 'Object Repository/workOrder/WORecords' is clicked on

2018-09-20 12:59:59 - [MESSAGE][PASSED] - Object 'Object Repository/loginPage/username' is present

2018-09-20 13:00:00 - [MESSAGE][PASSED] - Browser is closed

2018-09-20 13:00:00 - [MESSAGE][PASSED] - commonUtils.Common.logoutAndCloseBrowser is PASSED]]></system-out>
         <system-err><![CDATA[]]></system-err>
      </testcase>
      <system-out><![CDATA[2018-09-20 12:22:57 - [TEST_SUITE][FAILED] - Test Suite For Demo: Test Cases/SANT-TC-035_MR_To_WO_FormLayout FAILED because (of) Unable to click on object 'Object Repository/workOrder/workOrders' (Root cause: com.kms.katalon.core.webui.exception.WebElementNotFoundException: Web element with id: 'Object Repository/workOrder/workOrders' located by 'By.xpath: //span[@title='Work Orders' or @class='work']' not found)]]></system-out>
      <system-err><![CDATA[2018-09-20 12:22:57 - [TEST_SUITE][FAILED] - Test Suite For Demo: Test Cases/SANT-TC-035_MR_To_WO_FormLayout FAILED because (of) Unable to click on object 'Object Repository/workOrder/workOrders' (Root cause: com.kms.katalon.core.webui.exception.WebElementNotFoundException: Web element with id: 'Object Repository/workOrder/workOrders' located by 'By.xpath: //span[@title='Work Orders' or @class='work']' not found)]]></system-err>
   </testsuite>
</testsuites>
